<!DOCTYPE html PUBLIC "-//W3C//DTD XHTML 1.1//EN" "https://www.w3.org/TR/xhtml11/DTD/xhtml11.dtd">
<html xmlns="https://www.w3.org/1999/xhtml">
<head>
<meta http-equiv="content-type" content="text/html; charset=UTF-8"/>
<title>TestNG Report</title>
<style type="text/css">table {margin-bottom:10px;border-collapse:collapse;empty-cells:show}th,td {border:1px solid #009;padding:.25em .5em}th {vertical-align:bottom}td {vertical-align:top}table a {font-weight:bold}.stripe td {background-color: #E6EBF9}.num {text-align:right}.passedodd td {background-color: #3F3}.passedeven td {background-color: #0A0}.skippedodd td {background-color: #DDD}.skippedeven td {background-color: #CCC}.failedodd td,.attn {background-color: #F33}.failedeven td,.stripe .attn {background-color: #D00}.stacktrace {white-space:pre;font-family:monospace}.totop {font-size:85%;text-align:center;border-bottom:2px solid #000}.invisible {display:none}</style>
</head>
<body>
<table>
<tr><th>Test</th><th># Passed</th><th># Skipped</th><th># Retried</th><th># Failed</th><th>Time (ms)</th><th>Included Groups</th><th>Excluded Groups</th></tr>
<tr><th colspan="8">Salesforce</th></tr>
<tr><td><a href="#t0">UserMenuDropDown</a></td><td class="num">0</td><td class="num attn">22</td><td class="num">0</td><td class="num">0</td><td class="num">8,454</td><td></td><td></td></tr>
</table>
<table id='summary'><thead><tr><th>Class</th><th>Method</th><th>Start</th><th>Time (ms)</th></tr></thead><tbody><tr><th colspan="4">Salesforce</th></tr></tbody><tbody id="t0"><tr><th colspan="4">UserMenuDropDown &#8212; failed (configuration methods)</th></tr><tr class="failedeven"><td rowspan="1">com.training.testcases.CreateAccountTest</td><td><a href="#m0">beforeMethod</a></td><td rowspan="1">1692912837405</td><td rowspan="1">945</td></tr><tr class="failedodd"><td rowspan="1">com.training.testcases.LeadsTabTest</td><td><a href="#m1">beforeMethod</a></td><td rowspan="1">1692912839324</td><td rowspan="1">1059</td></tr><tr class="failedeven"><td rowspan="1">com.training.testcases.LoginTest</td><td><a href="#m2">beforemethod</a></td><td rowspan="1">1692912831945</td><td rowspan="1">2509</td></tr><tr class="failedodd"><td rowspan="1">com.training.testcases.OpportunityTabTest</td><td><a href="#m3">beforeMethod</a></td><td rowspan="1">1692912838353</td><td rowspan="1">968</td></tr><tr class="failedeven"><td rowspan="1">com.training.testcases.SFDC_Test</td><td><a href="#m4">beforeMethod</a></td><td rowspan="1">1692912834499</td><td rowspan="1">949</td></tr><tr class="failedodd"><td rowspan="1">com.training.testcases.UserMenuDropDownTest</td><td><a href="#m5">beforemethod</a></td><td rowspan="1">1692912835451</td><td rowspan="1">964</td></tr><tr class="failedeven"><td rowspan="1">com.training.testcases.UserMenuMySettingsTest</td><td><a href="#m6">beforemethod</a></td><td rowspan="1">1692912836417</td><td rowspan="1">983</td></tr><tr><th colspan="4">UserMenuDropDown &#8212; skipped (configuration methods)</th></tr><tr class="skippedeven"><td rowspan="4">com.training.testcases.CreateAccountTest</td><td><a href="#m7">beforeMethod</a></td><td rowspan="4">1692912838351</td><td rowspan="4">0</td></tr><tr class="skippedeven"><td><a href="#m8">beforeMethod</a></td></tr><tr class="skippedeven"><td><a href="#m9">beforeMethod</a></td></tr><tr class="skippedeven"><td><a href="#m10">beforeMethod</a></td></tr><tr class="skippedodd"><td rowspan="5">com.training.testcases.LeadsTabTest</td><td><a href="#m11">afterMethod</a></td><td rowspan="3">1692912840386</td><td rowspan="3">0</td></tr><tr class="skippedodd"><td><a href="#m12">afterMethod</a></td></tr><tr class="skippedodd"><td><a href="#m13">afterMethod</a></td></tr><tr class="skippedodd"><td><a href="#m14">beforeMethod</a></td><td rowspan="2">1692912840385</td><td rowspan="2">0</td></tr><tr class="skippedodd"><td><a href="#m15">beforeMethod</a></td></tr><tr class="skippedeven"><td rowspan="3">com.training.testcases.LoginTest</td><td><a href="#m16">beforemethod</a></td><td rowspan="1">1692912834498</td><td rowspan="1">0</td></tr><tr class="skippedeven"><td><a href="#m17">teardown</a></td><td rowspan="2">1692912834497</td><td rowspan="2">0</td></tr><tr class="skippedeven"><td><a href="#m18">teardown</a></td></tr><tr class="skippedodd"><td rowspan="3">com.training.testcases.OpportunityTabTest</td><td><a href="#m19">beforeMethod</a></td><td rowspan="3">1692912839323</td><td rowspan="3">0</td></tr><tr class="skippedodd"><td><a href="#m20">beforeMethod</a></td></tr><tr class="skippedodd"><td><a href="#m21">beforeMethod</a></td></tr><tr class="skippedeven"><td rowspan="5">com.training.testcases.SFDC_Test</td><td><a href="#m22">beforeMethod</a></td><td rowspan="2">1692912835449</td><td rowspan="2">0</td></tr><tr class="skippedeven"><td><a href="#m23">beforeMethod</a></td></tr><tr class="skippedeven"><td><a href="#m24">tearDown</a></td><td rowspan="3">1692912835449</td><td rowspan="3">0</td></tr><tr class="skippedeven"><td><a href="#m25">tearDown</a></td></tr><tr class="skippedeven"><td><a href="#m26">tearDown</a></td></tr><tr class="skippedodd"><td rowspan="1">com.training.testcases.UserMenuDropDownTest</td><td><a href="#m27">teardown</a></td><td rowspan="1">1692912836416</td><td rowspan="1">0</td></tr><tr class="skippedeven"><td rowspan="7">com.training.testcases.UserMenuMySettingsTest</td><td><a href="#m28">beforemethod</a></td><td rowspan="3">1692912837404</td><td rowspan="3">0</td></tr><tr class="skippedeven"><td><a href="#m29">beforemethod</a></td></tr><tr class="skippedeven"><td><a href="#m30">beforemethod</a></td></tr><tr class="skippedeven"><td><a href="#m31">teardown</a></td><td rowspan="4">1692912837404</td><td rowspan="4">0</td></tr><tr class="skippedeven"><td><a href="#m32">teardown</a></td></tr><tr class="skippedeven"><td><a href="#m33">teardown</a></td></tr><tr class="skippedeven"><td><a href="#m34">teardown</a></td></tr><tr><th colspan="4">UserMenuDropDown &#8212; skipped</th></tr><tr class="skippedeven"><td rowspan="5">com.training.testcases.CreateAccountTest</td><td><a href="#m35">createAccountAndValidate</a></td><td rowspan="1">1692912838350</td><td rowspan="1">0</td></tr><tr class="skippedeven"><td><a href="#m36">createNewView</a></td><td rowspan="1">1692912838351</td><td rowspan="1">0</td></tr><tr class="skippedeven"><td><a href="#m37">editView</a></td><td rowspan="1">1692912838352</td><td rowspan="1">0</td></tr><tr class="skippedeven"><td><a href="#m38">mergeAccounts</a></td><td rowspan="1">1692912838352</td><td rowspan="1">0</td></tr><tr class="skippedeven"><td><a href="#m39">teardown</a></td><td rowspan="1">1692912838352</td><td rowspan="1">0</td></tr><tr class="skippedodd"><td rowspan="3">com.training.testcases.LeadsTabTest</td><td><a href="#m40">leadDefaultView</a></td><td rowspan="1">1692912840384</td><td rowspan="1">0</td></tr><tr class="skippedodd"><td><a href="#m41">leadSelectView</a></td><td rowspan="1">1692912840385</td><td rowspan="1">0</td></tr><tr class="skippedodd"><td><a href="#m42">validateLeadTab</a></td><td rowspan="1">1692912840386</td><td rowspan="1">0</td></tr><tr class="skippedeven"><td rowspan="2">com.training.testcases.LoginTest</td><td><a href="#m43">login</a></td><td rowspan="1">1692912834457</td><td rowspan="1">0</td></tr><tr class="skippedeven"><td><a href="#m44">loginandclickonhometab</a></td><td rowspan="1">1692912834498</td><td rowspan="1">0</td></tr><tr class="skippedodd"><td rowspan="4">com.training.testcases.OpportunityTabTest</td><td><a href="#m45">opportunityDropDownValidate</a></td><td rowspan="1">1692912839322</td><td rowspan="1">0</td></tr><tr class="skippedodd"><td><a href="#m46">quarterlySummary</a></td><td rowspan="1">1692912839322</td><td rowspan="1">0</td></tr><tr class="skippedodd"><td><a href="#m47">stuckOpportunityReport</a></td><td rowspan="1">1692912839323</td><td rowspan="1">0</td></tr><tr class="skippedodd"><td><a href="#m48">teardown</a></td><td rowspan="1">1692912839323</td><td rowspan="1">0</td></tr><tr class="skippedeven"><td rowspan="3">com.training.testcases.SFDC_Test</td><td><a href="#m49">checkRememberMe</a></td><td rowspan="1">1692912835448</td><td rowspan="1">1</td></tr><tr class="skippedeven"><td><a href="#m50">loginError</a></td><td rowspan="1">1692912835449</td><td rowspan="1">0</td></tr><tr class="skippedeven"><td><a href="#m51">loginSucess</a></td><td rowspan="1">1692912835450</td><td rowspan="1">0</td></tr><tr class="skippedodd"><td rowspan="1">com.training.testcases.UserMenuDropDownTest</td><td><a href="#m52">usermenudropdown</a></td><td rowspan="1">1692912836416</td><td rowspan="1">0</td></tr><tr class="skippedeven"><td rowspan="4">com.training.testcases.UserMenuMySettingsTest</td><td><a href="#m53">emailsettings</a></td><td rowspan="1">1692912837401</td><td rowspan="1">0</td></tr><tr class="skippedeven"><td><a href="#m54">logoutValidation</a></td><td rowspan="1">1692912837402</td><td rowspan="1">0</td></tr><tr class="skippedeven"><td><a href="#m55">usermenusettings</a></td><td rowspan="1">1692912837404</td><td rowspan="1">0</td></tr><tr class="skippedeven"><td><a href="#m56">validateDeveloperConsole</a></td><td rowspan="1">1692912837404</td><td rowspan="1">1</td></tr></tbody>
</table>
<h2>UserMenuDropDown</h2><h3 id="m0">com.training.testcases.CreateAccountTest#beforeMethod</h3><table class="result"><tr><th>Exception</th></tr><tr><td><div class="stacktrace">org.openqa.selenium.SessionNotCreatedException: session not created: This version of ChromeDriver only supports Chrome version 114
Current browser version is 116.0.5845.110 with binary path /Applications/Google Chrome.app/Contents/MacOS/Google Chrome
Build info: version: &apos;3.141.59&apos;, revision: &apos;e82be7d358&apos;, time: &apos;2018-11-14T08:17:03&apos;
System info: host: &apos;Harneets-MacBook-Pro.local&apos;, ip: &apos;fe80:0:0:0:cdd:4186:e6df:7f6c%en0&apos;, os.name: &apos;Mac OS X&apos;, os.arch: &apos;aarch64&apos;, os.version: &apos;13.3.1&apos;, java.version: &apos;17.0.1&apos;
Driver info: driver.version: ChromeDriver
remote stacktrace: 0   chromedriver                        0x0000000104d73f48 chromedriver + 4226888
1   chromedriver                        0x0000000104d6c4f4 chromedriver + 4195572
2   chromedriver                        0x00000001049b0d68 chromedriver + 281960
3   chromedriver                        0x00000001049dcbac chromedriver + 461740
4   chromedriver                        0x00000001049d8fd8 chromedriver + 446424
5   chromedriver                        0x00000001049d6150 chromedriver + 434512
6   chromedriver                        0x0000000104a1393c chromedriver + 686396
7   chromedriver                        0x0000000104a13164 chromedriver + 684388
8   chromedriver                        0x00000001049dff1c chromedriver + 474908
9   chromedriver                        0x00000001049e0ef4 chromedriver + 478964
10  chromedriver                        0x0000000104d3559c chromedriver + 3970460
11  chromedriver                        0x0000000104d396f0 chromedriver + 3987184
12  chromedriver                        0x0000000104d3f5b4 chromedriver + 4011444
13  chromedriver                        0x0000000104d3a2fc chromedriver + 3990268
14  chromedriver                        0x0000000104d121c0 chromedriver + 3826112
15  chromedriver                        0x0000000104d56088 chromedriver + 4104328
16  chromedriver                        0x0000000104d561e0 chromedriver + 4104672
17  chromedriver                        0x0000000104d65f28 chromedriver + 4169512
18  libsystem_pthread.dylib             0x00000001922c3fa8 _pthread_start + 148
19  libsystem_pthread.dylib             0x00000001922beda0 thread_start + 8

	at org.openqa.selenium.remote.W3CHandshakeResponse.lambda$errorHandler$0(W3CHandshakeResponse.java:62)
	at org.openqa.selenium.remote.HandshakeResponse.lambda$getResponseFunction$0(HandshakeResponse.java:30)
	at org.openqa.selenium.remote.ProtocolHandshake.lambda$createSession$0(ProtocolHandshake.java:126)
	at java.base/java.util.stream.ReferencePipeline$3$1.accept(ReferencePipeline.java:197)
	at java.base/java.util.Spliterators$ArraySpliterator.tryAdvance(Spliterators.java:1002)
	at java.base/java.util.stream.ReferencePipeline.forEachWithCancel(ReferencePipeline.java:129)
	at java.base/java.util.stream.AbstractPipeline.copyIntoWithCancel(AbstractPipeline.java:527)
	at java.base/java.util.stream.AbstractPipeline.copyInto(AbstractPipeline.java:513)
	at java.base/java.util.stream.AbstractPipeline.wrapAndCopyInto(AbstractPipeline.java:499)
	at java.base/java.util.stream.FindOps$FindOp.evaluateSequential(FindOps.java:150)
	at java.base/java.util.stream.AbstractPipeline.evaluate(AbstractPipeline.java:234)
	at java.base/java.util.stream.ReferencePipeline.findFirst(ReferencePipeline.java:647)
	at org.openqa.selenium.remote.ProtocolHandshake.createSession(ProtocolHandshake.java:128)
	at org.openqa.selenium.remote.ProtocolHandshake.createSession(ProtocolHandshake.java:74)
	at org.openqa.selenium.remote.HttpCommandExecutor.execute(HttpCommandExecutor.java:136)
	at org.openqa.selenium.remote.service.DriverCommandExecutor.execute(DriverCommandExecutor.java:83)
	at org.openqa.selenium.remote.RemoteWebDriver.execute(RemoteWebDriver.java:552)
	at org.openqa.selenium.remote.RemoteWebDriver.startSession(RemoteWebDriver.java:213)
	at org.openqa.selenium.remote.RemoteWebDriver.&lt;init&gt;(RemoteWebDriver.java:131)
	at org.openqa.selenium.chrome.ChromeDriver.&lt;init&gt;(ChromeDriver.java:181)
	at org.openqa.selenium.chrome.ChromeDriver.&lt;init&gt;(ChromeDriver.java:168)
	at org.openqa.selenium.chrome.ChromeDriver.&lt;init&gt;(ChromeDriver.java:123)
	at com.training.base.BaseTest.getDriver(BaseTest.java:29)
	at com.training.testcases.CreateAccountTest.beforeMethod(CreateAccountTest.java:21)
	at java.base/java.util.ArrayList.forEach(ArrayList.java:1511)
... Removed 40 stack frames</div></td></tr></table><p class="totop"><a href="#summary">back to summary</a></p>
<h3 id="m1">com.training.testcases.LeadsTabTest#beforeMethod</h3><table class="result"><tr><th>Exception</th></tr><tr><td><div class="stacktrace">org.openqa.selenium.SessionNotCreatedException: session not created: This version of ChromeDriver only supports Chrome version 114
Current browser version is 116.0.5845.110 with binary path /Applications/Google Chrome.app/Contents/MacOS/Google Chrome
Build info: version: &apos;3.141.59&apos;, revision: &apos;e82be7d358&apos;, time: &apos;2018-11-14T08:17:03&apos;
System info: host: &apos;Harneets-MacBook-Pro.local&apos;, ip: &apos;fe80:0:0:0:cdd:4186:e6df:7f6c%en0&apos;, os.name: &apos;Mac OS X&apos;, os.arch: &apos;aarch64&apos;, os.version: &apos;13.3.1&apos;, java.version: &apos;17.0.1&apos;
Driver info: driver.version: ChromeDriver
remote stacktrace: 0   chromedriver                        0x000000010258ff48 chromedriver + 4226888
1   chromedriver                        0x00000001025884f4 chromedriver + 4195572
2   chromedriver                        0x00000001021ccd68 chromedriver + 281960
3   chromedriver                        0x00000001021f8bac chromedriver + 461740
4   chromedriver                        0x00000001021f4fd8 chromedriver + 446424
5   chromedriver                        0x00000001021f2150 chromedriver + 434512
6   chromedriver                        0x000000010222f93c chromedriver + 686396
7   chromedriver                        0x000000010222f164 chromedriver + 684388
8   chromedriver                        0x00000001021fbf1c chromedriver + 474908
9   chromedriver                        0x00000001021fcef4 chromedriver + 478964
10  chromedriver                        0x000000010255159c chromedriver + 3970460
11  chromedriver                        0x00000001025556f0 chromedriver + 3987184
12  chromedriver                        0x000000010255b5b4 chromedriver + 4011444
13  chromedriver                        0x00000001025562fc chromedriver + 3990268
14  chromedriver                        0x000000010252e1c0 chromedriver + 3826112
15  chromedriver                        0x0000000102572088 chromedriver + 4104328
16  chromedriver                        0x00000001025721e0 chromedriver + 4104672
17  chromedriver                        0x0000000102581f28 chromedriver + 4169512
18  libsystem_pthread.dylib             0x00000001922c3fa8 _pthread_start + 148
19  libsystem_pthread.dylib             0x00000001922beda0 thread_start + 8

	at org.openqa.selenium.remote.W3CHandshakeResponse.lambda$errorHandler$0(W3CHandshakeResponse.java:62)
	at org.openqa.selenium.remote.HandshakeResponse.lambda$getResponseFunction$0(HandshakeResponse.java:30)
	at org.openqa.selenium.remote.ProtocolHandshake.lambda$createSession$0(ProtocolHandshake.java:126)
	at java.base/java.util.stream.ReferencePipeline$3$1.accept(ReferencePipeline.java:197)
	at java.base/java.util.Spliterators$ArraySpliterator.tryAdvance(Spliterators.java:1002)
	at java.base/java.util.stream.ReferencePipeline.forEachWithCancel(ReferencePipeline.java:129)
	at java.base/java.util.stream.AbstractPipeline.copyIntoWithCancel(AbstractPipeline.java:527)
	at java.base/java.util.stream.AbstractPipeline.copyInto(AbstractPipeline.java:513)
	at java.base/java.util.stream.AbstractPipeline.wrapAndCopyInto(AbstractPipeline.java:499)
	at java.base/java.util.stream.FindOps$FindOp.evaluateSequential(FindOps.java:150)
	at java.base/java.util.stream.AbstractPipeline.evaluate(AbstractPipeline.java:234)
	at java.base/java.util.stream.ReferencePipeline.findFirst(ReferencePipeline.java:647)
	at org.openqa.selenium.remote.ProtocolHandshake.createSession(ProtocolHandshake.java:128)
	at org.openqa.selenium.remote.ProtocolHandshake.createSession(ProtocolHandshake.java:74)
	at org.openqa.selenium.remote.HttpCommandExecutor.execute(HttpCommandExecutor.java:136)
	at org.openqa.selenium.remote.service.DriverCommandExecutor.execute(DriverCommandExecutor.java:83)
	at org.openqa.selenium.remote.RemoteWebDriver.execute(RemoteWebDriver.java:552)
	at org.openqa.selenium.remote.RemoteWebDriver.startSession(RemoteWebDriver.java:213)
	at org.openqa.selenium.remote.RemoteWebDriver.&lt;init&gt;(RemoteWebDriver.java:131)
	at org.openqa.selenium.chrome.ChromeDriver.&lt;init&gt;(ChromeDriver.java:181)
	at org.openqa.selenium.chrome.ChromeDriver.&lt;init&gt;(ChromeDriver.java:168)
	at org.openqa.selenium.chrome.ChromeDriver.&lt;init&gt;(ChromeDriver.java:123)
	at com.training.base.BaseTest.getDriver(BaseTest.java:29)
	at com.training.testcases.LeadsTabTest.beforeMethod(LeadsTabTest.java:21)
	at java.base/java.util.ArrayList.forEach(ArrayList.java:1511)
... Removed 40 stack frames</div></td></tr></table><p class="totop"><a href="#summary">back to summary</a></p>
<h3 id="m2">com.training.testcases.LoginTest#beforemethod</h3><table class="result"><tr><th>Exception</th></tr><tr><td><div class="stacktrace">org.openqa.selenium.SessionNotCreatedException: session not created: This version of ChromeDriver only supports Chrome version 114
Current browser version is 116.0.5845.110 with binary path /Applications/Google Chrome.app/Contents/MacOS/Google Chrome
Build info: version: &apos;3.141.59&apos;, revision: &apos;e82be7d358&apos;, time: &apos;2018-11-14T08:17:03&apos;
System info: host: &apos;Harneets-MacBook-Pro.local&apos;, ip: &apos;fe80:0:0:0:cdd:4186:e6df:7f6c%en0&apos;, os.name: &apos;Mac OS X&apos;, os.arch: &apos;aarch64&apos;, os.version: &apos;13.3.1&apos;, java.version: &apos;17.0.1&apos;
Driver info: driver.version: ChromeDriver
remote stacktrace: 0   chromedriver                        0x0000000102553f48 chromedriver + 4226888
1   chromedriver                        0x000000010254c4f4 chromedriver + 4195572
2   chromedriver                        0x0000000102190d68 chromedriver + 281960
3   chromedriver                        0x00000001021bcbac chromedriver + 461740
4   chromedriver                        0x00000001021b8fd8 chromedriver + 446424
5   chromedriver                        0x00000001021b6150 chromedriver + 434512
6   chromedriver                        0x00000001021f393c chromedriver + 686396
7   chromedriver                        0x00000001021f3164 chromedriver + 684388
8   chromedriver                        0x00000001021bff1c chromedriver + 474908
9   chromedriver                        0x00000001021c0ef4 chromedriver + 478964
10  chromedriver                        0x000000010251559c chromedriver + 3970460
11  chromedriver                        0x00000001025196f0 chromedriver + 3987184
12  chromedriver                        0x000000010251f5b4 chromedriver + 4011444
13  chromedriver                        0x000000010251a2fc chromedriver + 3990268
14  chromedriver                        0x00000001024f21c0 chromedriver + 3826112
15  chromedriver                        0x0000000102536088 chromedriver + 4104328
16  chromedriver                        0x00000001025361e0 chromedriver + 4104672
17  chromedriver                        0x0000000102545f28 chromedriver + 4169512
18  libsystem_pthread.dylib             0x00000001922c3fa8 _pthread_start + 148
19  libsystem_pthread.dylib             0x00000001922beda0 thread_start + 8

	at org.openqa.selenium.remote.W3CHandshakeResponse.lambda$errorHandler$0(W3CHandshakeResponse.java:62)
	at org.openqa.selenium.remote.HandshakeResponse.lambda$getResponseFunction$0(HandshakeResponse.java:30)
	at org.openqa.selenium.remote.ProtocolHandshake.lambda$createSession$0(ProtocolHandshake.java:126)
	at java.base/java.util.stream.ReferencePipeline$3$1.accept(ReferencePipeline.java:197)
	at java.base/java.util.Spliterators$ArraySpliterator.tryAdvance(Spliterators.java:1002)
	at java.base/java.util.stream.ReferencePipeline.forEachWithCancel(ReferencePipeline.java:129)
	at java.base/java.util.stream.AbstractPipeline.copyIntoWithCancel(AbstractPipeline.java:527)
	at java.base/java.util.stream.AbstractPipeline.copyInto(AbstractPipeline.java:513)
	at java.base/java.util.stream.AbstractPipeline.wrapAndCopyInto(AbstractPipeline.java:499)
	at java.base/java.util.stream.FindOps$FindOp.evaluateSequential(FindOps.java:150)
	at java.base/java.util.stream.AbstractPipeline.evaluate(AbstractPipeline.java:234)
	at java.base/java.util.stream.ReferencePipeline.findFirst(ReferencePipeline.java:647)
	at org.openqa.selenium.remote.ProtocolHandshake.createSession(ProtocolHandshake.java:128)
	at org.openqa.selenium.remote.ProtocolHandshake.createSession(ProtocolHandshake.java:74)
	at org.openqa.selenium.remote.HttpCommandExecutor.execute(HttpCommandExecutor.java:136)
	at org.openqa.selenium.remote.service.DriverCommandExecutor.execute(DriverCommandExecutor.java:83)
	at org.openqa.selenium.remote.RemoteWebDriver.execute(RemoteWebDriver.java:552)
	at org.openqa.selenium.remote.RemoteWebDriver.startSession(RemoteWebDriver.java:213)
	at org.openqa.selenium.remote.RemoteWebDriver.&lt;init&gt;(RemoteWebDriver.java:131)
	at org.openqa.selenium.chrome.ChromeDriver.&lt;init&gt;(ChromeDriver.java:181)
	at org.openqa.selenium.chrome.ChromeDriver.&lt;init&gt;(ChromeDriver.java:168)
	at org.openqa.selenium.chrome.ChromeDriver.&lt;init&gt;(ChromeDriver.java:123)
	at com.training.base.BaseTest.getDriver(BaseTest.java:29)
	at com.training.testcases.LoginTest.beforemethod(LoginTest.java:30)
	at java.base/java.util.ArrayList.forEach(ArrayList.java:1511)
... Removed 40 stack frames</div></td></tr></table><p class="totop"><a href="#summary">back to summary</a></p>
<h3 id="m3">com.training.testcases.OpportunityTabTest#beforeMethod</h3><table class="result"><tr><th>Exception</th></tr><tr><td><div class="stacktrace">org.openqa.selenium.SessionNotCreatedException: session not created: This version of ChromeDriver only supports Chrome version 114
Current browser version is 116.0.5845.110 with binary path /Applications/Google Chrome.app/Contents/MacOS/Google Chrome
Build info: version: &apos;3.141.59&apos;, revision: &apos;e82be7d358&apos;, time: &apos;2018-11-14T08:17:03&apos;
System info: host: &apos;Harneets-MacBook-Pro.local&apos;, ip: &apos;fe80:0:0:0:cdd:4186:e6df:7f6c%en0&apos;, os.name: &apos;Mac OS X&apos;, os.arch: &apos;aarch64&apos;, os.version: &apos;13.3.1&apos;, java.version: &apos;17.0.1&apos;
Driver info: driver.version: ChromeDriver
remote stacktrace: 0   chromedriver                        0x000000010299ff48 chromedriver + 4226888
1   chromedriver                        0x00000001029984f4 chromedriver + 4195572
2   chromedriver                        0x00000001025dcd68 chromedriver + 281960
3   chromedriver                        0x0000000102608bac chromedriver + 461740
4   chromedriver                        0x0000000102604fd8 chromedriver + 446424
5   chromedriver                        0x0000000102602150 chromedriver + 434512
6   chromedriver                        0x000000010263f93c chromedriver + 686396
7   chromedriver                        0x000000010263f164 chromedriver + 684388
8   chromedriver                        0x000000010260bf1c chromedriver + 474908
9   chromedriver                        0x000000010260cef4 chromedriver + 478964
10  chromedriver                        0x000000010296159c chromedriver + 3970460
11  chromedriver                        0x00000001029656f0 chromedriver + 3987184
12  chromedriver                        0x000000010296b5b4 chromedriver + 4011444
13  chromedriver                        0x00000001029662fc chromedriver + 3990268
14  chromedriver                        0x000000010293e1c0 chromedriver + 3826112
15  chromedriver                        0x0000000102982088 chromedriver + 4104328
16  chromedriver                        0x00000001029821e0 chromedriver + 4104672
17  chromedriver                        0x0000000102991f28 chromedriver + 4169512
18  libsystem_pthread.dylib             0x00000001922c3fa8 _pthread_start + 148
19  libsystem_pthread.dylib             0x00000001922beda0 thread_start + 8

	at org.openqa.selenium.remote.W3CHandshakeResponse.lambda$errorHandler$0(W3CHandshakeResponse.java:62)
	at org.openqa.selenium.remote.HandshakeResponse.lambda$getResponseFunction$0(HandshakeResponse.java:30)
	at org.openqa.selenium.remote.ProtocolHandshake.lambda$createSession$0(ProtocolHandshake.java:126)
	at java.base/java.util.stream.ReferencePipeline$3$1.accept(ReferencePipeline.java:197)
	at java.base/java.util.Spliterators$ArraySpliterator.tryAdvance(Spliterators.java:1002)
	at java.base/java.util.stream.ReferencePipeline.forEachWithCancel(ReferencePipeline.java:129)
	at java.base/java.util.stream.AbstractPipeline.copyIntoWithCancel(AbstractPipeline.java:527)
	at java.base/java.util.stream.AbstractPipeline.copyInto(AbstractPipeline.java:513)
	at java.base/java.util.stream.AbstractPipeline.wrapAndCopyInto(AbstractPipeline.java:499)
	at java.base/java.util.stream.FindOps$FindOp.evaluateSequential(FindOps.java:150)
	at java.base/java.util.stream.AbstractPipeline.evaluate(AbstractPipeline.java:234)
	at java.base/java.util.stream.ReferencePipeline.findFirst(ReferencePipeline.java:647)
	at org.openqa.selenium.remote.ProtocolHandshake.createSession(ProtocolHandshake.java:128)
	at org.openqa.selenium.remote.ProtocolHandshake.createSession(ProtocolHandshake.java:74)
	at org.openqa.selenium.remote.HttpCommandExecutor.execute(HttpCommandExecutor.java:136)
	at org.openqa.selenium.remote.service.DriverCommandExecutor.execute(DriverCommandExecutor.java:83)
	at org.openqa.selenium.remote.RemoteWebDriver.execute(RemoteWebDriver.java:552)
	at org.openqa.selenium.remote.RemoteWebDriver.startSession(RemoteWebDriver.java:213)
	at org.openqa.selenium.remote.RemoteWebDriver.&lt;init&gt;(RemoteWebDriver.java:131)
	at org.openqa.selenium.chrome.ChromeDriver.&lt;init&gt;(ChromeDriver.java:181)
	at org.openqa.selenium.chrome.ChromeDriver.&lt;init&gt;(ChromeDriver.java:168)
	at org.openqa.selenium.chrome.ChromeDriver.&lt;init&gt;(ChromeDriver.java:123)
	at com.training.base.BaseTest.getDriver(BaseTest.java:29)
	at com.training.testcases.OpportunityTabTest.beforeMethod(OpportunityTabTest.java:20)
	at java.base/java.util.ArrayList.forEach(ArrayList.java:1511)
... Removed 40 stack frames</div></td></tr></table><p class="totop"><a href="#summary">back to summary</a></p>
<h3 id="m4">com.training.testcases.SFDC_Test#beforeMethod</h3><table class="result"><tr><th>Exception</th></tr><tr><td><div class="stacktrace">org.openqa.selenium.SessionNotCreatedException: session not created: This version of ChromeDriver only supports Chrome version 114
Current browser version is 116.0.5845.110 with binary path /Applications/Google Chrome.app/Contents/MacOS/Google Chrome
Build info: version: &apos;3.141.59&apos;, revision: &apos;e82be7d358&apos;, time: &apos;2018-11-14T08:17:03&apos;
System info: host: &apos;Harneets-MacBook-Pro.local&apos;, ip: &apos;fe80:0:0:0:cdd:4186:e6df:7f6c%en0&apos;, os.name: &apos;Mac OS X&apos;, os.arch: &apos;aarch64&apos;, os.version: &apos;13.3.1&apos;, java.version: &apos;17.0.1&apos;
Driver info: driver.version: ChromeDriver
remote stacktrace: 0   chromedriver                        0x0000000102c13f48 chromedriver + 4226888
1   chromedriver                        0x0000000102c0c4f4 chromedriver + 4195572
2   chromedriver                        0x0000000102850d68 chromedriver + 281960
3   chromedriver                        0x000000010287cbac chromedriver + 461740
4   chromedriver                        0x0000000102878fd8 chromedriver + 446424
5   chromedriver                        0x0000000102876150 chromedriver + 434512
6   chromedriver                        0x00000001028b393c chromedriver + 686396
7   chromedriver                        0x00000001028b3164 chromedriver + 684388
8   chromedriver                        0x000000010287ff1c chromedriver + 474908
9   chromedriver                        0x0000000102880ef4 chromedriver + 478964
10  chromedriver                        0x0000000102bd559c chromedriver + 3970460
11  chromedriver                        0x0000000102bd96f0 chromedriver + 3987184
12  chromedriver                        0x0000000102bdf5b4 chromedriver + 4011444
13  chromedriver                        0x0000000102bda2fc chromedriver + 3990268
14  chromedriver                        0x0000000102bb21c0 chromedriver + 3826112
15  chromedriver                        0x0000000102bf6088 chromedriver + 4104328
16  chromedriver                        0x0000000102bf61e0 chromedriver + 4104672
17  chromedriver                        0x0000000102c05f28 chromedriver + 4169512
18  libsystem_pthread.dylib             0x00000001922c3fa8 _pthread_start + 148
19  libsystem_pthread.dylib             0x00000001922beda0 thread_start + 8

	at org.openqa.selenium.remote.W3CHandshakeResponse.lambda$errorHandler$0(W3CHandshakeResponse.java:62)
	at org.openqa.selenium.remote.HandshakeResponse.lambda$getResponseFunction$0(HandshakeResponse.java:30)
	at org.openqa.selenium.remote.ProtocolHandshake.lambda$createSession$0(ProtocolHandshake.java:126)
	at java.base/java.util.stream.ReferencePipeline$3$1.accept(ReferencePipeline.java:197)
	at java.base/java.util.Spliterators$ArraySpliterator.tryAdvance(Spliterators.java:1002)
	at java.base/java.util.stream.ReferencePipeline.forEachWithCancel(ReferencePipeline.java:129)
	at java.base/java.util.stream.AbstractPipeline.copyIntoWithCancel(AbstractPipeline.java:527)
	at java.base/java.util.stream.AbstractPipeline.copyInto(AbstractPipeline.java:513)
	at java.base/java.util.stream.AbstractPipeline.wrapAndCopyInto(AbstractPipeline.java:499)
	at java.base/java.util.stream.FindOps$FindOp.evaluateSequential(FindOps.java:150)
	at java.base/java.util.stream.AbstractPipeline.evaluate(AbstractPipeline.java:234)
	at java.base/java.util.stream.ReferencePipeline.findFirst(ReferencePipeline.java:647)
	at org.openqa.selenium.remote.ProtocolHandshake.createSession(ProtocolHandshake.java:128)
	at org.openqa.selenium.remote.ProtocolHandshake.createSession(ProtocolHandshake.java:74)
	at org.openqa.selenium.remote.HttpCommandExecutor.execute(HttpCommandExecutor.java:136)
	at org.openqa.selenium.remote.service.DriverCommandExecutor.execute(DriverCommandExecutor.java:83)
	at org.openqa.selenium.remote.RemoteWebDriver.execute(RemoteWebDriver.java:552)
	at org.openqa.selenium.remote.RemoteWebDriver.startSession(RemoteWebDriver.java:213)
	at org.openqa.selenium.remote.RemoteWebDriver.&lt;init&gt;(RemoteWebDriver.java:131)
	at org.openqa.selenium.chrome.ChromeDriver.&lt;init&gt;(ChromeDriver.java:181)
	at org.openqa.selenium.chrome.ChromeDriver.&lt;init&gt;(ChromeDriver.java:168)
	at org.openqa.selenium.chrome.ChromeDriver.&lt;init&gt;(ChromeDriver.java:123)
	at com.training.base.BaseTest.getDriver(BaseTest.java:29)
	at com.training.testcases.SFDC_Test.beforeMethod(SFDC_Test.java:21)
	at java.base/java.util.ArrayList.forEach(ArrayList.java:1511)
... Removed 40 stack frames</div></td></tr></table><p class="totop"><a href="#summary">back to summary</a></p>
<h3 id="m5">com.training.testcases.UserMenuDropDownTest#beforemethod</h3><table class="result"><tr><th>Exception</th></tr><tr><td><div class="stacktrace">org.openqa.selenium.SessionNotCreatedException: session not created: This version of ChromeDriver only supports Chrome version 114
Current browser version is 116.0.5845.110 with binary path /Applications/Google Chrome.app/Contents/MacOS/Google Chrome
Build info: version: &apos;3.141.59&apos;, revision: &apos;e82be7d358&apos;, time: &apos;2018-11-14T08:17:03&apos;
System info: host: &apos;Harneets-MacBook-Pro.local&apos;, ip: &apos;fe80:0:0:0:cdd:4186:e6df:7f6c%en0&apos;, os.name: &apos;Mac OS X&apos;, os.arch: &apos;aarch64&apos;, os.version: &apos;13.3.1&apos;, java.version: &apos;17.0.1&apos;
Driver info: driver.version: ChromeDriver
remote stacktrace: 0   chromedriver                        0x0000000102ecbf48 chromedriver + 4226888
1   chromedriver                        0x0000000102ec44f4 chromedriver + 4195572
2   chromedriver                        0x0000000102b08d68 chromedriver + 281960
3   chromedriver                        0x0000000102b34bac chromedriver + 461740
4   chromedriver                        0x0000000102b30fd8 chromedriver + 446424
5   chromedriver                        0x0000000102b2e150 chromedriver + 434512
6   chromedriver                        0x0000000102b6b93c chromedriver + 686396
7   chromedriver                        0x0000000102b6b164 chromedriver + 684388
8   chromedriver                        0x0000000102b37f1c chromedriver + 474908
9   chromedriver                        0x0000000102b38ef4 chromedriver + 478964
10  chromedriver                        0x0000000102e8d59c chromedriver + 3970460
11  chromedriver                        0x0000000102e916f0 chromedriver + 3987184
12  chromedriver                        0x0000000102e975b4 chromedriver + 4011444
13  chromedriver                        0x0000000102e922fc chromedriver + 3990268
14  chromedriver                        0x0000000102e6a1c0 chromedriver + 3826112
15  chromedriver                        0x0000000102eae088 chromedriver + 4104328
16  chromedriver                        0x0000000102eae1e0 chromedriver + 4104672
17  chromedriver                        0x0000000102ebdf28 chromedriver + 4169512
18  libsystem_pthread.dylib             0x00000001922c3fa8 _pthread_start + 148
19  libsystem_pthread.dylib             0x00000001922beda0 thread_start + 8

	at org.openqa.selenium.remote.W3CHandshakeResponse.lambda$errorHandler$0(W3CHandshakeResponse.java:62)
	at org.openqa.selenium.remote.HandshakeResponse.lambda$getResponseFunction$0(HandshakeResponse.java:30)
	at org.openqa.selenium.remote.ProtocolHandshake.lambda$createSession$0(ProtocolHandshake.java:126)
	at java.base/java.util.stream.ReferencePipeline$3$1.accept(ReferencePipeline.java:197)
	at java.base/java.util.Spliterators$ArraySpliterator.tryAdvance(Spliterators.java:1002)
	at java.base/java.util.stream.ReferencePipeline.forEachWithCancel(ReferencePipeline.java:129)
	at java.base/java.util.stream.AbstractPipeline.copyIntoWithCancel(AbstractPipeline.java:527)
	at java.base/java.util.stream.AbstractPipeline.copyInto(AbstractPipeline.java:513)
	at java.base/java.util.stream.AbstractPipeline.wrapAndCopyInto(AbstractPipeline.java:499)
	at java.base/java.util.stream.FindOps$FindOp.evaluateSequential(FindOps.java:150)
	at java.base/java.util.stream.AbstractPipeline.evaluate(AbstractPipeline.java:234)
	at java.base/java.util.stream.ReferencePipeline.findFirst(ReferencePipeline.java:647)
	at org.openqa.selenium.remote.ProtocolHandshake.createSession(ProtocolHandshake.java:128)
	at org.openqa.selenium.remote.ProtocolHandshake.createSession(ProtocolHandshake.java:74)
	at org.openqa.selenium.remote.HttpCommandExecutor.execute(HttpCommandExecutor.java:136)
	at org.openqa.selenium.remote.service.DriverCommandExecutor.execute(DriverCommandExecutor.java:83)
	at org.openqa.selenium.remote.RemoteWebDriver.execute(RemoteWebDriver.java:552)
	at org.openqa.selenium.remote.RemoteWebDriver.startSession(RemoteWebDriver.java:213)
	at org.openqa.selenium.remote.RemoteWebDriver.&lt;init&gt;(RemoteWebDriver.java:131)
	at org.openqa.selenium.chrome.ChromeDriver.&lt;init&gt;(ChromeDriver.java:181)
	at org.openqa.selenium.chrome.ChromeDriver.&lt;init&gt;(ChromeDriver.java:168)
	at org.openqa.selenium.chrome.ChromeDriver.&lt;init&gt;(ChromeDriver.java:123)
	at com.training.base.BaseTest.getDriver(BaseTest.java:29)
	at com.training.testcases.UserMenuDropDownTest.beforemethod(UserMenuDropDownTest.java:24)
	at java.base/java.util.ArrayList.forEach(ArrayList.java:1511)
... Removed 40 stack frames</div></td></tr></table><p class="totop"><a href="#summary">back to summary</a></p>
<h3 id="m6">com.training.testcases.UserMenuMySettingsTest#beforemethod</h3><table class="result"><tr><th>Exception</th></tr><tr><td><div class="stacktrace">org.openqa.selenium.SessionNotCreatedException: session not created: This version of ChromeDriver only supports Chrome version 114
Current browser version is 116.0.5845.110 with binary path /Applications/Google Chrome.app/Contents/MacOS/Google Chrome
Build info: version: &apos;3.141.59&apos;, revision: &apos;e82be7d358&apos;, time: &apos;2018-11-14T08:17:03&apos;
System info: host: &apos;Harneets-MacBook-Pro.local&apos;, ip: &apos;fe80:0:0:0:cdd:4186:e6df:7f6c%en0&apos;, os.name: &apos;Mac OS X&apos;, os.arch: &apos;aarch64&apos;, os.version: &apos;13.3.1&apos;, java.version: &apos;17.0.1&apos;
Driver info: driver.version: ChromeDriver
remote stacktrace: 0   chromedriver                        0x00000001033e3f48 chromedriver + 4226888
1   chromedriver                        0x00000001033dc4f4 chromedriver + 4195572
2   chromedriver                        0x0000000103020d68 chromedriver + 281960
3   chromedriver                        0x000000010304cbac chromedriver + 461740
4   chromedriver                        0x0000000103048fd8 chromedriver + 446424
5   chromedriver                        0x0000000103046150 chromedriver + 434512
6   chromedriver                        0x000000010308393c chromedriver + 686396
7   chromedriver                        0x0000000103083164 chromedriver + 684388
8   chromedriver                        0x000000010304ff1c chromedriver + 474908
9   chromedriver                        0x0000000103050ef4 chromedriver + 478964
10  chromedriver                        0x00000001033a559c chromedriver + 3970460
11  chromedriver                        0x00000001033a96f0 chromedriver + 3987184
12  chromedriver                        0x00000001033af5b4 chromedriver + 4011444
13  chromedriver                        0x00000001033aa2fc chromedriver + 3990268
14  chromedriver                        0x00000001033821c0 chromedriver + 3826112
15  chromedriver                        0x00000001033c6088 chromedriver + 4104328
16  chromedriver                        0x00000001033c61e0 chromedriver + 4104672
17  chromedriver                        0x00000001033d5f28 chromedriver + 4169512
18  libsystem_pthread.dylib             0x00000001922c3fa8 _pthread_start + 148
19  libsystem_pthread.dylib             0x00000001922beda0 thread_start + 8

	at org.openqa.selenium.remote.W3CHandshakeResponse.lambda$errorHandler$0(W3CHandshakeResponse.java:62)
	at org.openqa.selenium.remote.HandshakeResponse.lambda$getResponseFunction$0(HandshakeResponse.java:30)
	at org.openqa.selenium.remote.ProtocolHandshake.lambda$createSession$0(ProtocolHandshake.java:126)
	at java.base/java.util.stream.ReferencePipeline$3$1.accept(ReferencePipeline.java:197)
	at java.base/java.util.Spliterators$ArraySpliterator.tryAdvance(Spliterators.java:1002)
	at java.base/java.util.stream.ReferencePipeline.forEachWithCancel(ReferencePipeline.java:129)
	at java.base/java.util.stream.AbstractPipeline.copyIntoWithCancel(AbstractPipeline.java:527)
	at java.base/java.util.stream.AbstractPipeline.copyInto(AbstractPipeline.java:513)
	at java.base/java.util.stream.AbstractPipeline.wrapAndCopyInto(AbstractPipeline.java:499)
	at java.base/java.util.stream.FindOps$FindOp.evaluateSequential(FindOps.java:150)
	at java.base/java.util.stream.AbstractPipeline.evaluate(AbstractPipeline.java:234)
	at java.base/java.util.stream.ReferencePipeline.findFirst(ReferencePipeline.java:647)
	at org.openqa.selenium.remote.ProtocolHandshake.createSession(ProtocolHandshake.java:128)
	at org.openqa.selenium.remote.ProtocolHandshake.createSession(ProtocolHandshake.java:74)
	at org.openqa.selenium.remote.HttpCommandExecutor.execute(HttpCommandExecutor.java:136)
	at org.openqa.selenium.remote.service.DriverCommandExecutor.execute(DriverCommandExecutor.java:83)
	at org.openqa.selenium.remote.RemoteWebDriver.execute(RemoteWebDriver.java:552)
	at org.openqa.selenium.remote.RemoteWebDriver.startSession(RemoteWebDriver.java:213)
	at org.openqa.selenium.remote.RemoteWebDriver.&lt;init&gt;(RemoteWebDriver.java:131)
	at org.openqa.selenium.chrome.ChromeDriver.&lt;init&gt;(ChromeDriver.java:181)
	at org.openqa.selenium.chrome.ChromeDriver.&lt;init&gt;(ChromeDriver.java:168)
	at org.openqa.selenium.chrome.ChromeDriver.&lt;init&gt;(ChromeDriver.java:123)
	at com.training.base.BaseTest.getDriver(BaseTest.java:29)
	at com.training.testcases.UserMenuMySettingsTest.beforemethod(UserMenuMySettingsTest.java:23)
	at java.base/java.util.ArrayList.forEach(ArrayList.java:1511)
... Removed 40 stack frames</div></td></tr></table><p class="totop"><a href="#summary">back to summary</a></p>
<h3 id="m7">com.training.testcases.CreateAccountTest#beforeMethod</h3><table class="result"><tr><th class="invisible"/></tr></table><p class="totop"><a href="#summary">back to summary</a></p>
<h3 id="m8">com.training.testcases.CreateAccountTest#beforeMethod</h3><table class="result"><tr><th class="invisible"/></tr></table><p class="totop"><a href="#summary">back to summary</a></p>
<h3 id="m9">com.training.testcases.CreateAccountTest#beforeMethod</h3><table class="result"><tr><th class="invisible"/></tr></table><p class="totop"><a href="#summary">back to summary</a></p>
<h3 id="m10">com.training.testcases.CreateAccountTest#beforeMethod</h3><table class="result"><tr><th class="invisible"/></tr></table><p class="totop"><a href="#summary">back to summary</a></p>
<h3 id="m11">com.training.testcases.LeadsTabTest#afterMethod</h3><table class="result"><tr><th class="invisible"/></tr></table><p class="totop"><a href="#summary">back to summary</a></p>
<h3 id="m12">com.training.testcases.LeadsTabTest#afterMethod</h3><table class="result"><tr><th class="invisible"/></tr></table><p class="totop"><a href="#summary">back to summary</a></p>
<h3 id="m13">com.training.testcases.LeadsTabTest#afterMethod</h3><table class="result"><tr><th class="invisible"/></tr></table><p class="totop"><a href="#summary">back to summary</a></p>
<h3 id="m14">com.training.testcases.LeadsTabTest#beforeMethod</h3><table class="result"><tr><th class="invisible"/></tr></table><p class="totop"><a href="#summary">back to summary</a></p>
<h3 id="m15">com.training.testcases.LeadsTabTest#beforeMethod</h3><table class="result"><tr><th class="invisible"/></tr></table><p class="totop"><a href="#summary">back to summary</a></p>
<h3 id="m16">com.training.testcases.LoginTest#beforemethod</h3><table class="result"><tr><th class="invisible"/></tr></table><p class="totop"><a href="#summary">back to summary</a></p>
<h3 id="m17">com.training.testcases.LoginTest#teardown</h3><table class="result"><tr><th class="invisible"/></tr></table><p class="totop"><a href="#summary">back to summary</a></p>
<h3 id="m18">com.training.testcases.LoginTest#teardown</h3><table class="result"><tr><th class="invisible"/></tr></table><p class="totop"><a href="#summary">back to summary</a></p>
<h3 id="m19">com.training.testcases.OpportunityTabTest#beforeMethod</h3><table class="result"><tr><th class="invisible"/></tr></table><p class="totop"><a href="#summary">back to summary</a></p>
<h3 id="m20">com.training.testcases.OpportunityTabTest#beforeMethod</h3><table class="result"><tr><th class="invisible"/></tr></table><p class="totop"><a href="#summary">back to summary</a></p>
<h3 id="m21">com.training.testcases.OpportunityTabTest#beforeMethod</h3><table class="result"><tr><th class="invisible"/></tr></table><p class="totop"><a href="#summary">back to summary</a></p>
<h3 id="m22">com.training.testcases.SFDC_Test#beforeMethod</h3><table class="result"><tr><th class="invisible"/></tr></table><p class="totop"><a href="#summary">back to summary</a></p>
<h3 id="m23">com.training.testcases.SFDC_Test#beforeMethod</h3><table class="result"><tr><th class="invisible"/></tr></table><p class="totop"><a href="#summary">back to summary</a></p>
<h3 id="m24">com.training.testcases.SFDC_Test#tearDown</h3><table class="result"><tr><th class="invisible"/></tr></table><p class="totop"><a href="#summary">back to summary</a></p>
<h3 id="m25">com.training.testcases.SFDC_Test#tearDown</h3><table class="result"><tr><th class="invisible"/></tr></table><p class="totop"><a href="#summary">back to summary</a></p>
<h3 id="m26">com.training.testcases.SFDC_Test#tearDown</h3><table class="result"><tr><th class="invisible"/></tr></table><p class="totop"><a href="#summary">back to summary</a></p>
<h3 id="m27">com.training.testcases.UserMenuDropDownTest#teardown</h3><table class="result"><tr><th class="invisible"/></tr></table><p class="totop"><a href="#summary">back to summary</a></p>
<h3 id="m28">com.training.testcases.UserMenuMySettingsTest#beforemethod</h3><table class="result"><tr><th class="invisible"/></tr></table><p class="totop"><a href="#summary">back to summary</a></p>
<h3 id="m29">com.training.testcases.UserMenuMySettingsTest#beforemethod</h3><table class="result"><tr><th class="invisible"/></tr></table><p class="totop"><a href="#summary">back to summary</a></p>
<h3 id="m30">com.training.testcases.UserMenuMySettingsTest#beforemethod</h3><table class="result"><tr><th class="invisible"/></tr></table><p class="totop"><a href="#summary">back to summary</a></p>
<h3 id="m31">com.training.testcases.UserMenuMySettingsTest#teardown</h3><table class="result"><tr><th class="invisible"/></tr></table><p class="totop"><a href="#summary">back to summary</a></p>
<h3 id="m32">com.training.testcases.UserMenuMySettingsTest#teardown</h3><table class="result"><tr><th class="invisible"/></tr></table><p class="totop"><a href="#summary">back to summary</a></p>
<h3 id="m33">com.training.testcases.UserMenuMySettingsTest#teardown</h3><table class="result"><tr><th class="invisible"/></tr></table><p class="totop"><a href="#summary">back to summary</a></p>
<h3 id="m34">com.training.testcases.UserMenuMySettingsTest#teardown</h3><table class="result"><tr><th class="invisible"/></tr></table><p class="totop"><a href="#summary">back to summary</a></p>
<h3 id="m35">com.training.testcases.CreateAccountTest#createAccountAndValidate</h3><table class="result"><tr><th>Exception</th></tr><tr><td><div class="stacktrace">org.openqa.selenium.SessionNotCreatedException: session not created: This version of ChromeDriver only supports Chrome version 114
Current browser version is 116.0.5845.110 with binary path /Applications/Google Chrome.app/Contents/MacOS/Google Chrome
Build info: version: &apos;3.141.59&apos;, revision: &apos;e82be7d358&apos;, time: &apos;2018-11-14T08:17:03&apos;
System info: host: &apos;Harneets-MacBook-Pro.local&apos;, ip: &apos;fe80:0:0:0:cdd:4186:e6df:7f6c%en0&apos;, os.name: &apos;Mac OS X&apos;, os.arch: &apos;aarch64&apos;, os.version: &apos;13.3.1&apos;, java.version: &apos;17.0.1&apos;
Driver info: driver.version: ChromeDriver
remote stacktrace: 0   chromedriver                        0x0000000104d73f48 chromedriver + 4226888
1   chromedriver                        0x0000000104d6c4f4 chromedriver + 4195572
2   chromedriver                        0x00000001049b0d68 chromedriver + 281960
3   chromedriver                        0x00000001049dcbac chromedriver + 461740
4   chromedriver                        0x00000001049d8fd8 chromedriver + 446424
5   chromedriver                        0x00000001049d6150 chromedriver + 434512
6   chromedriver                        0x0000000104a1393c chromedriver + 686396
7   chromedriver                        0x0000000104a13164 chromedriver + 684388
8   chromedriver                        0x00000001049dff1c chromedriver + 474908
9   chromedriver                        0x00000001049e0ef4 chromedriver + 478964
10  chromedriver                        0x0000000104d3559c chromedriver + 3970460
11  chromedriver                        0x0000000104d396f0 chromedriver + 3987184
12  chromedriver                        0x0000000104d3f5b4 chromedriver + 4011444
13  chromedriver                        0x0000000104d3a2fc chromedriver + 3990268
14  chromedriver                        0x0000000104d121c0 chromedriver + 3826112
15  chromedriver                        0x0000000104d56088 chromedriver + 4104328
16  chromedriver                        0x0000000104d561e0 chromedriver + 4104672
17  chromedriver                        0x0000000104d65f28 chromedriver + 4169512
18  libsystem_pthread.dylib             0x00000001922c3fa8 _pthread_start + 148
19  libsystem_pthread.dylib             0x00000001922beda0 thread_start + 8

	at org.openqa.selenium.remote.W3CHandshakeResponse.lambda$errorHandler$0(W3CHandshakeResponse.java:62)
	at org.openqa.selenium.remote.HandshakeResponse.lambda$getResponseFunction$0(HandshakeResponse.java:30)
	at org.openqa.selenium.remote.ProtocolHandshake.lambda$createSession$0(ProtocolHandshake.java:126)
	at java.base/java.util.stream.ReferencePipeline$3$1.accept(ReferencePipeline.java:197)
	at java.base/java.util.Spliterators$ArraySpliterator.tryAdvance(Spliterators.java:1002)
	at java.base/java.util.stream.ReferencePipeline.forEachWithCancel(ReferencePipeline.java:129)
	at java.base/java.util.stream.AbstractPipeline.copyIntoWithCancel(AbstractPipeline.java:527)
	at java.base/java.util.stream.AbstractPipeline.copyInto(AbstractPipeline.java:513)
	at java.base/java.util.stream.AbstractPipeline.wrapAndCopyInto(AbstractPipeline.java:499)
	at java.base/java.util.stream.FindOps$FindOp.evaluateSequential(FindOps.java:150)
	at java.base/java.util.stream.AbstractPipeline.evaluate(AbstractPipeline.java:234)
	at java.base/java.util.stream.ReferencePipeline.findFirst(ReferencePipeline.java:647)
	at org.openqa.selenium.remote.ProtocolHandshake.createSession(ProtocolHandshake.java:128)
	at org.openqa.selenium.remote.ProtocolHandshake.createSession(ProtocolHandshake.java:74)
	at org.openqa.selenium.remote.HttpCommandExecutor.execute(HttpCommandExecutor.java:136)
	at org.openqa.selenium.remote.service.DriverCommandExecutor.execute(DriverCommandExecutor.java:83)
	at org.openqa.selenium.remote.RemoteWebDriver.execute(RemoteWebDriver.java:552)
	at org.openqa.selenium.remote.RemoteWebDriver.startSession(RemoteWebDriver.java:213)
	at org.openqa.selenium.remote.RemoteWebDriver.&lt;init&gt;(RemoteWebDriver.java:131)
	at org.openqa.selenium.chrome.ChromeDriver.&lt;init&gt;(ChromeDriver.java:181)
	at org.openqa.selenium.chrome.ChromeDriver.&lt;init&gt;(ChromeDriver.java:168)
	at org.openqa.selenium.chrome.ChromeDriver.&lt;init&gt;(ChromeDriver.java:123)
	at com.training.base.BaseTest.getDriver(BaseTest.java:29)
	at com.training.testcases.CreateAccountTest.beforeMethod(CreateAccountTest.java:21)
	at java.base/java.util.ArrayList.forEach(ArrayList.java:1511)
... Removed 40 stack frames</div></td></tr></table><p class="totop"><a href="#summary">back to summary</a></p>
<h3 id="m36">com.training.testcases.CreateAccountTest#createNewView</h3><table class="result"><tr><th>Exception</th></tr><tr><td><div class="stacktrace">org.openqa.selenium.SessionNotCreatedException: session not created: This version of ChromeDriver only supports Chrome version 114
Current browser version is 116.0.5845.110 with binary path /Applications/Google Chrome.app/Contents/MacOS/Google Chrome
Build info: version: &apos;3.141.59&apos;, revision: &apos;e82be7d358&apos;, time: &apos;2018-11-14T08:17:03&apos;
System info: host: &apos;Harneets-MacBook-Pro.local&apos;, ip: &apos;fe80:0:0:0:cdd:4186:e6df:7f6c%en0&apos;, os.name: &apos;Mac OS X&apos;, os.arch: &apos;aarch64&apos;, os.version: &apos;13.3.1&apos;, java.version: &apos;17.0.1&apos;
Driver info: driver.version: ChromeDriver
remote stacktrace: 0   chromedriver                        0x0000000104d73f48 chromedriver + 4226888
1   chromedriver                        0x0000000104d6c4f4 chromedriver + 4195572
2   chromedriver                        0x00000001049b0d68 chromedriver + 281960
3   chromedriver                        0x00000001049dcbac chromedriver + 461740
4   chromedriver                        0x00000001049d8fd8 chromedriver + 446424
5   chromedriver                        0x00000001049d6150 chromedriver + 434512
6   chromedriver                        0x0000000104a1393c chromedriver + 686396
7   chromedriver                        0x0000000104a13164 chromedriver + 684388
8   chromedriver                        0x00000001049dff1c chromedriver + 474908
9   chromedriver                        0x00000001049e0ef4 chromedriver + 478964
10  chromedriver                        0x0000000104d3559c chromedriver + 3970460
11  chromedriver                        0x0000000104d396f0 chromedriver + 3987184
12  chromedriver                        0x0000000104d3f5b4 chromedriver + 4011444
13  chromedriver                        0x0000000104d3a2fc chromedriver + 3990268
14  chromedriver                        0x0000000104d121c0 chromedriver + 3826112
15  chromedriver                        0x0000000104d56088 chromedriver + 4104328
16  chromedriver                        0x0000000104d561e0 chromedriver + 4104672
17  chromedriver                        0x0000000104d65f28 chromedriver + 4169512
18  libsystem_pthread.dylib             0x00000001922c3fa8 _pthread_start + 148
19  libsystem_pthread.dylib             0x00000001922beda0 thread_start + 8

	at org.openqa.selenium.remote.W3CHandshakeResponse.lambda$errorHandler$0(W3CHandshakeResponse.java:62)
	at org.openqa.selenium.remote.HandshakeResponse.lambda$getResponseFunction$0(HandshakeResponse.java:30)
	at org.openqa.selenium.remote.ProtocolHandshake.lambda$createSession$0(ProtocolHandshake.java:126)
	at java.base/java.util.stream.ReferencePipeline$3$1.accept(ReferencePipeline.java:197)
	at java.base/java.util.Spliterators$ArraySpliterator.tryAdvance(Spliterators.java:1002)
	at java.base/java.util.stream.ReferencePipeline.forEachWithCancel(ReferencePipeline.java:129)
	at java.base/java.util.stream.AbstractPipeline.copyIntoWithCancel(AbstractPipeline.java:527)
	at java.base/java.util.stream.AbstractPipeline.copyInto(AbstractPipeline.java:513)
	at java.base/java.util.stream.AbstractPipeline.wrapAndCopyInto(AbstractPipeline.java:499)
	at java.base/java.util.stream.FindOps$FindOp.evaluateSequential(FindOps.java:150)
	at java.base/java.util.stream.AbstractPipeline.evaluate(AbstractPipeline.java:234)
	at java.base/java.util.stream.ReferencePipeline.findFirst(ReferencePipeline.java:647)
	at org.openqa.selenium.remote.ProtocolHandshake.createSession(ProtocolHandshake.java:128)
	at org.openqa.selenium.remote.ProtocolHandshake.createSession(ProtocolHandshake.java:74)
	at org.openqa.selenium.remote.HttpCommandExecutor.execute(HttpCommandExecutor.java:136)
	at org.openqa.selenium.remote.service.DriverCommandExecutor.execute(DriverCommandExecutor.java:83)
	at org.openqa.selenium.remote.RemoteWebDriver.execute(RemoteWebDriver.java:552)
	at org.openqa.selenium.remote.RemoteWebDriver.startSession(RemoteWebDriver.java:213)
	at org.openqa.selenium.remote.RemoteWebDriver.&lt;init&gt;(RemoteWebDriver.java:131)
	at org.openqa.selenium.chrome.ChromeDriver.&lt;init&gt;(ChromeDriver.java:181)
	at org.openqa.selenium.chrome.ChromeDriver.&lt;init&gt;(ChromeDriver.java:168)
	at org.openqa.selenium.chrome.ChromeDriver.&lt;init&gt;(ChromeDriver.java:123)
	at com.training.base.BaseTest.getDriver(BaseTest.java:29)
	at com.training.testcases.CreateAccountTest.beforeMethod(CreateAccountTest.java:21)
	at java.base/java.util.ArrayList.forEach(ArrayList.java:1511)
... Removed 40 stack frames</div></td></tr></table><p class="totop"><a href="#summary">back to summary</a></p>
<h3 id="m37">com.training.testcases.CreateAccountTest#editView</h3><table class="result"><tr><th>Exception</th></tr><tr><td><div class="stacktrace">org.openqa.selenium.SessionNotCreatedException: session not created: This version of ChromeDriver only supports Chrome version 114
Current browser version is 116.0.5845.110 with binary path /Applications/Google Chrome.app/Contents/MacOS/Google Chrome
Build info: version: &apos;3.141.59&apos;, revision: &apos;e82be7d358&apos;, time: &apos;2018-11-14T08:17:03&apos;
System info: host: &apos;Harneets-MacBook-Pro.local&apos;, ip: &apos;fe80:0:0:0:cdd:4186:e6df:7f6c%en0&apos;, os.name: &apos;Mac OS X&apos;, os.arch: &apos;aarch64&apos;, os.version: &apos;13.3.1&apos;, java.version: &apos;17.0.1&apos;
Driver info: driver.version: ChromeDriver
remote stacktrace: 0   chromedriver                        0x0000000104d73f48 chromedriver + 4226888
1   chromedriver                        0x0000000104d6c4f4 chromedriver + 4195572
2   chromedriver                        0x00000001049b0d68 chromedriver + 281960
3   chromedriver                        0x00000001049dcbac chromedriver + 461740
4   chromedriver                        0x00000001049d8fd8 chromedriver + 446424
5   chromedriver                        0x00000001049d6150 chromedriver + 434512
6   chromedriver                        0x0000000104a1393c chromedriver + 686396
7   chromedriver                        0x0000000104a13164 chromedriver + 684388
8   chromedriver                        0x00000001049dff1c chromedriver + 474908
9   chromedriver                        0x00000001049e0ef4 chromedriver + 478964
10  chromedriver                        0x0000000104d3559c chromedriver + 3970460
11  chromedriver                        0x0000000104d396f0 chromedriver + 3987184
12  chromedriver                        0x0000000104d3f5b4 chromedriver + 4011444
13  chromedriver                        0x0000000104d3a2fc chromedriver + 3990268
14  chromedriver                        0x0000000104d121c0 chromedriver + 3826112
15  chromedriver                        0x0000000104d56088 chromedriver + 4104328
16  chromedriver                        0x0000000104d561e0 chromedriver + 4104672
17  chromedriver                        0x0000000104d65f28 chromedriver + 4169512
18  libsystem_pthread.dylib             0x00000001922c3fa8 _pthread_start + 148
19  libsystem_pthread.dylib             0x00000001922beda0 thread_start + 8

	at org.openqa.selenium.remote.W3CHandshakeResponse.lambda$errorHandler$0(W3CHandshakeResponse.java:62)
	at org.openqa.selenium.remote.HandshakeResponse.lambda$getResponseFunction$0(HandshakeResponse.java:30)
	at org.openqa.selenium.remote.ProtocolHandshake.lambda$createSession$0(ProtocolHandshake.java:126)
	at java.base/java.util.stream.ReferencePipeline$3$1.accept(ReferencePipeline.java:197)
	at java.base/java.util.Spliterators$ArraySpliterator.tryAdvance(Spliterators.java:1002)
	at java.base/java.util.stream.ReferencePipeline.forEachWithCancel(ReferencePipeline.java:129)
	at java.base/java.util.stream.AbstractPipeline.copyIntoWithCancel(AbstractPipeline.java:527)
	at java.base/java.util.stream.AbstractPipeline.copyInto(AbstractPipeline.java:513)
	at java.base/java.util.stream.AbstractPipeline.wrapAndCopyInto(AbstractPipeline.java:499)
	at java.base/java.util.stream.FindOps$FindOp.evaluateSequential(FindOps.java:150)
	at java.base/java.util.stream.AbstractPipeline.evaluate(AbstractPipeline.java:234)
	at java.base/java.util.stream.ReferencePipeline.findFirst(ReferencePipeline.java:647)
	at org.openqa.selenium.remote.ProtocolHandshake.createSession(ProtocolHandshake.java:128)
	at org.openqa.selenium.remote.ProtocolHandshake.createSession(ProtocolHandshake.java:74)
	at org.openqa.selenium.remote.HttpCommandExecutor.execute(HttpCommandExecutor.java:136)
	at org.openqa.selenium.remote.service.DriverCommandExecutor.execute(DriverCommandExecutor.java:83)
	at org.openqa.selenium.remote.RemoteWebDriver.execute(RemoteWebDriver.java:552)
	at org.openqa.selenium.remote.RemoteWebDriver.startSession(RemoteWebDriver.java:213)
	at org.openqa.selenium.remote.RemoteWebDriver.&lt;init&gt;(RemoteWebDriver.java:131)
	at org.openqa.selenium.chrome.ChromeDriver.&lt;init&gt;(ChromeDriver.java:181)
	at org.openqa.selenium.chrome.ChromeDriver.&lt;init&gt;(ChromeDriver.java:168)
	at org.openqa.selenium.chrome.ChromeDriver.&lt;init&gt;(ChromeDriver.java:123)
	at com.training.base.BaseTest.getDriver(BaseTest.java:29)
	at com.training.testcases.CreateAccountTest.beforeMethod(CreateAccountTest.java:21)
	at java.base/java.util.ArrayList.forEach(ArrayList.java:1511)
... Removed 40 stack frames</div></td></tr></table><p class="totop"><a href="#summary">back to summary</a></p>
<h3 id="m38">com.training.testcases.CreateAccountTest#mergeAccounts</h3><table class="result"><tr><th>Exception</th></tr><tr><td><div class="stacktrace">org.openqa.selenium.SessionNotCreatedException: session not created: This version of ChromeDriver only supports Chrome version 114
Current browser version is 116.0.5845.110 with binary path /Applications/Google Chrome.app/Contents/MacOS/Google Chrome
Build info: version: &apos;3.141.59&apos;, revision: &apos;e82be7d358&apos;, time: &apos;2018-11-14T08:17:03&apos;
System info: host: &apos;Harneets-MacBook-Pro.local&apos;, ip: &apos;fe80:0:0:0:cdd:4186:e6df:7f6c%en0&apos;, os.name: &apos;Mac OS X&apos;, os.arch: &apos;aarch64&apos;, os.version: &apos;13.3.1&apos;, java.version: &apos;17.0.1&apos;
Driver info: driver.version: ChromeDriver
remote stacktrace: 0   chromedriver                        0x0000000104d73f48 chromedriver + 4226888
1   chromedriver                        0x0000000104d6c4f4 chromedriver + 4195572
2   chromedriver                        0x00000001049b0d68 chromedriver + 281960
3   chromedriver                        0x00000001049dcbac chromedriver + 461740
4   chromedriver                        0x00000001049d8fd8 chromedriver + 446424
5   chromedriver                        0x00000001049d6150 chromedriver + 434512
6   chromedriver                        0x0000000104a1393c chromedriver + 686396
7   chromedriver                        0x0000000104a13164 chromedriver + 684388
8   chromedriver                        0x00000001049dff1c chromedriver + 474908
9   chromedriver                        0x00000001049e0ef4 chromedriver + 478964
10  chromedriver                        0x0000000104d3559c chromedriver + 3970460
11  chromedriver                        0x0000000104d396f0 chromedriver + 3987184
12  chromedriver                        0x0000000104d3f5b4 chromedriver + 4011444
13  chromedriver                        0x0000000104d3a2fc chromedriver + 3990268
14  chromedriver                        0x0000000104d121c0 chromedriver + 3826112
15  chromedriver                        0x0000000104d56088 chromedriver + 4104328
16  chromedriver                        0x0000000104d561e0 chromedriver + 4104672
17  chromedriver                        0x0000000104d65f28 chromedriver + 4169512
18  libsystem_pthread.dylib             0x00000001922c3fa8 _pthread_start + 148
19  libsystem_pthread.dylib             0x00000001922beda0 thread_start + 8

	at org.openqa.selenium.remote.W3CHandshakeResponse.lambda$errorHandler$0(W3CHandshakeResponse.java:62)
	at org.openqa.selenium.remote.HandshakeResponse.lambda$getResponseFunction$0(HandshakeResponse.java:30)
	at org.openqa.selenium.remote.ProtocolHandshake.lambda$createSession$0(ProtocolHandshake.java:126)
	at java.base/java.util.stream.ReferencePipeline$3$1.accept(ReferencePipeline.java:197)
	at java.base/java.util.Spliterators$ArraySpliterator.tryAdvance(Spliterators.java:1002)
	at java.base/java.util.stream.ReferencePipeline.forEachWithCancel(ReferencePipeline.java:129)
	at java.base/java.util.stream.AbstractPipeline.copyIntoWithCancel(AbstractPipeline.java:527)
	at java.base/java.util.stream.AbstractPipeline.copyInto(AbstractPipeline.java:513)
	at java.base/java.util.stream.AbstractPipeline.wrapAndCopyInto(AbstractPipeline.java:499)
	at java.base/java.util.stream.FindOps$FindOp.evaluateSequential(FindOps.java:150)
	at java.base/java.util.stream.AbstractPipeline.evaluate(AbstractPipeline.java:234)
	at java.base/java.util.stream.ReferencePipeline.findFirst(ReferencePipeline.java:647)
	at org.openqa.selenium.remote.ProtocolHandshake.createSession(ProtocolHandshake.java:128)
	at org.openqa.selenium.remote.ProtocolHandshake.createSession(ProtocolHandshake.java:74)
	at org.openqa.selenium.remote.HttpCommandExecutor.execute(HttpCommandExecutor.java:136)
	at org.openqa.selenium.remote.service.DriverCommandExecutor.execute(DriverCommandExecutor.java:83)
	at org.openqa.selenium.remote.RemoteWebDriver.execute(RemoteWebDriver.java:552)
	at org.openqa.selenium.remote.RemoteWebDriver.startSession(RemoteWebDriver.java:213)
	at org.openqa.selenium.remote.RemoteWebDriver.&lt;init&gt;(RemoteWebDriver.java:131)
	at org.openqa.selenium.chrome.ChromeDriver.&lt;init&gt;(ChromeDriver.java:181)
	at org.openqa.selenium.chrome.ChromeDriver.&lt;init&gt;(ChromeDriver.java:168)
	at org.openqa.selenium.chrome.ChromeDriver.&lt;init&gt;(ChromeDriver.java:123)
	at com.training.base.BaseTest.getDriver(BaseTest.java:29)
	at com.training.testcases.CreateAccountTest.beforeMethod(CreateAccountTest.java:21)
	at java.base/java.util.ArrayList.forEach(ArrayList.java:1511)
... Removed 40 stack frames</div></td></tr></table><p class="totop"><a href="#summary">back to summary</a></p>
<h3 id="m39">com.training.testcases.CreateAccountTest#teardown</h3><table class="result"><tr><th>Exception</th></tr><tr><td><div class="stacktrace">org.openqa.selenium.SessionNotCreatedException: session not created: This version of ChromeDriver only supports Chrome version 114
Current browser version is 116.0.5845.110 with binary path /Applications/Google Chrome.app/Contents/MacOS/Google Chrome
Build info: version: &apos;3.141.59&apos;, revision: &apos;e82be7d358&apos;, time: &apos;2018-11-14T08:17:03&apos;
System info: host: &apos;Harneets-MacBook-Pro.local&apos;, ip: &apos;fe80:0:0:0:cdd:4186:e6df:7f6c%en0&apos;, os.name: &apos;Mac OS X&apos;, os.arch: &apos;aarch64&apos;, os.version: &apos;13.3.1&apos;, java.version: &apos;17.0.1&apos;
Driver info: driver.version: ChromeDriver
remote stacktrace: 0   chromedriver                        0x0000000104d73f48 chromedriver + 4226888
1   chromedriver                        0x0000000104d6c4f4 chromedriver + 4195572
2   chromedriver                        0x00000001049b0d68 chromedriver + 281960
3   chromedriver                        0x00000001049dcbac chromedriver + 461740
4   chromedriver                        0x00000001049d8fd8 chromedriver + 446424
5   chromedriver                        0x00000001049d6150 chromedriver + 434512
6   chromedriver                        0x0000000104a1393c chromedriver + 686396
7   chromedriver                        0x0000000104a13164 chromedriver + 684388
8   chromedriver                        0x00000001049dff1c chromedriver + 474908
9   chromedriver                        0x00000001049e0ef4 chromedriver + 478964
10  chromedriver                        0x0000000104d3559c chromedriver + 3970460
11  chromedriver                        0x0000000104d396f0 chromedriver + 3987184
12  chromedriver                        0x0000000104d3f5b4 chromedriver + 4011444
13  chromedriver                        0x0000000104d3a2fc chromedriver + 3990268
14  chromedriver                        0x0000000104d121c0 chromedriver + 3826112
15  chromedriver                        0x0000000104d56088 chromedriver + 4104328
16  chromedriver                        0x0000000104d561e0 chromedriver + 4104672
17  chromedriver                        0x0000000104d65f28 chromedriver + 4169512
18  libsystem_pthread.dylib             0x00000001922c3fa8 _pthread_start + 148
19  libsystem_pthread.dylib             0x00000001922beda0 thread_start + 8

	at org.openqa.selenium.remote.W3CHandshakeResponse.lambda$errorHandler$0(W3CHandshakeResponse.java:62)
	at org.openqa.selenium.remote.HandshakeResponse.lambda$getResponseFunction$0(HandshakeResponse.java:30)
	at org.openqa.selenium.remote.ProtocolHandshake.lambda$createSession$0(ProtocolHandshake.java:126)
	at java.base/java.util.stream.ReferencePipeline$3$1.accept(ReferencePipeline.java:197)
	at java.base/java.util.Spliterators$ArraySpliterator.tryAdvance(Spliterators.java:1002)
	at java.base/java.util.stream.ReferencePipeline.forEachWithCancel(ReferencePipeline.java:129)
	at java.base/java.util.stream.AbstractPipeline.copyIntoWithCancel(AbstractPipeline.java:527)
	at java.base/java.util.stream.AbstractPipeline.copyInto(AbstractPipeline.java:513)
	at java.base/java.util.stream.AbstractPipeline.wrapAndCopyInto(AbstractPipeline.java:499)
	at java.base/java.util.stream.FindOps$FindOp.evaluateSequential(FindOps.java:150)
	at java.base/java.util.stream.AbstractPipeline.evaluate(AbstractPipeline.java:234)
	at java.base/java.util.stream.ReferencePipeline.findFirst(ReferencePipeline.java:647)
	at org.openqa.selenium.remote.ProtocolHandshake.createSession(ProtocolHandshake.java:128)
	at org.openqa.selenium.remote.ProtocolHandshake.createSession(ProtocolHandshake.java:74)
	at org.openqa.selenium.remote.HttpCommandExecutor.execute(HttpCommandExecutor.java:136)
	at org.openqa.selenium.remote.service.DriverCommandExecutor.execute(DriverCommandExecutor.java:83)
	at org.openqa.selenium.remote.RemoteWebDriver.execute(RemoteWebDriver.java:552)
	at org.openqa.selenium.remote.RemoteWebDriver.startSession(RemoteWebDriver.java:213)
	at org.openqa.selenium.remote.RemoteWebDriver.&lt;init&gt;(RemoteWebDriver.java:131)
	at org.openqa.selenium.chrome.ChromeDriver.&lt;init&gt;(ChromeDriver.java:181)
	at org.openqa.selenium.chrome.ChromeDriver.&lt;init&gt;(ChromeDriver.java:168)
	at org.openqa.selenium.chrome.ChromeDriver.&lt;init&gt;(ChromeDriver.java:123)
	at com.training.base.BaseTest.getDriver(BaseTest.java:29)
	at com.training.testcases.CreateAccountTest.beforeMethod(CreateAccountTest.java:21)
	at java.base/java.util.ArrayList.forEach(ArrayList.java:1511)
... Removed 40 stack frames</div></td></tr></table><p class="totop"><a href="#summary">back to summary</a></p>
<h3 id="m40">com.training.testcases.LeadsTabTest#leadDefaultView</h3><table class="result"><tr><th>Exception</th></tr><tr><td><div class="stacktrace">org.openqa.selenium.SessionNotCreatedException: session not created: This version of ChromeDriver only supports Chrome version 114
Current browser version is 116.0.5845.110 with binary path /Applications/Google Chrome.app/Contents/MacOS/Google Chrome
Build info: version: &apos;3.141.59&apos;, revision: &apos;e82be7d358&apos;, time: &apos;2018-11-14T08:17:03&apos;
System info: host: &apos;Harneets-MacBook-Pro.local&apos;, ip: &apos;fe80:0:0:0:cdd:4186:e6df:7f6c%en0&apos;, os.name: &apos;Mac OS X&apos;, os.arch: &apos;aarch64&apos;, os.version: &apos;13.3.1&apos;, java.version: &apos;17.0.1&apos;
Driver info: driver.version: ChromeDriver
remote stacktrace: 0   chromedriver                        0x000000010258ff48 chromedriver + 4226888
1   chromedriver                        0x00000001025884f4 chromedriver + 4195572
2   chromedriver                        0x00000001021ccd68 chromedriver + 281960
3   chromedriver                        0x00000001021f8bac chromedriver + 461740
4   chromedriver                        0x00000001021f4fd8 chromedriver + 446424
5   chromedriver                        0x00000001021f2150 chromedriver + 434512
6   chromedriver                        0x000000010222f93c chromedriver + 686396
7   chromedriver                        0x000000010222f164 chromedriver + 684388
8   chromedriver                        0x00000001021fbf1c chromedriver + 474908
9   chromedriver                        0x00000001021fcef4 chromedriver + 478964
10  chromedriver                        0x000000010255159c chromedriver + 3970460
11  chromedriver                        0x00000001025556f0 chromedriver + 3987184
12  chromedriver                        0x000000010255b5b4 chromedriver + 4011444
13  chromedriver                        0x00000001025562fc chromedriver + 3990268
14  chromedriver                        0x000000010252e1c0 chromedriver + 3826112
15  chromedriver                        0x0000000102572088 chromedriver + 4104328
16  chromedriver                        0x00000001025721e0 chromedriver + 4104672
17  chromedriver                        0x0000000102581f28 chromedriver + 4169512
18  libsystem_pthread.dylib             0x00000001922c3fa8 _pthread_start + 148
19  libsystem_pthread.dylib             0x00000001922beda0 thread_start + 8

	at org.openqa.selenium.remote.W3CHandshakeResponse.lambda$errorHandler$0(W3CHandshakeResponse.java:62)
	at org.openqa.selenium.remote.HandshakeResponse.lambda$getResponseFunction$0(HandshakeResponse.java:30)
	at org.openqa.selenium.remote.ProtocolHandshake.lambda$createSession$0(ProtocolHandshake.java:126)
	at java.base/java.util.stream.ReferencePipeline$3$1.accept(ReferencePipeline.java:197)
	at java.base/java.util.Spliterators$ArraySpliterator.tryAdvance(Spliterators.java:1002)
	at java.base/java.util.stream.ReferencePipeline.forEachWithCancel(ReferencePipeline.java:129)
	at java.base/java.util.stream.AbstractPipeline.copyIntoWithCancel(AbstractPipeline.java:527)
	at java.base/java.util.stream.AbstractPipeline.copyInto(AbstractPipeline.java:513)
	at java.base/java.util.stream.AbstractPipeline.wrapAndCopyInto(AbstractPipeline.java:499)
	at java.base/java.util.stream.FindOps$FindOp.evaluateSequential(FindOps.java:150)
	at java.base/java.util.stream.AbstractPipeline.evaluate(AbstractPipeline.java:234)
	at java.base/java.util.stream.ReferencePipeline.findFirst(ReferencePipeline.java:647)
	at org.openqa.selenium.remote.ProtocolHandshake.createSession(ProtocolHandshake.java:128)
	at org.openqa.selenium.remote.ProtocolHandshake.createSession(ProtocolHandshake.java:74)
	at org.openqa.selenium.remote.HttpCommandExecutor.execute(HttpCommandExecutor.java:136)
	at org.openqa.selenium.remote.service.DriverCommandExecutor.execute(DriverCommandExecutor.java:83)
	at org.openqa.selenium.remote.RemoteWebDriver.execute(RemoteWebDriver.java:552)
	at org.openqa.selenium.remote.RemoteWebDriver.startSession(RemoteWebDriver.java:213)
	at org.openqa.selenium.remote.RemoteWebDriver.&lt;init&gt;(RemoteWebDriver.java:131)
	at org.openqa.selenium.chrome.ChromeDriver.&lt;init&gt;(ChromeDriver.java:181)
	at org.openqa.selenium.chrome.ChromeDriver.&lt;init&gt;(ChromeDriver.java:168)
	at org.openqa.selenium.chrome.ChromeDriver.&lt;init&gt;(ChromeDriver.java:123)
	at com.training.base.BaseTest.getDriver(BaseTest.java:29)
	at com.training.testcases.LeadsTabTest.beforeMethod(LeadsTabTest.java:21)
	at java.base/java.util.ArrayList.forEach(ArrayList.java:1511)
... Removed 40 stack frames</div></td></tr></table><p class="totop"><a href="#summary">back to summary</a></p>
<h3 id="m41">com.training.testcases.LeadsTabTest#leadSelectView</h3><table class="result"><tr><th>Exception</th></tr><tr><td><div class="stacktrace">org.openqa.selenium.SessionNotCreatedException: session not created: This version of ChromeDriver only supports Chrome version 114
Current browser version is 116.0.5845.110 with binary path /Applications/Google Chrome.app/Contents/MacOS/Google Chrome
Build info: version: &apos;3.141.59&apos;, revision: &apos;e82be7d358&apos;, time: &apos;2018-11-14T08:17:03&apos;
System info: host: &apos;Harneets-MacBook-Pro.local&apos;, ip: &apos;fe80:0:0:0:cdd:4186:e6df:7f6c%en0&apos;, os.name: &apos;Mac OS X&apos;, os.arch: &apos;aarch64&apos;, os.version: &apos;13.3.1&apos;, java.version: &apos;17.0.1&apos;
Driver info: driver.version: ChromeDriver
remote stacktrace: 0   chromedriver                        0x000000010258ff48 chromedriver + 4226888
1   chromedriver                        0x00000001025884f4 chromedriver + 4195572
2   chromedriver                        0x00000001021ccd68 chromedriver + 281960
3   chromedriver                        0x00000001021f8bac chromedriver + 461740
4   chromedriver                        0x00000001021f4fd8 chromedriver + 446424
5   chromedriver                        0x00000001021f2150 chromedriver + 434512
6   chromedriver                        0x000000010222f93c chromedriver + 686396
7   chromedriver                        0x000000010222f164 chromedriver + 684388
8   chromedriver                        0x00000001021fbf1c chromedriver + 474908
9   chromedriver                        0x00000001021fcef4 chromedriver + 478964
10  chromedriver                        0x000000010255159c chromedriver + 3970460
11  chromedriver                        0x00000001025556f0 chromedriver + 3987184
12  chromedriver                        0x000000010255b5b4 chromedriver + 4011444
13  chromedriver                        0x00000001025562fc chromedriver + 3990268
14  chromedriver                        0x000000010252e1c0 chromedriver + 3826112
15  chromedriver                        0x0000000102572088 chromedriver + 4104328
16  chromedriver                        0x00000001025721e0 chromedriver + 4104672
17  chromedriver                        0x0000000102581f28 chromedriver + 4169512
18  libsystem_pthread.dylib             0x00000001922c3fa8 _pthread_start + 148
19  libsystem_pthread.dylib             0x00000001922beda0 thread_start + 8

	at org.openqa.selenium.remote.W3CHandshakeResponse.lambda$errorHandler$0(W3CHandshakeResponse.java:62)
	at org.openqa.selenium.remote.HandshakeResponse.lambda$getResponseFunction$0(HandshakeResponse.java:30)
	at org.openqa.selenium.remote.ProtocolHandshake.lambda$createSession$0(ProtocolHandshake.java:126)
	at java.base/java.util.stream.ReferencePipeline$3$1.accept(ReferencePipeline.java:197)
	at java.base/java.util.Spliterators$ArraySpliterator.tryAdvance(Spliterators.java:1002)
	at java.base/java.util.stream.ReferencePipeline.forEachWithCancel(ReferencePipeline.java:129)
	at java.base/java.util.stream.AbstractPipeline.copyIntoWithCancel(AbstractPipeline.java:527)
	at java.base/java.util.stream.AbstractPipeline.copyInto(AbstractPipeline.java:513)
	at java.base/java.util.stream.AbstractPipeline.wrapAndCopyInto(AbstractPipeline.java:499)
	at java.base/java.util.stream.FindOps$FindOp.evaluateSequential(FindOps.java:150)
	at java.base/java.util.stream.AbstractPipeline.evaluate(AbstractPipeline.java:234)
	at java.base/java.util.stream.ReferencePipeline.findFirst(ReferencePipeline.java:647)
	at org.openqa.selenium.remote.ProtocolHandshake.createSession(ProtocolHandshake.java:128)
	at org.openqa.selenium.remote.ProtocolHandshake.createSession(ProtocolHandshake.java:74)
	at org.openqa.selenium.remote.HttpCommandExecutor.execute(HttpCommandExecutor.java:136)
	at org.openqa.selenium.remote.service.DriverCommandExecutor.execute(DriverCommandExecutor.java:83)
	at org.openqa.selenium.remote.RemoteWebDriver.execute(RemoteWebDriver.java:552)
	at org.openqa.selenium.remote.RemoteWebDriver.startSession(RemoteWebDriver.java:213)
	at org.openqa.selenium.remote.RemoteWebDriver.&lt;init&gt;(RemoteWebDriver.java:131)
	at org.openqa.selenium.chrome.ChromeDriver.&lt;init&gt;(ChromeDriver.java:181)
	at org.openqa.selenium.chrome.ChromeDriver.&lt;init&gt;(ChromeDriver.java:168)
	at org.openqa.selenium.chrome.ChromeDriver.&lt;init&gt;(ChromeDriver.java:123)
	at com.training.base.BaseTest.getDriver(BaseTest.java:29)
	at com.training.testcases.LeadsTabTest.beforeMethod(LeadsTabTest.java:21)
	at java.base/java.util.ArrayList.forEach(ArrayList.java:1511)
... Removed 40 stack frames</div></td></tr></table><p class="totop"><a href="#summary">back to summary</a></p>
<h3 id="m42">com.training.testcases.LeadsTabTest#validateLeadTab</h3><table class="result"><tr><th>Exception</th></tr><tr><td><div class="stacktrace">org.openqa.selenium.SessionNotCreatedException: session not created: This version of ChromeDriver only supports Chrome version 114
Current browser version is 116.0.5845.110 with binary path /Applications/Google Chrome.app/Contents/MacOS/Google Chrome
Build info: version: &apos;3.141.59&apos;, revision: &apos;e82be7d358&apos;, time: &apos;2018-11-14T08:17:03&apos;
System info: host: &apos;Harneets-MacBook-Pro.local&apos;, ip: &apos;fe80:0:0:0:cdd:4186:e6df:7f6c%en0&apos;, os.name: &apos;Mac OS X&apos;, os.arch: &apos;aarch64&apos;, os.version: &apos;13.3.1&apos;, java.version: &apos;17.0.1&apos;
Driver info: driver.version: ChromeDriver
remote stacktrace: 0   chromedriver                        0x000000010258ff48 chromedriver + 4226888
1   chromedriver                        0x00000001025884f4 chromedriver + 4195572
2   chromedriver                        0x00000001021ccd68 chromedriver + 281960
3   chromedriver                        0x00000001021f8bac chromedriver + 461740
4   chromedriver                        0x00000001021f4fd8 chromedriver + 446424
5   chromedriver                        0x00000001021f2150 chromedriver + 434512
6   chromedriver                        0x000000010222f93c chromedriver + 686396
7   chromedriver                        0x000000010222f164 chromedriver + 684388
8   chromedriver                        0x00000001021fbf1c chromedriver + 474908
9   chromedriver                        0x00000001021fcef4 chromedriver + 478964
10  chromedriver                        0x000000010255159c chromedriver + 3970460
11  chromedriver                        0x00000001025556f0 chromedriver + 3987184
12  chromedriver                        0x000000010255b5b4 chromedriver + 4011444
13  chromedriver                        0x00000001025562fc chromedriver + 3990268
14  chromedriver                        0x000000010252e1c0 chromedriver + 3826112
15  chromedriver                        0x0000000102572088 chromedriver + 4104328
16  chromedriver                        0x00000001025721e0 chromedriver + 4104672
17  chromedriver                        0x0000000102581f28 chromedriver + 4169512
18  libsystem_pthread.dylib             0x00000001922c3fa8 _pthread_start + 148
19  libsystem_pthread.dylib             0x00000001922beda0 thread_start + 8

	at org.openqa.selenium.remote.W3CHandshakeResponse.lambda$errorHandler$0(W3CHandshakeResponse.java:62)
	at org.openqa.selenium.remote.HandshakeResponse.lambda$getResponseFunction$0(HandshakeResponse.java:30)
	at org.openqa.selenium.remote.ProtocolHandshake.lambda$createSession$0(ProtocolHandshake.java:126)
	at java.base/java.util.stream.ReferencePipeline$3$1.accept(ReferencePipeline.java:197)
	at java.base/java.util.Spliterators$ArraySpliterator.tryAdvance(Spliterators.java:1002)
	at java.base/java.util.stream.ReferencePipeline.forEachWithCancel(ReferencePipeline.java:129)
	at java.base/java.util.stream.AbstractPipeline.copyIntoWithCancel(AbstractPipeline.java:527)
	at java.base/java.util.stream.AbstractPipeline.copyInto(AbstractPipeline.java:513)
	at java.base/java.util.stream.AbstractPipeline.wrapAndCopyInto(AbstractPipeline.java:499)
	at java.base/java.util.stream.FindOps$FindOp.evaluateSequential(FindOps.java:150)
	at java.base/java.util.stream.AbstractPipeline.evaluate(AbstractPipeline.java:234)
	at java.base/java.util.stream.ReferencePipeline.findFirst(ReferencePipeline.java:647)
	at org.openqa.selenium.remote.ProtocolHandshake.createSession(ProtocolHandshake.java:128)
	at org.openqa.selenium.remote.ProtocolHandshake.createSession(ProtocolHandshake.java:74)
	at org.openqa.selenium.remote.HttpCommandExecutor.execute(HttpCommandExecutor.java:136)
	at org.openqa.selenium.remote.service.DriverCommandExecutor.execute(DriverCommandExecutor.java:83)
	at org.openqa.selenium.remote.RemoteWebDriver.execute(RemoteWebDriver.java:552)
	at org.openqa.selenium.remote.RemoteWebDriver.startSession(RemoteWebDriver.java:213)
	at org.openqa.selenium.remote.RemoteWebDriver.&lt;init&gt;(RemoteWebDriver.java:131)
	at org.openqa.selenium.chrome.ChromeDriver.&lt;init&gt;(ChromeDriver.java:181)
	at org.openqa.selenium.chrome.ChromeDriver.&lt;init&gt;(ChromeDriver.java:168)
	at org.openqa.selenium.chrome.ChromeDriver.&lt;init&gt;(ChromeDriver.java:123)
	at com.training.base.BaseTest.getDriver(BaseTest.java:29)
	at com.training.testcases.LeadsTabTest.beforeMethod(LeadsTabTest.java:21)
	at java.base/java.util.ArrayList.forEach(ArrayList.java:1511)
... Removed 40 stack frames</div></td></tr></table><p class="totop"><a href="#summary">back to summary</a></p>
<h3 id="m43">com.training.testcases.LoginTest#login</h3><table class="result"><tr><th>Exception</th></tr><tr><td><div class="stacktrace">org.openqa.selenium.SessionNotCreatedException: session not created: This version of ChromeDriver only supports Chrome version 114
Current browser version is 116.0.5845.110 with binary path /Applications/Google Chrome.app/Contents/MacOS/Google Chrome
Build info: version: &apos;3.141.59&apos;, revision: &apos;e82be7d358&apos;, time: &apos;2018-11-14T08:17:03&apos;
System info: host: &apos;Harneets-MacBook-Pro.local&apos;, ip: &apos;fe80:0:0:0:cdd:4186:e6df:7f6c%en0&apos;, os.name: &apos;Mac OS X&apos;, os.arch: &apos;aarch64&apos;, os.version: &apos;13.3.1&apos;, java.version: &apos;17.0.1&apos;
Driver info: driver.version: ChromeDriver
remote stacktrace: 0   chromedriver                        0x0000000102553f48 chromedriver + 4226888
1   chromedriver                        0x000000010254c4f4 chromedriver + 4195572
2   chromedriver                        0x0000000102190d68 chromedriver + 281960
3   chromedriver                        0x00000001021bcbac chromedriver + 461740
4   chromedriver                        0x00000001021b8fd8 chromedriver + 446424
5   chromedriver                        0x00000001021b6150 chromedriver + 434512
6   chromedriver                        0x00000001021f393c chromedriver + 686396
7   chromedriver                        0x00000001021f3164 chromedriver + 684388
8   chromedriver                        0x00000001021bff1c chromedriver + 474908
9   chromedriver                        0x00000001021c0ef4 chromedriver + 478964
10  chromedriver                        0x000000010251559c chromedriver + 3970460
11  chromedriver                        0x00000001025196f0 chromedriver + 3987184
12  chromedriver                        0x000000010251f5b4 chromedriver + 4011444
13  chromedriver                        0x000000010251a2fc chromedriver + 3990268
14  chromedriver                        0x00000001024f21c0 chromedriver + 3826112
15  chromedriver                        0x0000000102536088 chromedriver + 4104328
16  chromedriver                        0x00000001025361e0 chromedriver + 4104672
17  chromedriver                        0x0000000102545f28 chromedriver + 4169512
18  libsystem_pthread.dylib             0x00000001922c3fa8 _pthread_start + 148
19  libsystem_pthread.dylib             0x00000001922beda0 thread_start + 8

	at org.openqa.selenium.remote.W3CHandshakeResponse.lambda$errorHandler$0(W3CHandshakeResponse.java:62)
	at org.openqa.selenium.remote.HandshakeResponse.lambda$getResponseFunction$0(HandshakeResponse.java:30)
	at org.openqa.selenium.remote.ProtocolHandshake.lambda$createSession$0(ProtocolHandshake.java:126)
	at java.base/java.util.stream.ReferencePipeline$3$1.accept(ReferencePipeline.java:197)
	at java.base/java.util.Spliterators$ArraySpliterator.tryAdvance(Spliterators.java:1002)
	at java.base/java.util.stream.ReferencePipeline.forEachWithCancel(ReferencePipeline.java:129)
	at java.base/java.util.stream.AbstractPipeline.copyIntoWithCancel(AbstractPipeline.java:527)
	at java.base/java.util.stream.AbstractPipeline.copyInto(AbstractPipeline.java:513)
	at java.base/java.util.stream.AbstractPipeline.wrapAndCopyInto(AbstractPipeline.java:499)
	at java.base/java.util.stream.FindOps$FindOp.evaluateSequential(FindOps.java:150)
	at java.base/java.util.stream.AbstractPipeline.evaluate(AbstractPipeline.java:234)
	at java.base/java.util.stream.ReferencePipeline.findFirst(ReferencePipeline.java:647)
	at org.openqa.selenium.remote.ProtocolHandshake.createSession(ProtocolHandshake.java:128)
	at org.openqa.selenium.remote.ProtocolHandshake.createSession(ProtocolHandshake.java:74)
	at org.openqa.selenium.remote.HttpCommandExecutor.execute(HttpCommandExecutor.java:136)
	at org.openqa.selenium.remote.service.DriverCommandExecutor.execute(DriverCommandExecutor.java:83)
	at org.openqa.selenium.remote.RemoteWebDriver.execute(RemoteWebDriver.java:552)
	at org.openqa.selenium.remote.RemoteWebDriver.startSession(RemoteWebDriver.java:213)
	at org.openqa.selenium.remote.RemoteWebDriver.&lt;init&gt;(RemoteWebDriver.java:131)
	at org.openqa.selenium.chrome.ChromeDriver.&lt;init&gt;(ChromeDriver.java:181)
	at org.openqa.selenium.chrome.ChromeDriver.&lt;init&gt;(ChromeDriver.java:168)
	at org.openqa.selenium.chrome.ChromeDriver.&lt;init&gt;(ChromeDriver.java:123)
	at com.training.base.BaseTest.getDriver(BaseTest.java:29)
	at com.training.testcases.LoginTest.beforemethod(LoginTest.java:30)
	at java.base/java.util.ArrayList.forEach(ArrayList.java:1511)
... Removed 40 stack frames</div></td></tr></table><p class="totop"><a href="#summary">back to summary</a></p>
<h3 id="m44">com.training.testcases.LoginTest#loginandclickonhometab</h3><table class="result"><tr><th>Exception</th></tr><tr><td><div class="stacktrace">org.openqa.selenium.SessionNotCreatedException: session not created: This version of ChromeDriver only supports Chrome version 114
Current browser version is 116.0.5845.110 with binary path /Applications/Google Chrome.app/Contents/MacOS/Google Chrome
Build info: version: &apos;3.141.59&apos;, revision: &apos;e82be7d358&apos;, time: &apos;2018-11-14T08:17:03&apos;
System info: host: &apos;Harneets-MacBook-Pro.local&apos;, ip: &apos;fe80:0:0:0:cdd:4186:e6df:7f6c%en0&apos;, os.name: &apos;Mac OS X&apos;, os.arch: &apos;aarch64&apos;, os.version: &apos;13.3.1&apos;, java.version: &apos;17.0.1&apos;
Driver info: driver.version: ChromeDriver
remote stacktrace: 0   chromedriver                        0x0000000102553f48 chromedriver + 4226888
1   chromedriver                        0x000000010254c4f4 chromedriver + 4195572
2   chromedriver                        0x0000000102190d68 chromedriver + 281960
3   chromedriver                        0x00000001021bcbac chromedriver + 461740
4   chromedriver                        0x00000001021b8fd8 chromedriver + 446424
5   chromedriver                        0x00000001021b6150 chromedriver + 434512
6   chromedriver                        0x00000001021f393c chromedriver + 686396
7   chromedriver                        0x00000001021f3164 chromedriver + 684388
8   chromedriver                        0x00000001021bff1c chromedriver + 474908
9   chromedriver                        0x00000001021c0ef4 chromedriver + 478964
10  chromedriver                        0x000000010251559c chromedriver + 3970460
11  chromedriver                        0x00000001025196f0 chromedriver + 3987184
12  chromedriver                        0x000000010251f5b4 chromedriver + 4011444
13  chromedriver                        0x000000010251a2fc chromedriver + 3990268
14  chromedriver                        0x00000001024f21c0 chromedriver + 3826112
15  chromedriver                        0x0000000102536088 chromedriver + 4104328
16  chromedriver                        0x00000001025361e0 chromedriver + 4104672
17  chromedriver                        0x0000000102545f28 chromedriver + 4169512
18  libsystem_pthread.dylib             0x00000001922c3fa8 _pthread_start + 148
19  libsystem_pthread.dylib             0x00000001922beda0 thread_start + 8

	at org.openqa.selenium.remote.W3CHandshakeResponse.lambda$errorHandler$0(W3CHandshakeResponse.java:62)
	at org.openqa.selenium.remote.HandshakeResponse.lambda$getResponseFunction$0(HandshakeResponse.java:30)
	at org.openqa.selenium.remote.ProtocolHandshake.lambda$createSession$0(ProtocolHandshake.java:126)
	at java.base/java.util.stream.ReferencePipeline$3$1.accept(ReferencePipeline.java:197)
	at java.base/java.util.Spliterators$ArraySpliterator.tryAdvance(Spliterators.java:1002)
	at java.base/java.util.stream.ReferencePipeline.forEachWithCancel(ReferencePipeline.java:129)
	at java.base/java.util.stream.AbstractPipeline.copyIntoWithCancel(AbstractPipeline.java:527)
	at java.base/java.util.stream.AbstractPipeline.copyInto(AbstractPipeline.java:513)
	at java.base/java.util.stream.AbstractPipeline.wrapAndCopyInto(AbstractPipeline.java:499)
	at java.base/java.util.stream.FindOps$FindOp.evaluateSequential(FindOps.java:150)
	at java.base/java.util.stream.AbstractPipeline.evaluate(AbstractPipeline.java:234)
	at java.base/java.util.stream.ReferencePipeline.findFirst(ReferencePipeline.java:647)
	at org.openqa.selenium.remote.ProtocolHandshake.createSession(ProtocolHandshake.java:128)
	at org.openqa.selenium.remote.ProtocolHandshake.createSession(ProtocolHandshake.java:74)
	at org.openqa.selenium.remote.HttpCommandExecutor.execute(HttpCommandExecutor.java:136)
	at org.openqa.selenium.remote.service.DriverCommandExecutor.execute(DriverCommandExecutor.java:83)
	at org.openqa.selenium.remote.RemoteWebDriver.execute(RemoteWebDriver.java:552)
	at org.openqa.selenium.remote.RemoteWebDriver.startSession(RemoteWebDriver.java:213)
	at org.openqa.selenium.remote.RemoteWebDriver.&lt;init&gt;(RemoteWebDriver.java:131)
	at org.openqa.selenium.chrome.ChromeDriver.&lt;init&gt;(ChromeDriver.java:181)
	at org.openqa.selenium.chrome.ChromeDriver.&lt;init&gt;(ChromeDriver.java:168)
	at org.openqa.selenium.chrome.ChromeDriver.&lt;init&gt;(ChromeDriver.java:123)
	at com.training.base.BaseTest.getDriver(BaseTest.java:29)
	at com.training.testcases.LoginTest.beforemethod(LoginTest.java:30)
	at java.base/java.util.ArrayList.forEach(ArrayList.java:1511)
... Removed 40 stack frames</div></td></tr></table><p class="totop"><a href="#summary">back to summary</a></p>
<h3 id="m45">com.training.testcases.OpportunityTabTest#opportunityDropDownValidate</h3><table class="result"><tr><th>Exception</th></tr><tr><td><div class="stacktrace">org.openqa.selenium.SessionNotCreatedException: session not created: This version of ChromeDriver only supports Chrome version 114
Current browser version is 116.0.5845.110 with binary path /Applications/Google Chrome.app/Contents/MacOS/Google Chrome
Build info: version: &apos;3.141.59&apos;, revision: &apos;e82be7d358&apos;, time: &apos;2018-11-14T08:17:03&apos;
System info: host: &apos;Harneets-MacBook-Pro.local&apos;, ip: &apos;fe80:0:0:0:cdd:4186:e6df:7f6c%en0&apos;, os.name: &apos;Mac OS X&apos;, os.arch: &apos;aarch64&apos;, os.version: &apos;13.3.1&apos;, java.version: &apos;17.0.1&apos;
Driver info: driver.version: ChromeDriver
remote stacktrace: 0   chromedriver                        0x000000010299ff48 chromedriver + 4226888
1   chromedriver                        0x00000001029984f4 chromedriver + 4195572
2   chromedriver                        0x00000001025dcd68 chromedriver + 281960
3   chromedriver                        0x0000000102608bac chromedriver + 461740
4   chromedriver                        0x0000000102604fd8 chromedriver + 446424
5   chromedriver                        0x0000000102602150 chromedriver + 434512
6   chromedriver                        0x000000010263f93c chromedriver + 686396
7   chromedriver                        0x000000010263f164 chromedriver + 684388
8   chromedriver                        0x000000010260bf1c chromedriver + 474908
9   chromedriver                        0x000000010260cef4 chromedriver + 478964
10  chromedriver                        0x000000010296159c chromedriver + 3970460
11  chromedriver                        0x00000001029656f0 chromedriver + 3987184
12  chromedriver                        0x000000010296b5b4 chromedriver + 4011444
13  chromedriver                        0x00000001029662fc chromedriver + 3990268
14  chromedriver                        0x000000010293e1c0 chromedriver + 3826112
15  chromedriver                        0x0000000102982088 chromedriver + 4104328
16  chromedriver                        0x00000001029821e0 chromedriver + 4104672
17  chromedriver                        0x0000000102991f28 chromedriver + 4169512
18  libsystem_pthread.dylib             0x00000001922c3fa8 _pthread_start + 148
19  libsystem_pthread.dylib             0x00000001922beda0 thread_start + 8

	at org.openqa.selenium.remote.W3CHandshakeResponse.lambda$errorHandler$0(W3CHandshakeResponse.java:62)
	at org.openqa.selenium.remote.HandshakeResponse.lambda$getResponseFunction$0(HandshakeResponse.java:30)
	at org.openqa.selenium.remote.ProtocolHandshake.lambda$createSession$0(ProtocolHandshake.java:126)
	at java.base/java.util.stream.ReferencePipeline$3$1.accept(ReferencePipeline.java:197)
	at java.base/java.util.Spliterators$ArraySpliterator.tryAdvance(Spliterators.java:1002)
	at java.base/java.util.stream.ReferencePipeline.forEachWithCancel(ReferencePipeline.java:129)
	at java.base/java.util.stream.AbstractPipeline.copyIntoWithCancel(AbstractPipeline.java:527)
	at java.base/java.util.stream.AbstractPipeline.copyInto(AbstractPipeline.java:513)
	at java.base/java.util.stream.AbstractPipeline.wrapAndCopyInto(AbstractPipeline.java:499)
	at java.base/java.util.stream.FindOps$FindOp.evaluateSequential(FindOps.java:150)
	at java.base/java.util.stream.AbstractPipeline.evaluate(AbstractPipeline.java:234)
	at java.base/java.util.stream.ReferencePipeline.findFirst(ReferencePipeline.java:647)
	at org.openqa.selenium.remote.ProtocolHandshake.createSession(ProtocolHandshake.java:128)
	at org.openqa.selenium.remote.ProtocolHandshake.createSession(ProtocolHandshake.java:74)
	at org.openqa.selenium.remote.HttpCommandExecutor.execute(HttpCommandExecutor.java:136)
	at org.openqa.selenium.remote.service.DriverCommandExecutor.execute(DriverCommandExecutor.java:83)
	at org.openqa.selenium.remote.RemoteWebDriver.execute(RemoteWebDriver.java:552)
	at org.openqa.selenium.remote.RemoteWebDriver.startSession(RemoteWebDriver.java:213)
	at org.openqa.selenium.remote.RemoteWebDriver.&lt;init&gt;(RemoteWebDriver.java:131)
	at org.openqa.selenium.chrome.ChromeDriver.&lt;init&gt;(ChromeDriver.java:181)
	at org.openqa.selenium.chrome.ChromeDriver.&lt;init&gt;(ChromeDriver.java:168)
	at org.openqa.selenium.chrome.ChromeDriver.&lt;init&gt;(ChromeDriver.java:123)
	at com.training.base.BaseTest.getDriver(BaseTest.java:29)
	at com.training.testcases.OpportunityTabTest.beforeMethod(OpportunityTabTest.java:20)
	at java.base/java.util.ArrayList.forEach(ArrayList.java:1511)
... Removed 40 stack frames</div></td></tr></table><p class="totop"><a href="#summary">back to summary</a></p>
<h3 id="m46">com.training.testcases.OpportunityTabTest#quarterlySummary</h3><table class="result"><tr><th>Exception</th></tr><tr><td><div class="stacktrace">org.openqa.selenium.SessionNotCreatedException: session not created: This version of ChromeDriver only supports Chrome version 114
Current browser version is 116.0.5845.110 with binary path /Applications/Google Chrome.app/Contents/MacOS/Google Chrome
Build info: version: &apos;3.141.59&apos;, revision: &apos;e82be7d358&apos;, time: &apos;2018-11-14T08:17:03&apos;
System info: host: &apos;Harneets-MacBook-Pro.local&apos;, ip: &apos;fe80:0:0:0:cdd:4186:e6df:7f6c%en0&apos;, os.name: &apos;Mac OS X&apos;, os.arch: &apos;aarch64&apos;, os.version: &apos;13.3.1&apos;, java.version: &apos;17.0.1&apos;
Driver info: driver.version: ChromeDriver
remote stacktrace: 0   chromedriver                        0x000000010299ff48 chromedriver + 4226888
1   chromedriver                        0x00000001029984f4 chromedriver + 4195572
2   chromedriver                        0x00000001025dcd68 chromedriver + 281960
3   chromedriver                        0x0000000102608bac chromedriver + 461740
4   chromedriver                        0x0000000102604fd8 chromedriver + 446424
5   chromedriver                        0x0000000102602150 chromedriver + 434512
6   chromedriver                        0x000000010263f93c chromedriver + 686396
7   chromedriver                        0x000000010263f164 chromedriver + 684388
8   chromedriver                        0x000000010260bf1c chromedriver + 474908
9   chromedriver                        0x000000010260cef4 chromedriver + 478964
10  chromedriver                        0x000000010296159c chromedriver + 3970460
11  chromedriver                        0x00000001029656f0 chromedriver + 3987184
12  chromedriver                        0x000000010296b5b4 chromedriver + 4011444
13  chromedriver                        0x00000001029662fc chromedriver + 3990268
14  chromedriver                        0x000000010293e1c0 chromedriver + 3826112
15  chromedriver                        0x0000000102982088 chromedriver + 4104328
16  chromedriver                        0x00000001029821e0 chromedriver + 4104672
17  chromedriver                        0x0000000102991f28 chromedriver + 4169512
18  libsystem_pthread.dylib             0x00000001922c3fa8 _pthread_start + 148
19  libsystem_pthread.dylib             0x00000001922beda0 thread_start + 8

	at org.openqa.selenium.remote.W3CHandshakeResponse.lambda$errorHandler$0(W3CHandshakeResponse.java:62)
	at org.openqa.selenium.remote.HandshakeResponse.lambda$getResponseFunction$0(HandshakeResponse.java:30)
	at org.openqa.selenium.remote.ProtocolHandshake.lambda$createSession$0(ProtocolHandshake.java:126)
	at java.base/java.util.stream.ReferencePipeline$3$1.accept(ReferencePipeline.java:197)
	at java.base/java.util.Spliterators$ArraySpliterator.tryAdvance(Spliterators.java:1002)
	at java.base/java.util.stream.ReferencePipeline.forEachWithCancel(ReferencePipeline.java:129)
	at java.base/java.util.stream.AbstractPipeline.copyIntoWithCancel(AbstractPipeline.java:527)
	at java.base/java.util.stream.AbstractPipeline.copyInto(AbstractPipeline.java:513)
	at java.base/java.util.stream.AbstractPipeline.wrapAndCopyInto(AbstractPipeline.java:499)
	at java.base/java.util.stream.FindOps$FindOp.evaluateSequential(FindOps.java:150)
	at java.base/java.util.stream.AbstractPipeline.evaluate(AbstractPipeline.java:234)
	at java.base/java.util.stream.ReferencePipeline.findFirst(ReferencePipeline.java:647)
	at org.openqa.selenium.remote.ProtocolHandshake.createSession(ProtocolHandshake.java:128)
	at org.openqa.selenium.remote.ProtocolHandshake.createSession(ProtocolHandshake.java:74)
	at org.openqa.selenium.remote.HttpCommandExecutor.execute(HttpCommandExecutor.java:136)
	at org.openqa.selenium.remote.service.DriverCommandExecutor.execute(DriverCommandExecutor.java:83)
	at org.openqa.selenium.remote.RemoteWebDriver.execute(RemoteWebDriver.java:552)
	at org.openqa.selenium.remote.RemoteWebDriver.startSession(RemoteWebDriver.java:213)
	at org.openqa.selenium.remote.RemoteWebDriver.&lt;init&gt;(RemoteWebDriver.java:131)
	at org.openqa.selenium.chrome.ChromeDriver.&lt;init&gt;(ChromeDriver.java:181)
	at org.openqa.selenium.chrome.ChromeDriver.&lt;init&gt;(ChromeDriver.java:168)
	at org.openqa.selenium.chrome.ChromeDriver.&lt;init&gt;(ChromeDriver.java:123)
	at com.training.base.BaseTest.getDriver(BaseTest.java:29)
	at com.training.testcases.OpportunityTabTest.beforeMethod(OpportunityTabTest.java:20)
	at java.base/java.util.ArrayList.forEach(ArrayList.java:1511)
... Removed 40 stack frames</div></td></tr></table><p class="totop"><a href="#summary">back to summary</a></p>
<h3 id="m47">com.training.testcases.OpportunityTabTest#stuckOpportunityReport</h3><table class="result"><tr><th>Exception</th></tr><tr><td><div class="stacktrace">org.openqa.selenium.SessionNotCreatedException: session not created: This version of ChromeDriver only supports Chrome version 114
Current browser version is 116.0.5845.110 with binary path /Applications/Google Chrome.app/Contents/MacOS/Google Chrome
Build info: version: &apos;3.141.59&apos;, revision: &apos;e82be7d358&apos;, time: &apos;2018-11-14T08:17:03&apos;
System info: host: &apos;Harneets-MacBook-Pro.local&apos;, ip: &apos;fe80:0:0:0:cdd:4186:e6df:7f6c%en0&apos;, os.name: &apos;Mac OS X&apos;, os.arch: &apos;aarch64&apos;, os.version: &apos;13.3.1&apos;, java.version: &apos;17.0.1&apos;
Driver info: driver.version: ChromeDriver
remote stacktrace: 0   chromedriver                        0x000000010299ff48 chromedriver + 4226888
1   chromedriver                        0x00000001029984f4 chromedriver + 4195572
2   chromedriver                        0x00000001025dcd68 chromedriver + 281960
3   chromedriver                        0x0000000102608bac chromedriver + 461740
4   chromedriver                        0x0000000102604fd8 chromedriver + 446424
5   chromedriver                        0x0000000102602150 chromedriver + 434512
6   chromedriver                        0x000000010263f93c chromedriver + 686396
7   chromedriver                        0x000000010263f164 chromedriver + 684388
8   chromedriver                        0x000000010260bf1c chromedriver + 474908
9   chromedriver                        0x000000010260cef4 chromedriver + 478964
10  chromedriver                        0x000000010296159c chromedriver + 3970460
11  chromedriver                        0x00000001029656f0 chromedriver + 3987184
12  chromedriver                        0x000000010296b5b4 chromedriver + 4011444
13  chromedriver                        0x00000001029662fc chromedriver + 3990268
14  chromedriver                        0x000000010293e1c0 chromedriver + 3826112
15  chromedriver                        0x0000000102982088 chromedriver + 4104328
16  chromedriver                        0x00000001029821e0 chromedriver + 4104672
17  chromedriver                        0x0000000102991f28 chromedriver + 4169512
18  libsystem_pthread.dylib             0x00000001922c3fa8 _pthread_start + 148
19  libsystem_pthread.dylib             0x00000001922beda0 thread_start + 8

	at org.openqa.selenium.remote.W3CHandshakeResponse.lambda$errorHandler$0(W3CHandshakeResponse.java:62)
	at org.openqa.selenium.remote.HandshakeResponse.lambda$getResponseFunction$0(HandshakeResponse.java:30)
	at org.openqa.selenium.remote.ProtocolHandshake.lambda$createSession$0(ProtocolHandshake.java:126)
	at java.base/java.util.stream.ReferencePipeline$3$1.accept(ReferencePipeline.java:197)
	at java.base/java.util.Spliterators$ArraySpliterator.tryAdvance(Spliterators.java:1002)
	at java.base/java.util.stream.ReferencePipeline.forEachWithCancel(ReferencePipeline.java:129)
	at java.base/java.util.stream.AbstractPipeline.copyIntoWithCancel(AbstractPipeline.java:527)
	at java.base/java.util.stream.AbstractPipeline.copyInto(AbstractPipeline.java:513)
	at java.base/java.util.stream.AbstractPipeline.wrapAndCopyInto(AbstractPipeline.java:499)
	at java.base/java.util.stream.FindOps$FindOp.evaluateSequential(FindOps.java:150)
	at java.base/java.util.stream.AbstractPipeline.evaluate(AbstractPipeline.java:234)
	at java.base/java.util.stream.ReferencePipeline.findFirst(ReferencePipeline.java:647)
	at org.openqa.selenium.remote.ProtocolHandshake.createSession(ProtocolHandshake.java:128)
	at org.openqa.selenium.remote.ProtocolHandshake.createSession(ProtocolHandshake.java:74)
	at org.openqa.selenium.remote.HttpCommandExecutor.execute(HttpCommandExecutor.java:136)
	at org.openqa.selenium.remote.service.DriverCommandExecutor.execute(DriverCommandExecutor.java:83)
	at org.openqa.selenium.remote.RemoteWebDriver.execute(RemoteWebDriver.java:552)
	at org.openqa.selenium.remote.RemoteWebDriver.startSession(RemoteWebDriver.java:213)
	at org.openqa.selenium.remote.RemoteWebDriver.&lt;init&gt;(RemoteWebDriver.java:131)
	at org.openqa.selenium.chrome.ChromeDriver.&lt;init&gt;(ChromeDriver.java:181)
	at org.openqa.selenium.chrome.ChromeDriver.&lt;init&gt;(ChromeDriver.java:168)
	at org.openqa.selenium.chrome.ChromeDriver.&lt;init&gt;(ChromeDriver.java:123)
	at com.training.base.BaseTest.getDriver(BaseTest.java:29)
	at com.training.testcases.OpportunityTabTest.beforeMethod(OpportunityTabTest.java:20)
	at java.base/java.util.ArrayList.forEach(ArrayList.java:1511)
... Removed 40 stack frames</div></td></tr></table><p class="totop"><a href="#summary">back to summary</a></p>
<h3 id="m48">com.training.testcases.OpportunityTabTest#teardown</h3><table class="result"><tr><th>Exception</th></tr><tr><td><div class="stacktrace">org.openqa.selenium.SessionNotCreatedException: session not created: This version of ChromeDriver only supports Chrome version 114
Current browser version is 116.0.5845.110 with binary path /Applications/Google Chrome.app/Contents/MacOS/Google Chrome
Build info: version: &apos;3.141.59&apos;, revision: &apos;e82be7d358&apos;, time: &apos;2018-11-14T08:17:03&apos;
System info: host: &apos;Harneets-MacBook-Pro.local&apos;, ip: &apos;fe80:0:0:0:cdd:4186:e6df:7f6c%en0&apos;, os.name: &apos;Mac OS X&apos;, os.arch: &apos;aarch64&apos;, os.version: &apos;13.3.1&apos;, java.version: &apos;17.0.1&apos;
Driver info: driver.version: ChromeDriver
remote stacktrace: 0   chromedriver                        0x000000010299ff48 chromedriver + 4226888
1   chromedriver                        0x00000001029984f4 chromedriver + 4195572
2   chromedriver                        0x00000001025dcd68 chromedriver + 281960
3   chromedriver                        0x0000000102608bac chromedriver + 461740
4   chromedriver                        0x0000000102604fd8 chromedriver + 446424
5   chromedriver                        0x0000000102602150 chromedriver + 434512
6   chromedriver                        0x000000010263f93c chromedriver + 686396
7   chromedriver                        0x000000010263f164 chromedriver + 684388
8   chromedriver                        0x000000010260bf1c chromedriver + 474908
9   chromedriver                        0x000000010260cef4 chromedriver + 478964
10  chromedriver                        0x000000010296159c chromedriver + 3970460
11  chromedriver                        0x00000001029656f0 chromedriver + 3987184
12  chromedriver                        0x000000010296b5b4 chromedriver + 4011444
13  chromedriver                        0x00000001029662fc chromedriver + 3990268
14  chromedriver                        0x000000010293e1c0 chromedriver + 3826112
15  chromedriver                        0x0000000102982088 chromedriver + 4104328
16  chromedriver                        0x00000001029821e0 chromedriver + 4104672
17  chromedriver                        0x0000000102991f28 chromedriver + 4169512
18  libsystem_pthread.dylib             0x00000001922c3fa8 _pthread_start + 148
19  libsystem_pthread.dylib             0x00000001922beda0 thread_start + 8

	at org.openqa.selenium.remote.W3CHandshakeResponse.lambda$errorHandler$0(W3CHandshakeResponse.java:62)
	at org.openqa.selenium.remote.HandshakeResponse.lambda$getResponseFunction$0(HandshakeResponse.java:30)
	at org.openqa.selenium.remote.ProtocolHandshake.lambda$createSession$0(ProtocolHandshake.java:126)
	at java.base/java.util.stream.ReferencePipeline$3$1.accept(ReferencePipeline.java:197)
	at java.base/java.util.Spliterators$ArraySpliterator.tryAdvance(Spliterators.java:1002)
	at java.base/java.util.stream.ReferencePipeline.forEachWithCancel(ReferencePipeline.java:129)
	at java.base/java.util.stream.AbstractPipeline.copyIntoWithCancel(AbstractPipeline.java:527)
	at java.base/java.util.stream.AbstractPipeline.copyInto(AbstractPipeline.java:513)
	at java.base/java.util.stream.AbstractPipeline.wrapAndCopyInto(AbstractPipeline.java:499)
	at java.base/java.util.stream.FindOps$FindOp.evaluateSequential(FindOps.java:150)
	at java.base/java.util.stream.AbstractPipeline.evaluate(AbstractPipeline.java:234)
	at java.base/java.util.stream.ReferencePipeline.findFirst(ReferencePipeline.java:647)
	at org.openqa.selenium.remote.ProtocolHandshake.createSession(ProtocolHandshake.java:128)
	at org.openqa.selenium.remote.ProtocolHandshake.createSession(ProtocolHandshake.java:74)
	at org.openqa.selenium.remote.HttpCommandExecutor.execute(HttpCommandExecutor.java:136)
	at org.openqa.selenium.remote.service.DriverCommandExecutor.execute(DriverCommandExecutor.java:83)
	at org.openqa.selenium.remote.RemoteWebDriver.execute(RemoteWebDriver.java:552)
	at org.openqa.selenium.remote.RemoteWebDriver.startSession(RemoteWebDriver.java:213)
	at org.openqa.selenium.remote.RemoteWebDriver.&lt;init&gt;(RemoteWebDriver.java:131)
	at org.openqa.selenium.chrome.ChromeDriver.&lt;init&gt;(ChromeDriver.java:181)
	at org.openqa.selenium.chrome.ChromeDriver.&lt;init&gt;(ChromeDriver.java:168)
	at org.openqa.selenium.chrome.ChromeDriver.&lt;init&gt;(ChromeDriver.java:123)
	at com.training.base.BaseTest.getDriver(BaseTest.java:29)
	at com.training.testcases.OpportunityTabTest.beforeMethod(OpportunityTabTest.java:20)
	at java.base/java.util.ArrayList.forEach(ArrayList.java:1511)
... Removed 40 stack frames</div></td></tr></table><p class="totop"><a href="#summary">back to summary</a></p>
<h3 id="m49">com.training.testcases.SFDC_Test#checkRememberMe</h3><table class="result"><tr><th>Exception</th></tr><tr><td><div class="stacktrace">org.openqa.selenium.SessionNotCreatedException: session not created: This version of ChromeDriver only supports Chrome version 114
Current browser version is 116.0.5845.110 with binary path /Applications/Google Chrome.app/Contents/MacOS/Google Chrome
Build info: version: &apos;3.141.59&apos;, revision: &apos;e82be7d358&apos;, time: &apos;2018-11-14T08:17:03&apos;
System info: host: &apos;Harneets-MacBook-Pro.local&apos;, ip: &apos;fe80:0:0:0:cdd:4186:e6df:7f6c%en0&apos;, os.name: &apos;Mac OS X&apos;, os.arch: &apos;aarch64&apos;, os.version: &apos;13.3.1&apos;, java.version: &apos;17.0.1&apos;
Driver info: driver.version: ChromeDriver
remote stacktrace: 0   chromedriver                        0x0000000102c13f48 chromedriver + 4226888
1   chromedriver                        0x0000000102c0c4f4 chromedriver + 4195572
2   chromedriver                        0x0000000102850d68 chromedriver + 281960
3   chromedriver                        0x000000010287cbac chromedriver + 461740
4   chromedriver                        0x0000000102878fd8 chromedriver + 446424
5   chromedriver                        0x0000000102876150 chromedriver + 434512
6   chromedriver                        0x00000001028b393c chromedriver + 686396
7   chromedriver                        0x00000001028b3164 chromedriver + 684388
8   chromedriver                        0x000000010287ff1c chromedriver + 474908
9   chromedriver                        0x0000000102880ef4 chromedriver + 478964
10  chromedriver                        0x0000000102bd559c chromedriver + 3970460
11  chromedriver                        0x0000000102bd96f0 chromedriver + 3987184
12  chromedriver                        0x0000000102bdf5b4 chromedriver + 4011444
13  chromedriver                        0x0000000102bda2fc chromedriver + 3990268
14  chromedriver                        0x0000000102bb21c0 chromedriver + 3826112
15  chromedriver                        0x0000000102bf6088 chromedriver + 4104328
16  chromedriver                        0x0000000102bf61e0 chromedriver + 4104672
17  chromedriver                        0x0000000102c05f28 chromedriver + 4169512
18  libsystem_pthread.dylib             0x00000001922c3fa8 _pthread_start + 148
19  libsystem_pthread.dylib             0x00000001922beda0 thread_start + 8

	at org.openqa.selenium.remote.W3CHandshakeResponse.lambda$errorHandler$0(W3CHandshakeResponse.java:62)
	at org.openqa.selenium.remote.HandshakeResponse.lambda$getResponseFunction$0(HandshakeResponse.java:30)
	at org.openqa.selenium.remote.ProtocolHandshake.lambda$createSession$0(ProtocolHandshake.java:126)
	at java.base/java.util.stream.ReferencePipeline$3$1.accept(ReferencePipeline.java:197)
	at java.base/java.util.Spliterators$ArraySpliterator.tryAdvance(Spliterators.java:1002)
	at java.base/java.util.stream.ReferencePipeline.forEachWithCancel(ReferencePipeline.java:129)
	at java.base/java.util.stream.AbstractPipeline.copyIntoWithCancel(AbstractPipeline.java:527)
	at java.base/java.util.stream.AbstractPipeline.copyInto(AbstractPipeline.java:513)
	at java.base/java.util.stream.AbstractPipeline.wrapAndCopyInto(AbstractPipeline.java:499)
	at java.base/java.util.stream.FindOps$FindOp.evaluateSequential(FindOps.java:150)
	at java.base/java.util.stream.AbstractPipeline.evaluate(AbstractPipeline.java:234)
	at java.base/java.util.stream.ReferencePipeline.findFirst(ReferencePipeline.java:647)
	at org.openqa.selenium.remote.ProtocolHandshake.createSession(ProtocolHandshake.java:128)
	at org.openqa.selenium.remote.ProtocolHandshake.createSession(ProtocolHandshake.java:74)
	at org.openqa.selenium.remote.HttpCommandExecutor.execute(HttpCommandExecutor.java:136)
	at org.openqa.selenium.remote.service.DriverCommandExecutor.execute(DriverCommandExecutor.java:83)
	at org.openqa.selenium.remote.RemoteWebDriver.execute(RemoteWebDriver.java:552)
	at org.openqa.selenium.remote.RemoteWebDriver.startSession(RemoteWebDriver.java:213)
	at org.openqa.selenium.remote.RemoteWebDriver.&lt;init&gt;(RemoteWebDriver.java:131)
	at org.openqa.selenium.chrome.ChromeDriver.&lt;init&gt;(ChromeDriver.java:181)
	at org.openqa.selenium.chrome.ChromeDriver.&lt;init&gt;(ChromeDriver.java:168)
	at org.openqa.selenium.chrome.ChromeDriver.&lt;init&gt;(ChromeDriver.java:123)
	at com.training.base.BaseTest.getDriver(BaseTest.java:29)
	at com.training.testcases.SFDC_Test.beforeMethod(SFDC_Test.java:21)
	at java.base/java.util.ArrayList.forEach(ArrayList.java:1511)
... Removed 40 stack frames</div></td></tr></table><p class="totop"><a href="#summary">back to summary</a></p>
<h3 id="m50">com.training.testcases.SFDC_Test#loginError</h3><table class="result"><tr><th>Exception</th></tr><tr><td><div class="stacktrace">org.openqa.selenium.SessionNotCreatedException: session not created: This version of ChromeDriver only supports Chrome version 114
Current browser version is 116.0.5845.110 with binary path /Applications/Google Chrome.app/Contents/MacOS/Google Chrome
Build info: version: &apos;3.141.59&apos;, revision: &apos;e82be7d358&apos;, time: &apos;2018-11-14T08:17:03&apos;
System info: host: &apos;Harneets-MacBook-Pro.local&apos;, ip: &apos;fe80:0:0:0:cdd:4186:e6df:7f6c%en0&apos;, os.name: &apos;Mac OS X&apos;, os.arch: &apos;aarch64&apos;, os.version: &apos;13.3.1&apos;, java.version: &apos;17.0.1&apos;
Driver info: driver.version: ChromeDriver
remote stacktrace: 0   chromedriver                        0x0000000102c13f48 chromedriver + 4226888
1   chromedriver                        0x0000000102c0c4f4 chromedriver + 4195572
2   chromedriver                        0x0000000102850d68 chromedriver + 281960
3   chromedriver                        0x000000010287cbac chromedriver + 461740
4   chromedriver                        0x0000000102878fd8 chromedriver + 446424
5   chromedriver                        0x0000000102876150 chromedriver + 434512
6   chromedriver                        0x00000001028b393c chromedriver + 686396
7   chromedriver                        0x00000001028b3164 chromedriver + 684388
8   chromedriver                        0x000000010287ff1c chromedriver + 474908
9   chromedriver                        0x0000000102880ef4 chromedriver + 478964
10  chromedriver                        0x0000000102bd559c chromedriver + 3970460
11  chromedriver                        0x0000000102bd96f0 chromedriver + 3987184
12  chromedriver                        0x0000000102bdf5b4 chromedriver + 4011444
13  chromedriver                        0x0000000102bda2fc chromedriver + 3990268
14  chromedriver                        0x0000000102bb21c0 chromedriver + 3826112
15  chromedriver                        0x0000000102bf6088 chromedriver + 4104328
16  chromedriver                        0x0000000102bf61e0 chromedriver + 4104672
17  chromedriver                        0x0000000102c05f28 chromedriver + 4169512
18  libsystem_pthread.dylib             0x00000001922c3fa8 _pthread_start + 148
19  libsystem_pthread.dylib             0x00000001922beda0 thread_start + 8

	at org.openqa.selenium.remote.W3CHandshakeResponse.lambda$errorHandler$0(W3CHandshakeResponse.java:62)
	at org.openqa.selenium.remote.HandshakeResponse.lambda$getResponseFunction$0(HandshakeResponse.java:30)
	at org.openqa.selenium.remote.ProtocolHandshake.lambda$createSession$0(ProtocolHandshake.java:126)
	at java.base/java.util.stream.ReferencePipeline$3$1.accept(ReferencePipeline.java:197)
	at java.base/java.util.Spliterators$ArraySpliterator.tryAdvance(Spliterators.java:1002)
	at java.base/java.util.stream.ReferencePipeline.forEachWithCancel(ReferencePipeline.java:129)
	at java.base/java.util.stream.AbstractPipeline.copyIntoWithCancel(AbstractPipeline.java:527)
	at java.base/java.util.stream.AbstractPipeline.copyInto(AbstractPipeline.java:513)
	at java.base/java.util.stream.AbstractPipeline.wrapAndCopyInto(AbstractPipeline.java:499)
	at java.base/java.util.stream.FindOps$FindOp.evaluateSequential(FindOps.java:150)
	at java.base/java.util.stream.AbstractPipeline.evaluate(AbstractPipeline.java:234)
	at java.base/java.util.stream.ReferencePipeline.findFirst(ReferencePipeline.java:647)
	at org.openqa.selenium.remote.ProtocolHandshake.createSession(ProtocolHandshake.java:128)
	at org.openqa.selenium.remote.ProtocolHandshake.createSession(ProtocolHandshake.java:74)
	at org.openqa.selenium.remote.HttpCommandExecutor.execute(HttpCommandExecutor.java:136)
	at org.openqa.selenium.remote.service.DriverCommandExecutor.execute(DriverCommandExecutor.java:83)
	at org.openqa.selenium.remote.RemoteWebDriver.execute(RemoteWebDriver.java:552)
	at org.openqa.selenium.remote.RemoteWebDriver.startSession(RemoteWebDriver.java:213)
	at org.openqa.selenium.remote.RemoteWebDriver.&lt;init&gt;(RemoteWebDriver.java:131)
	at org.openqa.selenium.chrome.ChromeDriver.&lt;init&gt;(ChromeDriver.java:181)
	at org.openqa.selenium.chrome.ChromeDriver.&lt;init&gt;(ChromeDriver.java:168)
	at org.openqa.selenium.chrome.ChromeDriver.&lt;init&gt;(ChromeDriver.java:123)
	at com.training.base.BaseTest.getDriver(BaseTest.java:29)
	at com.training.testcases.SFDC_Test.beforeMethod(SFDC_Test.java:21)
	at java.base/java.util.ArrayList.forEach(ArrayList.java:1511)
... Removed 40 stack frames</div></td></tr></table><p class="totop"><a href="#summary">back to summary</a></p>
<h3 id="m51">com.training.testcases.SFDC_Test#loginSucess</h3><table class="result"><tr><th>Exception</th></tr><tr><td><div class="stacktrace">org.openqa.selenium.SessionNotCreatedException: session not created: This version of ChromeDriver only supports Chrome version 114
Current browser version is 116.0.5845.110 with binary path /Applications/Google Chrome.app/Contents/MacOS/Google Chrome
Build info: version: &apos;3.141.59&apos;, revision: &apos;e82be7d358&apos;, time: &apos;2018-11-14T08:17:03&apos;
System info: host: &apos;Harneets-MacBook-Pro.local&apos;, ip: &apos;fe80:0:0:0:cdd:4186:e6df:7f6c%en0&apos;, os.name: &apos;Mac OS X&apos;, os.arch: &apos;aarch64&apos;, os.version: &apos;13.3.1&apos;, java.version: &apos;17.0.1&apos;
Driver info: driver.version: ChromeDriver
remote stacktrace: 0   chromedriver                        0x0000000102c13f48 chromedriver + 4226888
1   chromedriver                        0x0000000102c0c4f4 chromedriver + 4195572
2   chromedriver                        0x0000000102850d68 chromedriver + 281960
3   chromedriver                        0x000000010287cbac chromedriver + 461740
4   chromedriver                        0x0000000102878fd8 chromedriver + 446424
5   chromedriver                        0x0000000102876150 chromedriver + 434512
6   chromedriver                        0x00000001028b393c chromedriver + 686396
7   chromedriver                        0x00000001028b3164 chromedriver + 684388
8   chromedriver                        0x000000010287ff1c chromedriver + 474908
9   chromedriver                        0x0000000102880ef4 chromedriver + 478964
10  chromedriver                        0x0000000102bd559c chromedriver + 3970460
11  chromedriver                        0x0000000102bd96f0 chromedriver + 3987184
12  chromedriver                        0x0000000102bdf5b4 chromedriver + 4011444
13  chromedriver                        0x0000000102bda2fc chromedriver + 3990268
14  chromedriver                        0x0000000102bb21c0 chromedriver + 3826112
15  chromedriver                        0x0000000102bf6088 chromedriver + 4104328
16  chromedriver                        0x0000000102bf61e0 chromedriver + 4104672
17  chromedriver                        0x0000000102c05f28 chromedriver + 4169512
18  libsystem_pthread.dylib             0x00000001922c3fa8 _pthread_start + 148
19  libsystem_pthread.dylib             0x00000001922beda0 thread_start + 8

	at org.openqa.selenium.remote.W3CHandshakeResponse.lambda$errorHandler$0(W3CHandshakeResponse.java:62)
	at org.openqa.selenium.remote.HandshakeResponse.lambda$getResponseFunction$0(HandshakeResponse.java:30)
	at org.openqa.selenium.remote.ProtocolHandshake.lambda$createSession$0(ProtocolHandshake.java:126)
	at java.base/java.util.stream.ReferencePipeline$3$1.accept(ReferencePipeline.java:197)
	at java.base/java.util.Spliterators$ArraySpliterator.tryAdvance(Spliterators.java:1002)
	at java.base/java.util.stream.ReferencePipeline.forEachWithCancel(ReferencePipeline.java:129)
	at java.base/java.util.stream.AbstractPipeline.copyIntoWithCancel(AbstractPipeline.java:527)
	at java.base/java.util.stream.AbstractPipeline.copyInto(AbstractPipeline.java:513)
	at java.base/java.util.stream.AbstractPipeline.wrapAndCopyInto(AbstractPipeline.java:499)
	at java.base/java.util.stream.FindOps$FindOp.evaluateSequential(FindOps.java:150)
	at java.base/java.util.stream.AbstractPipeline.evaluate(AbstractPipeline.java:234)
	at java.base/java.util.stream.ReferencePipeline.findFirst(ReferencePipeline.java:647)
	at org.openqa.selenium.remote.ProtocolHandshake.createSession(ProtocolHandshake.java:128)
	at org.openqa.selenium.remote.ProtocolHandshake.createSession(ProtocolHandshake.java:74)
	at org.openqa.selenium.remote.HttpCommandExecutor.execute(HttpCommandExecutor.java:136)
	at org.openqa.selenium.remote.service.DriverCommandExecutor.execute(DriverCommandExecutor.java:83)
	at org.openqa.selenium.remote.RemoteWebDriver.execute(RemoteWebDriver.java:552)
	at org.openqa.selenium.remote.RemoteWebDriver.startSession(RemoteWebDriver.java:213)
	at org.openqa.selenium.remote.RemoteWebDriver.&lt;init&gt;(RemoteWebDriver.java:131)
	at org.openqa.selenium.chrome.ChromeDriver.&lt;init&gt;(ChromeDriver.java:181)
	at org.openqa.selenium.chrome.ChromeDriver.&lt;init&gt;(ChromeDriver.java:168)
	at org.openqa.selenium.chrome.ChromeDriver.&lt;init&gt;(ChromeDriver.java:123)
	at com.training.base.BaseTest.getDriver(BaseTest.java:29)
	at com.training.testcases.SFDC_Test.beforeMethod(SFDC_Test.java:21)
	at java.base/java.util.ArrayList.forEach(ArrayList.java:1511)
... Removed 40 stack frames</div></td></tr></table><p class="totop"><a href="#summary">back to summary</a></p>
<h3 id="m52">com.training.testcases.UserMenuDropDownTest#usermenudropdown</h3><table class="result"><tr><th>Exception</th></tr><tr><td><div class="stacktrace">org.openqa.selenium.SessionNotCreatedException: session not created: This version of ChromeDriver only supports Chrome version 114
Current browser version is 116.0.5845.110 with binary path /Applications/Google Chrome.app/Contents/MacOS/Google Chrome
Build info: version: &apos;3.141.59&apos;, revision: &apos;e82be7d358&apos;, time: &apos;2018-11-14T08:17:03&apos;
System info: host: &apos;Harneets-MacBook-Pro.local&apos;, ip: &apos;fe80:0:0:0:cdd:4186:e6df:7f6c%en0&apos;, os.name: &apos;Mac OS X&apos;, os.arch: &apos;aarch64&apos;, os.version: &apos;13.3.1&apos;, java.version: &apos;17.0.1&apos;
Driver info: driver.version: ChromeDriver
remote stacktrace: 0   chromedriver                        0x0000000102ecbf48 chromedriver + 4226888
1   chromedriver                        0x0000000102ec44f4 chromedriver + 4195572
2   chromedriver                        0x0000000102b08d68 chromedriver + 281960
3   chromedriver                        0x0000000102b34bac chromedriver + 461740
4   chromedriver                        0x0000000102b30fd8 chromedriver + 446424
5   chromedriver                        0x0000000102b2e150 chromedriver + 434512
6   chromedriver                        0x0000000102b6b93c chromedriver + 686396
7   chromedriver                        0x0000000102b6b164 chromedriver + 684388
8   chromedriver                        0x0000000102b37f1c chromedriver + 474908
9   chromedriver                        0x0000000102b38ef4 chromedriver + 478964
10  chromedriver                        0x0000000102e8d59c chromedriver + 3970460
11  chromedriver                        0x0000000102e916f0 chromedriver + 3987184
12  chromedriver                        0x0000000102e975b4 chromedriver + 4011444
13  chromedriver                        0x0000000102e922fc chromedriver + 3990268
14  chromedriver                        0x0000000102e6a1c0 chromedriver + 3826112
15  chromedriver                        0x0000000102eae088 chromedriver + 4104328
16  chromedriver                        0x0000000102eae1e0 chromedriver + 4104672
17  chromedriver                        0x0000000102ebdf28 chromedriver + 4169512
18  libsystem_pthread.dylib             0x00000001922c3fa8 _pthread_start + 148
19  libsystem_pthread.dylib             0x00000001922beda0 thread_start + 8

	at org.openqa.selenium.remote.W3CHandshakeResponse.lambda$errorHandler$0(W3CHandshakeResponse.java:62)
	at org.openqa.selenium.remote.HandshakeResponse.lambda$getResponseFunction$0(HandshakeResponse.java:30)
	at org.openqa.selenium.remote.ProtocolHandshake.lambda$createSession$0(ProtocolHandshake.java:126)
	at java.base/java.util.stream.ReferencePipeline$3$1.accept(ReferencePipeline.java:197)
	at java.base/java.util.Spliterators$ArraySpliterator.tryAdvance(Spliterators.java:1002)
	at java.base/java.util.stream.ReferencePipeline.forEachWithCancel(ReferencePipeline.java:129)
	at java.base/java.util.stream.AbstractPipeline.copyIntoWithCancel(AbstractPipeline.java:527)
	at java.base/java.util.stream.AbstractPipeline.copyInto(AbstractPipeline.java:513)
	at java.base/java.util.stream.AbstractPipeline.wrapAndCopyInto(AbstractPipeline.java:499)
	at java.base/java.util.stream.FindOps$FindOp.evaluateSequential(FindOps.java:150)
	at java.base/java.util.stream.AbstractPipeline.evaluate(AbstractPipeline.java:234)
	at java.base/java.util.stream.ReferencePipeline.findFirst(ReferencePipeline.java:647)
	at org.openqa.selenium.remote.ProtocolHandshake.createSession(ProtocolHandshake.java:128)
	at org.openqa.selenium.remote.ProtocolHandshake.createSession(ProtocolHandshake.java:74)
	at org.openqa.selenium.remote.HttpCommandExecutor.execute(HttpCommandExecutor.java:136)
	at org.openqa.selenium.remote.service.DriverCommandExecutor.execute(DriverCommandExecutor.java:83)
	at org.openqa.selenium.remote.RemoteWebDriver.execute(RemoteWebDriver.java:552)
	at org.openqa.selenium.remote.RemoteWebDriver.startSession(RemoteWebDriver.java:213)
	at org.openqa.selenium.remote.RemoteWebDriver.&lt;init&gt;(RemoteWebDriver.java:131)
	at org.openqa.selenium.chrome.ChromeDriver.&lt;init&gt;(ChromeDriver.java:181)
	at org.openqa.selenium.chrome.ChromeDriver.&lt;init&gt;(ChromeDriver.java:168)
	at org.openqa.selenium.chrome.ChromeDriver.&lt;init&gt;(ChromeDriver.java:123)
	at com.training.base.BaseTest.getDriver(BaseTest.java:29)
	at com.training.testcases.UserMenuDropDownTest.beforemethod(UserMenuDropDownTest.java:24)
	at java.base/java.util.ArrayList.forEach(ArrayList.java:1511)
... Removed 40 stack frames</div></td></tr></table><p class="totop"><a href="#summary">back to summary</a></p>
<h3 id="m53">com.training.testcases.UserMenuMySettingsTest#emailsettings</h3><table class="result"><tr><th>Exception</th></tr><tr><td><div class="stacktrace">org.openqa.selenium.SessionNotCreatedException: session not created: This version of ChromeDriver only supports Chrome version 114
Current browser version is 116.0.5845.110 with binary path /Applications/Google Chrome.app/Contents/MacOS/Google Chrome
Build info: version: &apos;3.141.59&apos;, revision: &apos;e82be7d358&apos;, time: &apos;2018-11-14T08:17:03&apos;
System info: host: &apos;Harneets-MacBook-Pro.local&apos;, ip: &apos;fe80:0:0:0:cdd:4186:e6df:7f6c%en0&apos;, os.name: &apos;Mac OS X&apos;, os.arch: &apos;aarch64&apos;, os.version: &apos;13.3.1&apos;, java.version: &apos;17.0.1&apos;
Driver info: driver.version: ChromeDriver
remote stacktrace: 0   chromedriver                        0x00000001033e3f48 chromedriver + 4226888
1   chromedriver                        0x00000001033dc4f4 chromedriver + 4195572
2   chromedriver                        0x0000000103020d68 chromedriver + 281960
3   chromedriver                        0x000000010304cbac chromedriver + 461740
4   chromedriver                        0x0000000103048fd8 chromedriver + 446424
5   chromedriver                        0x0000000103046150 chromedriver + 434512
6   chromedriver                        0x000000010308393c chromedriver + 686396
7   chromedriver                        0x0000000103083164 chromedriver + 684388
8   chromedriver                        0x000000010304ff1c chromedriver + 474908
9   chromedriver                        0x0000000103050ef4 chromedriver + 478964
10  chromedriver                        0x00000001033a559c chromedriver + 3970460
11  chromedriver                        0x00000001033a96f0 chromedriver + 3987184
12  chromedriver                        0x00000001033af5b4 chromedriver + 4011444
13  chromedriver                        0x00000001033aa2fc chromedriver + 3990268
14  chromedriver                        0x00000001033821c0 chromedriver + 3826112
15  chromedriver                        0x00000001033c6088 chromedriver + 4104328
16  chromedriver                        0x00000001033c61e0 chromedriver + 4104672
17  chromedriver                        0x00000001033d5f28 chromedriver + 4169512
18  libsystem_pthread.dylib             0x00000001922c3fa8 _pthread_start + 148
19  libsystem_pthread.dylib             0x00000001922beda0 thread_start + 8

	at org.openqa.selenium.remote.W3CHandshakeResponse.lambda$errorHandler$0(W3CHandshakeResponse.java:62)
	at org.openqa.selenium.remote.HandshakeResponse.lambda$getResponseFunction$0(HandshakeResponse.java:30)
	at org.openqa.selenium.remote.ProtocolHandshake.lambda$createSession$0(ProtocolHandshake.java:126)
	at java.base/java.util.stream.ReferencePipeline$3$1.accept(ReferencePipeline.java:197)
	at java.base/java.util.Spliterators$ArraySpliterator.tryAdvance(Spliterators.java:1002)
	at java.base/java.util.stream.ReferencePipeline.forEachWithCancel(ReferencePipeline.java:129)
	at java.base/java.util.stream.AbstractPipeline.copyIntoWithCancel(AbstractPipeline.java:527)
	at java.base/java.util.stream.AbstractPipeline.copyInto(AbstractPipeline.java:513)
	at java.base/java.util.stream.AbstractPipeline.wrapAndCopyInto(AbstractPipeline.java:499)
	at java.base/java.util.stream.FindOps$FindOp.evaluateSequential(FindOps.java:150)
	at java.base/java.util.stream.AbstractPipeline.evaluate(AbstractPipeline.java:234)
	at java.base/java.util.stream.ReferencePipeline.findFirst(ReferencePipeline.java:647)
	at org.openqa.selenium.remote.ProtocolHandshake.createSession(ProtocolHandshake.java:128)
	at org.openqa.selenium.remote.ProtocolHandshake.createSession(ProtocolHandshake.java:74)
	at org.openqa.selenium.remote.HttpCommandExecutor.execute(HttpCommandExecutor.java:136)
	at org.openqa.selenium.remote.service.DriverCommandExecutor.execute(DriverCommandExecutor.java:83)
	at org.openqa.selenium.remote.RemoteWebDriver.execute(RemoteWebDriver.java:552)
	at org.openqa.selenium.remote.RemoteWebDriver.startSession(RemoteWebDriver.java:213)
	at org.openqa.selenium.remote.RemoteWebDriver.&lt;init&gt;(RemoteWebDriver.java:131)
	at org.openqa.selenium.chrome.ChromeDriver.&lt;init&gt;(ChromeDriver.java:181)
	at org.openqa.selenium.chrome.ChromeDriver.&lt;init&gt;(ChromeDriver.java:168)
	at org.openqa.selenium.chrome.ChromeDriver.&lt;init&gt;(ChromeDriver.java:123)
	at com.training.base.BaseTest.getDriver(BaseTest.java:29)
	at com.training.testcases.UserMenuMySettingsTest.beforemethod(UserMenuMySettingsTest.java:23)
	at java.base/java.util.ArrayList.forEach(ArrayList.java:1511)
... Removed 40 stack frames</div></td></tr></table><p class="totop"><a href="#summary">back to summary</a></p>
<h3 id="m54">com.training.testcases.UserMenuMySettingsTest#logoutValidation</h3><table class="result"><tr><th>Exception</th></tr><tr><td><div class="stacktrace">org.openqa.selenium.SessionNotCreatedException: session not created: This version of ChromeDriver only supports Chrome version 114
Current browser version is 116.0.5845.110 with binary path /Applications/Google Chrome.app/Contents/MacOS/Google Chrome
Build info: version: &apos;3.141.59&apos;, revision: &apos;e82be7d358&apos;, time: &apos;2018-11-14T08:17:03&apos;
System info: host: &apos;Harneets-MacBook-Pro.local&apos;, ip: &apos;fe80:0:0:0:cdd:4186:e6df:7f6c%en0&apos;, os.name: &apos;Mac OS X&apos;, os.arch: &apos;aarch64&apos;, os.version: &apos;13.3.1&apos;, java.version: &apos;17.0.1&apos;
Driver info: driver.version: ChromeDriver
remote stacktrace: 0   chromedriver                        0x00000001033e3f48 chromedriver + 4226888
1   chromedriver                        0x00000001033dc4f4 chromedriver + 4195572
2   chromedriver                        0x0000000103020d68 chromedriver + 281960
3   chromedriver                        0x000000010304cbac chromedriver + 461740
4   chromedriver                        0x0000000103048fd8 chromedriver + 446424
5   chromedriver                        0x0000000103046150 chromedriver + 434512
6   chromedriver                        0x000000010308393c chromedriver + 686396
7   chromedriver                        0x0000000103083164 chromedriver + 684388
8   chromedriver                        0x000000010304ff1c chromedriver + 474908
9   chromedriver                        0x0000000103050ef4 chromedriver + 478964
10  chromedriver                        0x00000001033a559c chromedriver + 3970460
11  chromedriver                        0x00000001033a96f0 chromedriver + 3987184
12  chromedriver                        0x00000001033af5b4 chromedriver + 4011444
13  chromedriver                        0x00000001033aa2fc chromedriver + 3990268
14  chromedriver                        0x00000001033821c0 chromedriver + 3826112
15  chromedriver                        0x00000001033c6088 chromedriver + 4104328
16  chromedriver                        0x00000001033c61e0 chromedriver + 4104672
17  chromedriver                        0x00000001033d5f28 chromedriver + 4169512
18  libsystem_pthread.dylib             0x00000001922c3fa8 _pthread_start + 148
19  libsystem_pthread.dylib             0x00000001922beda0 thread_start + 8

	at org.openqa.selenium.remote.W3CHandshakeResponse.lambda$errorHandler$0(W3CHandshakeResponse.java:62)
	at org.openqa.selenium.remote.HandshakeResponse.lambda$getResponseFunction$0(HandshakeResponse.java:30)
	at org.openqa.selenium.remote.ProtocolHandshake.lambda$createSession$0(ProtocolHandshake.java:126)
	at java.base/java.util.stream.ReferencePipeline$3$1.accept(ReferencePipeline.java:197)
	at java.base/java.util.Spliterators$ArraySpliterator.tryAdvance(Spliterators.java:1002)
	at java.base/java.util.stream.ReferencePipeline.forEachWithCancel(ReferencePipeline.java:129)
	at java.base/java.util.stream.AbstractPipeline.copyIntoWithCancel(AbstractPipeline.java:527)
	at java.base/java.util.stream.AbstractPipeline.copyInto(AbstractPipeline.java:513)
	at java.base/java.util.stream.AbstractPipeline.wrapAndCopyInto(AbstractPipeline.java:499)
	at java.base/java.util.stream.FindOps$FindOp.evaluateSequential(FindOps.java:150)
	at java.base/java.util.stream.AbstractPipeline.evaluate(AbstractPipeline.java:234)
	at java.base/java.util.stream.ReferencePipeline.findFirst(ReferencePipeline.java:647)
	at org.openqa.selenium.remote.ProtocolHandshake.createSession(ProtocolHandshake.java:128)
	at org.openqa.selenium.remote.ProtocolHandshake.createSession(ProtocolHandshake.java:74)
	at org.openqa.selenium.remote.HttpCommandExecutor.execute(HttpCommandExecutor.java:136)
	at org.openqa.selenium.remote.service.DriverCommandExecutor.execute(DriverCommandExecutor.java:83)
	at org.openqa.selenium.remote.RemoteWebDriver.execute(RemoteWebDriver.java:552)
	at org.openqa.selenium.remote.RemoteWebDriver.startSession(RemoteWebDriver.java:213)
	at org.openqa.selenium.remote.RemoteWebDriver.&lt;init&gt;(RemoteWebDriver.java:131)
	at org.openqa.selenium.chrome.ChromeDriver.&lt;init&gt;(ChromeDriver.java:181)
	at org.openqa.selenium.chrome.ChromeDriver.&lt;init&gt;(ChromeDriver.java:168)
	at org.openqa.selenium.chrome.ChromeDriver.&lt;init&gt;(ChromeDriver.java:123)
	at com.training.base.BaseTest.getDriver(BaseTest.java:29)
	at com.training.testcases.UserMenuMySettingsTest.beforemethod(UserMenuMySettingsTest.java:23)
	at java.base/java.util.ArrayList.forEach(ArrayList.java:1511)
... Removed 40 stack frames</div></td></tr></table><p class="totop"><a href="#summary">back to summary</a></p>
<h3 id="m55">com.training.testcases.UserMenuMySettingsTest#usermenusettings</h3><table class="result"><tr><th>Exception</th></tr><tr><td><div class="stacktrace">org.openqa.selenium.SessionNotCreatedException: session not created: This version of ChromeDriver only supports Chrome version 114
Current browser version is 116.0.5845.110 with binary path /Applications/Google Chrome.app/Contents/MacOS/Google Chrome
Build info: version: &apos;3.141.59&apos;, revision: &apos;e82be7d358&apos;, time: &apos;2018-11-14T08:17:03&apos;
System info: host: &apos;Harneets-MacBook-Pro.local&apos;, ip: &apos;fe80:0:0:0:cdd:4186:e6df:7f6c%en0&apos;, os.name: &apos;Mac OS X&apos;, os.arch: &apos;aarch64&apos;, os.version: &apos;13.3.1&apos;, java.version: &apos;17.0.1&apos;
Driver info: driver.version: ChromeDriver
remote stacktrace: 0   chromedriver                        0x00000001033e3f48 chromedriver + 4226888
1   chromedriver                        0x00000001033dc4f4 chromedriver + 4195572
2   chromedriver                        0x0000000103020d68 chromedriver + 281960
3   chromedriver                        0x000000010304cbac chromedriver + 461740
4   chromedriver                        0x0000000103048fd8 chromedriver + 446424
5   chromedriver                        0x0000000103046150 chromedriver + 434512
6   chromedriver                        0x000000010308393c chromedriver + 686396
7   chromedriver                        0x0000000103083164 chromedriver + 684388
8   chromedriver                        0x000000010304ff1c chromedriver + 474908
9   chromedriver                        0x0000000103050ef4 chromedriver + 478964
10  chromedriver                        0x00000001033a559c chromedriver + 3970460
11  chromedriver                        0x00000001033a96f0 chromedriver + 3987184
12  chromedriver                        0x00000001033af5b4 chromedriver + 4011444
13  chromedriver                        0x00000001033aa2fc chromedriver + 3990268
14  chromedriver                        0x00000001033821c0 chromedriver + 3826112
15  chromedriver                        0x00000001033c6088 chromedriver + 4104328
16  chromedriver                        0x00000001033c61e0 chromedriver + 4104672
17  chromedriver                        0x00000001033d5f28 chromedriver + 4169512
18  libsystem_pthread.dylib             0x00000001922c3fa8 _pthread_start + 148
19  libsystem_pthread.dylib             0x00000001922beda0 thread_start + 8

	at org.openqa.selenium.remote.W3CHandshakeResponse.lambda$errorHandler$0(W3CHandshakeResponse.java:62)
	at org.openqa.selenium.remote.HandshakeResponse.lambda$getResponseFunction$0(HandshakeResponse.java:30)
	at org.openqa.selenium.remote.ProtocolHandshake.lambda$createSession$0(ProtocolHandshake.java:126)
	at java.base/java.util.stream.ReferencePipeline$3$1.accept(ReferencePipeline.java:197)
	at java.base/java.util.Spliterators$ArraySpliterator.tryAdvance(Spliterators.java:1002)
	at java.base/java.util.stream.ReferencePipeline.forEachWithCancel(ReferencePipeline.java:129)
	at java.base/java.util.stream.AbstractPipeline.copyIntoWithCancel(AbstractPipeline.java:527)
	at java.base/java.util.stream.AbstractPipeline.copyInto(AbstractPipeline.java:513)
	at java.base/java.util.stream.AbstractPipeline.wrapAndCopyInto(AbstractPipeline.java:499)
	at java.base/java.util.stream.FindOps$FindOp.evaluateSequential(FindOps.java:150)
	at java.base/java.util.stream.AbstractPipeline.evaluate(AbstractPipeline.java:234)
	at java.base/java.util.stream.ReferencePipeline.findFirst(ReferencePipeline.java:647)
	at org.openqa.selenium.remote.ProtocolHandshake.createSession(ProtocolHandshake.java:128)
	at org.openqa.selenium.remote.ProtocolHandshake.createSession(ProtocolHandshake.java:74)
	at org.openqa.selenium.remote.HttpCommandExecutor.execute(HttpCommandExecutor.java:136)
	at org.openqa.selenium.remote.service.DriverCommandExecutor.execute(DriverCommandExecutor.java:83)
	at org.openqa.selenium.remote.RemoteWebDriver.execute(RemoteWebDriver.java:552)
	at org.openqa.selenium.remote.RemoteWebDriver.startSession(RemoteWebDriver.java:213)
	at org.openqa.selenium.remote.RemoteWebDriver.&lt;init&gt;(RemoteWebDriver.java:131)
	at org.openqa.selenium.chrome.ChromeDriver.&lt;init&gt;(ChromeDriver.java:181)
	at org.openqa.selenium.chrome.ChromeDriver.&lt;init&gt;(ChromeDriver.java:168)
	at org.openqa.selenium.chrome.ChromeDriver.&lt;init&gt;(ChromeDriver.java:123)
	at com.training.base.BaseTest.getDriver(BaseTest.java:29)
	at com.training.testcases.UserMenuMySettingsTest.beforemethod(UserMenuMySettingsTest.java:23)
	at java.base/java.util.ArrayList.forEach(ArrayList.java:1511)
... Removed 40 stack frames</div></td></tr></table><p class="totop"><a href="#summary">back to summary</a></p>
<h3 id="m56">com.training.testcases.UserMenuMySettingsTest#validateDeveloperConsole</h3><table class="result"><tr><th>Exception</th></tr><tr><td><div class="stacktrace">org.openqa.selenium.SessionNotCreatedException: session not created: This version of ChromeDriver only supports Chrome version 114
Current browser version is 116.0.5845.110 with binary path /Applications/Google Chrome.app/Contents/MacOS/Google Chrome
Build info: version: &apos;3.141.59&apos;, revision: &apos;e82be7d358&apos;, time: &apos;2018-11-14T08:17:03&apos;
System info: host: &apos;Harneets-MacBook-Pro.local&apos;, ip: &apos;fe80:0:0:0:cdd:4186:e6df:7f6c%en0&apos;, os.name: &apos;Mac OS X&apos;, os.arch: &apos;aarch64&apos;, os.version: &apos;13.3.1&apos;, java.version: &apos;17.0.1&apos;
Driver info: driver.version: ChromeDriver
remote stacktrace: 0   chromedriver                        0x00000001033e3f48 chromedriver + 4226888
1   chromedriver                        0x00000001033dc4f4 chromedriver + 4195572
2   chromedriver                        0x0000000103020d68 chromedriver + 281960
3   chromedriver                        0x000000010304cbac chromedriver + 461740
4   chromedriver                        0x0000000103048fd8 chromedriver + 446424
5   chromedriver                        0x0000000103046150 chromedriver + 434512
6   chromedriver                        0x000000010308393c chromedriver + 686396
7   chromedriver                        0x0000000103083164 chromedriver + 684388
8   chromedriver                        0x000000010304ff1c chromedriver + 474908
9   chromedriver                        0x0000000103050ef4 chromedriver + 478964
10  chromedriver                        0x00000001033a559c chromedriver + 3970460
11  chromedriver                        0x00000001033a96f0 chromedriver + 3987184
12  chromedriver                        0x00000001033af5b4 chromedriver + 4011444
13  chromedriver                        0x00000001033aa2fc chromedriver + 3990268
14  chromedriver                        0x00000001033821c0 chromedriver + 3826112
15  chromedriver                        0x00000001033c6088 chromedriver + 4104328
16  chromedriver                        0x00000001033c61e0 chromedriver + 4104672
17  chromedriver                        0x00000001033d5f28 chromedriver + 4169512
18  libsystem_pthread.dylib             0x00000001922c3fa8 _pthread_start + 148
19  libsystem_pthread.dylib             0x00000001922beda0 thread_start + 8

	at org.openqa.selenium.remote.W3CHandshakeResponse.lambda$errorHandler$0(W3CHandshakeResponse.java:62)
	at org.openqa.selenium.remote.HandshakeResponse.lambda$getResponseFunction$0(HandshakeResponse.java:30)
	at org.openqa.selenium.remote.ProtocolHandshake.lambda$createSession$0(ProtocolHandshake.java:126)
	at java.base/java.util.stream.ReferencePipeline$3$1.accept(ReferencePipeline.java:197)
	at java.base/java.util.Spliterators$ArraySpliterator.tryAdvance(Spliterators.java:1002)
	at java.base/java.util.stream.ReferencePipeline.forEachWithCancel(ReferencePipeline.java:129)
	at java.base/java.util.stream.AbstractPipeline.copyIntoWithCancel(AbstractPipeline.java:527)
	at java.base/java.util.stream.AbstractPipeline.copyInto(AbstractPipeline.java:513)
	at java.base/java.util.stream.AbstractPipeline.wrapAndCopyInto(AbstractPipeline.java:499)
	at java.base/java.util.stream.FindOps$FindOp.evaluateSequential(FindOps.java:150)
	at java.base/java.util.stream.AbstractPipeline.evaluate(AbstractPipeline.java:234)
	at java.base/java.util.stream.ReferencePipeline.findFirst(ReferencePipeline.java:647)
	at org.openqa.selenium.remote.ProtocolHandshake.createSession(ProtocolHandshake.java:128)
	at org.openqa.selenium.remote.ProtocolHandshake.createSession(ProtocolHandshake.java:74)
	at org.openqa.selenium.remote.HttpCommandExecutor.execute(HttpCommandExecutor.java:136)
	at org.openqa.selenium.remote.service.DriverCommandExecutor.execute(DriverCommandExecutor.java:83)
	at org.openqa.selenium.remote.RemoteWebDriver.execute(RemoteWebDriver.java:552)
	at org.openqa.selenium.remote.RemoteWebDriver.startSession(RemoteWebDriver.java:213)
	at org.openqa.selenium.remote.RemoteWebDriver.&lt;init&gt;(RemoteWebDriver.java:131)
	at org.openqa.selenium.chrome.ChromeDriver.&lt;init&gt;(ChromeDriver.java:181)
	at org.openqa.selenium.chrome.ChromeDriver.&lt;init&gt;(ChromeDriver.java:168)
	at org.openqa.selenium.chrome.ChromeDriver.&lt;init&gt;(ChromeDriver.java:123)
	at com.training.base.BaseTest.getDriver(BaseTest.java:29)
	at com.training.testcases.UserMenuMySettingsTest.beforemethod(UserMenuMySettingsTest.java:23)
	at java.base/java.util.ArrayList.forEach(ArrayList.java:1511)
... Removed 40 stack frames</div></td></tr></table><p class="totop"><a href="#summary">back to summary</a></p>
</body>
</html>
