<?xml version="1.0" encoding="UTF-8"?>
<testsuite xmlns:xsi="http://www.w3.org/2001/XMLSchema-instance" xsi:noNamespaceSchemaLocation="https://maven.apache.org/surefire/maven-surefire-plugin/xsd/surefire-test-report-3.0.xsd" version="3.0" name="TestSuite" time="8.826" tests="57" errors="0" skipped="50" failures="7">
  <properties>
    <property name="java.specification.version" value="17"/>
    <property name="webdriver.chrome.driver" value="/Users/harneetkaur/.cache/selenium/chromedriver/mac-arm64/114.0.5735.90/chromedriver"/>
    <property name="sun.jnu.encoding" value="UTF-8"/>
    <property name="java.class.path" value="/Users/harneetkaur/eclipse-workspace/TestNGFramework/target/test-classes:/Users/harneetkaur/eclipse-workspace/TestNGFramework/target/classes:/Users/harneetkaur/.m2/repository/com/training/maven/maventraining/0.0.1-SNAPSHOT/maventraining-0.0.1-SNAPSHOT.jar:/Users/harneetkaur/.m2/repository/org/apache/poi/poi/3.17/poi-3.17.jar:/Users/harneetkaur/.m2/repository/commons-codec/commons-codec/1.10/commons-codec-1.10.jar:/Users/harneetkaur/.m2/repository/org/apache/commons/commons-collections4/4.1/commons-collections4-4.1.jar:/Users/harneetkaur/.m2/repository/org/apache/poi/poi-ooxml/3.17/poi-ooxml-3.17.jar:/Users/harneetkaur/.m2/repository/org/apache/poi/poi-ooxml-schemas/3.17/poi-ooxml-schemas-3.17.jar:/Users/harneetkaur/.m2/repository/org/apache/xmlbeans/xmlbeans/2.6.0/xmlbeans-2.6.0.jar:/Users/harneetkaur/.m2/repository/stax/stax-api/1.0.1/stax-api-1.0.1.jar:/Users/harneetkaur/.m2/repository/com/github/virtuald/curvesapi/1.04/curvesapi-1.04.jar:/Users/harneetkaur/.m2/repository/org/seleniumhq/selenium/selenium-server/3.141.59/selenium-server-3.141.59.jar:/Users/harneetkaur/.m2/repository/org/seleniumhq/selenium/selenium-java/3.141.59/selenium-java-3.141.59.jar:/Users/harneetkaur/.m2/repository/org/seleniumhq/selenium/selenium-api/3.141.59/selenium-api-3.141.59.jar:/Users/harneetkaur/.m2/repository/org/seleniumhq/selenium/selenium-chrome-driver/3.141.59/selenium-chrome-driver-3.141.59.jar:/Users/harneetkaur/.m2/repository/org/seleniumhq/selenium/selenium-edge-driver/3.141.59/selenium-edge-driver-3.141.59.jar:/Users/harneetkaur/.m2/repository/org/seleniumhq/selenium/selenium-firefox-driver/3.141.59/selenium-firefox-driver-3.141.59.jar:/Users/harneetkaur/.m2/repository/org/seleniumhq/selenium/selenium-ie-driver/3.141.59/selenium-ie-driver-3.141.59.jar:/Users/harneetkaur/.m2/repository/org/seleniumhq/selenium/selenium-opera-driver/3.141.59/selenium-opera-driver-3.141.59.jar:/Users/harneetkaur/.m2/repository/org/seleniumhq/selenium/selenium-remote-driver/3.141.59/selenium-remote-driver-3.141.59.jar:/Users/harneetkaur/.m2/repository/org/seleniumhq/selenium/selenium-safari-driver/3.141.59/selenium-safari-driver-3.141.59.jar:/Users/harneetkaur/.m2/repository/org/seleniumhq/selenium/selenium-support/3.141.59/selenium-support-3.141.59.jar:/Users/harneetkaur/.m2/repository/com/beust/jcommander/1.72/jcommander-1.72.jar:/Users/harneetkaur/.m2/repository/net/bytebuddy/byte-buddy/1.8.15/byte-buddy-1.8.15.jar:/Users/harneetkaur/.m2/repository/org/apache/commons/commons-exec/1.3/commons-exec-1.3.jar:/Users/harneetkaur/.m2/repository/com/google/guava/guava/25.0-jre/guava-25.0-jre.jar:/Users/harneetkaur/.m2/repository/org/checkerframework/checker-compat-qual/2.0.0/checker-compat-qual-2.0.0.jar:/Users/harneetkaur/.m2/repository/com/google/errorprone/error_prone_annotations/2.1.3/error_prone_annotations-2.1.3.jar:/Users/harneetkaur/.m2/repository/com/google/j2objc/j2objc-annotations/1.1/j2objc-annotations-1.1.jar:/Users/harneetkaur/.m2/repository/org/codehaus/mojo/animal-sniffer-annotations/1.14/animal-sniffer-annotations-1.14.jar:/Users/harneetkaur/.m2/repository/net/jcip/jcip-annotations/1.0/jcip-annotations-1.0.jar:/Users/harneetkaur/.m2/repository/org/seleniumhq/selenium/jetty-repacked/9.4.12.v20180830/jetty-repacked-9.4.12.v20180830.jar:/Users/harneetkaur/.m2/repository/com/squareup/okhttp3/okhttp/3.11.0/okhttp-3.11.0.jar:/Users/harneetkaur/.m2/repository/com/squareup/okio/okio/1.14.0/okio-1.14.0.jar:/Users/harneetkaur/.m2/repository/javax/servlet/javax.servlet-api/3.1.0/javax.servlet-api-3.1.0.jar:/Users/harneetkaur/.m2/repository/org/yaml/snakeyaml/1.19/snakeyaml-1.19.jar:/Users/harneetkaur/.m2/repository/io/github/bonigarcia/webdrivermanager/5.3.2/webdrivermanager-5.3.2.jar:/Users/harneetkaur/.m2/repository/org/slf4j/slf4j-api/2.0.6/slf4j-api-2.0.6.jar:/Users/harneetkaur/.m2/repository/com/google/code/gson/gson/2.10.1/gson-2.10.1.jar:/Users/harneetkaur/.m2/repository/com/github/docker-java/docker-java/3.2.14/docker-java-3.2.14.jar:/Users/harneetkaur/.m2/repository/com/github/docker-java/docker-java-core/3.2.14/docker-java-core-3.2.14.jar:/Users/harneetkaur/.m2/repository/com/github/docker-java/docker-java-api/3.2.14/docker-java-api-3.2.14.jar:/Users/harneetkaur/.m2/repository/com/fasterxml/jackson/core/jackson-annotations/2.10.3/jackson-annotations-2.10.3.jar:/Users/harneetkaur/.m2/repository/commons-io/commons-io/2.6/commons-io-2.6.jar:/Users/harneetkaur/.m2/repository/org/apache/commons/commons-compress/1.21/commons-compress-1.21.jar:/Users/harneetkaur/.m2/repository/com/fasterxml/jackson/core/jackson-databind/2.10.3/jackson-databind-2.10.3.jar:/Users/harneetkaur/.m2/repository/com/fasterxml/jackson/core/jackson-core/2.10.3/jackson-core-2.10.3.jar:/Users/harneetkaur/.m2/repository/org/bouncycastle/bcpkix-jdk15on/1.64/bcpkix-jdk15on-1.64.jar:/Users/harneetkaur/.m2/repository/org/bouncycastle/bcprov-jdk15on/1.64/bcprov-jdk15on-1.64.jar:/Users/harneetkaur/.m2/repository/org/slf4j/jcl-over-slf4j/1.7.30/jcl-over-slf4j-1.7.30.jar:/Users/harneetkaur/.m2/repository/com/github/docker-java/docker-java-transport-httpclient5/3.2.14/docker-java-transport-httpclient5-3.2.14.jar:/Users/harneetkaur/.m2/repository/com/github/docker-java/docker-java-transport/3.2.14/docker-java-transport-3.2.14.jar:/Users/harneetkaur/.m2/repository/net/java/dev/jna/jna/5.12.1/jna-5.12.1.jar:/Users/harneetkaur/.m2/repository/org/brotli/dec/0.1.2/dec-0.1.2.jar:/Users/harneetkaur/.m2/repository/org/apache/commons/commons-lang3/3.12.0/commons-lang3-3.12.0.jar:/Users/harneetkaur/.m2/repository/org/apache/httpcomponents/client5/httpclient5/5.2.1/httpclient5-5.2.1.jar:/Users/harneetkaur/.m2/repository/org/apache/httpcomponents/core5/httpcore5/5.2/httpcore5-5.2.jar:/Users/harneetkaur/.m2/repository/org/apache/httpcomponents/core5/httpcore5-h2/5.2/httpcore5-h2-5.2.jar:/Users/harneetkaur/.m2/repository/org/testng/testng/7.5/testng-7.5.jar:/Users/harneetkaur/.m2/repository/com/google/code/findbugs/jsr305/3.0.1/jsr305-3.0.1.jar:/Users/harneetkaur/.m2/repository/org/webjars/jquery/3.5.1/jquery-3.5.1.jar:/Users/harneetkaur/.m2/repository/com/aventstack/extentreports/3.0.0/extentreports-3.0.0.jar:/Users/harneetkaur/.m2/repository/org/freemarker/freemarker/2.3.23/freemarker-2.3.23.jar:/Users/harneetkaur/.m2/repository/org/mongodb/mongodb-driver/3.3.0/mongodb-driver-3.3.0.jar:/Users/harneetkaur/.m2/repository/org/mongodb/bson/3.3.0/bson-3.3.0.jar:/Users/harneetkaur/.m2/repository/org/mongodb/mongodb-driver-core/3.3.0/mongodb-driver-core-3.3.0.jar:/Users/harneetkaur/.m2/repository/org/apache/httpcomponents/httpclient/4.5.2/httpclient-4.5.2.jar:/Users/harneetkaur/.m2/repository/org/apache/httpcomponents/httpcore/4.4.4/httpcore-4.4.4.jar:/Users/harneetkaur/.m2/repository/commons-logging/commons-logging/1.2/commons-logging-1.2.jar:/Users/harneetkaur/.m2/repository/org/apache/httpcomponents/httpmime/4.5.2/httpmime-4.5.2.jar:/Users/harneetkaur/.m2/repository/log4j/log4j/1.2.17/log4j-1.2.17.jar:"/>
    <property name="java.vm.vendor" value="Oracle Corporation"/>
    <property name="sun.arch.data.model" value="64"/>
    <property name="java.vendor.url" value="https://java.oracle.com/"/>
    <property name="user.timezone" value="America/New_York"/>
    <property name="os.name" value="Mac OS X"/>
    <property name="java.vm.specification.version" value="17"/>
    <property name="sun.java.launcher" value="SUN_STANDARD"/>
    <property name="user.country" value="US"/>
    <property name="sun.boot.library.path" value="/Library/Java/JavaVirtualMachines/jdk-17.0.1.jdk/Contents/Home/lib"/>
    <property name="sun.java.command" value="/Users/harneetkaur/eclipse-workspace/TestNGFramework/target/surefire/surefirebooter-20230824173351596_3.jar /Users/harneetkaur/eclipse-workspace/TestNGFramework/target/surefire 2023-08-24T17-33-51_547-jvmRun1 surefire-20230824173351596_1tmp surefire_0-20230824173351596_2tmp"/>
    <property name="http.nonProxyHosts" value="local|*.local|169.254/16|*.169.254/16"/>
    <property name="jdk.debug" value="release"/>
    <property name="surefire.test.class.path" value="/Users/harneetkaur/eclipse-workspace/TestNGFramework/target/test-classes:/Users/harneetkaur/eclipse-workspace/TestNGFramework/target/classes:/Users/harneetkaur/.m2/repository/com/training/maven/maventraining/0.0.1-SNAPSHOT/maventraining-0.0.1-SNAPSHOT.jar:/Users/harneetkaur/.m2/repository/org/apache/poi/poi/3.17/poi-3.17.jar:/Users/harneetkaur/.m2/repository/commons-codec/commons-codec/1.10/commons-codec-1.10.jar:/Users/harneetkaur/.m2/repository/org/apache/commons/commons-collections4/4.1/commons-collections4-4.1.jar:/Users/harneetkaur/.m2/repository/org/apache/poi/poi-ooxml/3.17/poi-ooxml-3.17.jar:/Users/harneetkaur/.m2/repository/org/apache/poi/poi-ooxml-schemas/3.17/poi-ooxml-schemas-3.17.jar:/Users/harneetkaur/.m2/repository/org/apache/xmlbeans/xmlbeans/2.6.0/xmlbeans-2.6.0.jar:/Users/harneetkaur/.m2/repository/stax/stax-api/1.0.1/stax-api-1.0.1.jar:/Users/harneetkaur/.m2/repository/com/github/virtuald/curvesapi/1.04/curvesapi-1.04.jar:/Users/harneetkaur/.m2/repository/org/seleniumhq/selenium/selenium-server/3.141.59/selenium-server-3.141.59.jar:/Users/harneetkaur/.m2/repository/org/seleniumhq/selenium/selenium-java/3.141.59/selenium-java-3.141.59.jar:/Users/harneetkaur/.m2/repository/org/seleniumhq/selenium/selenium-api/3.141.59/selenium-api-3.141.59.jar:/Users/harneetkaur/.m2/repository/org/seleniumhq/selenium/selenium-chrome-driver/3.141.59/selenium-chrome-driver-3.141.59.jar:/Users/harneetkaur/.m2/repository/org/seleniumhq/selenium/selenium-edge-driver/3.141.59/selenium-edge-driver-3.141.59.jar:/Users/harneetkaur/.m2/repository/org/seleniumhq/selenium/selenium-firefox-driver/3.141.59/selenium-firefox-driver-3.141.59.jar:/Users/harneetkaur/.m2/repository/org/seleniumhq/selenium/selenium-ie-driver/3.141.59/selenium-ie-driver-3.141.59.jar:/Users/harneetkaur/.m2/repository/org/seleniumhq/selenium/selenium-opera-driver/3.141.59/selenium-opera-driver-3.141.59.jar:/Users/harneetkaur/.m2/repository/org/seleniumhq/selenium/selenium-remote-driver/3.141.59/selenium-remote-driver-3.141.59.jar:/Users/harneetkaur/.m2/repository/org/seleniumhq/selenium/selenium-safari-driver/3.141.59/selenium-safari-driver-3.141.59.jar:/Users/harneetkaur/.m2/repository/org/seleniumhq/selenium/selenium-support/3.141.59/selenium-support-3.141.59.jar:/Users/harneetkaur/.m2/repository/com/beust/jcommander/1.72/jcommander-1.72.jar:/Users/harneetkaur/.m2/repository/net/bytebuddy/byte-buddy/1.8.15/byte-buddy-1.8.15.jar:/Users/harneetkaur/.m2/repository/org/apache/commons/commons-exec/1.3/commons-exec-1.3.jar:/Users/harneetkaur/.m2/repository/com/google/guava/guava/25.0-jre/guava-25.0-jre.jar:/Users/harneetkaur/.m2/repository/org/checkerframework/checker-compat-qual/2.0.0/checker-compat-qual-2.0.0.jar:/Users/harneetkaur/.m2/repository/com/google/errorprone/error_prone_annotations/2.1.3/error_prone_annotations-2.1.3.jar:/Users/harneetkaur/.m2/repository/com/google/j2objc/j2objc-annotations/1.1/j2objc-annotations-1.1.jar:/Users/harneetkaur/.m2/repository/org/codehaus/mojo/animal-sniffer-annotations/1.14/animal-sniffer-annotations-1.14.jar:/Users/harneetkaur/.m2/repository/net/jcip/jcip-annotations/1.0/jcip-annotations-1.0.jar:/Users/harneetkaur/.m2/repository/org/seleniumhq/selenium/jetty-repacked/9.4.12.v20180830/jetty-repacked-9.4.12.v20180830.jar:/Users/harneetkaur/.m2/repository/com/squareup/okhttp3/okhttp/3.11.0/okhttp-3.11.0.jar:/Users/harneetkaur/.m2/repository/com/squareup/okio/okio/1.14.0/okio-1.14.0.jar:/Users/harneetkaur/.m2/repository/javax/servlet/javax.servlet-api/3.1.0/javax.servlet-api-3.1.0.jar:/Users/harneetkaur/.m2/repository/org/yaml/snakeyaml/1.19/snakeyaml-1.19.jar:/Users/harneetkaur/.m2/repository/io/github/bonigarcia/webdrivermanager/5.3.2/webdrivermanager-5.3.2.jar:/Users/harneetkaur/.m2/repository/org/slf4j/slf4j-api/2.0.6/slf4j-api-2.0.6.jar:/Users/harneetkaur/.m2/repository/com/google/code/gson/gson/2.10.1/gson-2.10.1.jar:/Users/harneetkaur/.m2/repository/com/github/docker-java/docker-java/3.2.14/docker-java-3.2.14.jar:/Users/harneetkaur/.m2/repository/com/github/docker-java/docker-java-core/3.2.14/docker-java-core-3.2.14.jar:/Users/harneetkaur/.m2/repository/com/github/docker-java/docker-java-api/3.2.14/docker-java-api-3.2.14.jar:/Users/harneetkaur/.m2/repository/com/fasterxml/jackson/core/jackson-annotations/2.10.3/jackson-annotations-2.10.3.jar:/Users/harneetkaur/.m2/repository/commons-io/commons-io/2.6/commons-io-2.6.jar:/Users/harneetkaur/.m2/repository/org/apache/commons/commons-compress/1.21/commons-compress-1.21.jar:/Users/harneetkaur/.m2/repository/com/fasterxml/jackson/core/jackson-databind/2.10.3/jackson-databind-2.10.3.jar:/Users/harneetkaur/.m2/repository/com/fasterxml/jackson/core/jackson-core/2.10.3/jackson-core-2.10.3.jar:/Users/harneetkaur/.m2/repository/org/bouncycastle/bcpkix-jdk15on/1.64/bcpkix-jdk15on-1.64.jar:/Users/harneetkaur/.m2/repository/org/bouncycastle/bcprov-jdk15on/1.64/bcprov-jdk15on-1.64.jar:/Users/harneetkaur/.m2/repository/org/slf4j/jcl-over-slf4j/1.7.30/jcl-over-slf4j-1.7.30.jar:/Users/harneetkaur/.m2/repository/com/github/docker-java/docker-java-transport-httpclient5/3.2.14/docker-java-transport-httpclient5-3.2.14.jar:/Users/harneetkaur/.m2/repository/com/github/docker-java/docker-java-transport/3.2.14/docker-java-transport-3.2.14.jar:/Users/harneetkaur/.m2/repository/net/java/dev/jna/jna/5.12.1/jna-5.12.1.jar:/Users/harneetkaur/.m2/repository/org/brotli/dec/0.1.2/dec-0.1.2.jar:/Users/harneetkaur/.m2/repository/org/apache/commons/commons-lang3/3.12.0/commons-lang3-3.12.0.jar:/Users/harneetkaur/.m2/repository/org/apache/httpcomponents/client5/httpclient5/5.2.1/httpclient5-5.2.1.jar:/Users/harneetkaur/.m2/repository/org/apache/httpcomponents/core5/httpcore5/5.2/httpcore5-5.2.jar:/Users/harneetkaur/.m2/repository/org/apache/httpcomponents/core5/httpcore5-h2/5.2/httpcore5-h2-5.2.jar:/Users/harneetkaur/.m2/repository/org/testng/testng/7.5/testng-7.5.jar:/Users/harneetkaur/.m2/repository/com/google/code/findbugs/jsr305/3.0.1/jsr305-3.0.1.jar:/Users/harneetkaur/.m2/repository/org/webjars/jquery/3.5.1/jquery-3.5.1.jar:/Users/harneetkaur/.m2/repository/com/aventstack/extentreports/3.0.0/extentreports-3.0.0.jar:/Users/harneetkaur/.m2/repository/org/freemarker/freemarker/2.3.23/freemarker-2.3.23.jar:/Users/harneetkaur/.m2/repository/org/mongodb/mongodb-driver/3.3.0/mongodb-driver-3.3.0.jar:/Users/harneetkaur/.m2/repository/org/mongodb/bson/3.3.0/bson-3.3.0.jar:/Users/harneetkaur/.m2/repository/org/mongodb/mongodb-driver-core/3.3.0/mongodb-driver-core-3.3.0.jar:/Users/harneetkaur/.m2/repository/org/apache/httpcomponents/httpclient/4.5.2/httpclient-4.5.2.jar:/Users/harneetkaur/.m2/repository/org/apache/httpcomponents/httpcore/4.4.4/httpcore-4.4.4.jar:/Users/harneetkaur/.m2/repository/commons-logging/commons-logging/1.2/commons-logging-1.2.jar:/Users/harneetkaur/.m2/repository/org/apache/httpcomponents/httpmime/4.5.2/httpmime-4.5.2.jar:/Users/harneetkaur/.m2/repository/log4j/log4j/1.2.17/log4j-1.2.17.jar:"/>
    <property name="sun.cpu.endian" value="little"/>
    <property name="user.home" value="/Users/harneetkaur"/>
    <property name="user.language" value="en"/>
    <property name="java.specification.vendor" value="Oracle Corporation"/>
    <property name="java.version.date" value="2021-10-19"/>
    <property name="java.home" value="/Library/Java/JavaVirtualMachines/jdk-17.0.1.jdk/Contents/Home"/>
    <property name="file.separator" value="/"/>
    <property name="basedir" value="/Users/harneetkaur/eclipse-workspace/TestNGFramework"/>
    <property name="java.vm.compressedOopsMode" value="Zero based"/>
    <property name="line.separator" value="&#10;"/>
    <property name="java.vm.specification.vendor" value="Oracle Corporation"/>
    <property name="java.specification.name" value="Java Platform API Specification"/>
    <property name="surefire.real.class.path" value="/Users/harneetkaur/eclipse-workspace/TestNGFramework/target/surefire/surefirebooter-20230824173351596_3.jar"/>
    <property name="sun.management.compiler" value="HotSpot 64-Bit Tiered Compilers"/>
    <property name="ftp.nonProxyHosts" value="local|*.local|169.254/16|*.169.254/16"/>
    <property name="java.runtime.version" value="17.0.1+12-LTS-39"/>
    <property name="user.name" value="harneetkaur"/>
    <property name="path.separator" value=":"/>
    <property name="os.version" value="13.3.1"/>
    <property name="java.runtime.name" value="Java(TM) SE Runtime Environment"/>
    <property name="file.encoding" value="UTF-8"/>
    <property name="java.vm.name" value="Java HotSpot(TM) 64-Bit Server VM"/>
    <property name="localRepository" value="/Users/harneetkaur/.m2/repository"/>
    <property name="java.vendor.url.bug" value="https://bugreport.java.com/bugreport/"/>
    <property name="java.io.tmpdir" value="/var/folders/l6/6wms2f053xnf6tg9y1d_07c00000gn/T/"/>
    <property name="java.version" value="17.0.1"/>
    <property name="user.dir" value="/Users/harneetkaur/eclipse-workspace/TestNGFramework"/>
    <property name="os.arch" value="aarch64"/>
    <property name="java.vm.specification.name" value="Java Virtual Machine Specification"/>
    <property name="native.encoding" value="UTF-8"/>
    <property name="java.library.path" value="/Users/harneetkaur/Library/Java/Extensions:/Library/Java/Extensions:/Network/Library/Java/Extensions:/System/Library/Java/Extensions:/usr/lib/java:."/>
    <property name="java.vm.info" value="mixed mode, sharing"/>
    <property name="java.vendor" value="Oracle Corporation"/>
    <property name="java.vm.version" value="17.0.1+12-LTS-39"/>
    <property name="sun.io.unicode.encoding" value="UnicodeBig"/>
    <property name="socksNonProxyHosts" value="local|*.local|169.254/16|*.169.254/16"/>
    <property name="java.class.version" value="61.0"/>
    <property name="testng" value="Testng.xml"/>
  </properties>
  <testcase name="beforemethod" classname="com.training.testcases.LoginTest" time="2.669">
    <failure message="session not created: This version of ChromeDriver only supports Chrome version 114&#10;Current browser version is 116.0.5845.110 with binary path /Applications/Google Chrome.app/Contents/MacOS/Google Chrome&#10;Build info: version: &apos;3.141.59&apos;, revision: &apos;e82be7d358&apos;, time: &apos;2018-11-14T08:17:03&apos;&#10;System info: host: &apos;Harneets-MacBook-Pro.local&apos;, ip: &apos;fe80:0:0:0:cdd:4186:e6df:7f6c%en0&apos;, os.name: &apos;Mac OS X&apos;, os.arch: &apos;aarch64&apos;, os.version: &apos;13.3.1&apos;, java.version: &apos;17.0.1&apos;&#10;Driver info: driver.version: ChromeDriver&#10;remote stacktrace: 0   chromedriver                        0x0000000102553f48 chromedriver + 4226888&#10;1   chromedriver                        0x000000010254c4f4 chromedriver + 4195572&#10;2   chromedriver                        0x0000000102190d68 chromedriver + 281960&#10;3   chromedriver                        0x00000001021bcbac chromedriver + 461740&#10;4   chromedriver                        0x00000001021b8fd8 chromedriver + 446424&#10;5   chromedriver                        0x00000001021b6150 chromedriver + 434512&#10;6   chromedriver                        0x00000001021f393c chromedriver + 686396&#10;7   chromedriver                        0x00000001021f3164 chromedriver + 684388&#10;8   chromedriver                        0x00000001021bff1c chromedriver + 474908&#10;9   chromedriver                        0x00000001021c0ef4 chromedriver + 478964&#10;10  chromedriver                        0x000000010251559c chromedriver + 3970460&#10;11  chromedriver                        0x00000001025196f0 chromedriver + 3987184&#10;12  chromedriver                        0x000000010251f5b4 chromedriver + 4011444&#10;13  chromedriver                        0x000000010251a2fc chromedriver + 3990268&#10;14  chromedriver                        0x00000001024f21c0 chromedriver + 3826112&#10;15  chromedriver                        0x0000000102536088 chromedriver + 4104328&#10;16  chromedriver                        0x00000001025361e0 chromedriver + 4104672&#10;17  chromedriver                        0x0000000102545f28 chromedriver + 4169512&#10;18  libsystem_pthread.dylib             0x00000001922c3fa8 _pthread_start + 148&#10;19  libsystem_pthread.dylib             0x00000001922beda0 thread_start + 8&#10;" type="org.openqa.selenium.SessionNotCreatedException"><![CDATA[org.openqa.selenium.SessionNotCreatedException: 
session not created: This version of ChromeDriver only supports Chrome version 114
Current browser version is 116.0.5845.110 with binary path /Applications/Google Chrome.app/Contents/MacOS/Google Chrome
Build info: version: '3.141.59', revision: 'e82be7d358', time: '2018-11-14T08:17:03'
System info: host: 'Harneets-MacBook-Pro.local', ip: 'fe80:0:0:0:cdd:4186:e6df:7f6c%en0', os.name: 'Mac OS X', os.arch: 'aarch64', os.version: '13.3.1', java.version: '17.0.1'
Driver info: driver.version: ChromeDriver
remote stacktrace: 0   chromedriver                        0x0000000102553f48 chromedriver + 4226888
1   chromedriver                        0x000000010254c4f4 chromedriver + 4195572
2   chromedriver                        0x0000000102190d68 chromedriver + 281960
3   chromedriver                        0x00000001021bcbac chromedriver + 461740
4   chromedriver                        0x00000001021b8fd8 chromedriver + 446424
5   chromedriver                        0x00000001021b6150 chromedriver + 434512
6   chromedriver                        0x00000001021f393c chromedriver + 686396
7   chromedriver                        0x00000001021f3164 chromedriver + 684388
8   chromedriver                        0x00000001021bff1c chromedriver + 474908
9   chromedriver                        0x00000001021c0ef4 chromedriver + 478964
10  chromedriver                        0x000000010251559c chromedriver + 3970460
11  chromedriver                        0x00000001025196f0 chromedriver + 3987184
12  chromedriver                        0x000000010251f5b4 chromedriver + 4011444
13  chromedriver                        0x000000010251a2fc chromedriver + 3990268
14  chromedriver                        0x00000001024f21c0 chromedriver + 3826112
15  chromedriver                        0x0000000102536088 chromedriver + 4104328
16  chromedriver                        0x00000001025361e0 chromedriver + 4104672
17  chromedriver                        0x0000000102545f28 chromedriver + 4169512
18  libsystem_pthread.dylib             0x00000001922c3fa8 _pthread_start + 148
19  libsystem_pthread.dylib             0x00000001922beda0 thread_start + 8

	at java.base/jdk.internal.reflect.NativeConstructorAccessorImpl.newInstance0(Native Method)
	at java.base/jdk.internal.reflect.NativeConstructorAccessorImpl.newInstance(NativeConstructorAccessorImpl.java:77)
	at java.base/jdk.internal.reflect.DelegatingConstructorAccessorImpl.newInstance(DelegatingConstructorAccessorImpl.java:45)
	at java.base/java.lang.reflect.Constructor.newInstanceWithCaller(Constructor.java:499)
	at java.base/java.lang.reflect.Constructor.newInstance(Constructor.java:480)
	at org.openqa.selenium.remote.W3CHandshakeResponse.lambda$errorHandler$0(W3CHandshakeResponse.java:62)
	at org.openqa.selenium.remote.HandshakeResponse.lambda$getResponseFunction$0(HandshakeResponse.java:30)
	at org.openqa.selenium.remote.ProtocolHandshake.lambda$createSession$0(ProtocolHandshake.java:126)
	at java.base/java.util.stream.ReferencePipeline$3$1.accept(ReferencePipeline.java:197)
	at java.base/java.util.Spliterators$ArraySpliterator.tryAdvance(Spliterators.java:1002)
	at java.base/java.util.stream.ReferencePipeline.forEachWithCancel(ReferencePipeline.java:129)
	at java.base/java.util.stream.AbstractPipeline.copyIntoWithCancel(AbstractPipeline.java:527)
	at java.base/java.util.stream.AbstractPipeline.copyInto(AbstractPipeline.java:513)
	at java.base/java.util.stream.AbstractPipeline.wrapAndCopyInto(AbstractPipeline.java:499)
	at java.base/java.util.stream.FindOps$FindOp.evaluateSequential(FindOps.java:150)
	at java.base/java.util.stream.AbstractPipeline.evaluate(AbstractPipeline.java:234)
	at java.base/java.util.stream.ReferencePipeline.findFirst(ReferencePipeline.java:647)
	at org.openqa.selenium.remote.ProtocolHandshake.createSession(ProtocolHandshake.java:128)
	at org.openqa.selenium.remote.ProtocolHandshake.createSession(ProtocolHandshake.java:74)
	at org.openqa.selenium.remote.HttpCommandExecutor.execute(HttpCommandExecutor.java:136)
	at org.openqa.selenium.remote.service.DriverCommandExecutor.execute(DriverCommandExecutor.java:83)
	at org.openqa.selenium.remote.RemoteWebDriver.execute(RemoteWebDriver.java:552)
	at org.openqa.selenium.remote.RemoteWebDriver.startSession(RemoteWebDriver.java:213)
	at org.openqa.selenium.remote.RemoteWebDriver.<init>(RemoteWebDriver.java:131)
	at org.openqa.selenium.chrome.ChromeDriver.<init>(ChromeDriver.java:181)
	at org.openqa.selenium.chrome.ChromeDriver.<init>(ChromeDriver.java:168)
	at org.openqa.selenium.chrome.ChromeDriver.<init>(ChromeDriver.java:123)
	at com.training.base.BaseTest.getDriver(BaseTest.java:29)
	at com.training.testcases.LoginTest.beforemethod(LoginTest.java:30)
	at java.base/jdk.internal.reflect.NativeMethodAccessorImpl.invoke0(Native Method)
	at java.base/jdk.internal.reflect.NativeMethodAccessorImpl.invoke(NativeMethodAccessorImpl.java:77)
	at java.base/jdk.internal.reflect.DelegatingMethodAccessorImpl.invoke(DelegatingMethodAccessorImpl.java:43)
	at java.base/java.lang.reflect.Method.invoke(Method.java:568)
	at org.testng.internal.invokers.MethodInvocationHelper.invokeMethod(MethodInvocationHelper.java:135)
	at org.testng.internal.invokers.MethodInvocationHelper.invokeMethodConsideringTimeout(MethodInvocationHelper.java:65)
	at org.testng.internal.invokers.ConfigInvoker.invokeConfigurationMethod(ConfigInvoker.java:381)
	at org.testng.internal.invokers.ConfigInvoker.invokeConfigurations(ConfigInvoker.java:319)
	at org.testng.internal.invokers.TestInvoker.runConfigMethods(TestInvoker.java:803)
	at org.testng.internal.invokers.TestInvoker.invokeMethod(TestInvoker.java:589)
	at org.testng.internal.invokers.TestInvoker.invokeTestMethod(TestInvoker.java:220)
	at org.testng.internal.invokers.MethodRunner.runInSequence(MethodRunner.java:50)
	at org.testng.internal.invokers.TestInvoker$MethodInvocationAgent.invoke(TestInvoker.java:945)
	at org.testng.internal.invokers.TestInvoker.invokeTestMethods(TestInvoker.java:193)
	at org.testng.internal.invokers.TestMethodWorker.invokeTestMethods(TestMethodWorker.java:146)
	at org.testng.internal.invokers.TestMethodWorker.run(TestMethodWorker.java:128)
	at java.base/java.util.ArrayList.forEach(ArrayList.java:1511)
	at org.testng.TestRunner.privateRun(TestRunner.java:808)
	at org.testng.TestRunner.run(TestRunner.java:603)
	at org.testng.SuiteRunner.runTest(SuiteRunner.java:429)
	at org.testng.SuiteRunner.runSequentially(SuiteRunner.java:423)
	at org.testng.SuiteRunner.privateRun(SuiteRunner.java:383)
	at org.testng.SuiteRunner.run(SuiteRunner.java:326)
	at org.testng.SuiteRunnerWorker.runSuite(SuiteRunnerWorker.java:52)
	at org.testng.SuiteRunnerWorker.run(SuiteRunnerWorker.java:95)
	at org.testng.TestNG.runSuitesSequentially(TestNG.java:1249)
	at org.testng.TestNG.runSuitesLocally(TestNG.java:1169)
	at org.testng.TestNG.runSuites(TestNG.java:1092)
	at org.testng.TestNG.run(TestNG.java:1060)
	at org.apache.maven.surefire.testng.TestNGExecutor.run(TestNGExecutor.java:308)
	at org.apache.maven.surefire.testng.TestNGXmlTestSuite.execute(TestNGXmlTestSuite.java:71)
	at org.apache.maven.surefire.testng.TestNGProvider.invoke(TestNGProvider.java:113)
	at org.apache.maven.surefire.booter.ForkedBooter.runSuitesInProcess(ForkedBooter.java:385)
	at org.apache.maven.surefire.booter.ForkedBooter.execute(ForkedBooter.java:162)
	at org.apache.maven.surefire.booter.ForkedBooter.run(ForkedBooter.java:507)
	at org.apache.maven.surefire.booter.ForkedBooter.main(ForkedBooter.java:495)
]]></failure>
    <system-out><![CDATA[*** Test Suite UserMenuDropDown started ***
]]></system-out>
    <system-err><![CDATA[SLF4J: No SLF4J providers were found.
SLF4J: Defaulting to no-operation (NOP) logger implementation
SLF4J: See https://www.slf4j.org/codes.html#noProviders for further details.
Starting ChromeDriver 114.0.5735.90 (386bc09e8f4f2e025eddae123f36f6263096ae49-refs/branch-heads/5735@{#1052}) on port 24614
Only local connections are allowed.
Please see https://chromedriver.chromium.org/security-considerations for suggestions on keeping ChromeDriver safe.
ChromeDriver was started successfully.
]]></system-err>
  </testcase>
  <testcase name="beforemethod" classname="com.training.testcases.LoginTest" time="0">
    <skipped/>
  </testcase>
  <testcase name="login" classname="com.training.testcases.LoginTest" time="0">
    <skipped message="session not created: This version of ChromeDriver only supports Chrome version 114&#10;Current browser version is 116.0.5845.110 with binary path /Applications/Google Chrome.app/Contents/MacOS/Google Chrome&#10;Build info: version: &apos;3.141.59&apos;, revision: &apos;e82be7d358&apos;, time: &apos;2018-11-14T08:17:03&apos;&#10;System info: host: &apos;Harneets-MacBook-Pro.local&apos;, ip: &apos;fe80:0:0:0:cdd:4186:e6df:7f6c%en0&apos;, os.name: &apos;Mac OS X&apos;, os.arch: &apos;aarch64&apos;, os.version: &apos;13.3.1&apos;, java.version: &apos;17.0.1&apos;&#10;Driver info: driver.version: ChromeDriver&#10;remote stacktrace: 0   chromedriver                        0x0000000102553f48 chromedriver + 4226888&#10;1   chromedriver                        0x000000010254c4f4 chromedriver + 4195572&#10;2   chromedriver                        0x0000000102190d68 chromedriver + 281960&#10;3   chromedriver                        0x00000001021bcbac chromedriver + 461740&#10;4   chromedriver                        0x00000001021b8fd8 chromedriver + 446424&#10;5   chromedriver                        0x00000001021b6150 chromedriver + 434512&#10;6   chromedriver                        0x00000001021f393c chromedriver + 686396&#10;7   chromedriver                        0x00000001021f3164 chromedriver + 684388&#10;8   chromedriver                        0x00000001021bff1c chromedriver + 474908&#10;9   chromedriver                        0x00000001021c0ef4 chromedriver + 478964&#10;10  chromedriver                        0x000000010251559c chromedriver + 3970460&#10;11  chromedriver                        0x00000001025196f0 chromedriver + 3987184&#10;12  chromedriver                        0x000000010251f5b4 chromedriver + 4011444&#10;13  chromedriver                        0x000000010251a2fc chromedriver + 3990268&#10;14  chromedriver                        0x00000001024f21c0 chromedriver + 3826112&#10;15  chromedriver                        0x0000000102536088 chromedriver + 4104328&#10;16  chromedriver                        0x00000001025361e0 chromedriver + 4104672&#10;17  chromedriver                        0x0000000102545f28 chromedriver + 4169512&#10;18  libsystem_pthread.dylib             0x00000001922c3fa8 _pthread_start + 148&#10;19  libsystem_pthread.dylib             0x00000001922beda0 thread_start + 8&#10;"/>
    <system-out><![CDATA[*** Running test method login...
Directory already exists: /Users/harneetkaur/eclipse-workspace/TestNGFramework/ExtentReport
*** Test login skipped...
]]></system-out>
  </testcase>
  <testcase name="teardown" classname="com.training.testcases.LoginTest" time="0">
    <skipped/>
  </testcase>
  <testcase name="teardown" classname="com.training.testcases.LoginTest" time="0">
    <skipped/>
  </testcase>
  <testcase name="loginandclickonhometab" classname="com.training.testcases.LoginTest" time="0">
    <skipped message="session not created: This version of ChromeDriver only supports Chrome version 114&#10;Current browser version is 116.0.5845.110 with binary path /Applications/Google Chrome.app/Contents/MacOS/Google Chrome&#10;Build info: version: &apos;3.141.59&apos;, revision: &apos;e82be7d358&apos;, time: &apos;2018-11-14T08:17:03&apos;&#10;System info: host: &apos;Harneets-MacBook-Pro.local&apos;, ip: &apos;fe80:0:0:0:cdd:4186:e6df:7f6c%en0&apos;, os.name: &apos;Mac OS X&apos;, os.arch: &apos;aarch64&apos;, os.version: &apos;13.3.1&apos;, java.version: &apos;17.0.1&apos;&#10;Driver info: driver.version: ChromeDriver&#10;remote stacktrace: 0   chromedriver                        0x0000000102553f48 chromedriver + 4226888&#10;1   chromedriver                        0x000000010254c4f4 chromedriver + 4195572&#10;2   chromedriver                        0x0000000102190d68 chromedriver + 281960&#10;3   chromedriver                        0x00000001021bcbac chromedriver + 461740&#10;4   chromedriver                        0x00000001021b8fd8 chromedriver + 446424&#10;5   chromedriver                        0x00000001021b6150 chromedriver + 434512&#10;6   chromedriver                        0x00000001021f393c chromedriver + 686396&#10;7   chromedriver                        0x00000001021f3164 chromedriver + 684388&#10;8   chromedriver                        0x00000001021bff1c chromedriver + 474908&#10;9   chromedriver                        0x00000001021c0ef4 chromedriver + 478964&#10;10  chromedriver                        0x000000010251559c chromedriver + 3970460&#10;11  chromedriver                        0x00000001025196f0 chromedriver + 3987184&#10;12  chromedriver                        0x000000010251f5b4 chromedriver + 4011444&#10;13  chromedriver                        0x000000010251a2fc chromedriver + 3990268&#10;14  chromedriver                        0x00000001024f21c0 chromedriver + 3826112&#10;15  chromedriver                        0x0000000102536088 chromedriver + 4104328&#10;16  chromedriver                        0x00000001025361e0 chromedriver + 4104672&#10;17  chromedriver                        0x0000000102545f28 chromedriver + 4169512&#10;18  libsystem_pthread.dylib             0x00000001922c3fa8 _pthread_start + 148&#10;19  libsystem_pthread.dylib             0x00000001922beda0 thread_start + 8&#10;"/>
    <system-out><![CDATA[*** Running test method loginandclickonhometab...
*** Test loginandclickonhometab skipped...
]]></system-out>
  </testcase>
  <testcase name="beforeMethod" classname="com.training.testcases.SFDC_Test" time="0.951">
    <failure message="session not created: This version of ChromeDriver only supports Chrome version 114&#10;Current browser version is 116.0.5845.110 with binary path /Applications/Google Chrome.app/Contents/MacOS/Google Chrome&#10;Build info: version: &apos;3.141.59&apos;, revision: &apos;e82be7d358&apos;, time: &apos;2018-11-14T08:17:03&apos;&#10;System info: host: &apos;Harneets-MacBook-Pro.local&apos;, ip: &apos;fe80:0:0:0:cdd:4186:e6df:7f6c%en0&apos;, os.name: &apos;Mac OS X&apos;, os.arch: &apos;aarch64&apos;, os.version: &apos;13.3.1&apos;, java.version: &apos;17.0.1&apos;&#10;Driver info: driver.version: ChromeDriver&#10;remote stacktrace: 0   chromedriver                        0x0000000102c13f48 chromedriver + 4226888&#10;1   chromedriver                        0x0000000102c0c4f4 chromedriver + 4195572&#10;2   chromedriver                        0x0000000102850d68 chromedriver + 281960&#10;3   chromedriver                        0x000000010287cbac chromedriver + 461740&#10;4   chromedriver                        0x0000000102878fd8 chromedriver + 446424&#10;5   chromedriver                        0x0000000102876150 chromedriver + 434512&#10;6   chromedriver                        0x00000001028b393c chromedriver + 686396&#10;7   chromedriver                        0x00000001028b3164 chromedriver + 684388&#10;8   chromedriver                        0x000000010287ff1c chromedriver + 474908&#10;9   chromedriver                        0x0000000102880ef4 chromedriver + 478964&#10;10  chromedriver                        0x0000000102bd559c chromedriver + 3970460&#10;11  chromedriver                        0x0000000102bd96f0 chromedriver + 3987184&#10;12  chromedriver                        0x0000000102bdf5b4 chromedriver + 4011444&#10;13  chromedriver                        0x0000000102bda2fc chromedriver + 3990268&#10;14  chromedriver                        0x0000000102bb21c0 chromedriver + 3826112&#10;15  chromedriver                        0x0000000102bf6088 chromedriver + 4104328&#10;16  chromedriver                        0x0000000102bf61e0 chromedriver + 4104672&#10;17  chromedriver                        0x0000000102c05f28 chromedriver + 4169512&#10;18  libsystem_pthread.dylib             0x00000001922c3fa8 _pthread_start + 148&#10;19  libsystem_pthread.dylib             0x00000001922beda0 thread_start + 8&#10;" type="org.openqa.selenium.SessionNotCreatedException"><![CDATA[org.openqa.selenium.SessionNotCreatedException: 
session not created: This version of ChromeDriver only supports Chrome version 114
Current browser version is 116.0.5845.110 with binary path /Applications/Google Chrome.app/Contents/MacOS/Google Chrome
Build info: version: '3.141.59', revision: 'e82be7d358', time: '2018-11-14T08:17:03'
System info: host: 'Harneets-MacBook-Pro.local', ip: 'fe80:0:0:0:cdd:4186:e6df:7f6c%en0', os.name: 'Mac OS X', os.arch: 'aarch64', os.version: '13.3.1', java.version: '17.0.1'
Driver info: driver.version: ChromeDriver
remote stacktrace: 0   chromedriver                        0x0000000102c13f48 chromedriver + 4226888
1   chromedriver                        0x0000000102c0c4f4 chromedriver + 4195572
2   chromedriver                        0x0000000102850d68 chromedriver + 281960
3   chromedriver                        0x000000010287cbac chromedriver + 461740
4   chromedriver                        0x0000000102878fd8 chromedriver + 446424
5   chromedriver                        0x0000000102876150 chromedriver + 434512
6   chromedriver                        0x00000001028b393c chromedriver + 686396
7   chromedriver                        0x00000001028b3164 chromedriver + 684388
8   chromedriver                        0x000000010287ff1c chromedriver + 474908
9   chromedriver                        0x0000000102880ef4 chromedriver + 478964
10  chromedriver                        0x0000000102bd559c chromedriver + 3970460
11  chromedriver                        0x0000000102bd96f0 chromedriver + 3987184
12  chromedriver                        0x0000000102bdf5b4 chromedriver + 4011444
13  chromedriver                        0x0000000102bda2fc chromedriver + 3990268
14  chromedriver                        0x0000000102bb21c0 chromedriver + 3826112
15  chromedriver                        0x0000000102bf6088 chromedriver + 4104328
16  chromedriver                        0x0000000102bf61e0 chromedriver + 4104672
17  chromedriver                        0x0000000102c05f28 chromedriver + 4169512
18  libsystem_pthread.dylib             0x00000001922c3fa8 _pthread_start + 148
19  libsystem_pthread.dylib             0x00000001922beda0 thread_start + 8

	at java.base/jdk.internal.reflect.NativeConstructorAccessorImpl.newInstance0(Native Method)
	at java.base/jdk.internal.reflect.NativeConstructorAccessorImpl.newInstance(NativeConstructorAccessorImpl.java:77)
	at java.base/jdk.internal.reflect.DelegatingConstructorAccessorImpl.newInstance(DelegatingConstructorAccessorImpl.java:45)
	at java.base/java.lang.reflect.Constructor.newInstanceWithCaller(Constructor.java:499)
	at java.base/java.lang.reflect.Constructor.newInstance(Constructor.java:480)
	at org.openqa.selenium.remote.W3CHandshakeResponse.lambda$errorHandler$0(W3CHandshakeResponse.java:62)
	at org.openqa.selenium.remote.HandshakeResponse.lambda$getResponseFunction$0(HandshakeResponse.java:30)
	at org.openqa.selenium.remote.ProtocolHandshake.lambda$createSession$0(ProtocolHandshake.java:126)
	at java.base/java.util.stream.ReferencePipeline$3$1.accept(ReferencePipeline.java:197)
	at java.base/java.util.Spliterators$ArraySpliterator.tryAdvance(Spliterators.java:1002)
	at java.base/java.util.stream.ReferencePipeline.forEachWithCancel(ReferencePipeline.java:129)
	at java.base/java.util.stream.AbstractPipeline.copyIntoWithCancel(AbstractPipeline.java:527)
	at java.base/java.util.stream.AbstractPipeline.copyInto(AbstractPipeline.java:513)
	at java.base/java.util.stream.AbstractPipeline.wrapAndCopyInto(AbstractPipeline.java:499)
	at java.base/java.util.stream.FindOps$FindOp.evaluateSequential(FindOps.java:150)
	at java.base/java.util.stream.AbstractPipeline.evaluate(AbstractPipeline.java:234)
	at java.base/java.util.stream.ReferencePipeline.findFirst(ReferencePipeline.java:647)
	at org.openqa.selenium.remote.ProtocolHandshake.createSession(ProtocolHandshake.java:128)
	at org.openqa.selenium.remote.ProtocolHandshake.createSession(ProtocolHandshake.java:74)
	at org.openqa.selenium.remote.HttpCommandExecutor.execute(HttpCommandExecutor.java:136)
	at org.openqa.selenium.remote.service.DriverCommandExecutor.execute(DriverCommandExecutor.java:83)
	at org.openqa.selenium.remote.RemoteWebDriver.execute(RemoteWebDriver.java:552)
	at org.openqa.selenium.remote.RemoteWebDriver.startSession(RemoteWebDriver.java:213)
	at org.openqa.selenium.remote.RemoteWebDriver.<init>(RemoteWebDriver.java:131)
	at org.openqa.selenium.chrome.ChromeDriver.<init>(ChromeDriver.java:181)
	at org.openqa.selenium.chrome.ChromeDriver.<init>(ChromeDriver.java:168)
	at org.openqa.selenium.chrome.ChromeDriver.<init>(ChromeDriver.java:123)
	at com.training.base.BaseTest.getDriver(BaseTest.java:29)
	at com.training.testcases.SFDC_Test.beforeMethod(SFDC_Test.java:21)
	at java.base/jdk.internal.reflect.NativeMethodAccessorImpl.invoke0(Native Method)
	at java.base/jdk.internal.reflect.NativeMethodAccessorImpl.invoke(NativeMethodAccessorImpl.java:77)
	at java.base/jdk.internal.reflect.DelegatingMethodAccessorImpl.invoke(DelegatingMethodAccessorImpl.java:43)
	at java.base/java.lang.reflect.Method.invoke(Method.java:568)
	at org.testng.internal.invokers.MethodInvocationHelper.invokeMethod(MethodInvocationHelper.java:135)
	at org.testng.internal.invokers.MethodInvocationHelper.invokeMethodConsideringTimeout(MethodInvocationHelper.java:65)
	at org.testng.internal.invokers.ConfigInvoker.invokeConfigurationMethod(ConfigInvoker.java:381)
	at org.testng.internal.invokers.ConfigInvoker.invokeConfigurations(ConfigInvoker.java:319)
	at org.testng.internal.invokers.TestInvoker.runConfigMethods(TestInvoker.java:803)
	at org.testng.internal.invokers.TestInvoker.invokeMethod(TestInvoker.java:589)
	at org.testng.internal.invokers.TestInvoker.invokeTestMethod(TestInvoker.java:220)
	at org.testng.internal.invokers.MethodRunner.runInSequence(MethodRunner.java:50)
	at org.testng.internal.invokers.TestInvoker$MethodInvocationAgent.invoke(TestInvoker.java:945)
	at org.testng.internal.invokers.TestInvoker.invokeTestMethods(TestInvoker.java:193)
	at org.testng.internal.invokers.TestMethodWorker.invokeTestMethods(TestMethodWorker.java:146)
	at org.testng.internal.invokers.TestMethodWorker.run(TestMethodWorker.java:128)
	at java.base/java.util.ArrayList.forEach(ArrayList.java:1511)
	at org.testng.TestRunner.privateRun(TestRunner.java:808)
	at org.testng.TestRunner.run(TestRunner.java:603)
	at org.testng.SuiteRunner.runTest(SuiteRunner.java:429)
	at org.testng.SuiteRunner.runSequentially(SuiteRunner.java:423)
	at org.testng.SuiteRunner.privateRun(SuiteRunner.java:383)
	at org.testng.SuiteRunner.run(SuiteRunner.java:326)
	at org.testng.SuiteRunnerWorker.runSuite(SuiteRunnerWorker.java:52)
	at org.testng.SuiteRunnerWorker.run(SuiteRunnerWorker.java:95)
	at org.testng.TestNG.runSuitesSequentially(TestNG.java:1249)
	at org.testng.TestNG.runSuitesLocally(TestNG.java:1169)
	at org.testng.TestNG.runSuites(TestNG.java:1092)
	at org.testng.TestNG.run(TestNG.java:1060)
	at org.apache.maven.surefire.testng.TestNGExecutor.run(TestNGExecutor.java:308)
	at org.apache.maven.surefire.testng.TestNGXmlTestSuite.execute(TestNGXmlTestSuite.java:71)
	at org.apache.maven.surefire.testng.TestNGProvider.invoke(TestNGProvider.java:113)
	at org.apache.maven.surefire.booter.ForkedBooter.runSuitesInProcess(ForkedBooter.java:385)
	at org.apache.maven.surefire.booter.ForkedBooter.execute(ForkedBooter.java:162)
	at org.apache.maven.surefire.booter.ForkedBooter.run(ForkedBooter.java:507)
	at org.apache.maven.surefire.booter.ForkedBooter.main(ForkedBooter.java:495)
]]></failure>
    <system-err><![CDATA[Starting ChromeDriver 114.0.5735.90 (386bc09e8f4f2e025eddae123f36f6263096ae49-refs/branch-heads/5735@{#1052}) on port 17005
Only local connections are allowed.
Please see https://chromedriver.chromium.org/security-considerations for suggestions on keeping ChromeDriver safe.
ChromeDriver was started successfully.
]]></system-err>
  </testcase>
  <testcase name="beforeMethod" classname="com.training.testcases.SFDC_Test" time="0">
    <skipped/>
  </testcase>
  <testcase name="beforeMethod" classname="com.training.testcases.SFDC_Test" time="0">
    <skipped/>
  </testcase>
  <testcase name="checkRememberMe" classname="com.training.testcases.SFDC_Test" time="0">
    <skipped message="session not created: This version of ChromeDriver only supports Chrome version 114&#10;Current browser version is 116.0.5845.110 with binary path /Applications/Google Chrome.app/Contents/MacOS/Google Chrome&#10;Build info: version: &apos;3.141.59&apos;, revision: &apos;e82be7d358&apos;, time: &apos;2018-11-14T08:17:03&apos;&#10;System info: host: &apos;Harneets-MacBook-Pro.local&apos;, ip: &apos;fe80:0:0:0:cdd:4186:e6df:7f6c%en0&apos;, os.name: &apos;Mac OS X&apos;, os.arch: &apos;aarch64&apos;, os.version: &apos;13.3.1&apos;, java.version: &apos;17.0.1&apos;&#10;Driver info: driver.version: ChromeDriver&#10;remote stacktrace: 0   chromedriver                        0x0000000102c13f48 chromedriver + 4226888&#10;1   chromedriver                        0x0000000102c0c4f4 chromedriver + 4195572&#10;2   chromedriver                        0x0000000102850d68 chromedriver + 281960&#10;3   chromedriver                        0x000000010287cbac chromedriver + 461740&#10;4   chromedriver                        0x0000000102878fd8 chromedriver + 446424&#10;5   chromedriver                        0x0000000102876150 chromedriver + 434512&#10;6   chromedriver                        0x00000001028b393c chromedriver + 686396&#10;7   chromedriver                        0x00000001028b3164 chromedriver + 684388&#10;8   chromedriver                        0x000000010287ff1c chromedriver + 474908&#10;9   chromedriver                        0x0000000102880ef4 chromedriver + 478964&#10;10  chromedriver                        0x0000000102bd559c chromedriver + 3970460&#10;11  chromedriver                        0x0000000102bd96f0 chromedriver + 3987184&#10;12  chromedriver                        0x0000000102bdf5b4 chromedriver + 4011444&#10;13  chromedriver                        0x0000000102bda2fc chromedriver + 3990268&#10;14  chromedriver                        0x0000000102bb21c0 chromedriver + 3826112&#10;15  chromedriver                        0x0000000102bf6088 chromedriver + 4104328&#10;16  chromedriver                        0x0000000102bf61e0 chromedriver + 4104672&#10;17  chromedriver                        0x0000000102c05f28 chromedriver + 4169512&#10;18  libsystem_pthread.dylib             0x00000001922c3fa8 _pthread_start + 148&#10;19  libsystem_pthread.dylib             0x00000001922beda0 thread_start + 8&#10;"/>
    <system-out><![CDATA[*** Running test method checkRememberMe...
*** Test checkRememberMe skipped...
]]></system-out>
  </testcase>
  <testcase name="tearDown" classname="com.training.testcases.SFDC_Test" time="0">
    <skipped/>
  </testcase>
  <testcase name="tearDown" classname="com.training.testcases.SFDC_Test" time="0">
    <skipped/>
  </testcase>
  <testcase name="tearDown" classname="com.training.testcases.SFDC_Test" time="0">
    <skipped/>
  </testcase>
  <testcase name="loginError" classname="com.training.testcases.SFDC_Test" time="0">
    <skipped message="session not created: This version of ChromeDriver only supports Chrome version 114&#10;Current browser version is 116.0.5845.110 with binary path /Applications/Google Chrome.app/Contents/MacOS/Google Chrome&#10;Build info: version: &apos;3.141.59&apos;, revision: &apos;e82be7d358&apos;, time: &apos;2018-11-14T08:17:03&apos;&#10;System info: host: &apos;Harneets-MacBook-Pro.local&apos;, ip: &apos;fe80:0:0:0:cdd:4186:e6df:7f6c%en0&apos;, os.name: &apos;Mac OS X&apos;, os.arch: &apos;aarch64&apos;, os.version: &apos;13.3.1&apos;, java.version: &apos;17.0.1&apos;&#10;Driver info: driver.version: ChromeDriver&#10;remote stacktrace: 0   chromedriver                        0x0000000102c13f48 chromedriver + 4226888&#10;1   chromedriver                        0x0000000102c0c4f4 chromedriver + 4195572&#10;2   chromedriver                        0x0000000102850d68 chromedriver + 281960&#10;3   chromedriver                        0x000000010287cbac chromedriver + 461740&#10;4   chromedriver                        0x0000000102878fd8 chromedriver + 446424&#10;5   chromedriver                        0x0000000102876150 chromedriver + 434512&#10;6   chromedriver                        0x00000001028b393c chromedriver + 686396&#10;7   chromedriver                        0x00000001028b3164 chromedriver + 684388&#10;8   chromedriver                        0x000000010287ff1c chromedriver + 474908&#10;9   chromedriver                        0x0000000102880ef4 chromedriver + 478964&#10;10  chromedriver                        0x0000000102bd559c chromedriver + 3970460&#10;11  chromedriver                        0x0000000102bd96f0 chromedriver + 3987184&#10;12  chromedriver                        0x0000000102bdf5b4 chromedriver + 4011444&#10;13  chromedriver                        0x0000000102bda2fc chromedriver + 3990268&#10;14  chromedriver                        0x0000000102bb21c0 chromedriver + 3826112&#10;15  chromedriver                        0x0000000102bf6088 chromedriver + 4104328&#10;16  chromedriver                        0x0000000102bf61e0 chromedriver + 4104672&#10;17  chromedriver                        0x0000000102c05f28 chromedriver + 4169512&#10;18  libsystem_pthread.dylib             0x00000001922c3fa8 _pthread_start + 148&#10;19  libsystem_pthread.dylib             0x00000001922beda0 thread_start + 8&#10;"/>
    <system-out><![CDATA[*** Running test method loginError...
*** Test loginError skipped...
]]></system-out>
  </testcase>
  <testcase name="loginSucess" classname="com.training.testcases.SFDC_Test" time="0">
    <skipped message="session not created: This version of ChromeDriver only supports Chrome version 114&#10;Current browser version is 116.0.5845.110 with binary path /Applications/Google Chrome.app/Contents/MacOS/Google Chrome&#10;Build info: version: &apos;3.141.59&apos;, revision: &apos;e82be7d358&apos;, time: &apos;2018-11-14T08:17:03&apos;&#10;System info: host: &apos;Harneets-MacBook-Pro.local&apos;, ip: &apos;fe80:0:0:0:cdd:4186:e6df:7f6c%en0&apos;, os.name: &apos;Mac OS X&apos;, os.arch: &apos;aarch64&apos;, os.version: &apos;13.3.1&apos;, java.version: &apos;17.0.1&apos;&#10;Driver info: driver.version: ChromeDriver&#10;remote stacktrace: 0   chromedriver                        0x0000000102c13f48 chromedriver + 4226888&#10;1   chromedriver                        0x0000000102c0c4f4 chromedriver + 4195572&#10;2   chromedriver                        0x0000000102850d68 chromedriver + 281960&#10;3   chromedriver                        0x000000010287cbac chromedriver + 461740&#10;4   chromedriver                        0x0000000102878fd8 chromedriver + 446424&#10;5   chromedriver                        0x0000000102876150 chromedriver + 434512&#10;6   chromedriver                        0x00000001028b393c chromedriver + 686396&#10;7   chromedriver                        0x00000001028b3164 chromedriver + 684388&#10;8   chromedriver                        0x000000010287ff1c chromedriver + 474908&#10;9   chromedriver                        0x0000000102880ef4 chromedriver + 478964&#10;10  chromedriver                        0x0000000102bd559c chromedriver + 3970460&#10;11  chromedriver                        0x0000000102bd96f0 chromedriver + 3987184&#10;12  chromedriver                        0x0000000102bdf5b4 chromedriver + 4011444&#10;13  chromedriver                        0x0000000102bda2fc chromedriver + 3990268&#10;14  chromedriver                        0x0000000102bb21c0 chromedriver + 3826112&#10;15  chromedriver                        0x0000000102bf6088 chromedriver + 4104328&#10;16  chromedriver                        0x0000000102bf61e0 chromedriver + 4104672&#10;17  chromedriver                        0x0000000102c05f28 chromedriver + 4169512&#10;18  libsystem_pthread.dylib             0x00000001922c3fa8 _pthread_start + 148&#10;19  libsystem_pthread.dylib             0x00000001922beda0 thread_start + 8&#10;"/>
    <system-out><![CDATA[*** Running test method loginSucess...
*** Test loginSucess skipped...
]]></system-out>
  </testcase>
  <testcase name="beforemethod" classname="com.training.testcases.UserMenuDropDownTest" time="0.966">
    <failure message="session not created: This version of ChromeDriver only supports Chrome version 114&#10;Current browser version is 116.0.5845.110 with binary path /Applications/Google Chrome.app/Contents/MacOS/Google Chrome&#10;Build info: version: &apos;3.141.59&apos;, revision: &apos;e82be7d358&apos;, time: &apos;2018-11-14T08:17:03&apos;&#10;System info: host: &apos;Harneets-MacBook-Pro.local&apos;, ip: &apos;fe80:0:0:0:cdd:4186:e6df:7f6c%en0&apos;, os.name: &apos;Mac OS X&apos;, os.arch: &apos;aarch64&apos;, os.version: &apos;13.3.1&apos;, java.version: &apos;17.0.1&apos;&#10;Driver info: driver.version: ChromeDriver&#10;remote stacktrace: 0   chromedriver                        0x0000000102ecbf48 chromedriver + 4226888&#10;1   chromedriver                        0x0000000102ec44f4 chromedriver + 4195572&#10;2   chromedriver                        0x0000000102b08d68 chromedriver + 281960&#10;3   chromedriver                        0x0000000102b34bac chromedriver + 461740&#10;4   chromedriver                        0x0000000102b30fd8 chromedriver + 446424&#10;5   chromedriver                        0x0000000102b2e150 chromedriver + 434512&#10;6   chromedriver                        0x0000000102b6b93c chromedriver + 686396&#10;7   chromedriver                        0x0000000102b6b164 chromedriver + 684388&#10;8   chromedriver                        0x0000000102b37f1c chromedriver + 474908&#10;9   chromedriver                        0x0000000102b38ef4 chromedriver + 478964&#10;10  chromedriver                        0x0000000102e8d59c chromedriver + 3970460&#10;11  chromedriver                        0x0000000102e916f0 chromedriver + 3987184&#10;12  chromedriver                        0x0000000102e975b4 chromedriver + 4011444&#10;13  chromedriver                        0x0000000102e922fc chromedriver + 3990268&#10;14  chromedriver                        0x0000000102e6a1c0 chromedriver + 3826112&#10;15  chromedriver                        0x0000000102eae088 chromedriver + 4104328&#10;16  chromedriver                        0x0000000102eae1e0 chromedriver + 4104672&#10;17  chromedriver                        0x0000000102ebdf28 chromedriver + 4169512&#10;18  libsystem_pthread.dylib             0x00000001922c3fa8 _pthread_start + 148&#10;19  libsystem_pthread.dylib             0x00000001922beda0 thread_start + 8&#10;" type="org.openqa.selenium.SessionNotCreatedException"><![CDATA[org.openqa.selenium.SessionNotCreatedException: 
session not created: This version of ChromeDriver only supports Chrome version 114
Current browser version is 116.0.5845.110 with binary path /Applications/Google Chrome.app/Contents/MacOS/Google Chrome
Build info: version: '3.141.59', revision: 'e82be7d358', time: '2018-11-14T08:17:03'
System info: host: 'Harneets-MacBook-Pro.local', ip: 'fe80:0:0:0:cdd:4186:e6df:7f6c%en0', os.name: 'Mac OS X', os.arch: 'aarch64', os.version: '13.3.1', java.version: '17.0.1'
Driver info: driver.version: ChromeDriver
remote stacktrace: 0   chromedriver                        0x0000000102ecbf48 chromedriver + 4226888
1   chromedriver                        0x0000000102ec44f4 chromedriver + 4195572
2   chromedriver                        0x0000000102b08d68 chromedriver + 281960
3   chromedriver                        0x0000000102b34bac chromedriver + 461740
4   chromedriver                        0x0000000102b30fd8 chromedriver + 446424
5   chromedriver                        0x0000000102b2e150 chromedriver + 434512
6   chromedriver                        0x0000000102b6b93c chromedriver + 686396
7   chromedriver                        0x0000000102b6b164 chromedriver + 684388
8   chromedriver                        0x0000000102b37f1c chromedriver + 474908
9   chromedriver                        0x0000000102b38ef4 chromedriver + 478964
10  chromedriver                        0x0000000102e8d59c chromedriver + 3970460
11  chromedriver                        0x0000000102e916f0 chromedriver + 3987184
12  chromedriver                        0x0000000102e975b4 chromedriver + 4011444
13  chromedriver                        0x0000000102e922fc chromedriver + 3990268
14  chromedriver                        0x0000000102e6a1c0 chromedriver + 3826112
15  chromedriver                        0x0000000102eae088 chromedriver + 4104328
16  chromedriver                        0x0000000102eae1e0 chromedriver + 4104672
17  chromedriver                        0x0000000102ebdf28 chromedriver + 4169512
18  libsystem_pthread.dylib             0x00000001922c3fa8 _pthread_start + 148
19  libsystem_pthread.dylib             0x00000001922beda0 thread_start + 8

	at java.base/jdk.internal.reflect.NativeConstructorAccessorImpl.newInstance0(Native Method)
	at java.base/jdk.internal.reflect.NativeConstructorAccessorImpl.newInstance(NativeConstructorAccessorImpl.java:77)
	at java.base/jdk.internal.reflect.DelegatingConstructorAccessorImpl.newInstance(DelegatingConstructorAccessorImpl.java:45)
	at java.base/java.lang.reflect.Constructor.newInstanceWithCaller(Constructor.java:499)
	at java.base/java.lang.reflect.Constructor.newInstance(Constructor.java:480)
	at org.openqa.selenium.remote.W3CHandshakeResponse.lambda$errorHandler$0(W3CHandshakeResponse.java:62)
	at org.openqa.selenium.remote.HandshakeResponse.lambda$getResponseFunction$0(HandshakeResponse.java:30)
	at org.openqa.selenium.remote.ProtocolHandshake.lambda$createSession$0(ProtocolHandshake.java:126)
	at java.base/java.util.stream.ReferencePipeline$3$1.accept(ReferencePipeline.java:197)
	at java.base/java.util.Spliterators$ArraySpliterator.tryAdvance(Spliterators.java:1002)
	at java.base/java.util.stream.ReferencePipeline.forEachWithCancel(ReferencePipeline.java:129)
	at java.base/java.util.stream.AbstractPipeline.copyIntoWithCancel(AbstractPipeline.java:527)
	at java.base/java.util.stream.AbstractPipeline.copyInto(AbstractPipeline.java:513)
	at java.base/java.util.stream.AbstractPipeline.wrapAndCopyInto(AbstractPipeline.java:499)
	at java.base/java.util.stream.FindOps$FindOp.evaluateSequential(FindOps.java:150)
	at java.base/java.util.stream.AbstractPipeline.evaluate(AbstractPipeline.java:234)
	at java.base/java.util.stream.ReferencePipeline.findFirst(ReferencePipeline.java:647)
	at org.openqa.selenium.remote.ProtocolHandshake.createSession(ProtocolHandshake.java:128)
	at org.openqa.selenium.remote.ProtocolHandshake.createSession(ProtocolHandshake.java:74)
	at org.openqa.selenium.remote.HttpCommandExecutor.execute(HttpCommandExecutor.java:136)
	at org.openqa.selenium.remote.service.DriverCommandExecutor.execute(DriverCommandExecutor.java:83)
	at org.openqa.selenium.remote.RemoteWebDriver.execute(RemoteWebDriver.java:552)
	at org.openqa.selenium.remote.RemoteWebDriver.startSession(RemoteWebDriver.java:213)
	at org.openqa.selenium.remote.RemoteWebDriver.<init>(RemoteWebDriver.java:131)
	at org.openqa.selenium.chrome.ChromeDriver.<init>(ChromeDriver.java:181)
	at org.openqa.selenium.chrome.ChromeDriver.<init>(ChromeDriver.java:168)
	at org.openqa.selenium.chrome.ChromeDriver.<init>(ChromeDriver.java:123)
	at com.training.base.BaseTest.getDriver(BaseTest.java:29)
	at com.training.testcases.UserMenuDropDownTest.beforemethod(UserMenuDropDownTest.java:24)
	at java.base/jdk.internal.reflect.NativeMethodAccessorImpl.invoke0(Native Method)
	at java.base/jdk.internal.reflect.NativeMethodAccessorImpl.invoke(NativeMethodAccessorImpl.java:77)
	at java.base/jdk.internal.reflect.DelegatingMethodAccessorImpl.invoke(DelegatingMethodAccessorImpl.java:43)
	at java.base/java.lang.reflect.Method.invoke(Method.java:568)
	at org.testng.internal.invokers.MethodInvocationHelper.invokeMethod(MethodInvocationHelper.java:135)
	at org.testng.internal.invokers.MethodInvocationHelper.invokeMethodConsideringTimeout(MethodInvocationHelper.java:65)
	at org.testng.internal.invokers.ConfigInvoker.invokeConfigurationMethod(ConfigInvoker.java:381)
	at org.testng.internal.invokers.ConfigInvoker.invokeConfigurations(ConfigInvoker.java:319)
	at org.testng.internal.invokers.TestInvoker.runConfigMethods(TestInvoker.java:803)
	at org.testng.internal.invokers.TestInvoker.invokeMethod(TestInvoker.java:589)
	at org.testng.internal.invokers.TestInvoker.invokeTestMethod(TestInvoker.java:220)
	at org.testng.internal.invokers.MethodRunner.runInSequence(MethodRunner.java:50)
	at org.testng.internal.invokers.TestInvoker$MethodInvocationAgent.invoke(TestInvoker.java:945)
	at org.testng.internal.invokers.TestInvoker.invokeTestMethods(TestInvoker.java:193)
	at org.testng.internal.invokers.TestMethodWorker.invokeTestMethods(TestMethodWorker.java:146)
	at org.testng.internal.invokers.TestMethodWorker.run(TestMethodWorker.java:128)
	at java.base/java.util.ArrayList.forEach(ArrayList.java:1511)
	at org.testng.TestRunner.privateRun(TestRunner.java:808)
	at org.testng.TestRunner.run(TestRunner.java:603)
	at org.testng.SuiteRunner.runTest(SuiteRunner.java:429)
	at org.testng.SuiteRunner.runSequentially(SuiteRunner.java:423)
	at org.testng.SuiteRunner.privateRun(SuiteRunner.java:383)
	at org.testng.SuiteRunner.run(SuiteRunner.java:326)
	at org.testng.SuiteRunnerWorker.runSuite(SuiteRunnerWorker.java:52)
	at org.testng.SuiteRunnerWorker.run(SuiteRunnerWorker.java:95)
	at org.testng.TestNG.runSuitesSequentially(TestNG.java:1249)
	at org.testng.TestNG.runSuitesLocally(TestNG.java:1169)
	at org.testng.TestNG.runSuites(TestNG.java:1092)
	at org.testng.TestNG.run(TestNG.java:1060)
	at org.apache.maven.surefire.testng.TestNGExecutor.run(TestNGExecutor.java:308)
	at org.apache.maven.surefire.testng.TestNGXmlTestSuite.execute(TestNGXmlTestSuite.java:71)
	at org.apache.maven.surefire.testng.TestNGProvider.invoke(TestNGProvider.java:113)
	at org.apache.maven.surefire.booter.ForkedBooter.runSuitesInProcess(ForkedBooter.java:385)
	at org.apache.maven.surefire.booter.ForkedBooter.execute(ForkedBooter.java:162)
	at org.apache.maven.surefire.booter.ForkedBooter.run(ForkedBooter.java:507)
	at org.apache.maven.surefire.booter.ForkedBooter.main(ForkedBooter.java:495)
]]></failure>
    <system-err><![CDATA[Starting ChromeDriver 114.0.5735.90 (386bc09e8f4f2e025eddae123f36f6263096ae49-refs/branch-heads/5735@{#1052}) on port 39906
Only local connections are allowed.
Please see https://chromedriver.chromium.org/security-considerations for suggestions on keeping ChromeDriver safe.
ChromeDriver was started successfully.
]]></system-err>
  </testcase>
  <testcase name="usermenudropdown" classname="com.training.testcases.UserMenuDropDownTest" time="0">
    <skipped message="session not created: This version of ChromeDriver only supports Chrome version 114&#10;Current browser version is 116.0.5845.110 with binary path /Applications/Google Chrome.app/Contents/MacOS/Google Chrome&#10;Build info: version: &apos;3.141.59&apos;, revision: &apos;e82be7d358&apos;, time: &apos;2018-11-14T08:17:03&apos;&#10;System info: host: &apos;Harneets-MacBook-Pro.local&apos;, ip: &apos;fe80:0:0:0:cdd:4186:e6df:7f6c%en0&apos;, os.name: &apos;Mac OS X&apos;, os.arch: &apos;aarch64&apos;, os.version: &apos;13.3.1&apos;, java.version: &apos;17.0.1&apos;&#10;Driver info: driver.version: ChromeDriver&#10;remote stacktrace: 0   chromedriver                        0x0000000102ecbf48 chromedriver + 4226888&#10;1   chromedriver                        0x0000000102ec44f4 chromedriver + 4195572&#10;2   chromedriver                        0x0000000102b08d68 chromedriver + 281960&#10;3   chromedriver                        0x0000000102b34bac chromedriver + 461740&#10;4   chromedriver                        0x0000000102b30fd8 chromedriver + 446424&#10;5   chromedriver                        0x0000000102b2e150 chromedriver + 434512&#10;6   chromedriver                        0x0000000102b6b93c chromedriver + 686396&#10;7   chromedriver                        0x0000000102b6b164 chromedriver + 684388&#10;8   chromedriver                        0x0000000102b37f1c chromedriver + 474908&#10;9   chromedriver                        0x0000000102b38ef4 chromedriver + 478964&#10;10  chromedriver                        0x0000000102e8d59c chromedriver + 3970460&#10;11  chromedriver                        0x0000000102e916f0 chromedriver + 3987184&#10;12  chromedriver                        0x0000000102e975b4 chromedriver + 4011444&#10;13  chromedriver                        0x0000000102e922fc chromedriver + 3990268&#10;14  chromedriver                        0x0000000102e6a1c0 chromedriver + 3826112&#10;15  chromedriver                        0x0000000102eae088 chromedriver + 4104328&#10;16  chromedriver                        0x0000000102eae1e0 chromedriver + 4104672&#10;17  chromedriver                        0x0000000102ebdf28 chromedriver + 4169512&#10;18  libsystem_pthread.dylib             0x00000001922c3fa8 _pthread_start + 148&#10;19  libsystem_pthread.dylib             0x00000001922beda0 thread_start + 8&#10;"/>
    <system-out><![CDATA[*** Running test method usermenudropdown...
*** Test usermenudropdown skipped...
]]></system-out>
  </testcase>
  <testcase name="teardown" classname="com.training.testcases.UserMenuDropDownTest" time="0">
    <skipped/>
  </testcase>
  <testcase name="beforemethod" classname="com.training.testcases.UserMenuMySettingsTest" time="0.989">
    <failure message="session not created: This version of ChromeDriver only supports Chrome version 114&#10;Current browser version is 116.0.5845.110 with binary path /Applications/Google Chrome.app/Contents/MacOS/Google Chrome&#10;Build info: version: &apos;3.141.59&apos;, revision: &apos;e82be7d358&apos;, time: &apos;2018-11-14T08:17:03&apos;&#10;System info: host: &apos;Harneets-MacBook-Pro.local&apos;, ip: &apos;fe80:0:0:0:cdd:4186:e6df:7f6c%en0&apos;, os.name: &apos;Mac OS X&apos;, os.arch: &apos;aarch64&apos;, os.version: &apos;13.3.1&apos;, java.version: &apos;17.0.1&apos;&#10;Driver info: driver.version: ChromeDriver&#10;remote stacktrace: 0   chromedriver                        0x00000001033e3f48 chromedriver + 4226888&#10;1   chromedriver                        0x00000001033dc4f4 chromedriver + 4195572&#10;2   chromedriver                        0x0000000103020d68 chromedriver + 281960&#10;3   chromedriver                        0x000000010304cbac chromedriver + 461740&#10;4   chromedriver                        0x0000000103048fd8 chromedriver + 446424&#10;5   chromedriver                        0x0000000103046150 chromedriver + 434512&#10;6   chromedriver                        0x000000010308393c chromedriver + 686396&#10;7   chromedriver                        0x0000000103083164 chromedriver + 684388&#10;8   chromedriver                        0x000000010304ff1c chromedriver + 474908&#10;9   chromedriver                        0x0000000103050ef4 chromedriver + 478964&#10;10  chromedriver                        0x00000001033a559c chromedriver + 3970460&#10;11  chromedriver                        0x00000001033a96f0 chromedriver + 3987184&#10;12  chromedriver                        0x00000001033af5b4 chromedriver + 4011444&#10;13  chromedriver                        0x00000001033aa2fc chromedriver + 3990268&#10;14  chromedriver                        0x00000001033821c0 chromedriver + 3826112&#10;15  chromedriver                        0x00000001033c6088 chromedriver + 4104328&#10;16  chromedriver                        0x00000001033c61e0 chromedriver + 4104672&#10;17  chromedriver                        0x00000001033d5f28 chromedriver + 4169512&#10;18  libsystem_pthread.dylib             0x00000001922c3fa8 _pthread_start + 148&#10;19  libsystem_pthread.dylib             0x00000001922beda0 thread_start + 8&#10;" type="org.openqa.selenium.SessionNotCreatedException"><![CDATA[org.openqa.selenium.SessionNotCreatedException: 
session not created: This version of ChromeDriver only supports Chrome version 114
Current browser version is 116.0.5845.110 with binary path /Applications/Google Chrome.app/Contents/MacOS/Google Chrome
Build info: version: '3.141.59', revision: 'e82be7d358', time: '2018-11-14T08:17:03'
System info: host: 'Harneets-MacBook-Pro.local', ip: 'fe80:0:0:0:cdd:4186:e6df:7f6c%en0', os.name: 'Mac OS X', os.arch: 'aarch64', os.version: '13.3.1', java.version: '17.0.1'
Driver info: driver.version: ChromeDriver
remote stacktrace: 0   chromedriver                        0x00000001033e3f48 chromedriver + 4226888
1   chromedriver                        0x00000001033dc4f4 chromedriver + 4195572
2   chromedriver                        0x0000000103020d68 chromedriver + 281960
3   chromedriver                        0x000000010304cbac chromedriver + 461740
4   chromedriver                        0x0000000103048fd8 chromedriver + 446424
5   chromedriver                        0x0000000103046150 chromedriver + 434512
6   chromedriver                        0x000000010308393c chromedriver + 686396
7   chromedriver                        0x0000000103083164 chromedriver + 684388
8   chromedriver                        0x000000010304ff1c chromedriver + 474908
9   chromedriver                        0x0000000103050ef4 chromedriver + 478964
10  chromedriver                        0x00000001033a559c chromedriver + 3970460
11  chromedriver                        0x00000001033a96f0 chromedriver + 3987184
12  chromedriver                        0x00000001033af5b4 chromedriver + 4011444
13  chromedriver                        0x00000001033aa2fc chromedriver + 3990268
14  chromedriver                        0x00000001033821c0 chromedriver + 3826112
15  chromedriver                        0x00000001033c6088 chromedriver + 4104328
16  chromedriver                        0x00000001033c61e0 chromedriver + 4104672
17  chromedriver                        0x00000001033d5f28 chromedriver + 4169512
18  libsystem_pthread.dylib             0x00000001922c3fa8 _pthread_start + 148
19  libsystem_pthread.dylib             0x00000001922beda0 thread_start + 8

	at java.base/jdk.internal.reflect.NativeConstructorAccessorImpl.newInstance0(Native Method)
	at java.base/jdk.internal.reflect.NativeConstructorAccessorImpl.newInstance(NativeConstructorAccessorImpl.java:77)
	at java.base/jdk.internal.reflect.DelegatingConstructorAccessorImpl.newInstance(DelegatingConstructorAccessorImpl.java:45)
	at java.base/java.lang.reflect.Constructor.newInstanceWithCaller(Constructor.java:499)
	at java.base/java.lang.reflect.Constructor.newInstance(Constructor.java:480)
	at org.openqa.selenium.remote.W3CHandshakeResponse.lambda$errorHandler$0(W3CHandshakeResponse.java:62)
	at org.openqa.selenium.remote.HandshakeResponse.lambda$getResponseFunction$0(HandshakeResponse.java:30)
	at org.openqa.selenium.remote.ProtocolHandshake.lambda$createSession$0(ProtocolHandshake.java:126)
	at java.base/java.util.stream.ReferencePipeline$3$1.accept(ReferencePipeline.java:197)
	at java.base/java.util.Spliterators$ArraySpliterator.tryAdvance(Spliterators.java:1002)
	at java.base/java.util.stream.ReferencePipeline.forEachWithCancel(ReferencePipeline.java:129)
	at java.base/java.util.stream.AbstractPipeline.copyIntoWithCancel(AbstractPipeline.java:527)
	at java.base/java.util.stream.AbstractPipeline.copyInto(AbstractPipeline.java:513)
	at java.base/java.util.stream.AbstractPipeline.wrapAndCopyInto(AbstractPipeline.java:499)
	at java.base/java.util.stream.FindOps$FindOp.evaluateSequential(FindOps.java:150)
	at java.base/java.util.stream.AbstractPipeline.evaluate(AbstractPipeline.java:234)
	at java.base/java.util.stream.ReferencePipeline.findFirst(ReferencePipeline.java:647)
	at org.openqa.selenium.remote.ProtocolHandshake.createSession(ProtocolHandshake.java:128)
	at org.openqa.selenium.remote.ProtocolHandshake.createSession(ProtocolHandshake.java:74)
	at org.openqa.selenium.remote.HttpCommandExecutor.execute(HttpCommandExecutor.java:136)
	at org.openqa.selenium.remote.service.DriverCommandExecutor.execute(DriverCommandExecutor.java:83)
	at org.openqa.selenium.remote.RemoteWebDriver.execute(RemoteWebDriver.java:552)
	at org.openqa.selenium.remote.RemoteWebDriver.startSession(RemoteWebDriver.java:213)
	at org.openqa.selenium.remote.RemoteWebDriver.<init>(RemoteWebDriver.java:131)
	at org.openqa.selenium.chrome.ChromeDriver.<init>(ChromeDriver.java:181)
	at org.openqa.selenium.chrome.ChromeDriver.<init>(ChromeDriver.java:168)
	at org.openqa.selenium.chrome.ChromeDriver.<init>(ChromeDriver.java:123)
	at com.training.base.BaseTest.getDriver(BaseTest.java:29)
	at com.training.testcases.UserMenuMySettingsTest.beforemethod(UserMenuMySettingsTest.java:23)
	at java.base/jdk.internal.reflect.NativeMethodAccessorImpl.invoke0(Native Method)
	at java.base/jdk.internal.reflect.NativeMethodAccessorImpl.invoke(NativeMethodAccessorImpl.java:77)
	at java.base/jdk.internal.reflect.DelegatingMethodAccessorImpl.invoke(DelegatingMethodAccessorImpl.java:43)
	at java.base/java.lang.reflect.Method.invoke(Method.java:568)
	at org.testng.internal.invokers.MethodInvocationHelper.invokeMethod(MethodInvocationHelper.java:135)
	at org.testng.internal.invokers.MethodInvocationHelper.invokeMethodConsideringTimeout(MethodInvocationHelper.java:65)
	at org.testng.internal.invokers.ConfigInvoker.invokeConfigurationMethod(ConfigInvoker.java:381)
	at org.testng.internal.invokers.ConfigInvoker.invokeConfigurations(ConfigInvoker.java:319)
	at org.testng.internal.invokers.TestInvoker.runConfigMethods(TestInvoker.java:803)
	at org.testng.internal.invokers.TestInvoker.invokeMethod(TestInvoker.java:589)
	at org.testng.internal.invokers.TestInvoker.invokeTestMethod(TestInvoker.java:220)
	at org.testng.internal.invokers.MethodRunner.runInSequence(MethodRunner.java:50)
	at org.testng.internal.invokers.TestInvoker$MethodInvocationAgent.invoke(TestInvoker.java:945)
	at org.testng.internal.invokers.TestInvoker.invokeTestMethods(TestInvoker.java:193)
	at org.testng.internal.invokers.TestMethodWorker.invokeTestMethods(TestMethodWorker.java:146)
	at org.testng.internal.invokers.TestMethodWorker.run(TestMethodWorker.java:128)
	at java.base/java.util.ArrayList.forEach(ArrayList.java:1511)
	at org.testng.TestRunner.privateRun(TestRunner.java:808)
	at org.testng.TestRunner.run(TestRunner.java:603)
	at org.testng.SuiteRunner.runTest(SuiteRunner.java:429)
	at org.testng.SuiteRunner.runSequentially(SuiteRunner.java:423)
	at org.testng.SuiteRunner.privateRun(SuiteRunner.java:383)
	at org.testng.SuiteRunner.run(SuiteRunner.java:326)
	at org.testng.SuiteRunnerWorker.runSuite(SuiteRunnerWorker.java:52)
	at org.testng.SuiteRunnerWorker.run(SuiteRunnerWorker.java:95)
	at org.testng.TestNG.runSuitesSequentially(TestNG.java:1249)
	at org.testng.TestNG.runSuitesLocally(TestNG.java:1169)
	at org.testng.TestNG.runSuites(TestNG.java:1092)
	at org.testng.TestNG.run(TestNG.java:1060)
	at org.apache.maven.surefire.testng.TestNGExecutor.run(TestNGExecutor.java:308)
	at org.apache.maven.surefire.testng.TestNGXmlTestSuite.execute(TestNGXmlTestSuite.java:71)
	at org.apache.maven.surefire.testng.TestNGProvider.invoke(TestNGProvider.java:113)
	at org.apache.maven.surefire.booter.ForkedBooter.runSuitesInProcess(ForkedBooter.java:385)
	at org.apache.maven.surefire.booter.ForkedBooter.execute(ForkedBooter.java:162)
	at org.apache.maven.surefire.booter.ForkedBooter.run(ForkedBooter.java:507)
	at org.apache.maven.surefire.booter.ForkedBooter.main(ForkedBooter.java:495)
]]></failure>
    <system-err><![CDATA[Starting ChromeDriver 114.0.5735.90 (386bc09e8f4f2e025eddae123f36f6263096ae49-refs/branch-heads/5735@{#1052}) on port 2825
Only local connections are allowed.
Please see https://chromedriver.chromium.org/security-considerations for suggestions on keeping ChromeDriver safe.
ChromeDriver was started successfully.
]]></system-err>
  </testcase>
  <testcase name="beforemethod" classname="com.training.testcases.UserMenuMySettingsTest" time="0">
    <skipped/>
  </testcase>
  <testcase name="beforemethod" classname="com.training.testcases.UserMenuMySettingsTest" time="0">
    <skipped/>
  </testcase>
  <testcase name="beforemethod" classname="com.training.testcases.UserMenuMySettingsTest" time="0">
    <skipped/>
  </testcase>
  <testcase name="emailsettings" classname="com.training.testcases.UserMenuMySettingsTest" time="0">
    <skipped message="session not created: This version of ChromeDriver only supports Chrome version 114&#10;Current browser version is 116.0.5845.110 with binary path /Applications/Google Chrome.app/Contents/MacOS/Google Chrome&#10;Build info: version: &apos;3.141.59&apos;, revision: &apos;e82be7d358&apos;, time: &apos;2018-11-14T08:17:03&apos;&#10;System info: host: &apos;Harneets-MacBook-Pro.local&apos;, ip: &apos;fe80:0:0:0:cdd:4186:e6df:7f6c%en0&apos;, os.name: &apos;Mac OS X&apos;, os.arch: &apos;aarch64&apos;, os.version: &apos;13.3.1&apos;, java.version: &apos;17.0.1&apos;&#10;Driver info: driver.version: ChromeDriver&#10;remote stacktrace: 0   chromedriver                        0x00000001033e3f48 chromedriver + 4226888&#10;1   chromedriver                        0x00000001033dc4f4 chromedriver + 4195572&#10;2   chromedriver                        0x0000000103020d68 chromedriver + 281960&#10;3   chromedriver                        0x000000010304cbac chromedriver + 461740&#10;4   chromedriver                        0x0000000103048fd8 chromedriver + 446424&#10;5   chromedriver                        0x0000000103046150 chromedriver + 434512&#10;6   chromedriver                        0x000000010308393c chromedriver + 686396&#10;7   chromedriver                        0x0000000103083164 chromedriver + 684388&#10;8   chromedriver                        0x000000010304ff1c chromedriver + 474908&#10;9   chromedriver                        0x0000000103050ef4 chromedriver + 478964&#10;10  chromedriver                        0x00000001033a559c chromedriver + 3970460&#10;11  chromedriver                        0x00000001033a96f0 chromedriver + 3987184&#10;12  chromedriver                        0x00000001033af5b4 chromedriver + 4011444&#10;13  chromedriver                        0x00000001033aa2fc chromedriver + 3990268&#10;14  chromedriver                        0x00000001033821c0 chromedriver + 3826112&#10;15  chromedriver                        0x00000001033c6088 chromedriver + 4104328&#10;16  chromedriver                        0x00000001033c61e0 chromedriver + 4104672&#10;17  chromedriver                        0x00000001033d5f28 chromedriver + 4169512&#10;18  libsystem_pthread.dylib             0x00000001922c3fa8 _pthread_start + 148&#10;19  libsystem_pthread.dylib             0x00000001922beda0 thread_start + 8&#10;"/>
    <system-out><![CDATA[*** Running test method emailsettings...
*** Test emailsettings skipped...
]]></system-out>
  </testcase>
  <testcase name="teardown" classname="com.training.testcases.UserMenuMySettingsTest" time="0">
    <skipped/>
  </testcase>
  <testcase name="teardown" classname="com.training.testcases.UserMenuMySettingsTest" time="0">
    <skipped/>
  </testcase>
  <testcase name="teardown" classname="com.training.testcases.UserMenuMySettingsTest" time="0">
    <skipped/>
  </testcase>
  <testcase name="teardown" classname="com.training.testcases.UserMenuMySettingsTest" time="0">
    <skipped/>
  </testcase>
  <testcase name="logoutValidation" classname="com.training.testcases.UserMenuMySettingsTest" time="0">
    <skipped message="session not created: This version of ChromeDriver only supports Chrome version 114&#10;Current browser version is 116.0.5845.110 with binary path /Applications/Google Chrome.app/Contents/MacOS/Google Chrome&#10;Build info: version: &apos;3.141.59&apos;, revision: &apos;e82be7d358&apos;, time: &apos;2018-11-14T08:17:03&apos;&#10;System info: host: &apos;Harneets-MacBook-Pro.local&apos;, ip: &apos;fe80:0:0:0:cdd:4186:e6df:7f6c%en0&apos;, os.name: &apos;Mac OS X&apos;, os.arch: &apos;aarch64&apos;, os.version: &apos;13.3.1&apos;, java.version: &apos;17.0.1&apos;&#10;Driver info: driver.version: ChromeDriver&#10;remote stacktrace: 0   chromedriver                        0x00000001033e3f48 chromedriver + 4226888&#10;1   chromedriver                        0x00000001033dc4f4 chromedriver + 4195572&#10;2   chromedriver                        0x0000000103020d68 chromedriver + 281960&#10;3   chromedriver                        0x000000010304cbac chromedriver + 461740&#10;4   chromedriver                        0x0000000103048fd8 chromedriver + 446424&#10;5   chromedriver                        0x0000000103046150 chromedriver + 434512&#10;6   chromedriver                        0x000000010308393c chromedriver + 686396&#10;7   chromedriver                        0x0000000103083164 chromedriver + 684388&#10;8   chromedriver                        0x000000010304ff1c chromedriver + 474908&#10;9   chromedriver                        0x0000000103050ef4 chromedriver + 478964&#10;10  chromedriver                        0x00000001033a559c chromedriver + 3970460&#10;11  chromedriver                        0x00000001033a96f0 chromedriver + 3987184&#10;12  chromedriver                        0x00000001033af5b4 chromedriver + 4011444&#10;13  chromedriver                        0x00000001033aa2fc chromedriver + 3990268&#10;14  chromedriver                        0x00000001033821c0 chromedriver + 3826112&#10;15  chromedriver                        0x00000001033c6088 chromedriver + 4104328&#10;16  chromedriver                        0x00000001033c61e0 chromedriver + 4104672&#10;17  chromedriver                        0x00000001033d5f28 chromedriver + 4169512&#10;18  libsystem_pthread.dylib             0x00000001922c3fa8 _pthread_start + 148&#10;19  libsystem_pthread.dylib             0x00000001922beda0 thread_start + 8&#10;"/>
    <system-out><![CDATA[*** Running test method logoutValidation...
*** Test logoutValidation skipped...
]]></system-out>
  </testcase>
  <testcase name="usermenusettings" classname="com.training.testcases.UserMenuMySettingsTest" time="0">
    <skipped message="session not created: This version of ChromeDriver only supports Chrome version 114&#10;Current browser version is 116.0.5845.110 with binary path /Applications/Google Chrome.app/Contents/MacOS/Google Chrome&#10;Build info: version: &apos;3.141.59&apos;, revision: &apos;e82be7d358&apos;, time: &apos;2018-11-14T08:17:03&apos;&#10;System info: host: &apos;Harneets-MacBook-Pro.local&apos;, ip: &apos;fe80:0:0:0:cdd:4186:e6df:7f6c%en0&apos;, os.name: &apos;Mac OS X&apos;, os.arch: &apos;aarch64&apos;, os.version: &apos;13.3.1&apos;, java.version: &apos;17.0.1&apos;&#10;Driver info: driver.version: ChromeDriver&#10;remote stacktrace: 0   chromedriver                        0x00000001033e3f48 chromedriver + 4226888&#10;1   chromedriver                        0x00000001033dc4f4 chromedriver + 4195572&#10;2   chromedriver                        0x0000000103020d68 chromedriver + 281960&#10;3   chromedriver                        0x000000010304cbac chromedriver + 461740&#10;4   chromedriver                        0x0000000103048fd8 chromedriver + 446424&#10;5   chromedriver                        0x0000000103046150 chromedriver + 434512&#10;6   chromedriver                        0x000000010308393c chromedriver + 686396&#10;7   chromedriver                        0x0000000103083164 chromedriver + 684388&#10;8   chromedriver                        0x000000010304ff1c chromedriver + 474908&#10;9   chromedriver                        0x0000000103050ef4 chromedriver + 478964&#10;10  chromedriver                        0x00000001033a559c chromedriver + 3970460&#10;11  chromedriver                        0x00000001033a96f0 chromedriver + 3987184&#10;12  chromedriver                        0x00000001033af5b4 chromedriver + 4011444&#10;13  chromedriver                        0x00000001033aa2fc chromedriver + 3990268&#10;14  chromedriver                        0x00000001033821c0 chromedriver + 3826112&#10;15  chromedriver                        0x00000001033c6088 chromedriver + 4104328&#10;16  chromedriver                        0x00000001033c61e0 chromedriver + 4104672&#10;17  chromedriver                        0x00000001033d5f28 chromedriver + 4169512&#10;18  libsystem_pthread.dylib             0x00000001922c3fa8 _pthread_start + 148&#10;19  libsystem_pthread.dylib             0x00000001922beda0 thread_start + 8&#10;"/>
    <system-out><![CDATA[*** Running test method usermenusettings...
*** Test usermenusettings skipped...
]]></system-out>
  </testcase>
  <testcase name="validateDeveloperConsole" classname="com.training.testcases.UserMenuMySettingsTest" time="0">
    <skipped message="session not created: This version of ChromeDriver only supports Chrome version 114&#10;Current browser version is 116.0.5845.110 with binary path /Applications/Google Chrome.app/Contents/MacOS/Google Chrome&#10;Build info: version: &apos;3.141.59&apos;, revision: &apos;e82be7d358&apos;, time: &apos;2018-11-14T08:17:03&apos;&#10;System info: host: &apos;Harneets-MacBook-Pro.local&apos;, ip: &apos;fe80:0:0:0:cdd:4186:e6df:7f6c%en0&apos;, os.name: &apos;Mac OS X&apos;, os.arch: &apos;aarch64&apos;, os.version: &apos;13.3.1&apos;, java.version: &apos;17.0.1&apos;&#10;Driver info: driver.version: ChromeDriver&#10;remote stacktrace: 0   chromedriver                        0x00000001033e3f48 chromedriver + 4226888&#10;1   chromedriver                        0x00000001033dc4f4 chromedriver + 4195572&#10;2   chromedriver                        0x0000000103020d68 chromedriver + 281960&#10;3   chromedriver                        0x000000010304cbac chromedriver + 461740&#10;4   chromedriver                        0x0000000103048fd8 chromedriver + 446424&#10;5   chromedriver                        0x0000000103046150 chromedriver + 434512&#10;6   chromedriver                        0x000000010308393c chromedriver + 686396&#10;7   chromedriver                        0x0000000103083164 chromedriver + 684388&#10;8   chromedriver                        0x000000010304ff1c chromedriver + 474908&#10;9   chromedriver                        0x0000000103050ef4 chromedriver + 478964&#10;10  chromedriver                        0x00000001033a559c chromedriver + 3970460&#10;11  chromedriver                        0x00000001033a96f0 chromedriver + 3987184&#10;12  chromedriver                        0x00000001033af5b4 chromedriver + 4011444&#10;13  chromedriver                        0x00000001033aa2fc chromedriver + 3990268&#10;14  chromedriver                        0x00000001033821c0 chromedriver + 3826112&#10;15  chromedriver                        0x00000001033c6088 chromedriver + 4104328&#10;16  chromedriver                        0x00000001033c61e0 chromedriver + 4104672&#10;17  chromedriver                        0x00000001033d5f28 chromedriver + 4169512&#10;18  libsystem_pthread.dylib             0x00000001922c3fa8 _pthread_start + 148&#10;19  libsystem_pthread.dylib             0x00000001922beda0 thread_start + 8&#10;"/>
    <system-out><![CDATA[*** Running test method validateDeveloperConsole...
*** Test validateDeveloperConsole skipped...
]]></system-out>
  </testcase>
  <testcase name="beforeMethod" classname="com.training.testcases.CreateAccountTest" time="0.944">
    <failure message="session not created: This version of ChromeDriver only supports Chrome version 114&#10;Current browser version is 116.0.5845.110 with binary path /Applications/Google Chrome.app/Contents/MacOS/Google Chrome&#10;Build info: version: &apos;3.141.59&apos;, revision: &apos;e82be7d358&apos;, time: &apos;2018-11-14T08:17:03&apos;&#10;System info: host: &apos;Harneets-MacBook-Pro.local&apos;, ip: &apos;fe80:0:0:0:cdd:4186:e6df:7f6c%en0&apos;, os.name: &apos;Mac OS X&apos;, os.arch: &apos;aarch64&apos;, os.version: &apos;13.3.1&apos;, java.version: &apos;17.0.1&apos;&#10;Driver info: driver.version: ChromeDriver&#10;remote stacktrace: 0   chromedriver                        0x0000000104d73f48 chromedriver + 4226888&#10;1   chromedriver                        0x0000000104d6c4f4 chromedriver + 4195572&#10;2   chromedriver                        0x00000001049b0d68 chromedriver + 281960&#10;3   chromedriver                        0x00000001049dcbac chromedriver + 461740&#10;4   chromedriver                        0x00000001049d8fd8 chromedriver + 446424&#10;5   chromedriver                        0x00000001049d6150 chromedriver + 434512&#10;6   chromedriver                        0x0000000104a1393c chromedriver + 686396&#10;7   chromedriver                        0x0000000104a13164 chromedriver + 684388&#10;8   chromedriver                        0x00000001049dff1c chromedriver + 474908&#10;9   chromedriver                        0x00000001049e0ef4 chromedriver + 478964&#10;10  chromedriver                        0x0000000104d3559c chromedriver + 3970460&#10;11  chromedriver                        0x0000000104d396f0 chromedriver + 3987184&#10;12  chromedriver                        0x0000000104d3f5b4 chromedriver + 4011444&#10;13  chromedriver                        0x0000000104d3a2fc chromedriver + 3990268&#10;14  chromedriver                        0x0000000104d121c0 chromedriver + 3826112&#10;15  chromedriver                        0x0000000104d56088 chromedriver + 4104328&#10;16  chromedriver                        0x0000000104d561e0 chromedriver + 4104672&#10;17  chromedriver                        0x0000000104d65f28 chromedriver + 4169512&#10;18  libsystem_pthread.dylib             0x00000001922c3fa8 _pthread_start + 148&#10;19  libsystem_pthread.dylib             0x00000001922beda0 thread_start + 8&#10;" type="org.openqa.selenium.SessionNotCreatedException"><![CDATA[org.openqa.selenium.SessionNotCreatedException: 
session not created: This version of ChromeDriver only supports Chrome version 114
Current browser version is 116.0.5845.110 with binary path /Applications/Google Chrome.app/Contents/MacOS/Google Chrome
Build info: version: '3.141.59', revision: 'e82be7d358', time: '2018-11-14T08:17:03'
System info: host: 'Harneets-MacBook-Pro.local', ip: 'fe80:0:0:0:cdd:4186:e6df:7f6c%en0', os.name: 'Mac OS X', os.arch: 'aarch64', os.version: '13.3.1', java.version: '17.0.1'
Driver info: driver.version: ChromeDriver
remote stacktrace: 0   chromedriver                        0x0000000104d73f48 chromedriver + 4226888
1   chromedriver                        0x0000000104d6c4f4 chromedriver + 4195572
2   chromedriver                        0x00000001049b0d68 chromedriver + 281960
3   chromedriver                        0x00000001049dcbac chromedriver + 461740
4   chromedriver                        0x00000001049d8fd8 chromedriver + 446424
5   chromedriver                        0x00000001049d6150 chromedriver + 434512
6   chromedriver                        0x0000000104a1393c chromedriver + 686396
7   chromedriver                        0x0000000104a13164 chromedriver + 684388
8   chromedriver                        0x00000001049dff1c chromedriver + 474908
9   chromedriver                        0x00000001049e0ef4 chromedriver + 478964
10  chromedriver                        0x0000000104d3559c chromedriver + 3970460
11  chromedriver                        0x0000000104d396f0 chromedriver + 3987184
12  chromedriver                        0x0000000104d3f5b4 chromedriver + 4011444
13  chromedriver                        0x0000000104d3a2fc chromedriver + 3990268
14  chromedriver                        0x0000000104d121c0 chromedriver + 3826112
15  chromedriver                        0x0000000104d56088 chromedriver + 4104328
16  chromedriver                        0x0000000104d561e0 chromedriver + 4104672
17  chromedriver                        0x0000000104d65f28 chromedriver + 4169512
18  libsystem_pthread.dylib             0x00000001922c3fa8 _pthread_start + 148
19  libsystem_pthread.dylib             0x00000001922beda0 thread_start + 8

	at java.base/jdk.internal.reflect.NativeConstructorAccessorImpl.newInstance0(Native Method)
	at java.base/jdk.internal.reflect.NativeConstructorAccessorImpl.newInstance(NativeConstructorAccessorImpl.java:77)
	at java.base/jdk.internal.reflect.DelegatingConstructorAccessorImpl.newInstance(DelegatingConstructorAccessorImpl.java:45)
	at java.base/java.lang.reflect.Constructor.newInstanceWithCaller(Constructor.java:499)
	at java.base/java.lang.reflect.Constructor.newInstance(Constructor.java:480)
	at org.openqa.selenium.remote.W3CHandshakeResponse.lambda$errorHandler$0(W3CHandshakeResponse.java:62)
	at org.openqa.selenium.remote.HandshakeResponse.lambda$getResponseFunction$0(HandshakeResponse.java:30)
	at org.openqa.selenium.remote.ProtocolHandshake.lambda$createSession$0(ProtocolHandshake.java:126)
	at java.base/java.util.stream.ReferencePipeline$3$1.accept(ReferencePipeline.java:197)
	at java.base/java.util.Spliterators$ArraySpliterator.tryAdvance(Spliterators.java:1002)
	at java.base/java.util.stream.ReferencePipeline.forEachWithCancel(ReferencePipeline.java:129)
	at java.base/java.util.stream.AbstractPipeline.copyIntoWithCancel(AbstractPipeline.java:527)
	at java.base/java.util.stream.AbstractPipeline.copyInto(AbstractPipeline.java:513)
	at java.base/java.util.stream.AbstractPipeline.wrapAndCopyInto(AbstractPipeline.java:499)
	at java.base/java.util.stream.FindOps$FindOp.evaluateSequential(FindOps.java:150)
	at java.base/java.util.stream.AbstractPipeline.evaluate(AbstractPipeline.java:234)
	at java.base/java.util.stream.ReferencePipeline.findFirst(ReferencePipeline.java:647)
	at org.openqa.selenium.remote.ProtocolHandshake.createSession(ProtocolHandshake.java:128)
	at org.openqa.selenium.remote.ProtocolHandshake.createSession(ProtocolHandshake.java:74)
	at org.openqa.selenium.remote.HttpCommandExecutor.execute(HttpCommandExecutor.java:136)
	at org.openqa.selenium.remote.service.DriverCommandExecutor.execute(DriverCommandExecutor.java:83)
	at org.openqa.selenium.remote.RemoteWebDriver.execute(RemoteWebDriver.java:552)
	at org.openqa.selenium.remote.RemoteWebDriver.startSession(RemoteWebDriver.java:213)
	at org.openqa.selenium.remote.RemoteWebDriver.<init>(RemoteWebDriver.java:131)
	at org.openqa.selenium.chrome.ChromeDriver.<init>(ChromeDriver.java:181)
	at org.openqa.selenium.chrome.ChromeDriver.<init>(ChromeDriver.java:168)
	at org.openqa.selenium.chrome.ChromeDriver.<init>(ChromeDriver.java:123)
	at com.training.base.BaseTest.getDriver(BaseTest.java:29)
	at com.training.testcases.CreateAccountTest.beforeMethod(CreateAccountTest.java:21)
	at java.base/jdk.internal.reflect.NativeMethodAccessorImpl.invoke0(Native Method)
	at java.base/jdk.internal.reflect.NativeMethodAccessorImpl.invoke(NativeMethodAccessorImpl.java:77)
	at java.base/jdk.internal.reflect.DelegatingMethodAccessorImpl.invoke(DelegatingMethodAccessorImpl.java:43)
	at java.base/java.lang.reflect.Method.invoke(Method.java:568)
	at org.testng.internal.invokers.MethodInvocationHelper.invokeMethod(MethodInvocationHelper.java:135)
	at org.testng.internal.invokers.MethodInvocationHelper.invokeMethodConsideringTimeout(MethodInvocationHelper.java:65)
	at org.testng.internal.invokers.ConfigInvoker.invokeConfigurationMethod(ConfigInvoker.java:381)
	at org.testng.internal.invokers.ConfigInvoker.invokeConfigurations(ConfigInvoker.java:319)
	at org.testng.internal.invokers.TestInvoker.runConfigMethods(TestInvoker.java:803)
	at org.testng.internal.invokers.TestInvoker.invokeMethod(TestInvoker.java:589)
	at org.testng.internal.invokers.TestInvoker.invokeTestMethod(TestInvoker.java:220)
	at org.testng.internal.invokers.MethodRunner.runInSequence(MethodRunner.java:50)
	at org.testng.internal.invokers.TestInvoker$MethodInvocationAgent.invoke(TestInvoker.java:945)
	at org.testng.internal.invokers.TestInvoker.invokeTestMethods(TestInvoker.java:193)
	at org.testng.internal.invokers.TestMethodWorker.invokeTestMethods(TestMethodWorker.java:146)
	at org.testng.internal.invokers.TestMethodWorker.run(TestMethodWorker.java:128)
	at java.base/java.util.ArrayList.forEach(ArrayList.java:1511)
	at org.testng.TestRunner.privateRun(TestRunner.java:808)
	at org.testng.TestRunner.run(TestRunner.java:603)
	at org.testng.SuiteRunner.runTest(SuiteRunner.java:429)
	at org.testng.SuiteRunner.runSequentially(SuiteRunner.java:423)
	at org.testng.SuiteRunner.privateRun(SuiteRunner.java:383)
	at org.testng.SuiteRunner.run(SuiteRunner.java:326)
	at org.testng.SuiteRunnerWorker.runSuite(SuiteRunnerWorker.java:52)
	at org.testng.SuiteRunnerWorker.run(SuiteRunnerWorker.java:95)
	at org.testng.TestNG.runSuitesSequentially(TestNG.java:1249)
	at org.testng.TestNG.runSuitesLocally(TestNG.java:1169)
	at org.testng.TestNG.runSuites(TestNG.java:1092)
	at org.testng.TestNG.run(TestNG.java:1060)
	at org.apache.maven.surefire.testng.TestNGExecutor.run(TestNGExecutor.java:308)
	at org.apache.maven.surefire.testng.TestNGXmlTestSuite.execute(TestNGXmlTestSuite.java:71)
	at org.apache.maven.surefire.testng.TestNGProvider.invoke(TestNGProvider.java:113)
	at org.apache.maven.surefire.booter.ForkedBooter.runSuitesInProcess(ForkedBooter.java:385)
	at org.apache.maven.surefire.booter.ForkedBooter.execute(ForkedBooter.java:162)
	at org.apache.maven.surefire.booter.ForkedBooter.run(ForkedBooter.java:507)
	at org.apache.maven.surefire.booter.ForkedBooter.main(ForkedBooter.java:495)
]]></failure>
    <system-err><![CDATA[Starting ChromeDriver 114.0.5735.90 (386bc09e8f4f2e025eddae123f36f6263096ae49-refs/branch-heads/5735@{#1052}) on port 25382
Only local connections are allowed.
Please see https://chromedriver.chromium.org/security-considerations for suggestions on keeping ChromeDriver safe.
ChromeDriver was started successfully.
]]></system-err>
  </testcase>
  <testcase name="beforeMethod" classname="com.training.testcases.CreateAccountTest" time="0">
    <skipped/>
  </testcase>
  <testcase name="beforeMethod" classname="com.training.testcases.CreateAccountTest" time="0">
    <skipped/>
  </testcase>
  <testcase name="beforeMethod" classname="com.training.testcases.CreateAccountTest" time="0">
    <skipped/>
  </testcase>
  <testcase name="beforeMethod" classname="com.training.testcases.CreateAccountTest" time="0">
    <skipped/>
  </testcase>
  <testcase name="createAccountAndValidate" classname="com.training.testcases.CreateAccountTest" time="0">
    <skipped message="session not created: This version of ChromeDriver only supports Chrome version 114&#10;Current browser version is 116.0.5845.110 with binary path /Applications/Google Chrome.app/Contents/MacOS/Google Chrome&#10;Build info: version: &apos;3.141.59&apos;, revision: &apos;e82be7d358&apos;, time: &apos;2018-11-14T08:17:03&apos;&#10;System info: host: &apos;Harneets-MacBook-Pro.local&apos;, ip: &apos;fe80:0:0:0:cdd:4186:e6df:7f6c%en0&apos;, os.name: &apos;Mac OS X&apos;, os.arch: &apos;aarch64&apos;, os.version: &apos;13.3.1&apos;, java.version: &apos;17.0.1&apos;&#10;Driver info: driver.version: ChromeDriver&#10;remote stacktrace: 0   chromedriver                        0x0000000104d73f48 chromedriver + 4226888&#10;1   chromedriver                        0x0000000104d6c4f4 chromedriver + 4195572&#10;2   chromedriver                        0x00000001049b0d68 chromedriver + 281960&#10;3   chromedriver                        0x00000001049dcbac chromedriver + 461740&#10;4   chromedriver                        0x00000001049d8fd8 chromedriver + 446424&#10;5   chromedriver                        0x00000001049d6150 chromedriver + 434512&#10;6   chromedriver                        0x0000000104a1393c chromedriver + 686396&#10;7   chromedriver                        0x0000000104a13164 chromedriver + 684388&#10;8   chromedriver                        0x00000001049dff1c chromedriver + 474908&#10;9   chromedriver                        0x00000001049e0ef4 chromedriver + 478964&#10;10  chromedriver                        0x0000000104d3559c chromedriver + 3970460&#10;11  chromedriver                        0x0000000104d396f0 chromedriver + 3987184&#10;12  chromedriver                        0x0000000104d3f5b4 chromedriver + 4011444&#10;13  chromedriver                        0x0000000104d3a2fc chromedriver + 3990268&#10;14  chromedriver                        0x0000000104d121c0 chromedriver + 3826112&#10;15  chromedriver                        0x0000000104d56088 chromedriver + 4104328&#10;16  chromedriver                        0x0000000104d561e0 chromedriver + 4104672&#10;17  chromedriver                        0x0000000104d65f28 chromedriver + 4169512&#10;18  libsystem_pthread.dylib             0x00000001922c3fa8 _pthread_start + 148&#10;19  libsystem_pthread.dylib             0x00000001922beda0 thread_start + 8&#10;"/>
    <system-out><![CDATA[*** Running test method createAccountAndValidate...
*** Test createAccountAndValidate skipped...
]]></system-out>
  </testcase>
  <testcase name="createNewView" classname="com.training.testcases.CreateAccountTest" time="0">
    <skipped message="session not created: This version of ChromeDriver only supports Chrome version 114&#10;Current browser version is 116.0.5845.110 with binary path /Applications/Google Chrome.app/Contents/MacOS/Google Chrome&#10;Build info: version: &apos;3.141.59&apos;, revision: &apos;e82be7d358&apos;, time: &apos;2018-11-14T08:17:03&apos;&#10;System info: host: &apos;Harneets-MacBook-Pro.local&apos;, ip: &apos;fe80:0:0:0:cdd:4186:e6df:7f6c%en0&apos;, os.name: &apos;Mac OS X&apos;, os.arch: &apos;aarch64&apos;, os.version: &apos;13.3.1&apos;, java.version: &apos;17.0.1&apos;&#10;Driver info: driver.version: ChromeDriver&#10;remote stacktrace: 0   chromedriver                        0x0000000104d73f48 chromedriver + 4226888&#10;1   chromedriver                        0x0000000104d6c4f4 chromedriver + 4195572&#10;2   chromedriver                        0x00000001049b0d68 chromedriver + 281960&#10;3   chromedriver                        0x00000001049dcbac chromedriver + 461740&#10;4   chromedriver                        0x00000001049d8fd8 chromedriver + 446424&#10;5   chromedriver                        0x00000001049d6150 chromedriver + 434512&#10;6   chromedriver                        0x0000000104a1393c chromedriver + 686396&#10;7   chromedriver                        0x0000000104a13164 chromedriver + 684388&#10;8   chromedriver                        0x00000001049dff1c chromedriver + 474908&#10;9   chromedriver                        0x00000001049e0ef4 chromedriver + 478964&#10;10  chromedriver                        0x0000000104d3559c chromedriver + 3970460&#10;11  chromedriver                        0x0000000104d396f0 chromedriver + 3987184&#10;12  chromedriver                        0x0000000104d3f5b4 chromedriver + 4011444&#10;13  chromedriver                        0x0000000104d3a2fc chromedriver + 3990268&#10;14  chromedriver                        0x0000000104d121c0 chromedriver + 3826112&#10;15  chromedriver                        0x0000000104d56088 chromedriver + 4104328&#10;16  chromedriver                        0x0000000104d561e0 chromedriver + 4104672&#10;17  chromedriver                        0x0000000104d65f28 chromedriver + 4169512&#10;18  libsystem_pthread.dylib             0x00000001922c3fa8 _pthread_start + 148&#10;19  libsystem_pthread.dylib             0x00000001922beda0 thread_start + 8&#10;"/>
    <system-out><![CDATA[*** Running test method createNewView...
*** Test createNewView skipped...
]]></system-out>
  </testcase>
  <testcase name="editView" classname="com.training.testcases.CreateAccountTest" time="0">
    <skipped message="session not created: This version of ChromeDriver only supports Chrome version 114&#10;Current browser version is 116.0.5845.110 with binary path /Applications/Google Chrome.app/Contents/MacOS/Google Chrome&#10;Build info: version: &apos;3.141.59&apos;, revision: &apos;e82be7d358&apos;, time: &apos;2018-11-14T08:17:03&apos;&#10;System info: host: &apos;Harneets-MacBook-Pro.local&apos;, ip: &apos;fe80:0:0:0:cdd:4186:e6df:7f6c%en0&apos;, os.name: &apos;Mac OS X&apos;, os.arch: &apos;aarch64&apos;, os.version: &apos;13.3.1&apos;, java.version: &apos;17.0.1&apos;&#10;Driver info: driver.version: ChromeDriver&#10;remote stacktrace: 0   chromedriver                        0x0000000104d73f48 chromedriver + 4226888&#10;1   chromedriver                        0x0000000104d6c4f4 chromedriver + 4195572&#10;2   chromedriver                        0x00000001049b0d68 chromedriver + 281960&#10;3   chromedriver                        0x00000001049dcbac chromedriver + 461740&#10;4   chromedriver                        0x00000001049d8fd8 chromedriver + 446424&#10;5   chromedriver                        0x00000001049d6150 chromedriver + 434512&#10;6   chromedriver                        0x0000000104a1393c chromedriver + 686396&#10;7   chromedriver                        0x0000000104a13164 chromedriver + 684388&#10;8   chromedriver                        0x00000001049dff1c chromedriver + 474908&#10;9   chromedriver                        0x00000001049e0ef4 chromedriver + 478964&#10;10  chromedriver                        0x0000000104d3559c chromedriver + 3970460&#10;11  chromedriver                        0x0000000104d396f0 chromedriver + 3987184&#10;12  chromedriver                        0x0000000104d3f5b4 chromedriver + 4011444&#10;13  chromedriver                        0x0000000104d3a2fc chromedriver + 3990268&#10;14  chromedriver                        0x0000000104d121c0 chromedriver + 3826112&#10;15  chromedriver                        0x0000000104d56088 chromedriver + 4104328&#10;16  chromedriver                        0x0000000104d561e0 chromedriver + 4104672&#10;17  chromedriver                        0x0000000104d65f28 chromedriver + 4169512&#10;18  libsystem_pthread.dylib             0x00000001922c3fa8 _pthread_start + 148&#10;19  libsystem_pthread.dylib             0x00000001922beda0 thread_start + 8&#10;"/>
    <system-out><![CDATA[*** Running test method editView...
*** Test editView skipped...
]]></system-out>
  </testcase>
  <testcase name="mergeAccounts" classname="com.training.testcases.CreateAccountTest" time="0">
    <skipped message="session not created: This version of ChromeDriver only supports Chrome version 114&#10;Current browser version is 116.0.5845.110 with binary path /Applications/Google Chrome.app/Contents/MacOS/Google Chrome&#10;Build info: version: &apos;3.141.59&apos;, revision: &apos;e82be7d358&apos;, time: &apos;2018-11-14T08:17:03&apos;&#10;System info: host: &apos;Harneets-MacBook-Pro.local&apos;, ip: &apos;fe80:0:0:0:cdd:4186:e6df:7f6c%en0&apos;, os.name: &apos;Mac OS X&apos;, os.arch: &apos;aarch64&apos;, os.version: &apos;13.3.1&apos;, java.version: &apos;17.0.1&apos;&#10;Driver info: driver.version: ChromeDriver&#10;remote stacktrace: 0   chromedriver                        0x0000000104d73f48 chromedriver + 4226888&#10;1   chromedriver                        0x0000000104d6c4f4 chromedriver + 4195572&#10;2   chromedriver                        0x00000001049b0d68 chromedriver + 281960&#10;3   chromedriver                        0x00000001049dcbac chromedriver + 461740&#10;4   chromedriver                        0x00000001049d8fd8 chromedriver + 446424&#10;5   chromedriver                        0x00000001049d6150 chromedriver + 434512&#10;6   chromedriver                        0x0000000104a1393c chromedriver + 686396&#10;7   chromedriver                        0x0000000104a13164 chromedriver + 684388&#10;8   chromedriver                        0x00000001049dff1c chromedriver + 474908&#10;9   chromedriver                        0x00000001049e0ef4 chromedriver + 478964&#10;10  chromedriver                        0x0000000104d3559c chromedriver + 3970460&#10;11  chromedriver                        0x0000000104d396f0 chromedriver + 3987184&#10;12  chromedriver                        0x0000000104d3f5b4 chromedriver + 4011444&#10;13  chromedriver                        0x0000000104d3a2fc chromedriver + 3990268&#10;14  chromedriver                        0x0000000104d121c0 chromedriver + 3826112&#10;15  chromedriver                        0x0000000104d56088 chromedriver + 4104328&#10;16  chromedriver                        0x0000000104d561e0 chromedriver + 4104672&#10;17  chromedriver                        0x0000000104d65f28 chromedriver + 4169512&#10;18  libsystem_pthread.dylib             0x00000001922c3fa8 _pthread_start + 148&#10;19  libsystem_pthread.dylib             0x00000001922beda0 thread_start + 8&#10;"/>
    <system-out><![CDATA[*** Running test method mergeAccounts...
*** Test mergeAccounts skipped...
]]></system-out>
  </testcase>
  <testcase name="teardown" classname="com.training.testcases.CreateAccountTest" time="0">
    <skipped message="session not created: This version of ChromeDriver only supports Chrome version 114&#10;Current browser version is 116.0.5845.110 with binary path /Applications/Google Chrome.app/Contents/MacOS/Google Chrome&#10;Build info: version: &apos;3.141.59&apos;, revision: &apos;e82be7d358&apos;, time: &apos;2018-11-14T08:17:03&apos;&#10;System info: host: &apos;Harneets-MacBook-Pro.local&apos;, ip: &apos;fe80:0:0:0:cdd:4186:e6df:7f6c%en0&apos;, os.name: &apos;Mac OS X&apos;, os.arch: &apos;aarch64&apos;, os.version: &apos;13.3.1&apos;, java.version: &apos;17.0.1&apos;&#10;Driver info: driver.version: ChromeDriver&#10;remote stacktrace: 0   chromedriver                        0x0000000104d73f48 chromedriver + 4226888&#10;1   chromedriver                        0x0000000104d6c4f4 chromedriver + 4195572&#10;2   chromedriver                        0x00000001049b0d68 chromedriver + 281960&#10;3   chromedriver                        0x00000001049dcbac chromedriver + 461740&#10;4   chromedriver                        0x00000001049d8fd8 chromedriver + 446424&#10;5   chromedriver                        0x00000001049d6150 chromedriver + 434512&#10;6   chromedriver                        0x0000000104a1393c chromedriver + 686396&#10;7   chromedriver                        0x0000000104a13164 chromedriver + 684388&#10;8   chromedriver                        0x00000001049dff1c chromedriver + 474908&#10;9   chromedriver                        0x00000001049e0ef4 chromedriver + 478964&#10;10  chromedriver                        0x0000000104d3559c chromedriver + 3970460&#10;11  chromedriver                        0x0000000104d396f0 chromedriver + 3987184&#10;12  chromedriver                        0x0000000104d3f5b4 chromedriver + 4011444&#10;13  chromedriver                        0x0000000104d3a2fc chromedriver + 3990268&#10;14  chromedriver                        0x0000000104d121c0 chromedriver + 3826112&#10;15  chromedriver                        0x0000000104d56088 chromedriver + 4104328&#10;16  chromedriver                        0x0000000104d561e0 chromedriver + 4104672&#10;17  chromedriver                        0x0000000104d65f28 chromedriver + 4169512&#10;18  libsystem_pthread.dylib             0x00000001922c3fa8 _pthread_start + 148&#10;19  libsystem_pthread.dylib             0x00000001922beda0 thread_start + 8&#10;"/>
    <system-out><![CDATA[*** Running test method teardown...
*** Test teardown skipped...
]]></system-out>
  </testcase>
  <testcase name="beforeMethod" classname="com.training.testcases.OpportunityTabTest" time="0.969">
    <failure message="session not created: This version of ChromeDriver only supports Chrome version 114&#10;Current browser version is 116.0.5845.110 with binary path /Applications/Google Chrome.app/Contents/MacOS/Google Chrome&#10;Build info: version: &apos;3.141.59&apos;, revision: &apos;e82be7d358&apos;, time: &apos;2018-11-14T08:17:03&apos;&#10;System info: host: &apos;Harneets-MacBook-Pro.local&apos;, ip: &apos;fe80:0:0:0:cdd:4186:e6df:7f6c%en0&apos;, os.name: &apos;Mac OS X&apos;, os.arch: &apos;aarch64&apos;, os.version: &apos;13.3.1&apos;, java.version: &apos;17.0.1&apos;&#10;Driver info: driver.version: ChromeDriver&#10;remote stacktrace: 0   chromedriver                        0x000000010299ff48 chromedriver + 4226888&#10;1   chromedriver                        0x00000001029984f4 chromedriver + 4195572&#10;2   chromedriver                        0x00000001025dcd68 chromedriver + 281960&#10;3   chromedriver                        0x0000000102608bac chromedriver + 461740&#10;4   chromedriver                        0x0000000102604fd8 chromedriver + 446424&#10;5   chromedriver                        0x0000000102602150 chromedriver + 434512&#10;6   chromedriver                        0x000000010263f93c chromedriver + 686396&#10;7   chromedriver                        0x000000010263f164 chromedriver + 684388&#10;8   chromedriver                        0x000000010260bf1c chromedriver + 474908&#10;9   chromedriver                        0x000000010260cef4 chromedriver + 478964&#10;10  chromedriver                        0x000000010296159c chromedriver + 3970460&#10;11  chromedriver                        0x00000001029656f0 chromedriver + 3987184&#10;12  chromedriver                        0x000000010296b5b4 chromedriver + 4011444&#10;13  chromedriver                        0x00000001029662fc chromedriver + 3990268&#10;14  chromedriver                        0x000000010293e1c0 chromedriver + 3826112&#10;15  chromedriver                        0x0000000102982088 chromedriver + 4104328&#10;16  chromedriver                        0x00000001029821e0 chromedriver + 4104672&#10;17  chromedriver                        0x0000000102991f28 chromedriver + 4169512&#10;18  libsystem_pthread.dylib             0x00000001922c3fa8 _pthread_start + 148&#10;19  libsystem_pthread.dylib             0x00000001922beda0 thread_start + 8&#10;" type="org.openqa.selenium.SessionNotCreatedException"><![CDATA[org.openqa.selenium.SessionNotCreatedException: 
session not created: This version of ChromeDriver only supports Chrome version 114
Current browser version is 116.0.5845.110 with binary path /Applications/Google Chrome.app/Contents/MacOS/Google Chrome
Build info: version: '3.141.59', revision: 'e82be7d358', time: '2018-11-14T08:17:03'
System info: host: 'Harneets-MacBook-Pro.local', ip: 'fe80:0:0:0:cdd:4186:e6df:7f6c%en0', os.name: 'Mac OS X', os.arch: 'aarch64', os.version: '13.3.1', java.version: '17.0.1'
Driver info: driver.version: ChromeDriver
remote stacktrace: 0   chromedriver                        0x000000010299ff48 chromedriver + 4226888
1   chromedriver                        0x00000001029984f4 chromedriver + 4195572
2   chromedriver                        0x00000001025dcd68 chromedriver + 281960
3   chromedriver                        0x0000000102608bac chromedriver + 461740
4   chromedriver                        0x0000000102604fd8 chromedriver + 446424
5   chromedriver                        0x0000000102602150 chromedriver + 434512
6   chromedriver                        0x000000010263f93c chromedriver + 686396
7   chromedriver                        0x000000010263f164 chromedriver + 684388
8   chromedriver                        0x000000010260bf1c chromedriver + 474908
9   chromedriver                        0x000000010260cef4 chromedriver + 478964
10  chromedriver                        0x000000010296159c chromedriver + 3970460
11  chromedriver                        0x00000001029656f0 chromedriver + 3987184
12  chromedriver                        0x000000010296b5b4 chromedriver + 4011444
13  chromedriver                        0x00000001029662fc chromedriver + 3990268
14  chromedriver                        0x000000010293e1c0 chromedriver + 3826112
15  chromedriver                        0x0000000102982088 chromedriver + 4104328
16  chromedriver                        0x00000001029821e0 chromedriver + 4104672
17  chromedriver                        0x0000000102991f28 chromedriver + 4169512
18  libsystem_pthread.dylib             0x00000001922c3fa8 _pthread_start + 148
19  libsystem_pthread.dylib             0x00000001922beda0 thread_start + 8

	at java.base/jdk.internal.reflect.NativeConstructorAccessorImpl.newInstance0(Native Method)
	at java.base/jdk.internal.reflect.NativeConstructorAccessorImpl.newInstance(NativeConstructorAccessorImpl.java:77)
	at java.base/jdk.internal.reflect.DelegatingConstructorAccessorImpl.newInstance(DelegatingConstructorAccessorImpl.java:45)
	at java.base/java.lang.reflect.Constructor.newInstanceWithCaller(Constructor.java:499)
	at java.base/java.lang.reflect.Constructor.newInstance(Constructor.java:480)
	at org.openqa.selenium.remote.W3CHandshakeResponse.lambda$errorHandler$0(W3CHandshakeResponse.java:62)
	at org.openqa.selenium.remote.HandshakeResponse.lambda$getResponseFunction$0(HandshakeResponse.java:30)
	at org.openqa.selenium.remote.ProtocolHandshake.lambda$createSession$0(ProtocolHandshake.java:126)
	at java.base/java.util.stream.ReferencePipeline$3$1.accept(ReferencePipeline.java:197)
	at java.base/java.util.Spliterators$ArraySpliterator.tryAdvance(Spliterators.java:1002)
	at java.base/java.util.stream.ReferencePipeline.forEachWithCancel(ReferencePipeline.java:129)
	at java.base/java.util.stream.AbstractPipeline.copyIntoWithCancel(AbstractPipeline.java:527)
	at java.base/java.util.stream.AbstractPipeline.copyInto(AbstractPipeline.java:513)
	at java.base/java.util.stream.AbstractPipeline.wrapAndCopyInto(AbstractPipeline.java:499)
	at java.base/java.util.stream.FindOps$FindOp.evaluateSequential(FindOps.java:150)
	at java.base/java.util.stream.AbstractPipeline.evaluate(AbstractPipeline.java:234)
	at java.base/java.util.stream.ReferencePipeline.findFirst(ReferencePipeline.java:647)
	at org.openqa.selenium.remote.ProtocolHandshake.createSession(ProtocolHandshake.java:128)
	at org.openqa.selenium.remote.ProtocolHandshake.createSession(ProtocolHandshake.java:74)
	at org.openqa.selenium.remote.HttpCommandExecutor.execute(HttpCommandExecutor.java:136)
	at org.openqa.selenium.remote.service.DriverCommandExecutor.execute(DriverCommandExecutor.java:83)
	at org.openqa.selenium.remote.RemoteWebDriver.execute(RemoteWebDriver.java:552)
	at org.openqa.selenium.remote.RemoteWebDriver.startSession(RemoteWebDriver.java:213)
	at org.openqa.selenium.remote.RemoteWebDriver.<init>(RemoteWebDriver.java:131)
	at org.openqa.selenium.chrome.ChromeDriver.<init>(ChromeDriver.java:181)
	at org.openqa.selenium.chrome.ChromeDriver.<init>(ChromeDriver.java:168)
	at org.openqa.selenium.chrome.ChromeDriver.<init>(ChromeDriver.java:123)
	at com.training.base.BaseTest.getDriver(BaseTest.java:29)
	at com.training.testcases.OpportunityTabTest.beforeMethod(OpportunityTabTest.java:20)
	at java.base/jdk.internal.reflect.NativeMethodAccessorImpl.invoke0(Native Method)
	at java.base/jdk.internal.reflect.NativeMethodAccessorImpl.invoke(NativeMethodAccessorImpl.java:77)
	at java.base/jdk.internal.reflect.DelegatingMethodAccessorImpl.invoke(DelegatingMethodAccessorImpl.java:43)
	at java.base/java.lang.reflect.Method.invoke(Method.java:568)
	at org.testng.internal.invokers.MethodInvocationHelper.invokeMethod(MethodInvocationHelper.java:135)
	at org.testng.internal.invokers.MethodInvocationHelper.invokeMethodConsideringTimeout(MethodInvocationHelper.java:65)
	at org.testng.internal.invokers.ConfigInvoker.invokeConfigurationMethod(ConfigInvoker.java:381)
	at org.testng.internal.invokers.ConfigInvoker.invokeConfigurations(ConfigInvoker.java:319)
	at org.testng.internal.invokers.TestInvoker.runConfigMethods(TestInvoker.java:803)
	at org.testng.internal.invokers.TestInvoker.invokeMethod(TestInvoker.java:589)
	at org.testng.internal.invokers.TestInvoker.invokeTestMethod(TestInvoker.java:220)
	at org.testng.internal.invokers.MethodRunner.runInSequence(MethodRunner.java:50)
	at org.testng.internal.invokers.TestInvoker$MethodInvocationAgent.invoke(TestInvoker.java:945)
	at org.testng.internal.invokers.TestInvoker.invokeTestMethods(TestInvoker.java:193)
	at org.testng.internal.invokers.TestMethodWorker.invokeTestMethods(TestMethodWorker.java:146)
	at org.testng.internal.invokers.TestMethodWorker.run(TestMethodWorker.java:128)
	at java.base/java.util.ArrayList.forEach(ArrayList.java:1511)
	at org.testng.TestRunner.privateRun(TestRunner.java:808)
	at org.testng.TestRunner.run(TestRunner.java:603)
	at org.testng.SuiteRunner.runTest(SuiteRunner.java:429)
	at org.testng.SuiteRunner.runSequentially(SuiteRunner.java:423)
	at org.testng.SuiteRunner.privateRun(SuiteRunner.java:383)
	at org.testng.SuiteRunner.run(SuiteRunner.java:326)
	at org.testng.SuiteRunnerWorker.runSuite(SuiteRunnerWorker.java:52)
	at org.testng.SuiteRunnerWorker.run(SuiteRunnerWorker.java:95)
	at org.testng.TestNG.runSuitesSequentially(TestNG.java:1249)
	at org.testng.TestNG.runSuitesLocally(TestNG.java:1169)
	at org.testng.TestNG.runSuites(TestNG.java:1092)
	at org.testng.TestNG.run(TestNG.java:1060)
	at org.apache.maven.surefire.testng.TestNGExecutor.run(TestNGExecutor.java:308)
	at org.apache.maven.surefire.testng.TestNGXmlTestSuite.execute(TestNGXmlTestSuite.java:71)
	at org.apache.maven.surefire.testng.TestNGProvider.invoke(TestNGProvider.java:113)
	at org.apache.maven.surefire.booter.ForkedBooter.runSuitesInProcess(ForkedBooter.java:385)
	at org.apache.maven.surefire.booter.ForkedBooter.execute(ForkedBooter.java:162)
	at org.apache.maven.surefire.booter.ForkedBooter.run(ForkedBooter.java:507)
	at org.apache.maven.surefire.booter.ForkedBooter.main(ForkedBooter.java:495)
]]></failure>
    <system-err><![CDATA[Starting ChromeDriver 114.0.5735.90 (386bc09e8f4f2e025eddae123f36f6263096ae49-refs/branch-heads/5735@{#1052}) on port 33394
Only local connections are allowed.
Please see https://chromedriver.chromium.org/security-considerations for suggestions on keeping ChromeDriver safe.
ChromeDriver was started successfully.
]]></system-err>
  </testcase>
  <testcase name="beforeMethod" classname="com.training.testcases.OpportunityTabTest" time="0">
    <skipped/>
  </testcase>
  <testcase name="beforeMethod" classname="com.training.testcases.OpportunityTabTest" time="0">
    <skipped/>
  </testcase>
  <testcase name="beforeMethod" classname="com.training.testcases.OpportunityTabTest" time="0">
    <skipped/>
  </testcase>
  <testcase name="opportunityDropDownValidate" classname="com.training.testcases.OpportunityTabTest" time="0">
    <skipped message="session not created: This version of ChromeDriver only supports Chrome version 114&#10;Current browser version is 116.0.5845.110 with binary path /Applications/Google Chrome.app/Contents/MacOS/Google Chrome&#10;Build info: version: &apos;3.141.59&apos;, revision: &apos;e82be7d358&apos;, time: &apos;2018-11-14T08:17:03&apos;&#10;System info: host: &apos;Harneets-MacBook-Pro.local&apos;, ip: &apos;fe80:0:0:0:cdd:4186:e6df:7f6c%en0&apos;, os.name: &apos;Mac OS X&apos;, os.arch: &apos;aarch64&apos;, os.version: &apos;13.3.1&apos;, java.version: &apos;17.0.1&apos;&#10;Driver info: driver.version: ChromeDriver&#10;remote stacktrace: 0   chromedriver                        0x000000010299ff48 chromedriver + 4226888&#10;1   chromedriver                        0x00000001029984f4 chromedriver + 4195572&#10;2   chromedriver                        0x00000001025dcd68 chromedriver + 281960&#10;3   chromedriver                        0x0000000102608bac chromedriver + 461740&#10;4   chromedriver                        0x0000000102604fd8 chromedriver + 446424&#10;5   chromedriver                        0x0000000102602150 chromedriver + 434512&#10;6   chromedriver                        0x000000010263f93c chromedriver + 686396&#10;7   chromedriver                        0x000000010263f164 chromedriver + 684388&#10;8   chromedriver                        0x000000010260bf1c chromedriver + 474908&#10;9   chromedriver                        0x000000010260cef4 chromedriver + 478964&#10;10  chromedriver                        0x000000010296159c chromedriver + 3970460&#10;11  chromedriver                        0x00000001029656f0 chromedriver + 3987184&#10;12  chromedriver                        0x000000010296b5b4 chromedriver + 4011444&#10;13  chromedriver                        0x00000001029662fc chromedriver + 3990268&#10;14  chromedriver                        0x000000010293e1c0 chromedriver + 3826112&#10;15  chromedriver                        0x0000000102982088 chromedriver + 4104328&#10;16  chromedriver                        0x00000001029821e0 chromedriver + 4104672&#10;17  chromedriver                        0x0000000102991f28 chromedriver + 4169512&#10;18  libsystem_pthread.dylib             0x00000001922c3fa8 _pthread_start + 148&#10;19  libsystem_pthread.dylib             0x00000001922beda0 thread_start + 8&#10;"/>
    <system-out><![CDATA[*** Running test method opportunityDropDownValidate...
*** Test opportunityDropDownValidate skipped...
]]></system-out>
  </testcase>
  <testcase name="quarterlySummary" classname="com.training.testcases.OpportunityTabTest" time="0">
    <skipped message="session not created: This version of ChromeDriver only supports Chrome version 114&#10;Current browser version is 116.0.5845.110 with binary path /Applications/Google Chrome.app/Contents/MacOS/Google Chrome&#10;Build info: version: &apos;3.141.59&apos;, revision: &apos;e82be7d358&apos;, time: &apos;2018-11-14T08:17:03&apos;&#10;System info: host: &apos;Harneets-MacBook-Pro.local&apos;, ip: &apos;fe80:0:0:0:cdd:4186:e6df:7f6c%en0&apos;, os.name: &apos;Mac OS X&apos;, os.arch: &apos;aarch64&apos;, os.version: &apos;13.3.1&apos;, java.version: &apos;17.0.1&apos;&#10;Driver info: driver.version: ChromeDriver&#10;remote stacktrace: 0   chromedriver                        0x000000010299ff48 chromedriver + 4226888&#10;1   chromedriver                        0x00000001029984f4 chromedriver + 4195572&#10;2   chromedriver                        0x00000001025dcd68 chromedriver + 281960&#10;3   chromedriver                        0x0000000102608bac chromedriver + 461740&#10;4   chromedriver                        0x0000000102604fd8 chromedriver + 446424&#10;5   chromedriver                        0x0000000102602150 chromedriver + 434512&#10;6   chromedriver                        0x000000010263f93c chromedriver + 686396&#10;7   chromedriver                        0x000000010263f164 chromedriver + 684388&#10;8   chromedriver                        0x000000010260bf1c chromedriver + 474908&#10;9   chromedriver                        0x000000010260cef4 chromedriver + 478964&#10;10  chromedriver                        0x000000010296159c chromedriver + 3970460&#10;11  chromedriver                        0x00000001029656f0 chromedriver + 3987184&#10;12  chromedriver                        0x000000010296b5b4 chromedriver + 4011444&#10;13  chromedriver                        0x00000001029662fc chromedriver + 3990268&#10;14  chromedriver                        0x000000010293e1c0 chromedriver + 3826112&#10;15  chromedriver                        0x0000000102982088 chromedriver + 4104328&#10;16  chromedriver                        0x00000001029821e0 chromedriver + 4104672&#10;17  chromedriver                        0x0000000102991f28 chromedriver + 4169512&#10;18  libsystem_pthread.dylib             0x00000001922c3fa8 _pthread_start + 148&#10;19  libsystem_pthread.dylib             0x00000001922beda0 thread_start + 8&#10;"/>
    <system-out><![CDATA[*** Running test method quarterlySummary...
*** Test quarterlySummary skipped...
]]></system-out>
  </testcase>
  <testcase name="stuckOpportunityReport" classname="com.training.testcases.OpportunityTabTest" time="0">
    <skipped message="session not created: This version of ChromeDriver only supports Chrome version 114&#10;Current browser version is 116.0.5845.110 with binary path /Applications/Google Chrome.app/Contents/MacOS/Google Chrome&#10;Build info: version: &apos;3.141.59&apos;, revision: &apos;e82be7d358&apos;, time: &apos;2018-11-14T08:17:03&apos;&#10;System info: host: &apos;Harneets-MacBook-Pro.local&apos;, ip: &apos;fe80:0:0:0:cdd:4186:e6df:7f6c%en0&apos;, os.name: &apos;Mac OS X&apos;, os.arch: &apos;aarch64&apos;, os.version: &apos;13.3.1&apos;, java.version: &apos;17.0.1&apos;&#10;Driver info: driver.version: ChromeDriver&#10;remote stacktrace: 0   chromedriver                        0x000000010299ff48 chromedriver + 4226888&#10;1   chromedriver                        0x00000001029984f4 chromedriver + 4195572&#10;2   chromedriver                        0x00000001025dcd68 chromedriver + 281960&#10;3   chromedriver                        0x0000000102608bac chromedriver + 461740&#10;4   chromedriver                        0x0000000102604fd8 chromedriver + 446424&#10;5   chromedriver                        0x0000000102602150 chromedriver + 434512&#10;6   chromedriver                        0x000000010263f93c chromedriver + 686396&#10;7   chromedriver                        0x000000010263f164 chromedriver + 684388&#10;8   chromedriver                        0x000000010260bf1c chromedriver + 474908&#10;9   chromedriver                        0x000000010260cef4 chromedriver + 478964&#10;10  chromedriver                        0x000000010296159c chromedriver + 3970460&#10;11  chromedriver                        0x00000001029656f0 chromedriver + 3987184&#10;12  chromedriver                        0x000000010296b5b4 chromedriver + 4011444&#10;13  chromedriver                        0x00000001029662fc chromedriver + 3990268&#10;14  chromedriver                        0x000000010293e1c0 chromedriver + 3826112&#10;15  chromedriver                        0x0000000102982088 chromedriver + 4104328&#10;16  chromedriver                        0x00000001029821e0 chromedriver + 4104672&#10;17  chromedriver                        0x0000000102991f28 chromedriver + 4169512&#10;18  libsystem_pthread.dylib             0x00000001922c3fa8 _pthread_start + 148&#10;19  libsystem_pthread.dylib             0x00000001922beda0 thread_start + 8&#10;"/>
    <system-out><![CDATA[*** Running test method stuckOpportunityReport...
*** Test stuckOpportunityReport skipped...
]]></system-out>
  </testcase>
  <testcase name="teardown" classname="com.training.testcases.OpportunityTabTest" time="0">
    <skipped message="session not created: This version of ChromeDriver only supports Chrome version 114&#10;Current browser version is 116.0.5845.110 with binary path /Applications/Google Chrome.app/Contents/MacOS/Google Chrome&#10;Build info: version: &apos;3.141.59&apos;, revision: &apos;e82be7d358&apos;, time: &apos;2018-11-14T08:17:03&apos;&#10;System info: host: &apos;Harneets-MacBook-Pro.local&apos;, ip: &apos;fe80:0:0:0:cdd:4186:e6df:7f6c%en0&apos;, os.name: &apos;Mac OS X&apos;, os.arch: &apos;aarch64&apos;, os.version: &apos;13.3.1&apos;, java.version: &apos;17.0.1&apos;&#10;Driver info: driver.version: ChromeDriver&#10;remote stacktrace: 0   chromedriver                        0x000000010299ff48 chromedriver + 4226888&#10;1   chromedriver                        0x00000001029984f4 chromedriver + 4195572&#10;2   chromedriver                        0x00000001025dcd68 chromedriver + 281960&#10;3   chromedriver                        0x0000000102608bac chromedriver + 461740&#10;4   chromedriver                        0x0000000102604fd8 chromedriver + 446424&#10;5   chromedriver                        0x0000000102602150 chromedriver + 434512&#10;6   chromedriver                        0x000000010263f93c chromedriver + 686396&#10;7   chromedriver                        0x000000010263f164 chromedriver + 684388&#10;8   chromedriver                        0x000000010260bf1c chromedriver + 474908&#10;9   chromedriver                        0x000000010260cef4 chromedriver + 478964&#10;10  chromedriver                        0x000000010296159c chromedriver + 3970460&#10;11  chromedriver                        0x00000001029656f0 chromedriver + 3987184&#10;12  chromedriver                        0x000000010296b5b4 chromedriver + 4011444&#10;13  chromedriver                        0x00000001029662fc chromedriver + 3990268&#10;14  chromedriver                        0x000000010293e1c0 chromedriver + 3826112&#10;15  chromedriver                        0x0000000102982088 chromedriver + 4104328&#10;16  chromedriver                        0x00000001029821e0 chromedriver + 4104672&#10;17  chromedriver                        0x0000000102991f28 chromedriver + 4169512&#10;18  libsystem_pthread.dylib             0x00000001922c3fa8 _pthread_start + 148&#10;19  libsystem_pthread.dylib             0x00000001922beda0 thread_start + 8&#10;"/>
    <system-out><![CDATA[*** Running test method teardown...
*** Test teardown skipped...
]]></system-out>
  </testcase>
  <testcase name="beforeMethod" classname="com.training.testcases.LeadsTabTest" time="1.061">
    <failure message="session not created: This version of ChromeDriver only supports Chrome version 114&#10;Current browser version is 116.0.5845.110 with binary path /Applications/Google Chrome.app/Contents/MacOS/Google Chrome&#10;Build info: version: &apos;3.141.59&apos;, revision: &apos;e82be7d358&apos;, time: &apos;2018-11-14T08:17:03&apos;&#10;System info: host: &apos;Harneets-MacBook-Pro.local&apos;, ip: &apos;fe80:0:0:0:cdd:4186:e6df:7f6c%en0&apos;, os.name: &apos;Mac OS X&apos;, os.arch: &apos;aarch64&apos;, os.version: &apos;13.3.1&apos;, java.version: &apos;17.0.1&apos;&#10;Driver info: driver.version: ChromeDriver&#10;remote stacktrace: 0   chromedriver                        0x000000010258ff48 chromedriver + 4226888&#10;1   chromedriver                        0x00000001025884f4 chromedriver + 4195572&#10;2   chromedriver                        0x00000001021ccd68 chromedriver + 281960&#10;3   chromedriver                        0x00000001021f8bac chromedriver + 461740&#10;4   chromedriver                        0x00000001021f4fd8 chromedriver + 446424&#10;5   chromedriver                        0x00000001021f2150 chromedriver + 434512&#10;6   chromedriver                        0x000000010222f93c chromedriver + 686396&#10;7   chromedriver                        0x000000010222f164 chromedriver + 684388&#10;8   chromedriver                        0x00000001021fbf1c chromedriver + 474908&#10;9   chromedriver                        0x00000001021fcef4 chromedriver + 478964&#10;10  chromedriver                        0x000000010255159c chromedriver + 3970460&#10;11  chromedriver                        0x00000001025556f0 chromedriver + 3987184&#10;12  chromedriver                        0x000000010255b5b4 chromedriver + 4011444&#10;13  chromedriver                        0x00000001025562fc chromedriver + 3990268&#10;14  chromedriver                        0x000000010252e1c0 chromedriver + 3826112&#10;15  chromedriver                        0x0000000102572088 chromedriver + 4104328&#10;16  chromedriver                        0x00000001025721e0 chromedriver + 4104672&#10;17  chromedriver                        0x0000000102581f28 chromedriver + 4169512&#10;18  libsystem_pthread.dylib             0x00000001922c3fa8 _pthread_start + 148&#10;19  libsystem_pthread.dylib             0x00000001922beda0 thread_start + 8&#10;" type="org.openqa.selenium.SessionNotCreatedException"><![CDATA[org.openqa.selenium.SessionNotCreatedException: 
session not created: This version of ChromeDriver only supports Chrome version 114
Current browser version is 116.0.5845.110 with binary path /Applications/Google Chrome.app/Contents/MacOS/Google Chrome
Build info: version: '3.141.59', revision: 'e82be7d358', time: '2018-11-14T08:17:03'
System info: host: 'Harneets-MacBook-Pro.local', ip: 'fe80:0:0:0:cdd:4186:e6df:7f6c%en0', os.name: 'Mac OS X', os.arch: 'aarch64', os.version: '13.3.1', java.version: '17.0.1'
Driver info: driver.version: ChromeDriver
remote stacktrace: 0   chromedriver                        0x000000010258ff48 chromedriver + 4226888
1   chromedriver                        0x00000001025884f4 chromedriver + 4195572
2   chromedriver                        0x00000001021ccd68 chromedriver + 281960
3   chromedriver                        0x00000001021f8bac chromedriver + 461740
4   chromedriver                        0x00000001021f4fd8 chromedriver + 446424
5   chromedriver                        0x00000001021f2150 chromedriver + 434512
6   chromedriver                        0x000000010222f93c chromedriver + 686396
7   chromedriver                        0x000000010222f164 chromedriver + 684388
8   chromedriver                        0x00000001021fbf1c chromedriver + 474908
9   chromedriver                        0x00000001021fcef4 chromedriver + 478964
10  chromedriver                        0x000000010255159c chromedriver + 3970460
11  chromedriver                        0x00000001025556f0 chromedriver + 3987184
12  chromedriver                        0x000000010255b5b4 chromedriver + 4011444
13  chromedriver                        0x00000001025562fc chromedriver + 3990268
14  chromedriver                        0x000000010252e1c0 chromedriver + 3826112
15  chromedriver                        0x0000000102572088 chromedriver + 4104328
16  chromedriver                        0x00000001025721e0 chromedriver + 4104672
17  chromedriver                        0x0000000102581f28 chromedriver + 4169512
18  libsystem_pthread.dylib             0x00000001922c3fa8 _pthread_start + 148
19  libsystem_pthread.dylib             0x00000001922beda0 thread_start + 8

	at java.base/jdk.internal.reflect.NativeConstructorAccessorImpl.newInstance0(Native Method)
	at java.base/jdk.internal.reflect.NativeConstructorAccessorImpl.newInstance(NativeConstructorAccessorImpl.java:77)
	at java.base/jdk.internal.reflect.DelegatingConstructorAccessorImpl.newInstance(DelegatingConstructorAccessorImpl.java:45)
	at java.base/java.lang.reflect.Constructor.newInstanceWithCaller(Constructor.java:499)
	at java.base/java.lang.reflect.Constructor.newInstance(Constructor.java:480)
	at org.openqa.selenium.remote.W3CHandshakeResponse.lambda$errorHandler$0(W3CHandshakeResponse.java:62)
	at org.openqa.selenium.remote.HandshakeResponse.lambda$getResponseFunction$0(HandshakeResponse.java:30)
	at org.openqa.selenium.remote.ProtocolHandshake.lambda$createSession$0(ProtocolHandshake.java:126)
	at java.base/java.util.stream.ReferencePipeline$3$1.accept(ReferencePipeline.java:197)
	at java.base/java.util.Spliterators$ArraySpliterator.tryAdvance(Spliterators.java:1002)
	at java.base/java.util.stream.ReferencePipeline.forEachWithCancel(ReferencePipeline.java:129)
	at java.base/java.util.stream.AbstractPipeline.copyIntoWithCancel(AbstractPipeline.java:527)
	at java.base/java.util.stream.AbstractPipeline.copyInto(AbstractPipeline.java:513)
	at java.base/java.util.stream.AbstractPipeline.wrapAndCopyInto(AbstractPipeline.java:499)
	at java.base/java.util.stream.FindOps$FindOp.evaluateSequential(FindOps.java:150)
	at java.base/java.util.stream.AbstractPipeline.evaluate(AbstractPipeline.java:234)
	at java.base/java.util.stream.ReferencePipeline.findFirst(ReferencePipeline.java:647)
	at org.openqa.selenium.remote.ProtocolHandshake.createSession(ProtocolHandshake.java:128)
	at org.openqa.selenium.remote.ProtocolHandshake.createSession(ProtocolHandshake.java:74)
	at org.openqa.selenium.remote.HttpCommandExecutor.execute(HttpCommandExecutor.java:136)
	at org.openqa.selenium.remote.service.DriverCommandExecutor.execute(DriverCommandExecutor.java:83)
	at org.openqa.selenium.remote.RemoteWebDriver.execute(RemoteWebDriver.java:552)
	at org.openqa.selenium.remote.RemoteWebDriver.startSession(RemoteWebDriver.java:213)
	at org.openqa.selenium.remote.RemoteWebDriver.<init>(RemoteWebDriver.java:131)
	at org.openqa.selenium.chrome.ChromeDriver.<init>(ChromeDriver.java:181)
	at org.openqa.selenium.chrome.ChromeDriver.<init>(ChromeDriver.java:168)
	at org.openqa.selenium.chrome.ChromeDriver.<init>(ChromeDriver.java:123)
	at com.training.base.BaseTest.getDriver(BaseTest.java:29)
	at com.training.testcases.LeadsTabTest.beforeMethod(LeadsTabTest.java:21)
	at java.base/jdk.internal.reflect.NativeMethodAccessorImpl.invoke0(Native Method)
	at java.base/jdk.internal.reflect.NativeMethodAccessorImpl.invoke(NativeMethodAccessorImpl.java:77)
	at java.base/jdk.internal.reflect.DelegatingMethodAccessorImpl.invoke(DelegatingMethodAccessorImpl.java:43)
	at java.base/java.lang.reflect.Method.invoke(Method.java:568)
	at org.testng.internal.invokers.MethodInvocationHelper.invokeMethod(MethodInvocationHelper.java:135)
	at org.testng.internal.invokers.MethodInvocationHelper.invokeMethodConsideringTimeout(MethodInvocationHelper.java:65)
	at org.testng.internal.invokers.ConfigInvoker.invokeConfigurationMethod(ConfigInvoker.java:381)
	at org.testng.internal.invokers.ConfigInvoker.invokeConfigurations(ConfigInvoker.java:319)
	at org.testng.internal.invokers.TestInvoker.runConfigMethods(TestInvoker.java:803)
	at org.testng.internal.invokers.TestInvoker.invokeMethod(TestInvoker.java:589)
	at org.testng.internal.invokers.TestInvoker.invokeTestMethod(TestInvoker.java:220)
	at org.testng.internal.invokers.MethodRunner.runInSequence(MethodRunner.java:50)
	at org.testng.internal.invokers.TestInvoker$MethodInvocationAgent.invoke(TestInvoker.java:945)
	at org.testng.internal.invokers.TestInvoker.invokeTestMethods(TestInvoker.java:193)
	at org.testng.internal.invokers.TestMethodWorker.invokeTestMethods(TestMethodWorker.java:146)
	at org.testng.internal.invokers.TestMethodWorker.run(TestMethodWorker.java:128)
	at java.base/java.util.ArrayList.forEach(ArrayList.java:1511)
	at org.testng.TestRunner.privateRun(TestRunner.java:808)
	at org.testng.TestRunner.run(TestRunner.java:603)
	at org.testng.SuiteRunner.runTest(SuiteRunner.java:429)
	at org.testng.SuiteRunner.runSequentially(SuiteRunner.java:423)
	at org.testng.SuiteRunner.privateRun(SuiteRunner.java:383)
	at org.testng.SuiteRunner.run(SuiteRunner.java:326)
	at org.testng.SuiteRunnerWorker.runSuite(SuiteRunnerWorker.java:52)
	at org.testng.SuiteRunnerWorker.run(SuiteRunnerWorker.java:95)
	at org.testng.TestNG.runSuitesSequentially(TestNG.java:1249)
	at org.testng.TestNG.runSuitesLocally(TestNG.java:1169)
	at org.testng.TestNG.runSuites(TestNG.java:1092)
	at org.testng.TestNG.run(TestNG.java:1060)
	at org.apache.maven.surefire.testng.TestNGExecutor.run(TestNGExecutor.java:308)
	at org.apache.maven.surefire.testng.TestNGXmlTestSuite.execute(TestNGXmlTestSuite.java:71)
	at org.apache.maven.surefire.testng.TestNGProvider.invoke(TestNGProvider.java:113)
	at org.apache.maven.surefire.booter.ForkedBooter.runSuitesInProcess(ForkedBooter.java:385)
	at org.apache.maven.surefire.booter.ForkedBooter.execute(ForkedBooter.java:162)
	at org.apache.maven.surefire.booter.ForkedBooter.run(ForkedBooter.java:507)
	at org.apache.maven.surefire.booter.ForkedBooter.main(ForkedBooter.java:495)
]]></failure>
    <system-err><![CDATA[Starting ChromeDriver 114.0.5735.90 (386bc09e8f4f2e025eddae123f36f6263096ae49-refs/branch-heads/5735@{#1052}) on port 19409
Only local connections are allowed.
Please see https://chromedriver.chromium.org/security-considerations for suggestions on keeping ChromeDriver safe.
ChromeDriver was started successfully.
]]></system-err>
  </testcase>
  <testcase name="beforeMethod" classname="com.training.testcases.LeadsTabTest" time="0">
    <skipped/>
  </testcase>
  <testcase name="beforeMethod" classname="com.training.testcases.LeadsTabTest" time="0">
    <skipped/>
  </testcase>
  <testcase name="leadDefaultView" classname="com.training.testcases.LeadsTabTest" time="0">
    <skipped message="session not created: This version of ChromeDriver only supports Chrome version 114&#10;Current browser version is 116.0.5845.110 with binary path /Applications/Google Chrome.app/Contents/MacOS/Google Chrome&#10;Build info: version: &apos;3.141.59&apos;, revision: &apos;e82be7d358&apos;, time: &apos;2018-11-14T08:17:03&apos;&#10;System info: host: &apos;Harneets-MacBook-Pro.local&apos;, ip: &apos;fe80:0:0:0:cdd:4186:e6df:7f6c%en0&apos;, os.name: &apos;Mac OS X&apos;, os.arch: &apos;aarch64&apos;, os.version: &apos;13.3.1&apos;, java.version: &apos;17.0.1&apos;&#10;Driver info: driver.version: ChromeDriver&#10;remote stacktrace: 0   chromedriver                        0x000000010258ff48 chromedriver + 4226888&#10;1   chromedriver                        0x00000001025884f4 chromedriver + 4195572&#10;2   chromedriver                        0x00000001021ccd68 chromedriver + 281960&#10;3   chromedriver                        0x00000001021f8bac chromedriver + 461740&#10;4   chromedriver                        0x00000001021f4fd8 chromedriver + 446424&#10;5   chromedriver                        0x00000001021f2150 chromedriver + 434512&#10;6   chromedriver                        0x000000010222f93c chromedriver + 686396&#10;7   chromedriver                        0x000000010222f164 chromedriver + 684388&#10;8   chromedriver                        0x00000001021fbf1c chromedriver + 474908&#10;9   chromedriver                        0x00000001021fcef4 chromedriver + 478964&#10;10  chromedriver                        0x000000010255159c chromedriver + 3970460&#10;11  chromedriver                        0x00000001025556f0 chromedriver + 3987184&#10;12  chromedriver                        0x000000010255b5b4 chromedriver + 4011444&#10;13  chromedriver                        0x00000001025562fc chromedriver + 3990268&#10;14  chromedriver                        0x000000010252e1c0 chromedriver + 3826112&#10;15  chromedriver                        0x0000000102572088 chromedriver + 4104328&#10;16  chromedriver                        0x00000001025721e0 chromedriver + 4104672&#10;17  chromedriver                        0x0000000102581f28 chromedriver + 4169512&#10;18  libsystem_pthread.dylib             0x00000001922c3fa8 _pthread_start + 148&#10;19  libsystem_pthread.dylib             0x00000001922beda0 thread_start + 8&#10;"/>
    <system-out><![CDATA[*** Running test method leadDefaultView...
*** Test leadDefaultView skipped...
]]></system-out>
  </testcase>
  <testcase name="afterMethod" classname="com.training.testcases.LeadsTabTest" time="0">
    <skipped/>
  </testcase>
  <testcase name="afterMethod" classname="com.training.testcases.LeadsTabTest" time="0">
    <skipped/>
  </testcase>
  <testcase name="afterMethod" classname="com.training.testcases.LeadsTabTest" time="0">
    <skipped/>
  </testcase>
  <testcase name="leadSelectView" classname="com.training.testcases.LeadsTabTest" time="0">
    <skipped message="session not created: This version of ChromeDriver only supports Chrome version 114&#10;Current browser version is 116.0.5845.110 with binary path /Applications/Google Chrome.app/Contents/MacOS/Google Chrome&#10;Build info: version: &apos;3.141.59&apos;, revision: &apos;e82be7d358&apos;, time: &apos;2018-11-14T08:17:03&apos;&#10;System info: host: &apos;Harneets-MacBook-Pro.local&apos;, ip: &apos;fe80:0:0:0:cdd:4186:e6df:7f6c%en0&apos;, os.name: &apos;Mac OS X&apos;, os.arch: &apos;aarch64&apos;, os.version: &apos;13.3.1&apos;, java.version: &apos;17.0.1&apos;&#10;Driver info: driver.version: ChromeDriver&#10;remote stacktrace: 0   chromedriver                        0x000000010258ff48 chromedriver + 4226888&#10;1   chromedriver                        0x00000001025884f4 chromedriver + 4195572&#10;2   chromedriver                        0x00000001021ccd68 chromedriver + 281960&#10;3   chromedriver                        0x00000001021f8bac chromedriver + 461740&#10;4   chromedriver                        0x00000001021f4fd8 chromedriver + 446424&#10;5   chromedriver                        0x00000001021f2150 chromedriver + 434512&#10;6   chromedriver                        0x000000010222f93c chromedriver + 686396&#10;7   chromedriver                        0x000000010222f164 chromedriver + 684388&#10;8   chromedriver                        0x00000001021fbf1c chromedriver + 474908&#10;9   chromedriver                        0x00000001021fcef4 chromedriver + 478964&#10;10  chromedriver                        0x000000010255159c chromedriver + 3970460&#10;11  chromedriver                        0x00000001025556f0 chromedriver + 3987184&#10;12  chromedriver                        0x000000010255b5b4 chromedriver + 4011444&#10;13  chromedriver                        0x00000001025562fc chromedriver + 3990268&#10;14  chromedriver                        0x000000010252e1c0 chromedriver + 3826112&#10;15  chromedriver                        0x0000000102572088 chromedriver + 4104328&#10;16  chromedriver                        0x00000001025721e0 chromedriver + 4104672&#10;17  chromedriver                        0x0000000102581f28 chromedriver + 4169512&#10;18  libsystem_pthread.dylib             0x00000001922c3fa8 _pthread_start + 148&#10;19  libsystem_pthread.dylib             0x00000001922beda0 thread_start + 8&#10;"/>
    <system-out><![CDATA[*** Running test method leadSelectView...
*** Test leadSelectView skipped...
]]></system-out>
  </testcase>
  <testcase name="validateLeadTab" classname="com.training.testcases.LeadsTabTest" time="0">
    <skipped message="session not created: This version of ChromeDriver only supports Chrome version 114&#10;Current browser version is 116.0.5845.110 with binary path /Applications/Google Chrome.app/Contents/MacOS/Google Chrome&#10;Build info: version: &apos;3.141.59&apos;, revision: &apos;e82be7d358&apos;, time: &apos;2018-11-14T08:17:03&apos;&#10;System info: host: &apos;Harneets-MacBook-Pro.local&apos;, ip: &apos;fe80:0:0:0:cdd:4186:e6df:7f6c%en0&apos;, os.name: &apos;Mac OS X&apos;, os.arch: &apos;aarch64&apos;, os.version: &apos;13.3.1&apos;, java.version: &apos;17.0.1&apos;&#10;Driver info: driver.version: ChromeDriver&#10;remote stacktrace: 0   chromedriver                        0x000000010258ff48 chromedriver + 4226888&#10;1   chromedriver                        0x00000001025884f4 chromedriver + 4195572&#10;2   chromedriver                        0x00000001021ccd68 chromedriver + 281960&#10;3   chromedriver                        0x00000001021f8bac chromedriver + 461740&#10;4   chromedriver                        0x00000001021f4fd8 chromedriver + 446424&#10;5   chromedriver                        0x00000001021f2150 chromedriver + 434512&#10;6   chromedriver                        0x000000010222f93c chromedriver + 686396&#10;7   chromedriver                        0x000000010222f164 chromedriver + 684388&#10;8   chromedriver                        0x00000001021fbf1c chromedriver + 474908&#10;9   chromedriver                        0x00000001021fcef4 chromedriver + 478964&#10;10  chromedriver                        0x000000010255159c chromedriver + 3970460&#10;11  chromedriver                        0x00000001025556f0 chromedriver + 3987184&#10;12  chromedriver                        0x000000010255b5b4 chromedriver + 4011444&#10;13  chromedriver                        0x00000001025562fc chromedriver + 3990268&#10;14  chromedriver                        0x000000010252e1c0 chromedriver + 3826112&#10;15  chromedriver                        0x0000000102572088 chromedriver + 4104328&#10;16  chromedriver                        0x00000001025721e0 chromedriver + 4104672&#10;17  chromedriver                        0x0000000102581f28 chromedriver + 4169512&#10;18  libsystem_pthread.dylib             0x00000001922c3fa8 _pthread_start + 148&#10;19  libsystem_pthread.dylib             0x00000001922beda0 thread_start + 8&#10;"/>
    <system-out><![CDATA[*** Running test method validateLeadTab...
*** Test validateLeadTab skipped...
]]></system-out>
  </testcase>
</testsuite>