<?xml version="1.0" encoding="UTF-8"?>
<!-- Generated by org.testng.reporters.JUnitReportReporter -->
<testsuite hostname="Harneets-MacBook-Pro.local" failures="0" tests="2" name="com.training.testcases.CreateAccountTest" time="6.749" errors="1" timestamp="2023-08-24T11:59:28 EDT" skipped="1">
  <testcase classname="com.training.testcases.CreateAccountTest" name="createAccountAndValidate" time="0.000">
    <skipped/>
  </testcase> <!-- createAccountAndValidate -->
  <system-out/>
  <testcase classname="com.training.testcases.CreateAccountTest" name="beforeMethod" time="6.749">
    <error message="session not created: This version of ChromeDriver only supports Chrome version 114
Current browser version is 116.0.5845.110 with binary path /Applications/Google Chrome.app/Contents/MacOS/Google Chrome
Build info: version: &#039;3.141.59&#039;, revision: &#039;e82be7d358&#039;, time: &#039;2018-11-14T08:17:03&#039;
System info: host: &#039;Harneets-MacBook-Pro.local&#039;, ip: &#039;fe80:0:0:0:cdd:4186:e6df:7f6c%en0&#039;, os.name: &#039;Mac OS X&#039;, os.arch: &#039;x86_64&#039;, os.version: &#039;10.16&#039;, java.version: &#039;15.0.2&#039;
Driver info: driver.version: ChromeDriver
remote stacktrace: 0   chromedriver                        0x000000010308f6b8 chromedriver + 4937400
1   chromedriver                        0x0000000103086b73 chromedriver + 4901747
2   chromedriver                        0x0000000102c44616 chromedriver + 435734
3   chromedriver                        0x0000000102c76d10 chromedriver + 642320
4   chromedriver                        0x0000000102c7218a chromedriver + 622986
5   chromedriver                        0x0000000102c6e67c chromedriver + 607868
6   chromedriver                        0x0000000102cb5a08 chromedriver + 899592
7   chromedriver                        0x0000000102cb4ebf chromedriver + 896703
8   chromedriver                        0x0000000102cabde3 chromedriver + 859619
9   chromedriver                        0x0000000102c79d7f chromedriver + 654719
10  chromedriver                        0x0000000102c7b0de chromedriver + 659678
11  chromedriver                        0x000000010304b2ad chromedriver + 4657837
12  chromedriver                        0x0000000103050130 chromedriver + 4677936
13  chromedriver                        0x0000000103056def chromedriver + 4705775
14  chromedriver                        0x000000010305105a chromedriver + 4681818
15  chromedriver                        0x000000010302392c chromedriver + 4495660
16  chromedriver                        0x000000010306e838 chromedriver + 4802616
17  chromedriver                        0x000000010306e9b7 chromedriver + 4802999
18  chromedriver                        0x000000010307f99f chromedriver + 4872607
19  libsystem_pthread.dylib             0x00007ff818b2f1d3 _pthread_start + 125
20  libsystem_pthread.dylib             0x00007ff818b2abd3 thread_start + 15
" type="org.openqa.selenium.SessionNotCreatedException">
      <![CDATA[org.openqa.selenium.SessionNotCreatedException: session not created: This version of ChromeDriver only supports Chrome version 114
Current browser version is 116.0.5845.110 with binary path /Applications/Google Chrome.app/Contents/MacOS/Google Chrome
Build info: version: '3.141.59', revision: 'e82be7d358', time: '2018-11-14T08:17:03'
System info: host: 'Harneets-MacBook-Pro.local', ip: 'fe80:0:0:0:cdd:4186:e6df:7f6c%en0', os.name: 'Mac OS X', os.arch: 'x86_64', os.version: '10.16', java.version: '15.0.2'
Driver info: driver.version: ChromeDriver
remote stacktrace: 0   chromedriver                        0x000000010308f6b8 chromedriver + 4937400
1   chromedriver                        0x0000000103086b73 chromedriver + 4901747
2   chromedriver                        0x0000000102c44616 chromedriver + 435734
3   chromedriver                        0x0000000102c76d10 chromedriver + 642320
4   chromedriver                        0x0000000102c7218a chromedriver + 622986
5   chromedriver                        0x0000000102c6e67c chromedriver + 607868
6   chromedriver                        0x0000000102cb5a08 chromedriver + 899592
7   chromedriver                        0x0000000102cb4ebf chromedriver + 896703
8   chromedriver                        0x0000000102cabde3 chromedriver + 859619
9   chromedriver                        0x0000000102c79d7f chromedriver + 654719
10  chromedriver                        0x0000000102c7b0de chromedriver + 659678
11  chromedriver                        0x000000010304b2ad chromedriver + 4657837
12  chromedriver                        0x0000000103050130 chromedriver + 4677936
13  chromedriver                        0x0000000103056def chromedriver + 4705775
14  chromedriver                        0x000000010305105a chromedriver + 4681818
15  chromedriver                        0x000000010302392c chromedriver + 4495660
16  chromedriver                        0x000000010306e838 chromedriver + 4802616
17  chromedriver                        0x000000010306e9b7 chromedriver + 4802999
18  chromedriver                        0x000000010307f99f chromedriver + 4872607
19  libsystem_pthread.dylib             0x00007ff818b2f1d3 _pthread_start + 125
20  libsystem_pthread.dylib             0x00007ff818b2abd3 thread_start + 15

at java.base/jdk.internal.reflect.NativeConstructorAccessorImpl.newInstance0(Native Method)
at java.base/jdk.internal.reflect.NativeConstructorAccessorImpl.newInstance(NativeConstructorAccessorImpl.java:64)
at java.base/jdk.internal.reflect.DelegatingConstructorAccessorImpl.newInstance(DelegatingConstructorAccessorImpl.java:45)
at java.base/java.lang.reflect.Constructor.newInstanceWithCaller(Constructor.java:500)
at java.base/java.lang.reflect.Constructor.newInstance(Constructor.java:481)
at org.openqa.selenium.remote.W3CHandshakeResponse.lambda$errorHandler$0(W3CHandshakeResponse.java:62)
at org.openqa.selenium.remote.HandshakeResponse.lambda$getResponseFunction$0(HandshakeResponse.java:30)
at org.openqa.selenium.remote.ProtocolHandshake.lambda$createSession$0(ProtocolHandshake.java:126)
at java.base/java.util.stream.ReferencePipeline$3$1.accept(ReferencePipeline.java:195)
at java.base/java.util.Spliterators$ArraySpliterator.tryAdvance(Spliterators.java:958)
at java.base/java.util.stream.ReferencePipeline.forEachWithCancel(ReferencePipeline.java:127)
at java.base/java.util.stream.AbstractPipeline.copyIntoWithCancel(AbstractPipeline.java:502)
at java.base/java.util.stream.AbstractPipeline.copyInto(AbstractPipeline.java:488)
at java.base/java.util.stream.AbstractPipeline.wrapAndCopyInto(AbstractPipeline.java:474)
at java.base/java.util.stream.FindOps$FindOp.evaluateSequential(FindOps.java:150)
at java.base/java.util.stream.AbstractPipeline.evaluate(AbstractPipeline.java:234)
at java.base/java.util.stream.ReferencePipeline.findFirst(ReferencePipeline.java:543)
at org.openqa.selenium.remote.ProtocolHandshake.createSession(ProtocolHandshake.java:128)
at org.openqa.selenium.remote.ProtocolHandshake.createSession(ProtocolHandshake.java:74)
at org.openqa.selenium.remote.HttpCommandExecutor.execute(HttpCommandExecutor.java:136)
at org.openqa.selenium.remote.service.DriverCommandExecutor.execute(DriverCommandExecutor.java:83)
at org.openqa.selenium.remote.RemoteWebDriver.execute(RemoteWebDriver.java:552)
at org.openqa.selenium.remote.RemoteWebDriver.startSession(RemoteWebDriver.java:213)
at org.openqa.selenium.remote.RemoteWebDriver.<init>(RemoteWebDriver.java:131)
at org.openqa.selenium.chrome.ChromeDriver.<init>(ChromeDriver.java:181)
at org.openqa.selenium.chrome.ChromeDriver.<init>(ChromeDriver.java:168)
at org.openqa.selenium.chrome.ChromeDriver.<init>(ChromeDriver.java:123)
at com.training.base.BaseTest.getDriver(BaseTest.java:29)
at com.training.testcases.CreateAccountTest.beforeMethod(CreateAccountTest.java:21)
at java.base/jdk.internal.reflect.NativeMethodAccessorImpl.invoke0(Native Method)
at java.base/jdk.internal.reflect.NativeMethodAccessorImpl.invoke(NativeMethodAccessorImpl.java:64)
at java.base/jdk.internal.reflect.DelegatingMethodAccessorImpl.invoke(DelegatingMethodAccessorImpl.java:43)
at java.base/java.lang.reflect.Method.invoke(Method.java:564)
at org.testng.internal.invokers.MethodInvocationHelper.invokeMethod(MethodInvocationHelper.java:135)
at org.testng.internal.invokers.MethodInvocationHelper.invokeMethodConsideringTimeout(MethodInvocationHelper.java:65)
at org.testng.internal.invokers.ConfigInvoker.invokeConfigurationMethod(ConfigInvoker.java:381)
at org.testng.internal.invokers.ConfigInvoker.invokeConfigurations(ConfigInvoker.java:319)
at org.testng.internal.invokers.TestInvoker.runConfigMethods(TestInvoker.java:803)
at org.testng.internal.invokers.TestInvoker.invokeMethod(TestInvoker.java:589)
at org.testng.internal.invokers.TestInvoker.invokeTestMethod(TestInvoker.java:220)
at org.testng.internal.invokers.MethodRunner.runInSequence(MethodRunner.java:50)
at org.testng.internal.invokers.TestInvoker$MethodInvocationAgent.invoke(TestInvoker.java:945)
at org.testng.internal.invokers.TestInvoker.invokeTestMethods(TestInvoker.java:193)
at org.testng.internal.invokers.TestMethodWorker.invokeTestMethods(TestMethodWorker.java:146)
at org.testng.internal.invokers.TestMethodWorker.run(TestMethodWorker.java:128)
at java.base/java.util.ArrayList.forEach(ArrayList.java:1511)
at org.testng.TestRunner.privateRun(TestRunner.java:808)
at org.testng.TestRunner.run(TestRunner.java:603)
at org.testng.SuiteRunner.runTest(SuiteRunner.java:429)
at org.testng.SuiteRunner.runSequentially(SuiteRunner.java:423)
at org.testng.SuiteRunner.privateRun(SuiteRunner.java:383)
at org.testng.SuiteRunner.run(SuiteRunner.java:326)
at org.testng.SuiteRunnerWorker.runSuite(SuiteRunnerWorker.java:52)
at org.testng.SuiteRunnerWorker.run(SuiteRunnerWorker.java:95)
at org.testng.TestNG.runSuitesSequentially(TestNG.java:1249)
at org.testng.TestNG.runSuitesLocally(TestNG.java:1169)
at org.testng.TestNG.runSuites(TestNG.java:1092)
at org.testng.TestNG.run(TestNG.java:1060)
at org.testng.remote.AbstractRemoteTestNG.run(AbstractRemoteTestNG.java:115)
at org.testng.remote.RemoteTestNG.initAndRun(RemoteTestNG.java:251)
at org.testng.remote.RemoteTestNG.main(RemoteTestNG.java:77)
]]>
    </error>
  </testcase> <!-- beforeMethod -->
  <system-out/>
</testsuite> <!-- com.training.testcases.CreateAccountTest -->
