<?xml version="1.0" encoding="UTF-8"?>
<!-- Generated by org.testng.reporters.JUnitReportReporter -->
<testsuite hostname="Harneets-MacBook-Pro.local" failures="0" tests="2" name="com.training.testcases.UserMenuDropDownTest" time="0.964" errors="1" timestamp="2023-08-24T17:34:00 EDT" skipped="1">
  <testcase classname="com.training.testcases.UserMenuDropDownTest" name="usermenudropdown" time="0.000">
    <skipped/>
  </testcase> <!-- usermenudropdown -->
  <system-out/>
  <testcase classname="com.training.testcases.UserMenuDropDownTest" name="beforemethod" time="0.964">
    <error message="session not created: This version of ChromeDriver only supports Chrome version 114
Current browser version is 116.0.5845.110 with binary path /Applications/Google Chrome.app/Contents/MacOS/Google Chrome
Build info: version: &#039;3.141.59&#039;, revision: &#039;e82be7d358&#039;, time: &#039;2018-11-14T08:17:03&#039;
System info: host: &#039;Harneets-MacBook-Pro.local&#039;, ip: &#039;fe80:0:0:0:cdd:4186:e6df:7f6c%en0&#039;, os.name: &#039;Mac OS X&#039;, os.arch: &#039;aarch64&#039;, os.version: &#039;13.3.1&#039;, java.version: &#039;17.0.1&#039;
Driver info: driver.version: ChromeDriver
remote stacktrace: 0   chromedriver                        0x0000000102ecbf48 chromedriver + 4226888
1   chromedriver                        0x0000000102ec44f4 chromedriver + 4195572
2   chromedriver                        0x0000000102b08d68 chromedriver + 281960
3   chromedriver                        0x0000000102b34bac chromedriver + 461740
4   chromedriver                        0x0000000102b30fd8 chromedriver + 446424
5   chromedriver                        0x0000000102b2e150 chromedriver + 434512
6   chromedriver                        0x0000000102b6b93c chromedriver + 686396
7   chromedriver                        0x0000000102b6b164 chromedriver + 684388
8   chromedriver                        0x0000000102b37f1c chromedriver + 474908
9   chromedriver                        0x0000000102b38ef4 chromedriver + 478964
10  chromedriver                        0x0000000102e8d59c chromedriver + 3970460
11  chromedriver                        0x0000000102e916f0 chromedriver + 3987184
12  chromedriver                        0x0000000102e975b4 chromedriver + 4011444
13  chromedriver                        0x0000000102e922fc chromedriver + 3990268
14  chromedriver                        0x0000000102e6a1c0 chromedriver + 3826112
15  chromedriver                        0x0000000102eae088 chromedriver + 4104328
16  chromedriver                        0x0000000102eae1e0 chromedriver + 4104672
17  chromedriver                        0x0000000102ebdf28 chromedriver + 4169512
18  libsystem_pthread.dylib             0x00000001922c3fa8 _pthread_start + 148
19  libsystem_pthread.dylib             0x00000001922beda0 thread_start + 8
" type="org.openqa.selenium.SessionNotCreatedException">
      <![CDATA[org.openqa.selenium.SessionNotCreatedException: session not created: This version of ChromeDriver only supports Chrome version 114
Current browser version is 116.0.5845.110 with binary path /Applications/Google Chrome.app/Contents/MacOS/Google Chrome
Build info: version: '3.141.59', revision: 'e82be7d358', time: '2018-11-14T08:17:03'
System info: host: 'Harneets-MacBook-Pro.local', ip: 'fe80:0:0:0:cdd:4186:e6df:7f6c%en0', os.name: 'Mac OS X', os.arch: 'aarch64', os.version: '13.3.1', java.version: '17.0.1'
Driver info: driver.version: ChromeDriver
remote stacktrace: 0   chromedriver                        0x0000000102ecbf48 chromedriver + 4226888
1   chromedriver                        0x0000000102ec44f4 chromedriver + 4195572
2   chromedriver                        0x0000000102b08d68 chromedriver + 281960
3   chromedriver                        0x0000000102b34bac chromedriver + 461740
4   chromedriver                        0x0000000102b30fd8 chromedriver + 446424
5   chromedriver                        0x0000000102b2e150 chromedriver + 434512
6   chromedriver                        0x0000000102b6b93c chromedriver + 686396
7   chromedriver                        0x0000000102b6b164 chromedriver + 684388
8   chromedriver                        0x0000000102b37f1c chromedriver + 474908
9   chromedriver                        0x0000000102b38ef4 chromedriver + 478964
10  chromedriver                        0x0000000102e8d59c chromedriver + 3970460
11  chromedriver                        0x0000000102e916f0 chromedriver + 3987184
12  chromedriver                        0x0000000102e975b4 chromedriver + 4011444
13  chromedriver                        0x0000000102e922fc chromedriver + 3990268
14  chromedriver                        0x0000000102e6a1c0 chromedriver + 3826112
15  chromedriver                        0x0000000102eae088 chromedriver + 4104328
16  chromedriver                        0x0000000102eae1e0 chromedriver + 4104672
17  chromedriver                        0x0000000102ebdf28 chromedriver + 4169512
18  libsystem_pthread.dylib             0x00000001922c3fa8 _pthread_start + 148
19  libsystem_pthread.dylib             0x00000001922beda0 thread_start + 8

at java.base/jdk.internal.reflect.NativeConstructorAccessorImpl.newInstance0(Native Method)
at java.base/jdk.internal.reflect.NativeConstructorAccessorImpl.newInstance(NativeConstructorAccessorImpl.java:77)
at java.base/jdk.internal.reflect.DelegatingConstructorAccessorImpl.newInstance(DelegatingConstructorAccessorImpl.java:45)
at java.base/java.lang.reflect.Constructor.newInstanceWithCaller(Constructor.java:499)
at java.base/java.lang.reflect.Constructor.newInstance(Constructor.java:480)
at org.openqa.selenium.remote.W3CHandshakeResponse.lambda$errorHandler$0(W3CHandshakeResponse.java:62)
at org.openqa.selenium.remote.HandshakeResponse.lambda$getResponseFunction$0(HandshakeResponse.java:30)
at org.openqa.selenium.remote.ProtocolHandshake.lambda$createSession$0(ProtocolHandshake.java:126)
at java.base/java.util.stream.ReferencePipeline$3$1.accept(ReferencePipeline.java:197)
at java.base/java.util.Spliterators$ArraySpliterator.tryAdvance(Spliterators.java:1002)
at java.base/java.util.stream.ReferencePipeline.forEachWithCancel(ReferencePipeline.java:129)
at java.base/java.util.stream.AbstractPipeline.copyIntoWithCancel(AbstractPipeline.java:527)
at java.base/java.util.stream.AbstractPipeline.copyInto(AbstractPipeline.java:513)
at java.base/java.util.stream.AbstractPipeline.wrapAndCopyInto(AbstractPipeline.java:499)
at java.base/java.util.stream.FindOps$FindOp.evaluateSequential(FindOps.java:150)
at java.base/java.util.stream.AbstractPipeline.evaluate(AbstractPipeline.java:234)
at java.base/java.util.stream.ReferencePipeline.findFirst(ReferencePipeline.java:647)
at org.openqa.selenium.remote.ProtocolHandshake.createSession(ProtocolHandshake.java:128)
at org.openqa.selenium.remote.ProtocolHandshake.createSession(ProtocolHandshake.java:74)
at org.openqa.selenium.remote.HttpCommandExecutor.execute(HttpCommandExecutor.java:136)
at org.openqa.selenium.remote.service.DriverCommandExecutor.execute(DriverCommandExecutor.java:83)
at org.openqa.selenium.remote.RemoteWebDriver.execute(RemoteWebDriver.java:552)
at org.openqa.selenium.remote.RemoteWebDriver.startSession(RemoteWebDriver.java:213)
at org.openqa.selenium.remote.RemoteWebDriver.<init>(RemoteWebDriver.java:131)
at org.openqa.selenium.chrome.ChromeDriver.<init>(ChromeDriver.java:181)
at org.openqa.selenium.chrome.ChromeDriver.<init>(ChromeDriver.java:168)
at org.openqa.selenium.chrome.ChromeDriver.<init>(ChromeDriver.java:123)
at com.training.base.BaseTest.getDriver(BaseTest.java:29)
at com.training.testcases.UserMenuDropDownTest.beforemethod(UserMenuDropDownTest.java:24)
at java.base/jdk.internal.reflect.NativeMethodAccessorImpl.invoke0(Native Method)
at java.base/jdk.internal.reflect.NativeMethodAccessorImpl.invoke(NativeMethodAccessorImpl.java:77)
at java.base/jdk.internal.reflect.DelegatingMethodAccessorImpl.invoke(DelegatingMethodAccessorImpl.java:43)
at java.base/java.lang.reflect.Method.invoke(Method.java:568)
at org.testng.internal.invokers.MethodInvocationHelper.invokeMethod(MethodInvocationHelper.java:135)
at org.testng.internal.invokers.MethodInvocationHelper.invokeMethodConsideringTimeout(MethodInvocationHelper.java:65)
at org.testng.internal.invokers.ConfigInvoker.invokeConfigurationMethod(ConfigInvoker.java:381)
at org.testng.internal.invokers.ConfigInvoker.invokeConfigurations(ConfigInvoker.java:319)
at org.testng.internal.invokers.TestInvoker.runConfigMethods(TestInvoker.java:803)
at org.testng.internal.invokers.TestInvoker.invokeMethod(TestInvoker.java:589)
at org.testng.internal.invokers.TestInvoker.invokeTestMethod(TestInvoker.java:220)
at org.testng.internal.invokers.MethodRunner.runInSequence(MethodRunner.java:50)
at org.testng.internal.invokers.TestInvoker$MethodInvocationAgent.invoke(TestInvoker.java:945)
at org.testng.internal.invokers.TestInvoker.invokeTestMethods(TestInvoker.java:193)
at org.testng.internal.invokers.TestMethodWorker.invokeTestMethods(TestMethodWorker.java:146)
at org.testng.internal.invokers.TestMethodWorker.run(TestMethodWorker.java:128)
at java.base/java.util.ArrayList.forEach(ArrayList.java:1511)
at org.testng.TestRunner.privateRun(TestRunner.java:808)
at org.testng.TestRunner.run(TestRunner.java:603)
at org.testng.SuiteRunner.runTest(SuiteRunner.java:429)
at org.testng.SuiteRunner.runSequentially(SuiteRunner.java:423)
at org.testng.SuiteRunner.privateRun(SuiteRunner.java:383)
at org.testng.SuiteRunner.run(SuiteRunner.java:326)
at org.testng.SuiteRunnerWorker.runSuite(SuiteRunnerWorker.java:52)
at org.testng.SuiteRunnerWorker.run(SuiteRunnerWorker.java:95)
at org.testng.TestNG.runSuitesSequentially(TestNG.java:1249)
at org.testng.TestNG.runSuitesLocally(TestNG.java:1169)
at org.testng.TestNG.runSuites(TestNG.java:1092)
at org.testng.TestNG.run(TestNG.java:1060)
at org.apache.maven.surefire.testng.TestNGExecutor.run(TestNGExecutor.java:308)
at org.apache.maven.surefire.testng.TestNGXmlTestSuite.execute(TestNGXmlTestSuite.java:71)
at org.apache.maven.surefire.testng.TestNGProvider.invoke(TestNGProvider.java:113)
at org.apache.maven.surefire.booter.ForkedBooter.runSuitesInProcess(ForkedBooter.java:385)
at org.apache.maven.surefire.booter.ForkedBooter.execute(ForkedBooter.java:162)
at org.apache.maven.surefire.booter.ForkedBooter.run(ForkedBooter.java:507)
at org.apache.maven.surefire.booter.ForkedBooter.main(ForkedBooter.java:495)
]]>
    </error>
  </testcase> <!-- beforemethod -->
  <system-out/>
</testsuite> <!-- com.training.testcases.UserMenuDropDownTest -->
