<?xml version="1.0" encoding="UTF-8"?>
<!-- Generated by org.testng.reporters.JUnitXMLReporter -->
<testsuite ignored="0" hostname="Harneets-MacBook-Pro.local" failures="0" tests="22" name="UserMenuDropDown" time="8.454" errors="0" timestamp="2023-08-24T17:34:00 EDT">
  <testcase classname="com.training.testcases.LoginTest" name="@BeforeMethod beforemethod" time="2.509">
    <failure type="org.openqa.selenium.SessionNotCreatedException" message="session not created: This version of ChromeDriver only supports Chrome version 114
Current browser version is 116.0.5845.110 with binary path /Applications/Google Chrome.app/Contents/MacOS/Google Chrome
Build info: version: &amp;apos;3.141.59&amp;apos;, revision: &amp;apos;e82be7d358&amp;apos;, time: &amp;apos;2018-11-14T08:17:03&amp;apos;
System info: host: &amp;apos;Harneets-MacBook-Pro.local&amp;apos;, ip: &amp;apos;fe80:0:0:0:cdd:4186:e6df:7f6c%en0&amp;apos;, os.name: &amp;apos;Mac OS X&amp;apos;, os.arch: &amp;apos;aarch64&amp;apos;, os.version: &amp;apos;13.3.1&amp;apos;, java.version: &amp;apos;17.0.1&amp;apos;
Driver info: driver.version: ChromeDriver
remote stacktrace: 0   chromedriver                        0x0000000102553f48 chromedriver + 4226888
1   chromedriver                        0x000000010254c4f4 chromedriver + 4195572
2   chromedriver                        0x0000000102190d68 chromedriver + 281960
3   chromedriver                        0x00000001021bcbac chromedriver + 461740
4   chromedriver                        0x00000001021b8fd8 chromedriver + 446424
5   chromedriver                        0x00000001021b6150 chromedriver + 434512
6   chromedriver                        0x00000001021f393c chromedriver + 686396
7   chromedriver                        0x00000001021f3164 chromedriver + 684388
8   chromedriver                        0x00000001021bff1c chromedriver + 474908
9   chromedriver                        0x00000001021c0ef4 chromedriver + 478964
10  chromedriver                        0x000000010251559c chromedriver + 3970460
11  chromedriver                        0x00000001025196f0 chromedriver + 3987184
12  chromedriver                        0x000000010251f5b4 chromedriver + 4011444
13  chromedriver                        0x000000010251a2fc chromedriver + 3990268
14  chromedriver                        0x00000001024f21c0 chromedriver + 3826112
15  chromedriver                        0x0000000102536088 chromedriver + 4104328
16  chromedriver                        0x00000001025361e0 chromedriver + 4104672
17  chromedriver                        0x0000000102545f28 chromedriver + 4169512
18  libsystem_pthread.dylib             0x00000001922c3fa8 _pthread_start + 148
19  libsystem_pthread.dylib             0x00000001922beda0 thread_start + 8
">
      <![CDATA[org.openqa.selenium.SessionNotCreatedException: session not created: This version of ChromeDriver only supports Chrome version 114
Current browser version is 116.0.5845.110 with binary path /Applications/Google Chrome.app/Contents/MacOS/Google Chrome
Build info: version: '3.141.59', revision: 'e82be7d358', time: '2018-11-14T08:17:03'
System info: host: 'Harneets-MacBook-Pro.local', ip: 'fe80:0:0:0:cdd:4186:e6df:7f6c%en0', os.name: 'Mac OS X', os.arch: 'aarch64', os.version: '13.3.1', java.version: '17.0.1'
Driver info: driver.version: ChromeDriver
remote stacktrace: 0   chromedriver                        0x0000000102553f48 chromedriver + 4226888
1   chromedriver                        0x000000010254c4f4 chromedriver + 4195572
2   chromedriver                        0x0000000102190d68 chromedriver + 281960
3   chromedriver                        0x00000001021bcbac chromedriver + 461740
4   chromedriver                        0x00000001021b8fd8 chromedriver + 446424
5   chromedriver                        0x00000001021b6150 chromedriver + 434512
6   chromedriver                        0x00000001021f393c chromedriver + 686396
7   chromedriver                        0x00000001021f3164 chromedriver + 684388
8   chromedriver                        0x00000001021bff1c chromedriver + 474908
9   chromedriver                        0x00000001021c0ef4 chromedriver + 478964
10  chromedriver                        0x000000010251559c chromedriver + 3970460
11  chromedriver                        0x00000001025196f0 chromedriver + 3987184
12  chromedriver                        0x000000010251f5b4 chromedriver + 4011444
13  chromedriver                        0x000000010251a2fc chromedriver + 3990268
14  chromedriver                        0x00000001024f21c0 chromedriver + 3826112
15  chromedriver                        0x0000000102536088 chromedriver + 4104328
16  chromedriver                        0x00000001025361e0 chromedriver + 4104672
17  chromedriver                        0x0000000102545f28 chromedriver + 4169512
18  libsystem_pthread.dylib             0x00000001922c3fa8 _pthread_start + 148
19  libsystem_pthread.dylib             0x00000001922beda0 thread_start + 8

at org.openqa.selenium.remote.W3CHandshakeResponse.lambda$errorHandler$0(W3CHandshakeResponse.java:62)
at org.openqa.selenium.remote.HandshakeResponse.lambda$getResponseFunction$0(HandshakeResponse.java:30)
at org.openqa.selenium.remote.ProtocolHandshake.lambda$createSession$0(ProtocolHandshake.java:126)
at java.base/java.util.stream.ReferencePipeline$3$1.accept(ReferencePipeline.java:197)
at java.base/java.util.Spliterators$ArraySpliterator.tryAdvance(Spliterators.java:1002)
at java.base/java.util.stream.ReferencePipeline.forEachWithCancel(ReferencePipeline.java:129)
at java.base/java.util.stream.AbstractPipeline.copyIntoWithCancel(AbstractPipeline.java:527)
at java.base/java.util.stream.AbstractPipeline.copyInto(AbstractPipeline.java:513)
at java.base/java.util.stream.AbstractPipeline.wrapAndCopyInto(AbstractPipeline.java:499)
at java.base/java.util.stream.FindOps$FindOp.evaluateSequential(FindOps.java:150)
at java.base/java.util.stream.AbstractPipeline.evaluate(AbstractPipeline.java:234)
at java.base/java.util.stream.ReferencePipeline.findFirst(ReferencePipeline.java:647)
at org.openqa.selenium.remote.ProtocolHandshake.createSession(ProtocolHandshake.java:128)
at org.openqa.selenium.remote.ProtocolHandshake.createSession(ProtocolHandshake.java:74)
at org.openqa.selenium.remote.HttpCommandExecutor.execute(HttpCommandExecutor.java:136)
at org.openqa.selenium.remote.service.DriverCommandExecutor.execute(DriverCommandExecutor.java:83)
at org.openqa.selenium.remote.RemoteWebDriver.execute(RemoteWebDriver.java:552)
at org.openqa.selenium.remote.RemoteWebDriver.startSession(RemoteWebDriver.java:213)
at org.openqa.selenium.remote.RemoteWebDriver.<init>(RemoteWebDriver.java:131)
at org.openqa.selenium.chrome.ChromeDriver.<init>(ChromeDriver.java:181)
at org.openqa.selenium.chrome.ChromeDriver.<init>(ChromeDriver.java:168)
at org.openqa.selenium.chrome.ChromeDriver.<init>(ChromeDriver.java:123)
at com.training.base.BaseTest.getDriver(BaseTest.java:29)
at com.training.testcases.LoginTest.beforemethod(LoginTest.java:30)
at java.base/java.util.ArrayList.forEach(ArrayList.java:1511)
... Removed 40 stack frames]]>
    </failure>
  </testcase> <!-- @BeforeMethod beforemethod -->
  <testcase classname="com.training.testcases.LoginTest" name="@AfterMethod teardown" time="0.0">
    <skipped/>
  </testcase> <!-- @AfterMethod teardown -->
  <testcase classname="com.training.testcases.LoginTest" name="@BeforeMethod beforemethod" time="0.0">
    <skipped/>
  </testcase> <!-- @BeforeMethod beforemethod -->
  <testcase classname="com.training.testcases.LoginTest" name="@AfterMethod teardown" time="0.0">
    <skipped/>
  </testcase> <!-- @AfterMethod teardown -->
  <testcase classname="com.training.testcases.SFDC_Test" name="@BeforeMethod beforeMethod" time="0.949">
    <failure type="org.openqa.selenium.SessionNotCreatedException" message="session not created: This version of ChromeDriver only supports Chrome version 114
Current browser version is 116.0.5845.110 with binary path /Applications/Google Chrome.app/Contents/MacOS/Google Chrome
Build info: version: &amp;apos;3.141.59&amp;apos;, revision: &amp;apos;e82be7d358&amp;apos;, time: &amp;apos;2018-11-14T08:17:03&amp;apos;
System info: host: &amp;apos;Harneets-MacBook-Pro.local&amp;apos;, ip: &amp;apos;fe80:0:0:0:cdd:4186:e6df:7f6c%en0&amp;apos;, os.name: &amp;apos;Mac OS X&amp;apos;, os.arch: &amp;apos;aarch64&amp;apos;, os.version: &amp;apos;13.3.1&amp;apos;, java.version: &amp;apos;17.0.1&amp;apos;
Driver info: driver.version: ChromeDriver
remote stacktrace: 0   chromedriver                        0x0000000102c13f48 chromedriver + 4226888
1   chromedriver                        0x0000000102c0c4f4 chromedriver + 4195572
2   chromedriver                        0x0000000102850d68 chromedriver + 281960
3   chromedriver                        0x000000010287cbac chromedriver + 461740
4   chromedriver                        0x0000000102878fd8 chromedriver + 446424
5   chromedriver                        0x0000000102876150 chromedriver + 434512
6   chromedriver                        0x00000001028b393c chromedriver + 686396
7   chromedriver                        0x00000001028b3164 chromedriver + 684388
8   chromedriver                        0x000000010287ff1c chromedriver + 474908
9   chromedriver                        0x0000000102880ef4 chromedriver + 478964
10  chromedriver                        0x0000000102bd559c chromedriver + 3970460
11  chromedriver                        0x0000000102bd96f0 chromedriver + 3987184
12  chromedriver                        0x0000000102bdf5b4 chromedriver + 4011444
13  chromedriver                        0x0000000102bda2fc chromedriver + 3990268
14  chromedriver                        0x0000000102bb21c0 chromedriver + 3826112
15  chromedriver                        0x0000000102bf6088 chromedriver + 4104328
16  chromedriver                        0x0000000102bf61e0 chromedriver + 4104672
17  chromedriver                        0x0000000102c05f28 chromedriver + 4169512
18  libsystem_pthread.dylib             0x00000001922c3fa8 _pthread_start + 148
19  libsystem_pthread.dylib             0x00000001922beda0 thread_start + 8
">
      <![CDATA[org.openqa.selenium.SessionNotCreatedException: session not created: This version of ChromeDriver only supports Chrome version 114
Current browser version is 116.0.5845.110 with binary path /Applications/Google Chrome.app/Contents/MacOS/Google Chrome
Build info: version: '3.141.59', revision: 'e82be7d358', time: '2018-11-14T08:17:03'
System info: host: 'Harneets-MacBook-Pro.local', ip: 'fe80:0:0:0:cdd:4186:e6df:7f6c%en0', os.name: 'Mac OS X', os.arch: 'aarch64', os.version: '13.3.1', java.version: '17.0.1'
Driver info: driver.version: ChromeDriver
remote stacktrace: 0   chromedriver                        0x0000000102c13f48 chromedriver + 4226888
1   chromedriver                        0x0000000102c0c4f4 chromedriver + 4195572
2   chromedriver                        0x0000000102850d68 chromedriver + 281960
3   chromedriver                        0x000000010287cbac chromedriver + 461740
4   chromedriver                        0x0000000102878fd8 chromedriver + 446424
5   chromedriver                        0x0000000102876150 chromedriver + 434512
6   chromedriver                        0x00000001028b393c chromedriver + 686396
7   chromedriver                        0x00000001028b3164 chromedriver + 684388
8   chromedriver                        0x000000010287ff1c chromedriver + 474908
9   chromedriver                        0x0000000102880ef4 chromedriver + 478964
10  chromedriver                        0x0000000102bd559c chromedriver + 3970460
11  chromedriver                        0x0000000102bd96f0 chromedriver + 3987184
12  chromedriver                        0x0000000102bdf5b4 chromedriver + 4011444
13  chromedriver                        0x0000000102bda2fc chromedriver + 3990268
14  chromedriver                        0x0000000102bb21c0 chromedriver + 3826112
15  chromedriver                        0x0000000102bf6088 chromedriver + 4104328
16  chromedriver                        0x0000000102bf61e0 chromedriver + 4104672
17  chromedriver                        0x0000000102c05f28 chromedriver + 4169512
18  libsystem_pthread.dylib             0x00000001922c3fa8 _pthread_start + 148
19  libsystem_pthread.dylib             0x00000001922beda0 thread_start + 8

at org.openqa.selenium.remote.W3CHandshakeResponse.lambda$errorHandler$0(W3CHandshakeResponse.java:62)
at org.openqa.selenium.remote.HandshakeResponse.lambda$getResponseFunction$0(HandshakeResponse.java:30)
at org.openqa.selenium.remote.ProtocolHandshake.lambda$createSession$0(ProtocolHandshake.java:126)
at java.base/java.util.stream.ReferencePipeline$3$1.accept(ReferencePipeline.java:197)
at java.base/java.util.Spliterators$ArraySpliterator.tryAdvance(Spliterators.java:1002)
at java.base/java.util.stream.ReferencePipeline.forEachWithCancel(ReferencePipeline.java:129)
at java.base/java.util.stream.AbstractPipeline.copyIntoWithCancel(AbstractPipeline.java:527)
at java.base/java.util.stream.AbstractPipeline.copyInto(AbstractPipeline.java:513)
at java.base/java.util.stream.AbstractPipeline.wrapAndCopyInto(AbstractPipeline.java:499)
at java.base/java.util.stream.FindOps$FindOp.evaluateSequential(FindOps.java:150)
at java.base/java.util.stream.AbstractPipeline.evaluate(AbstractPipeline.java:234)
at java.base/java.util.stream.ReferencePipeline.findFirst(ReferencePipeline.java:647)
at org.openqa.selenium.remote.ProtocolHandshake.createSession(ProtocolHandshake.java:128)
at org.openqa.selenium.remote.ProtocolHandshake.createSession(ProtocolHandshake.java:74)
at org.openqa.selenium.remote.HttpCommandExecutor.execute(HttpCommandExecutor.java:136)
at org.openqa.selenium.remote.service.DriverCommandExecutor.execute(DriverCommandExecutor.java:83)
at org.openqa.selenium.remote.RemoteWebDriver.execute(RemoteWebDriver.java:552)
at org.openqa.selenium.remote.RemoteWebDriver.startSession(RemoteWebDriver.java:213)
at org.openqa.selenium.remote.RemoteWebDriver.<init>(RemoteWebDriver.java:131)
at org.openqa.selenium.chrome.ChromeDriver.<init>(ChromeDriver.java:181)
at org.openqa.selenium.chrome.ChromeDriver.<init>(ChromeDriver.java:168)
at org.openqa.selenium.chrome.ChromeDriver.<init>(ChromeDriver.java:123)
at com.training.base.BaseTest.getDriver(BaseTest.java:29)
at com.training.testcases.SFDC_Test.beforeMethod(SFDC_Test.java:21)
at java.base/java.util.ArrayList.forEach(ArrayList.java:1511)
... Removed 40 stack frames]]>
    </failure>
  </testcase> <!-- @BeforeMethod beforeMethod -->
  <testcase classname="com.training.testcases.SFDC_Test" name="@AfterMethod tearDown" time="0.0">
    <skipped/>
  </testcase> <!-- @AfterMethod tearDown -->
  <testcase classname="com.training.testcases.SFDC_Test" name="@BeforeMethod beforeMethod" time="0.0">
    <skipped/>
  </testcase> <!-- @BeforeMethod beforeMethod -->
  <testcase classname="com.training.testcases.SFDC_Test" name="@AfterMethod tearDown" time="0.0">
    <skipped/>
  </testcase> <!-- @AfterMethod tearDown -->
  <testcase classname="com.training.testcases.SFDC_Test" name="@BeforeMethod beforeMethod" time="0.0">
    <skipped/>
  </testcase> <!-- @BeforeMethod beforeMethod -->
  <testcase classname="com.training.testcases.SFDC_Test" name="@AfterMethod tearDown" time="0.0">
    <skipped/>
  </testcase> <!-- @AfterMethod tearDown -->
  <testcase classname="com.training.testcases.UserMenuDropDownTest" name="@BeforeMethod beforemethod" time="0.964">
    <failure type="org.openqa.selenium.SessionNotCreatedException" message="session not created: This version of ChromeDriver only supports Chrome version 114
Current browser version is 116.0.5845.110 with binary path /Applications/Google Chrome.app/Contents/MacOS/Google Chrome
Build info: version: &amp;apos;3.141.59&amp;apos;, revision: &amp;apos;e82be7d358&amp;apos;, time: &amp;apos;2018-11-14T08:17:03&amp;apos;
System info: host: &amp;apos;Harneets-MacBook-Pro.local&amp;apos;, ip: &amp;apos;fe80:0:0:0:cdd:4186:e6df:7f6c%en0&amp;apos;, os.name: &amp;apos;Mac OS X&amp;apos;, os.arch: &amp;apos;aarch64&amp;apos;, os.version: &amp;apos;13.3.1&amp;apos;, java.version: &amp;apos;17.0.1&amp;apos;
Driver info: driver.version: ChromeDriver
remote stacktrace: 0   chromedriver                        0x0000000102ecbf48 chromedriver + 4226888
1   chromedriver                        0x0000000102ec44f4 chromedriver + 4195572
2   chromedriver                        0x0000000102b08d68 chromedriver + 281960
3   chromedriver                        0x0000000102b34bac chromedriver + 461740
4   chromedriver                        0x0000000102b30fd8 chromedriver + 446424
5   chromedriver                        0x0000000102b2e150 chromedriver + 434512
6   chromedriver                        0x0000000102b6b93c chromedriver + 686396
7   chromedriver                        0x0000000102b6b164 chromedriver + 684388
8   chromedriver                        0x0000000102b37f1c chromedriver + 474908
9   chromedriver                        0x0000000102b38ef4 chromedriver + 478964
10  chromedriver                        0x0000000102e8d59c chromedriver + 3970460
11  chromedriver                        0x0000000102e916f0 chromedriver + 3987184
12  chromedriver                        0x0000000102e975b4 chromedriver + 4011444
13  chromedriver                        0x0000000102e922fc chromedriver + 3990268
14  chromedriver                        0x0000000102e6a1c0 chromedriver + 3826112
15  chromedriver                        0x0000000102eae088 chromedriver + 4104328
16  chromedriver                        0x0000000102eae1e0 chromedriver + 4104672
17  chromedriver                        0x0000000102ebdf28 chromedriver + 4169512
18  libsystem_pthread.dylib             0x00000001922c3fa8 _pthread_start + 148
19  libsystem_pthread.dylib             0x00000001922beda0 thread_start + 8
">
      <![CDATA[org.openqa.selenium.SessionNotCreatedException: session not created: This version of ChromeDriver only supports Chrome version 114
Current browser version is 116.0.5845.110 with binary path /Applications/Google Chrome.app/Contents/MacOS/Google Chrome
Build info: version: '3.141.59', revision: 'e82be7d358', time: '2018-11-14T08:17:03'
System info: host: 'Harneets-MacBook-Pro.local', ip: 'fe80:0:0:0:cdd:4186:e6df:7f6c%en0', os.name: 'Mac OS X', os.arch: 'aarch64', os.version: '13.3.1', java.version: '17.0.1'
Driver info: driver.version: ChromeDriver
remote stacktrace: 0   chromedriver                        0x0000000102ecbf48 chromedriver + 4226888
1   chromedriver                        0x0000000102ec44f4 chromedriver + 4195572
2   chromedriver                        0x0000000102b08d68 chromedriver + 281960
3   chromedriver                        0x0000000102b34bac chromedriver + 461740
4   chromedriver                        0x0000000102b30fd8 chromedriver + 446424
5   chromedriver                        0x0000000102b2e150 chromedriver + 434512
6   chromedriver                        0x0000000102b6b93c chromedriver + 686396
7   chromedriver                        0x0000000102b6b164 chromedriver + 684388
8   chromedriver                        0x0000000102b37f1c chromedriver + 474908
9   chromedriver                        0x0000000102b38ef4 chromedriver + 478964
10  chromedriver                        0x0000000102e8d59c chromedriver + 3970460
11  chromedriver                        0x0000000102e916f0 chromedriver + 3987184
12  chromedriver                        0x0000000102e975b4 chromedriver + 4011444
13  chromedriver                        0x0000000102e922fc chromedriver + 3990268
14  chromedriver                        0x0000000102e6a1c0 chromedriver + 3826112
15  chromedriver                        0x0000000102eae088 chromedriver + 4104328
16  chromedriver                        0x0000000102eae1e0 chromedriver + 4104672
17  chromedriver                        0x0000000102ebdf28 chromedriver + 4169512
18  libsystem_pthread.dylib             0x00000001922c3fa8 _pthread_start + 148
19  libsystem_pthread.dylib             0x00000001922beda0 thread_start + 8

at org.openqa.selenium.remote.W3CHandshakeResponse.lambda$errorHandler$0(W3CHandshakeResponse.java:62)
at org.openqa.selenium.remote.HandshakeResponse.lambda$getResponseFunction$0(HandshakeResponse.java:30)
at org.openqa.selenium.remote.ProtocolHandshake.lambda$createSession$0(ProtocolHandshake.java:126)
at java.base/java.util.stream.ReferencePipeline$3$1.accept(ReferencePipeline.java:197)
at java.base/java.util.Spliterators$ArraySpliterator.tryAdvance(Spliterators.java:1002)
at java.base/java.util.stream.ReferencePipeline.forEachWithCancel(ReferencePipeline.java:129)
at java.base/java.util.stream.AbstractPipeline.copyIntoWithCancel(AbstractPipeline.java:527)
at java.base/java.util.stream.AbstractPipeline.copyInto(AbstractPipeline.java:513)
at java.base/java.util.stream.AbstractPipeline.wrapAndCopyInto(AbstractPipeline.java:499)
at java.base/java.util.stream.FindOps$FindOp.evaluateSequential(FindOps.java:150)
at java.base/java.util.stream.AbstractPipeline.evaluate(AbstractPipeline.java:234)
at java.base/java.util.stream.ReferencePipeline.findFirst(ReferencePipeline.java:647)
at org.openqa.selenium.remote.ProtocolHandshake.createSession(ProtocolHandshake.java:128)
at org.openqa.selenium.remote.ProtocolHandshake.createSession(ProtocolHandshake.java:74)
at org.openqa.selenium.remote.HttpCommandExecutor.execute(HttpCommandExecutor.java:136)
at org.openqa.selenium.remote.service.DriverCommandExecutor.execute(DriverCommandExecutor.java:83)
at org.openqa.selenium.remote.RemoteWebDriver.execute(RemoteWebDriver.java:552)
at org.openqa.selenium.remote.RemoteWebDriver.startSession(RemoteWebDriver.java:213)
at org.openqa.selenium.remote.RemoteWebDriver.<init>(RemoteWebDriver.java:131)
at org.openqa.selenium.chrome.ChromeDriver.<init>(ChromeDriver.java:181)
at org.openqa.selenium.chrome.ChromeDriver.<init>(ChromeDriver.java:168)
at org.openqa.selenium.chrome.ChromeDriver.<init>(ChromeDriver.java:123)
at com.training.base.BaseTest.getDriver(BaseTest.java:29)
at com.training.testcases.UserMenuDropDownTest.beforemethod(UserMenuDropDownTest.java:24)
at java.base/java.util.ArrayList.forEach(ArrayList.java:1511)
... Removed 40 stack frames]]>
    </failure>
  </testcase> <!-- @BeforeMethod beforemethod -->
  <testcase classname="com.training.testcases.UserMenuDropDownTest" name="@AfterMethod teardown" time="0.0">
    <skipped/>
  </testcase> <!-- @AfterMethod teardown -->
  <testcase classname="com.training.testcases.UserMenuMySettingsTest" name="@BeforeMethod beforemethod" time="0.983">
    <failure type="org.openqa.selenium.SessionNotCreatedException" message="session not created: This version of ChromeDriver only supports Chrome version 114
Current browser version is 116.0.5845.110 with binary path /Applications/Google Chrome.app/Contents/MacOS/Google Chrome
Build info: version: &amp;apos;3.141.59&amp;apos;, revision: &amp;apos;e82be7d358&amp;apos;, time: &amp;apos;2018-11-14T08:17:03&amp;apos;
System info: host: &amp;apos;Harneets-MacBook-Pro.local&amp;apos;, ip: &amp;apos;fe80:0:0:0:cdd:4186:e6df:7f6c%en0&amp;apos;, os.name: &amp;apos;Mac OS X&amp;apos;, os.arch: &amp;apos;aarch64&amp;apos;, os.version: &amp;apos;13.3.1&amp;apos;, java.version: &amp;apos;17.0.1&amp;apos;
Driver info: driver.version: ChromeDriver
remote stacktrace: 0   chromedriver                        0x00000001033e3f48 chromedriver + 4226888
1   chromedriver                        0x00000001033dc4f4 chromedriver + 4195572
2   chromedriver                        0x0000000103020d68 chromedriver + 281960
3   chromedriver                        0x000000010304cbac chromedriver + 461740
4   chromedriver                        0x0000000103048fd8 chromedriver + 446424
5   chromedriver                        0x0000000103046150 chromedriver + 434512
6   chromedriver                        0x000000010308393c chromedriver + 686396
7   chromedriver                        0x0000000103083164 chromedriver + 684388
8   chromedriver                        0x000000010304ff1c chromedriver + 474908
9   chromedriver                        0x0000000103050ef4 chromedriver + 478964
10  chromedriver                        0x00000001033a559c chromedriver + 3970460
11  chromedriver                        0x00000001033a96f0 chromedriver + 3987184
12  chromedriver                        0x00000001033af5b4 chromedriver + 4011444
13  chromedriver                        0x00000001033aa2fc chromedriver + 3990268
14  chromedriver                        0x00000001033821c0 chromedriver + 3826112
15  chromedriver                        0x00000001033c6088 chromedriver + 4104328
16  chromedriver                        0x00000001033c61e0 chromedriver + 4104672
17  chromedriver                        0x00000001033d5f28 chromedriver + 4169512
18  libsystem_pthread.dylib             0x00000001922c3fa8 _pthread_start + 148
19  libsystem_pthread.dylib             0x00000001922beda0 thread_start + 8
">
      <![CDATA[org.openqa.selenium.SessionNotCreatedException: session not created: This version of ChromeDriver only supports Chrome version 114
Current browser version is 116.0.5845.110 with binary path /Applications/Google Chrome.app/Contents/MacOS/Google Chrome
Build info: version: '3.141.59', revision: 'e82be7d358', time: '2018-11-14T08:17:03'
System info: host: 'Harneets-MacBook-Pro.local', ip: 'fe80:0:0:0:cdd:4186:e6df:7f6c%en0', os.name: 'Mac OS X', os.arch: 'aarch64', os.version: '13.3.1', java.version: '17.0.1'
Driver info: driver.version: ChromeDriver
remote stacktrace: 0   chromedriver                        0x00000001033e3f48 chromedriver + 4226888
1   chromedriver                        0x00000001033dc4f4 chromedriver + 4195572
2   chromedriver                        0x0000000103020d68 chromedriver + 281960
3   chromedriver                        0x000000010304cbac chromedriver + 461740
4   chromedriver                        0x0000000103048fd8 chromedriver + 446424
5   chromedriver                        0x0000000103046150 chromedriver + 434512
6   chromedriver                        0x000000010308393c chromedriver + 686396
7   chromedriver                        0x0000000103083164 chromedriver + 684388
8   chromedriver                        0x000000010304ff1c chromedriver + 474908
9   chromedriver                        0x0000000103050ef4 chromedriver + 478964
10  chromedriver                        0x00000001033a559c chromedriver + 3970460
11  chromedriver                        0x00000001033a96f0 chromedriver + 3987184
12  chromedriver                        0x00000001033af5b4 chromedriver + 4011444
13  chromedriver                        0x00000001033aa2fc chromedriver + 3990268
14  chromedriver                        0x00000001033821c0 chromedriver + 3826112
15  chromedriver                        0x00000001033c6088 chromedriver + 4104328
16  chromedriver                        0x00000001033c61e0 chromedriver + 4104672
17  chromedriver                        0x00000001033d5f28 chromedriver + 4169512
18  libsystem_pthread.dylib             0x00000001922c3fa8 _pthread_start + 148
19  libsystem_pthread.dylib             0x00000001922beda0 thread_start + 8

at org.openqa.selenium.remote.W3CHandshakeResponse.lambda$errorHandler$0(W3CHandshakeResponse.java:62)
at org.openqa.selenium.remote.HandshakeResponse.lambda$getResponseFunction$0(HandshakeResponse.java:30)
at org.openqa.selenium.remote.ProtocolHandshake.lambda$createSession$0(ProtocolHandshake.java:126)
at java.base/java.util.stream.ReferencePipeline$3$1.accept(ReferencePipeline.java:197)
at java.base/java.util.Spliterators$ArraySpliterator.tryAdvance(Spliterators.java:1002)
at java.base/java.util.stream.ReferencePipeline.forEachWithCancel(ReferencePipeline.java:129)
at java.base/java.util.stream.AbstractPipeline.copyIntoWithCancel(AbstractPipeline.java:527)
at java.base/java.util.stream.AbstractPipeline.copyInto(AbstractPipeline.java:513)
at java.base/java.util.stream.AbstractPipeline.wrapAndCopyInto(AbstractPipeline.java:499)
at java.base/java.util.stream.FindOps$FindOp.evaluateSequential(FindOps.java:150)
at java.base/java.util.stream.AbstractPipeline.evaluate(AbstractPipeline.java:234)
at java.base/java.util.stream.ReferencePipeline.findFirst(ReferencePipeline.java:647)
at org.openqa.selenium.remote.ProtocolHandshake.createSession(ProtocolHandshake.java:128)
at org.openqa.selenium.remote.ProtocolHandshake.createSession(ProtocolHandshake.java:74)
at org.openqa.selenium.remote.HttpCommandExecutor.execute(HttpCommandExecutor.java:136)
at org.openqa.selenium.remote.service.DriverCommandExecutor.execute(DriverCommandExecutor.java:83)
at org.openqa.selenium.remote.RemoteWebDriver.execute(RemoteWebDriver.java:552)
at org.openqa.selenium.remote.RemoteWebDriver.startSession(RemoteWebDriver.java:213)
at org.openqa.selenium.remote.RemoteWebDriver.<init>(RemoteWebDriver.java:131)
at org.openqa.selenium.chrome.ChromeDriver.<init>(ChromeDriver.java:181)
at org.openqa.selenium.chrome.ChromeDriver.<init>(ChromeDriver.java:168)
at org.openqa.selenium.chrome.ChromeDriver.<init>(ChromeDriver.java:123)
at com.training.base.BaseTest.getDriver(BaseTest.java:29)
at com.training.testcases.UserMenuMySettingsTest.beforemethod(UserMenuMySettingsTest.java:23)
at java.base/java.util.ArrayList.forEach(ArrayList.java:1511)
... Removed 40 stack frames]]>
    </failure>
  </testcase> <!-- @BeforeMethod beforemethod -->
  <testcase classname="com.training.testcases.UserMenuMySettingsTest" name="@AfterMethod teardown" time="0.0">
    <skipped/>
  </testcase> <!-- @AfterMethod teardown -->
  <testcase classname="com.training.testcases.UserMenuMySettingsTest" name="@BeforeMethod beforemethod" time="0.0">
    <skipped/>
  </testcase> <!-- @BeforeMethod beforemethod -->
  <testcase classname="com.training.testcases.UserMenuMySettingsTest" name="@AfterMethod teardown" time="0.0">
    <skipped/>
  </testcase> <!-- @AfterMethod teardown -->
  <testcase classname="com.training.testcases.UserMenuMySettingsTest" name="@BeforeMethod beforemethod" time="0.0">
    <skipped/>
  </testcase> <!-- @BeforeMethod beforemethod -->
  <testcase classname="com.training.testcases.UserMenuMySettingsTest" name="@AfterMethod teardown" time="0.0">
    <skipped/>
  </testcase> <!-- @AfterMethod teardown -->
  <testcase classname="com.training.testcases.UserMenuMySettingsTest" name="@BeforeMethod beforemethod" time="0.0">
    <skipped/>
  </testcase> <!-- @BeforeMethod beforemethod -->
  <testcase classname="com.training.testcases.UserMenuMySettingsTest" name="@AfterMethod teardown" time="0.0">
    <skipped/>
  </testcase> <!-- @AfterMethod teardown -->
  <testcase classname="com.training.testcases.CreateAccountTest" name="@BeforeMethod beforeMethod" time="0.945">
    <failure type="org.openqa.selenium.SessionNotCreatedException" message="session not created: This version of ChromeDriver only supports Chrome version 114
Current browser version is 116.0.5845.110 with binary path /Applications/Google Chrome.app/Contents/MacOS/Google Chrome
Build info: version: &amp;apos;3.141.59&amp;apos;, revision: &amp;apos;e82be7d358&amp;apos;, time: &amp;apos;2018-11-14T08:17:03&amp;apos;
System info: host: &amp;apos;Harneets-MacBook-Pro.local&amp;apos;, ip: &amp;apos;fe80:0:0:0:cdd:4186:e6df:7f6c%en0&amp;apos;, os.name: &amp;apos;Mac OS X&amp;apos;, os.arch: &amp;apos;aarch64&amp;apos;, os.version: &amp;apos;13.3.1&amp;apos;, java.version: &amp;apos;17.0.1&amp;apos;
Driver info: driver.version: ChromeDriver
remote stacktrace: 0   chromedriver                        0x0000000104d73f48 chromedriver + 4226888
1   chromedriver                        0x0000000104d6c4f4 chromedriver + 4195572
2   chromedriver                        0x00000001049b0d68 chromedriver + 281960
3   chromedriver                        0x00000001049dcbac chromedriver + 461740
4   chromedriver                        0x00000001049d8fd8 chromedriver + 446424
5   chromedriver                        0x00000001049d6150 chromedriver + 434512
6   chromedriver                        0x0000000104a1393c chromedriver + 686396
7   chromedriver                        0x0000000104a13164 chromedriver + 684388
8   chromedriver                        0x00000001049dff1c chromedriver + 474908
9   chromedriver                        0x00000001049e0ef4 chromedriver + 478964
10  chromedriver                        0x0000000104d3559c chromedriver + 3970460
11  chromedriver                        0x0000000104d396f0 chromedriver + 3987184
12  chromedriver                        0x0000000104d3f5b4 chromedriver + 4011444
13  chromedriver                        0x0000000104d3a2fc chromedriver + 3990268
14  chromedriver                        0x0000000104d121c0 chromedriver + 3826112
15  chromedriver                        0x0000000104d56088 chromedriver + 4104328
16  chromedriver                        0x0000000104d561e0 chromedriver + 4104672
17  chromedriver                        0x0000000104d65f28 chromedriver + 4169512
18  libsystem_pthread.dylib             0x00000001922c3fa8 _pthread_start + 148
19  libsystem_pthread.dylib             0x00000001922beda0 thread_start + 8
">
      <![CDATA[org.openqa.selenium.SessionNotCreatedException: session not created: This version of ChromeDriver only supports Chrome version 114
Current browser version is 116.0.5845.110 with binary path /Applications/Google Chrome.app/Contents/MacOS/Google Chrome
Build info: version: '3.141.59', revision: 'e82be7d358', time: '2018-11-14T08:17:03'
System info: host: 'Harneets-MacBook-Pro.local', ip: 'fe80:0:0:0:cdd:4186:e6df:7f6c%en0', os.name: 'Mac OS X', os.arch: 'aarch64', os.version: '13.3.1', java.version: '17.0.1'
Driver info: driver.version: ChromeDriver
remote stacktrace: 0   chromedriver                        0x0000000104d73f48 chromedriver + 4226888
1   chromedriver                        0x0000000104d6c4f4 chromedriver + 4195572
2   chromedriver                        0x00000001049b0d68 chromedriver + 281960
3   chromedriver                        0x00000001049dcbac chromedriver + 461740
4   chromedriver                        0x00000001049d8fd8 chromedriver + 446424
5   chromedriver                        0x00000001049d6150 chromedriver + 434512
6   chromedriver                        0x0000000104a1393c chromedriver + 686396
7   chromedriver                        0x0000000104a13164 chromedriver + 684388
8   chromedriver                        0x00000001049dff1c chromedriver + 474908
9   chromedriver                        0x00000001049e0ef4 chromedriver + 478964
10  chromedriver                        0x0000000104d3559c chromedriver + 3970460
11  chromedriver                        0x0000000104d396f0 chromedriver + 3987184
12  chromedriver                        0x0000000104d3f5b4 chromedriver + 4011444
13  chromedriver                        0x0000000104d3a2fc chromedriver + 3990268
14  chromedriver                        0x0000000104d121c0 chromedriver + 3826112
15  chromedriver                        0x0000000104d56088 chromedriver + 4104328
16  chromedriver                        0x0000000104d561e0 chromedriver + 4104672
17  chromedriver                        0x0000000104d65f28 chromedriver + 4169512
18  libsystem_pthread.dylib             0x00000001922c3fa8 _pthread_start + 148
19  libsystem_pthread.dylib             0x00000001922beda0 thread_start + 8

at org.openqa.selenium.remote.W3CHandshakeResponse.lambda$errorHandler$0(W3CHandshakeResponse.java:62)
at org.openqa.selenium.remote.HandshakeResponse.lambda$getResponseFunction$0(HandshakeResponse.java:30)
at org.openqa.selenium.remote.ProtocolHandshake.lambda$createSession$0(ProtocolHandshake.java:126)
at java.base/java.util.stream.ReferencePipeline$3$1.accept(ReferencePipeline.java:197)
at java.base/java.util.Spliterators$ArraySpliterator.tryAdvance(Spliterators.java:1002)
at java.base/java.util.stream.ReferencePipeline.forEachWithCancel(ReferencePipeline.java:129)
at java.base/java.util.stream.AbstractPipeline.copyIntoWithCancel(AbstractPipeline.java:527)
at java.base/java.util.stream.AbstractPipeline.copyInto(AbstractPipeline.java:513)
at java.base/java.util.stream.AbstractPipeline.wrapAndCopyInto(AbstractPipeline.java:499)
at java.base/java.util.stream.FindOps$FindOp.evaluateSequential(FindOps.java:150)
at java.base/java.util.stream.AbstractPipeline.evaluate(AbstractPipeline.java:234)
at java.base/java.util.stream.ReferencePipeline.findFirst(ReferencePipeline.java:647)
at org.openqa.selenium.remote.ProtocolHandshake.createSession(ProtocolHandshake.java:128)
at org.openqa.selenium.remote.ProtocolHandshake.createSession(ProtocolHandshake.java:74)
at org.openqa.selenium.remote.HttpCommandExecutor.execute(HttpCommandExecutor.java:136)
at org.openqa.selenium.remote.service.DriverCommandExecutor.execute(DriverCommandExecutor.java:83)
at org.openqa.selenium.remote.RemoteWebDriver.execute(RemoteWebDriver.java:552)
at org.openqa.selenium.remote.RemoteWebDriver.startSession(RemoteWebDriver.java:213)
at org.openqa.selenium.remote.RemoteWebDriver.<init>(RemoteWebDriver.java:131)
at org.openqa.selenium.chrome.ChromeDriver.<init>(ChromeDriver.java:181)
at org.openqa.selenium.chrome.ChromeDriver.<init>(ChromeDriver.java:168)
at org.openqa.selenium.chrome.ChromeDriver.<init>(ChromeDriver.java:123)
at com.training.base.BaseTest.getDriver(BaseTest.java:29)
at com.training.testcases.CreateAccountTest.beforeMethod(CreateAccountTest.java:21)
at java.base/java.util.ArrayList.forEach(ArrayList.java:1511)
... Removed 40 stack frames]]>
    </failure>
  </testcase> <!-- @BeforeMethod beforeMethod -->
  <testcase classname="com.training.testcases.CreateAccountTest" name="@BeforeMethod beforeMethod" time="0.0">
    <skipped/>
  </testcase> <!-- @BeforeMethod beforeMethod -->
  <testcase classname="com.training.testcases.CreateAccountTest" name="@BeforeMethod beforeMethod" time="0.0">
    <skipped/>
  </testcase> <!-- @BeforeMethod beforeMethod -->
  <testcase classname="com.training.testcases.CreateAccountTest" name="@BeforeMethod beforeMethod" time="0.0">
    <skipped/>
  </testcase> <!-- @BeforeMethod beforeMethod -->
  <testcase classname="com.training.testcases.CreateAccountTest" name="@BeforeMethod beforeMethod" time="0.0">
    <skipped/>
  </testcase> <!-- @BeforeMethod beforeMethod -->
  <testcase classname="com.training.testcases.OpportunityTabTest" name="@BeforeMethod beforeMethod" time="0.968">
    <failure type="org.openqa.selenium.SessionNotCreatedException" message="session not created: This version of ChromeDriver only supports Chrome version 114
Current browser version is 116.0.5845.110 with binary path /Applications/Google Chrome.app/Contents/MacOS/Google Chrome
Build info: version: &amp;apos;3.141.59&amp;apos;, revision: &amp;apos;e82be7d358&amp;apos;, time: &amp;apos;2018-11-14T08:17:03&amp;apos;
System info: host: &amp;apos;Harneets-MacBook-Pro.local&amp;apos;, ip: &amp;apos;fe80:0:0:0:cdd:4186:e6df:7f6c%en0&amp;apos;, os.name: &amp;apos;Mac OS X&amp;apos;, os.arch: &amp;apos;aarch64&amp;apos;, os.version: &amp;apos;13.3.1&amp;apos;, java.version: &amp;apos;17.0.1&amp;apos;
Driver info: driver.version: ChromeDriver
remote stacktrace: 0   chromedriver                        0x000000010299ff48 chromedriver + 4226888
1   chromedriver                        0x00000001029984f4 chromedriver + 4195572
2   chromedriver                        0x00000001025dcd68 chromedriver + 281960
3   chromedriver                        0x0000000102608bac chromedriver + 461740
4   chromedriver                        0x0000000102604fd8 chromedriver + 446424
5   chromedriver                        0x0000000102602150 chromedriver + 434512
6   chromedriver                        0x000000010263f93c chromedriver + 686396
7   chromedriver                        0x000000010263f164 chromedriver + 684388
8   chromedriver                        0x000000010260bf1c chromedriver + 474908
9   chromedriver                        0x000000010260cef4 chromedriver + 478964
10  chromedriver                        0x000000010296159c chromedriver + 3970460
11  chromedriver                        0x00000001029656f0 chromedriver + 3987184
12  chromedriver                        0x000000010296b5b4 chromedriver + 4011444
13  chromedriver                        0x00000001029662fc chromedriver + 3990268
14  chromedriver                        0x000000010293e1c0 chromedriver + 3826112
15  chromedriver                        0x0000000102982088 chromedriver + 4104328
16  chromedriver                        0x00000001029821e0 chromedriver + 4104672
17  chromedriver                        0x0000000102991f28 chromedriver + 4169512
18  libsystem_pthread.dylib             0x00000001922c3fa8 _pthread_start + 148
19  libsystem_pthread.dylib             0x00000001922beda0 thread_start + 8
">
      <![CDATA[org.openqa.selenium.SessionNotCreatedException: session not created: This version of ChromeDriver only supports Chrome version 114
Current browser version is 116.0.5845.110 with binary path /Applications/Google Chrome.app/Contents/MacOS/Google Chrome
Build info: version: '3.141.59', revision: 'e82be7d358', time: '2018-11-14T08:17:03'
System info: host: 'Harneets-MacBook-Pro.local', ip: 'fe80:0:0:0:cdd:4186:e6df:7f6c%en0', os.name: 'Mac OS X', os.arch: 'aarch64', os.version: '13.3.1', java.version: '17.0.1'
Driver info: driver.version: ChromeDriver
remote stacktrace: 0   chromedriver                        0x000000010299ff48 chromedriver + 4226888
1   chromedriver                        0x00000001029984f4 chromedriver + 4195572
2   chromedriver                        0x00000001025dcd68 chromedriver + 281960
3   chromedriver                        0x0000000102608bac chromedriver + 461740
4   chromedriver                        0x0000000102604fd8 chromedriver + 446424
5   chromedriver                        0x0000000102602150 chromedriver + 434512
6   chromedriver                        0x000000010263f93c chromedriver + 686396
7   chromedriver                        0x000000010263f164 chromedriver + 684388
8   chromedriver                        0x000000010260bf1c chromedriver + 474908
9   chromedriver                        0x000000010260cef4 chromedriver + 478964
10  chromedriver                        0x000000010296159c chromedriver + 3970460
11  chromedriver                        0x00000001029656f0 chromedriver + 3987184
12  chromedriver                        0x000000010296b5b4 chromedriver + 4011444
13  chromedriver                        0x00000001029662fc chromedriver + 3990268
14  chromedriver                        0x000000010293e1c0 chromedriver + 3826112
15  chromedriver                        0x0000000102982088 chromedriver + 4104328
16  chromedriver                        0x00000001029821e0 chromedriver + 4104672
17  chromedriver                        0x0000000102991f28 chromedriver + 4169512
18  libsystem_pthread.dylib             0x00000001922c3fa8 _pthread_start + 148
19  libsystem_pthread.dylib             0x00000001922beda0 thread_start + 8

at org.openqa.selenium.remote.W3CHandshakeResponse.lambda$errorHandler$0(W3CHandshakeResponse.java:62)
at org.openqa.selenium.remote.HandshakeResponse.lambda$getResponseFunction$0(HandshakeResponse.java:30)
at org.openqa.selenium.remote.ProtocolHandshake.lambda$createSession$0(ProtocolHandshake.java:126)
at java.base/java.util.stream.ReferencePipeline$3$1.accept(ReferencePipeline.java:197)
at java.base/java.util.Spliterators$ArraySpliterator.tryAdvance(Spliterators.java:1002)
at java.base/java.util.stream.ReferencePipeline.forEachWithCancel(ReferencePipeline.java:129)
at java.base/java.util.stream.AbstractPipeline.copyIntoWithCancel(AbstractPipeline.java:527)
at java.base/java.util.stream.AbstractPipeline.copyInto(AbstractPipeline.java:513)
at java.base/java.util.stream.AbstractPipeline.wrapAndCopyInto(AbstractPipeline.java:499)
at java.base/java.util.stream.FindOps$FindOp.evaluateSequential(FindOps.java:150)
at java.base/java.util.stream.AbstractPipeline.evaluate(AbstractPipeline.java:234)
at java.base/java.util.stream.ReferencePipeline.findFirst(ReferencePipeline.java:647)
at org.openqa.selenium.remote.ProtocolHandshake.createSession(ProtocolHandshake.java:128)
at org.openqa.selenium.remote.ProtocolHandshake.createSession(ProtocolHandshake.java:74)
at org.openqa.selenium.remote.HttpCommandExecutor.execute(HttpCommandExecutor.java:136)
at org.openqa.selenium.remote.service.DriverCommandExecutor.execute(DriverCommandExecutor.java:83)
at org.openqa.selenium.remote.RemoteWebDriver.execute(RemoteWebDriver.java:552)
at org.openqa.selenium.remote.RemoteWebDriver.startSession(RemoteWebDriver.java:213)
at org.openqa.selenium.remote.RemoteWebDriver.<init>(RemoteWebDriver.java:131)
at org.openqa.selenium.chrome.ChromeDriver.<init>(ChromeDriver.java:181)
at org.openqa.selenium.chrome.ChromeDriver.<init>(ChromeDriver.java:168)
at org.openqa.selenium.chrome.ChromeDriver.<init>(ChromeDriver.java:123)
at com.training.base.BaseTest.getDriver(BaseTest.java:29)
at com.training.testcases.OpportunityTabTest.beforeMethod(OpportunityTabTest.java:20)
at java.base/java.util.ArrayList.forEach(ArrayList.java:1511)
... Removed 40 stack frames]]>
    </failure>
  </testcase> <!-- @BeforeMethod beforeMethod -->
  <testcase classname="com.training.testcases.OpportunityTabTest" name="@BeforeMethod beforeMethod" time="0.0">
    <skipped/>
  </testcase> <!-- @BeforeMethod beforeMethod -->
  <testcase classname="com.training.testcases.OpportunityTabTest" name="@BeforeMethod beforeMethod" time="0.0">
    <skipped/>
  </testcase> <!-- @BeforeMethod beforeMethod -->
  <testcase classname="com.training.testcases.OpportunityTabTest" name="@BeforeMethod beforeMethod" time="0.0">
    <skipped/>
  </testcase> <!-- @BeforeMethod beforeMethod -->
  <testcase classname="com.training.testcases.LeadsTabTest" name="@BeforeMethod beforeMethod" time="1.059">
    <failure type="org.openqa.selenium.SessionNotCreatedException" message="session not created: This version of ChromeDriver only supports Chrome version 114
Current browser version is 116.0.5845.110 with binary path /Applications/Google Chrome.app/Contents/MacOS/Google Chrome
Build info: version: &amp;apos;3.141.59&amp;apos;, revision: &amp;apos;e82be7d358&amp;apos;, time: &amp;apos;2018-11-14T08:17:03&amp;apos;
System info: host: &amp;apos;Harneets-MacBook-Pro.local&amp;apos;, ip: &amp;apos;fe80:0:0:0:cdd:4186:e6df:7f6c%en0&amp;apos;, os.name: &amp;apos;Mac OS X&amp;apos;, os.arch: &amp;apos;aarch64&amp;apos;, os.version: &amp;apos;13.3.1&amp;apos;, java.version: &amp;apos;17.0.1&amp;apos;
Driver info: driver.version: ChromeDriver
remote stacktrace: 0   chromedriver                        0x000000010258ff48 chromedriver + 4226888
1   chromedriver                        0x00000001025884f4 chromedriver + 4195572
2   chromedriver                        0x00000001021ccd68 chromedriver + 281960
3   chromedriver                        0x00000001021f8bac chromedriver + 461740
4   chromedriver                        0x00000001021f4fd8 chromedriver + 446424
5   chromedriver                        0x00000001021f2150 chromedriver + 434512
6   chromedriver                        0x000000010222f93c chromedriver + 686396
7   chromedriver                        0x000000010222f164 chromedriver + 684388
8   chromedriver                        0x00000001021fbf1c chromedriver + 474908
9   chromedriver                        0x00000001021fcef4 chromedriver + 478964
10  chromedriver                        0x000000010255159c chromedriver + 3970460
11  chromedriver                        0x00000001025556f0 chromedriver + 3987184
12  chromedriver                        0x000000010255b5b4 chromedriver + 4011444
13  chromedriver                        0x00000001025562fc chromedriver + 3990268
14  chromedriver                        0x000000010252e1c0 chromedriver + 3826112
15  chromedriver                        0x0000000102572088 chromedriver + 4104328
16  chromedriver                        0x00000001025721e0 chromedriver + 4104672
17  chromedriver                        0x0000000102581f28 chromedriver + 4169512
18  libsystem_pthread.dylib             0x00000001922c3fa8 _pthread_start + 148
19  libsystem_pthread.dylib             0x00000001922beda0 thread_start + 8
">
      <![CDATA[org.openqa.selenium.SessionNotCreatedException: session not created: This version of ChromeDriver only supports Chrome version 114
Current browser version is 116.0.5845.110 with binary path /Applications/Google Chrome.app/Contents/MacOS/Google Chrome
Build info: version: '3.141.59', revision: 'e82be7d358', time: '2018-11-14T08:17:03'
System info: host: 'Harneets-MacBook-Pro.local', ip: 'fe80:0:0:0:cdd:4186:e6df:7f6c%en0', os.name: 'Mac OS X', os.arch: 'aarch64', os.version: '13.3.1', java.version: '17.0.1'
Driver info: driver.version: ChromeDriver
remote stacktrace: 0   chromedriver                        0x000000010258ff48 chromedriver + 4226888
1   chromedriver                        0x00000001025884f4 chromedriver + 4195572
2   chromedriver                        0x00000001021ccd68 chromedriver + 281960
3   chromedriver                        0x00000001021f8bac chromedriver + 461740
4   chromedriver                        0x00000001021f4fd8 chromedriver + 446424
5   chromedriver                        0x00000001021f2150 chromedriver + 434512
6   chromedriver                        0x000000010222f93c chromedriver + 686396
7   chromedriver                        0x000000010222f164 chromedriver + 684388
8   chromedriver                        0x00000001021fbf1c chromedriver + 474908
9   chromedriver                        0x00000001021fcef4 chromedriver + 478964
10  chromedriver                        0x000000010255159c chromedriver + 3970460
11  chromedriver                        0x00000001025556f0 chromedriver + 3987184
12  chromedriver                        0x000000010255b5b4 chromedriver + 4011444
13  chromedriver                        0x00000001025562fc chromedriver + 3990268
14  chromedriver                        0x000000010252e1c0 chromedriver + 3826112
15  chromedriver                        0x0000000102572088 chromedriver + 4104328
16  chromedriver                        0x00000001025721e0 chromedriver + 4104672
17  chromedriver                        0x0000000102581f28 chromedriver + 4169512
18  libsystem_pthread.dylib             0x00000001922c3fa8 _pthread_start + 148
19  libsystem_pthread.dylib             0x00000001922beda0 thread_start + 8

at org.openqa.selenium.remote.W3CHandshakeResponse.lambda$errorHandler$0(W3CHandshakeResponse.java:62)
at org.openqa.selenium.remote.HandshakeResponse.lambda$getResponseFunction$0(HandshakeResponse.java:30)
at org.openqa.selenium.remote.ProtocolHandshake.lambda$createSession$0(ProtocolHandshake.java:126)
at java.base/java.util.stream.ReferencePipeline$3$1.accept(ReferencePipeline.java:197)
at java.base/java.util.Spliterators$ArraySpliterator.tryAdvance(Spliterators.java:1002)
at java.base/java.util.stream.ReferencePipeline.forEachWithCancel(ReferencePipeline.java:129)
at java.base/java.util.stream.AbstractPipeline.copyIntoWithCancel(AbstractPipeline.java:527)
at java.base/java.util.stream.AbstractPipeline.copyInto(AbstractPipeline.java:513)
at java.base/java.util.stream.AbstractPipeline.wrapAndCopyInto(AbstractPipeline.java:499)
at java.base/java.util.stream.FindOps$FindOp.evaluateSequential(FindOps.java:150)
at java.base/java.util.stream.AbstractPipeline.evaluate(AbstractPipeline.java:234)
at java.base/java.util.stream.ReferencePipeline.findFirst(ReferencePipeline.java:647)
at org.openqa.selenium.remote.ProtocolHandshake.createSession(ProtocolHandshake.java:128)
at org.openqa.selenium.remote.ProtocolHandshake.createSession(ProtocolHandshake.java:74)
at org.openqa.selenium.remote.HttpCommandExecutor.execute(HttpCommandExecutor.java:136)
at org.openqa.selenium.remote.service.DriverCommandExecutor.execute(DriverCommandExecutor.java:83)
at org.openqa.selenium.remote.RemoteWebDriver.execute(RemoteWebDriver.java:552)
at org.openqa.selenium.remote.RemoteWebDriver.startSession(RemoteWebDriver.java:213)
at org.openqa.selenium.remote.RemoteWebDriver.<init>(RemoteWebDriver.java:131)
at org.openqa.selenium.chrome.ChromeDriver.<init>(ChromeDriver.java:181)
at org.openqa.selenium.chrome.ChromeDriver.<init>(ChromeDriver.java:168)
at org.openqa.selenium.chrome.ChromeDriver.<init>(ChromeDriver.java:123)
at com.training.base.BaseTest.getDriver(BaseTest.java:29)
at com.training.testcases.LeadsTabTest.beforeMethod(LeadsTabTest.java:21)
at java.base/java.util.ArrayList.forEach(ArrayList.java:1511)
... Removed 40 stack frames]]>
    </failure>
  </testcase> <!-- @BeforeMethod beforeMethod -->
  <testcase classname="com.training.testcases.LeadsTabTest" name="@AfterMethod afterMethod" time="0.0">
    <skipped/>
  </testcase> <!-- @AfterMethod afterMethod -->
  <testcase classname="com.training.testcases.LeadsTabTest" name="@BeforeMethod beforeMethod" time="0.0">
    <skipped/>
  </testcase> <!-- @BeforeMethod beforeMethod -->
  <testcase classname="com.training.testcases.LeadsTabTest" name="@AfterMethod afterMethod" time="0.0">
    <skipped/>
  </testcase> <!-- @AfterMethod afterMethod -->
  <testcase classname="com.training.testcases.LeadsTabTest" name="@BeforeMethod beforeMethod" time="0.0">
    <skipped/>
  </testcase> <!-- @BeforeMethod beforeMethod -->
  <testcase classname="com.training.testcases.LeadsTabTest" name="@AfterMethod afterMethod" time="0.0">
    <skipped/>
  </testcase> <!-- @AfterMethod afterMethod -->
  <testcase classname="com.training.testcases.LoginTest" name="login" time="0.0">
    <skipped/>
  </testcase> <!-- login -->
  <testcase classname="com.training.testcases.LoginTest" name="loginandclickonhometab" time="0.0">
    <skipped/>
  </testcase> <!-- loginandclickonhometab -->
  <testcase classname="com.training.testcases.SFDC_Test" name="checkRememberMe" time="0.001">
    <skipped/>
  </testcase> <!-- checkRememberMe -->
  <testcase classname="com.training.testcases.SFDC_Test" name="loginError" time="0.0">
    <skipped/>
  </testcase> <!-- loginError -->
  <testcase classname="com.training.testcases.SFDC_Test" name="loginSucess" time="0.0">
    <skipped/>
  </testcase> <!-- loginSucess -->
  <testcase classname="com.training.testcases.UserMenuDropDownTest" name="usermenudropdown" time="0.0">
    <skipped/>
  </testcase> <!-- usermenudropdown -->
  <testcase classname="com.training.testcases.UserMenuMySettingsTest" name="emailsettings" time="0.0">
    <skipped/>
  </testcase> <!-- emailsettings -->
  <testcase classname="com.training.testcases.UserMenuMySettingsTest" name="logoutValidation" time="0.0">
    <skipped/>
  </testcase> <!-- logoutValidation -->
  <testcase classname="com.training.testcases.UserMenuMySettingsTest" name="usermenusettings" time="0.0">
    <skipped/>
  </testcase> <!-- usermenusettings -->
  <testcase classname="com.training.testcases.UserMenuMySettingsTest" name="validateDeveloperConsole" time="0.001">
    <skipped/>
  </testcase> <!-- validateDeveloperConsole -->
  <testcase classname="com.training.testcases.CreateAccountTest" name="createAccountAndValidate" time="0.0">
    <skipped/>
  </testcase> <!-- createAccountAndValidate -->
  <testcase classname="com.training.testcases.CreateAccountTest" name="createNewView" time="0.0">
    <skipped/>
  </testcase> <!-- createNewView -->
  <testcase classname="com.training.testcases.CreateAccountTest" name="editView" time="0.0">
    <skipped/>
  </testcase> <!-- editView -->
  <testcase classname="com.training.testcases.CreateAccountTest" name="mergeAccounts" time="0.0">
    <skipped/>
  </testcase> <!-- mergeAccounts -->
  <testcase classname="com.training.testcases.CreateAccountTest" name="teardown" time="0.0">
    <skipped/>
  </testcase> <!-- teardown -->
  <testcase classname="com.training.testcases.OpportunityTabTest" name="opportunityDropDownValidate" time="0.0">
    <skipped/>
  </testcase> <!-- opportunityDropDownValidate -->
  <testcase classname="com.training.testcases.OpportunityTabTest" name="quarterlySummary" time="0.0">
    <skipped/>
  </testcase> <!-- quarterlySummary -->
  <testcase classname="com.training.testcases.OpportunityTabTest" name="stuckOpportunityReport" time="0.0">
    <skipped/>
  </testcase> <!-- stuckOpportunityReport -->
  <testcase classname="com.training.testcases.OpportunityTabTest" name="teardown" time="0.0">
    <skipped/>
  </testcase> <!-- teardown -->
  <testcase classname="com.training.testcases.LeadsTabTest" name="leadDefaultView" time="0.0">
    <skipped/>
  </testcase> <!-- leadDefaultView -->
  <testcase classname="com.training.testcases.LeadsTabTest" name="leadSelectView" time="0.0">
    <skipped/>
  </testcase> <!-- leadSelectView -->
  <testcase classname="com.training.testcases.LeadsTabTest" name="validateLeadTab" time="0.0">
    <skipped/>
  </testcase> <!-- validateLeadTab -->
</testsuite> <!-- UserMenuDropDown -->
